2017-09-20 08:45:39"MODULE==>Home;CTRL==>Index;ACTION==>index"
2017-09-20 08:45:45"MODULE==>Admin;CTRL==>Index;ACTION==>index"
2017-09-20 08:45:45"MODULE==>Admin;CTRL==>Index;ACTION==>main"
2017-09-20 08:46:50"MODULE==>Admin;CTRL==>Index;ACTION==>index"
2017-09-20 08:46:51"MODULE==>Admin;CTRL==>Index;ACTION==>main"
2017-09-20 08:51:55"MODULE==>Admin;CTRL==>Index;ACTION==>index"
2017-09-20 08:51:56"MODULE==>Admin;CTRL==>Index;ACTION==>main"
2017-09-20 08:51:59"MODULE==>Admin;CTRL==>Index;ACTION==>index"
2017-09-20 08:52:00"MODULE==>Admin;CTRL==>Index;ACTION==>main"
2017-09-20 08:54:24"MODULE==>Admin;CTRL==>Index;ACTION==>index"
2017-09-20 08:54:25"MODULE==>Admin;CTRL==>Index;ACTION==>main"
2017-09-20 08:54:31"MODULE==>Admin;CTRL==>Index;ACTION==>index"
2017-09-20 08:54:31"MODULE==>Admin;CTRL==>Index;ACTION==>main"
2017-09-20 08:55:30"MODULE==>Admin;CTRL==>Index;ACTION==>index"
2017-09-20 08:55:30"MODULE==>Admin;CTRL==>Index;ACTION==>main"
2017-09-20 08:57:12"MODULE==>Admin;CTRL==>Index;ACTION==>index"
2017-09-20 08:57:12"MODULE==>Admin;CTRL==>Index;ACTION==>main"
2017-09-20 08:57:44"MODULE==>Admin;CTRL==>Index;ACTION==>index"
2017-09-20 08:57:44"MODULE==>Admin;CTRL==>Index;ACTION==>main"
2017-09-20 08:57:50"MODULE==>Admin;CTRL==>Index;ACTION==>index"
2017-09-20 08:57:50"MODULE==>Admin;CTRL==>Index;ACTION==>main"
2017-09-20 08:58:01"MODULE==>Admin;CTRL==>Index;ACTION==>index"
2017-09-20 08:58:01"MODULE==>Admin;CTRL==>Index;ACTION==>main"
2017-09-20 08:59:09"MODULE==>Admin;CTRL==>Index;ACTION==>index"
2017-09-20 08:59:09"MODULE==>Admin;CTRL==>Index;ACTION==>main"
2017-09-20 09:05:36"MODULE==>Admin;CTRL==>Index;ACTION==>form"
2017-09-20 09:05:39"MODULE==>Admin;CTRL==>Index;ACTION==>table"
2017-09-20 09:06:04"MODULE==>Admin;CTRL==>Index;ACTION==>edit_form"
2017-09-20 09:07:06"MODULE==>Admin;CTRL==>Index;ACTION==>index"
2017-09-20 09:07:07"MODULE==>Admin;CTRL==>Index;ACTION==>main"
2017-09-20 09:07:24"MODULE==>Admin;CTRL==>Index;ACTION==>index"
2017-09-20 09:07:25"MODULE==>Admin;CTRL==>Index;ACTION==>main"
2017-09-20 09:07:26"MODULE==>Admin;CTRL==>Index;ACTION==>btable"
2017-09-20 09:13:22"MODULE==>Admin;CTRL==>Index;ACTION==>form"
2017-09-20 09:14:09"MODULE==>Admin;CTRL==>Index;ACTION==>index"
2017-09-20 09:14:10"MODULE==>Admin;CTRL==>Index;ACTION==>main"
2017-09-20 09:14:12"MODULE==>Admin;CTRL==>Manual;ACTION==>index"
2017-09-20 09:15:32"MODULE==>Admin;CTRL==>Index;ACTION==>index"
2017-09-20 09:15:33"MODULE==>Admin;CTRL==>Index;ACTION==>main"
2017-09-20 09:15:35"MODULE==>Admin;CTRL==>Manual;ACTION==>index"
2017-09-20 09:15:59"MODULE==>Admin;CTRL==>Index;ACTION==>index"
2017-09-20 09:16:00"MODULE==>Admin;CTRL==>Index;ACTION==>main"
2017-09-20 09:16:03"MODULE==>Admin;CTRL==>Manual;ACTION==>index"
2017-09-20 09:16:04"MODULE==>Admin;CTRL==>Manual;ACTION==>edit_form"
2017-09-20 09:17:35"MODULE==>Admin;CTRL==>Index;ACTION==>index"
2017-09-20 09:17:36"MODULE==>Admin;CTRL==>Index;ACTION==>main"
2017-09-20 09:17:47"MODULE==>Admin;CTRL==>Manual;ACTION==>index"
2017-09-20 09:18:03"MODULE==>Admin;CTRL==>Index;ACTION==>index"
2017-09-20 09:18:04"MODULE==>Admin;CTRL==>Index;ACTION==>main"
2017-09-20 09:18:04"MODULE==>Admin;CTRL==>Index;ACTION==>form"
2017-09-20 09:18:06"MODULE==>Admin;CTRL==>Index;ACTION==>table"
2017-09-20 09:21:14"MODULE==>Admin;CTRL==>Index;ACTION==>edit_form"
2017-09-20 09:21:19"MODULE==>Admin;CTRL==>Index;ACTION==>edit_form"
2017-09-20 09:21:29"MODULE==>Admin;CTRL==>Manual;ACTION==>index"
2017-09-20 09:27:51"MODULE==>Admin;CTRL==>Index;ACTION==>index"
2017-09-20 09:27:51"MODULE==>Admin;CTRL==>Index;ACTION==>main"
2017-09-20 09:27:54"MODULE==>Admin;CTRL==>Manual;ACTION==>index"
2017-09-20 09:27:54"MODULE==>Admin;CTRL==>Manual;ACTION==>datas"
2017-09-20 09:28:33"MODULE==>Admin;CTRL==>Manual;ACTION==>datas"
2017-09-20 09:28:34"MODULE==>Admin;CTRL==>Manual;ACTION==>datas"
2017-09-20 09:28:37"MODULE==>Admin;CTRL==>Manual;ACTION==>datas"
2017-09-20 09:28:39"MODULE==>Admin;CTRL==>Manual;ACTION==>datas"
2017-09-20 09:29:41"MODULE==>Admin;CTRL==>Index;ACTION==>index"
2017-09-20 09:29:42"MODULE==>Admin;CTRL==>Index;ACTION==>main"
2017-09-20 09:29:44"MODULE==>Admin;CTRL==>Manual;ACTION==>index"
2017-09-20 09:29:44"MODULE==>Admin;CTRL==>Manual;ACTION==>datas"
2017-09-20 09:33:00"MODULE==>Admin;CTRL==>Index;ACTION==>index"
2017-09-20 09:33:00"MODULE==>Admin;CTRL==>Index;ACTION==>main"
2017-09-20 09:33:02"MODULE==>Admin;CTRL==>Manual;ACTION==>index"
2017-09-20 09:33:03"MODULE==>Admin;CTRL==>Manual;ACTION==>datas"
2017-09-20 09:33:13"MODULE==>Admin;CTRL==>Index;ACTION==>index"
2017-09-20 09:33:14"MODULE==>Admin;CTRL==>Index;ACTION==>main"
2017-09-20 09:33:15"MODULE==>Admin;CTRL==>Manual;ACTION==>index"
2017-09-20 09:33:15"MODULE==>Admin;CTRL==>Manual;ACTION==>datas"
2017-09-20 09:34:20"MODULE==>Admin;CTRL==>Index;ACTION==>index"
2017-09-20 09:34:21"MODULE==>Admin;CTRL==>Index;ACTION==>main"
2017-09-20 09:34:24"MODULE==>Admin;CTRL==>Manual;ACTION==>index"
2017-09-20 09:34:24"MODULE==>Admin;CTRL==>Manual;ACTION==>datas"
2017-09-20 09:34:29"MODULE==>Admin;CTRL==>Manual;ACTION==>datas"
2017-09-20 09:34:30"MODULE==>Admin;CTRL==>Manual;ACTION==>datas"
2017-09-20 09:35:04"MODULE==>Admin;CTRL==>Index;ACTION==>index"
2017-09-20 09:35:05"MODULE==>Admin;CTRL==>Index;ACTION==>main"
2017-09-20 09:35:08"MODULE==>Admin;CTRL==>Manual;ACTION==>index"
2017-09-20 09:35:09"MODULE==>Admin;CTRL==>Manual;ACTION==>datas"
2017-09-20 09:36:44"MODULE==>Admin;CTRL==>Index;ACTION==>index"
2017-09-20 09:36:46"MODULE==>Admin;CTRL==>Index;ACTION==>main"
2017-09-20 09:36:47"MODULE==>Admin;CTRL==>Manual;ACTION==>index"
2017-09-20 09:36:47"MODULE==>Admin;CTRL==>Manual;ACTION==>datas"
2017-09-20 09:36:47"MODULE==>Admin;CTRL==>Manual;ACTION==>edit_form"
2017-09-20 09:40:37"MODULE==>Admin;CTRL==>Manual;ACTION==>edit_form"
2017-09-20 09:40:39"MODULE==>Admin;CTRL==>Index;ACTION==>index"
2017-09-20 09:40:41"MODULE==>Admin;CTRL==>Index;ACTION==>main"
2017-09-20 09:40:42"MODULE==>Admin;CTRL==>Manual;ACTION==>index"
2017-09-20 09:40:42"MODULE==>Admin;CTRL==>Manual;ACTION==>datas"
2017-09-20 09:40:43"MODULE==>Admin;CTRL==>Manual;ACTION==>edit_form"
2017-09-20 09:41:35"MODULE==>Admin;CTRL==>Manual;ACTION==>edit_form"
2017-09-20 09:44:01"MODULE==>Admin;CTRL==>Manual;ACTION==>edit_form"
2017-09-20 09:45:41"MODULE==>Admin;CTRL==>Manual;ACTION==>edit_form"
2017-09-20 09:46:33"MODULE==>Admin;CTRL==>Index;ACTION==>index"
2017-09-20 09:46:34"MODULE==>Admin;CTRL==>Index;ACTION==>main"
2017-09-20 09:46:35"MODULE==>Admin;CTRL==>Manual;ACTION==>index"
2017-09-20 09:46:36"MODULE==>Admin;CTRL==>Manual;ACTION==>datas"
2017-09-20 09:46:36"MODULE==>Admin;CTRL==>Manual;ACTION==>edit_form"
2017-09-20 09:47:04"MODULE==>Admin;CTRL==>Manual;ACTION==>edit_form"
2017-09-20 09:48:01"MODULE==>Admin;CTRL==>Index;ACTION==>index"
2017-09-20 09:48:02"MODULE==>Admin;CTRL==>Index;ACTION==>main"
2017-09-20 09:48:08"MODULE==>Admin;CTRL==>Manual;ACTION==>index"
2017-09-20 09:48:08"MODULE==>Admin;CTRL==>Manual;ACTION==>datas"
2017-09-20 09:48:20"MODULE==>Admin;CTRL==>Index;ACTION==>index"
2017-09-20 09:48:22"MODULE==>Admin;CTRL==>Index;ACTION==>main"
2017-09-20 09:48:26"MODULE==>Admin;CTRL==>Manual;ACTION==>index"
2017-09-20 09:48:26"MODULE==>Admin;CTRL==>Manual;ACTION==>datas"
2017-09-20 09:48:28"MODULE==>Admin;CTRL==>Manual;ACTION==>edit_form"
2017-09-20 09:51:33"MODULE==>Admin;CTRL==>Manual;ACTION==>edit_form"
2017-09-20 09:52:03"MODULE==>Admin;CTRL==>Manual;ACTION==>edit_form"
2017-09-20 09:57:16"MODULE==>Admin;CTRL==>Manual;ACTION==>edit_form"
2017-09-20 09:57:33"MODULE==>Admin;CTRL==>Index;ACTION==>index"
2017-09-20 09:57:33"MODULE==>Admin;CTRL==>Index;ACTION==>main"
2017-09-20 09:57:36"MODULE==>Admin;CTRL==>Manual;ACTION==>index"
2017-09-20 09:57:36"MODULE==>Admin;CTRL==>Manual;ACTION==>datas"
2017-09-20 09:57:37"MODULE==>Admin;CTRL==>Manual;ACTION==>edit_form"
2017-09-20 09:57:43"MODULE==>Admin;CTRL==>Manual;ACTION==>index"
2017-09-20 09:57:43"MODULE==>Admin;CTRL==>Manual;ACTION==>datas"
2017-09-20 10:00:43"MODULE==>Admin;CTRL==>Index;ACTION==>index"
2017-09-20 10:00:44"MODULE==>Admin;CTRL==>Index;ACTION==>main"
2017-09-20 10:00:48"MODULE==>Admin;CTRL==>Manual;ACTION==>index"
2017-09-20 10:00:48"MODULE==>Admin;CTRL==>Manual;ACTION==>datas"
2017-09-20 10:00:49"MODULE==>Admin;CTRL==>Manual;ACTION==>edit_form"
2017-09-20 10:12:55"MODULE==>Admin;CTRL==>Index;ACTION==>index"
2017-09-20 10:12:56"MODULE==>Admin;CTRL==>Index;ACTION==>main"
2017-09-20 10:12:58"MODULE==>Admin;CTRL==>Manual;ACTION==>index"
2017-09-20 10:12:58"MODULE==>Admin;CTRL==>Manual;ACTION==>datas"
2017-09-20 10:12:59"MODULE==>Admin;CTRL==>Manual;ACTION==>edit_form"
2017-09-20 10:13:02"MODULE==>Admin;CTRL==>Manual;ACTION==>add"
2017-09-20 10:13:14"MODULE==>Admin;CTRL==>Manual;ACTION==>edit_form"
2017-09-20 10:13:18"MODULE==>Admin;CTRL==>Manual;ACTION==>add"
2017-09-20 10:14:17"MODULE==>Admin;CTRL==>Index;ACTION==>index"
2017-09-20 10:14:18"MODULE==>Admin;CTRL==>Index;ACTION==>main"
2017-09-20 10:14:21"MODULE==>Admin;CTRL==>Manual;ACTION==>index"
2017-09-20 10:14:21"MODULE==>Admin;CTRL==>Manual;ACTION==>datas"
2017-09-20 10:14:22"MODULE==>Admin;CTRL==>Manual;ACTION==>edit_form"
2017-09-20 10:14:24"MODULE==>Admin;CTRL==>Manual;ACTION==>add"
2017-09-20 10:14:52"MODULE==>Admin;CTRL==>Index;ACTION==>index"
2017-09-20 10:14:52"MODULE==>Admin;CTRL==>Index;ACTION==>main"
2017-09-20 10:14:55"MODULE==>Admin;CTRL==>Manual;ACTION==>index"
2017-09-20 10:14:56"MODULE==>Admin;CTRL==>Manual;ACTION==>datas"
2017-09-20 10:14:56"MODULE==>Admin;CTRL==>Manual;ACTION==>edit_form"
2017-09-20 10:14:59"MODULE==>Admin;CTRL==>Manual;ACTION==>add"
2017-09-20 10:15:23"MODULE==>Admin;CTRL==>Index;ACTION==>index"
2017-09-20 10:15:25"MODULE==>Admin;CTRL==>Index;ACTION==>main"
2017-09-20 10:15:26"MODULE==>Admin;CTRL==>Manual;ACTION==>index"
2017-09-20 10:15:26"MODULE==>Admin;CTRL==>Manual;ACTION==>datas"
2017-09-20 10:15:27"MODULE==>Admin;CTRL==>Manual;ACTION==>edit_form"
2017-09-20 10:15:33"MODULE==>Admin;CTRL==>Manual;ACTION==>index"
2017-09-20 10:15:33"MODULE==>Admin;CTRL==>Manual;ACTION==>datas"
2017-09-20 10:15:51"MODULE==>Admin;CTRL==>Manual;ACTION==>edit_form"
2017-09-20 10:15:55"MODULE==>Admin;CTRL==>Manual;ACTION==>index"
2017-09-20 10:15:55"MODULE==>Admin;CTRL==>Manual;ACTION==>datas"
2017-09-20 10:16:53"MODULE==>Admin;CTRL==>Index;ACTION==>index"
2017-09-20 10:16:54"MODULE==>Admin;CTRL==>Index;ACTION==>main"
2017-09-20 10:16:56"MODULE==>Admin;CTRL==>Manual;ACTION==>index"
2017-09-20 10:16:56"MODULE==>Admin;CTRL==>Manual;ACTION==>datas"
2017-09-20 10:16:57"MODULE==>Admin;CTRL==>Manual;ACTION==>edit_form"
2017-09-20 10:16:59"MODULE==>Admin;CTRL==>Manual;ACTION==>add"
2017-09-20 10:16:59"MODULE==>Admin;CTRL==>Manual;ACTION==>index"
2017-09-20 10:16:59"MODULE==>Admin;CTRL==>Manual;ACTION==>datas"
2017-09-20 10:21:21"MODULE==>Admin;CTRL==>Index;ACTION==>index"
2017-09-20 10:21:22"MODULE==>Admin;CTRL==>Index;ACTION==>main"
2017-09-20 10:21:23"MODULE==>Admin;CTRL==>Manual;ACTION==>index"
2017-09-20 10:21:23"MODULE==>Admin;CTRL==>Manual;ACTION==>datas"
2017-09-20 10:21:25"MODULE==>Admin;CTRL==>Manual;ACTION==>edit_form"
2017-09-20 10:22:47"MODULE==>Admin;CTRL==>Index;ACTION==>index"
2017-09-20 10:22:48"MODULE==>Admin;CTRL==>Index;ACTION==>main"
2017-09-20 10:22:51"MODULE==>Admin;CTRL==>Manual;ACTION==>index"
2017-09-20 10:22:51"MODULE==>Admin;CTRL==>Manual;ACTION==>datas"
2017-09-20 10:22:52"MODULE==>Admin;CTRL==>Manual;ACTION==>edit_form"
2017-09-20 10:24:42"MODULE==>Admin;CTRL==>Index;ACTION==>index"
2017-09-20 10:24:43"MODULE==>Admin;CTRL==>Index;ACTION==>main"
2017-09-20 10:24:44"MODULE==>Admin;CTRL==>Manual;ACTION==>index"
2017-09-20 10:24:45"MODULE==>Admin;CTRL==>Manual;ACTION==>datas"
2017-09-20 10:24:45"MODULE==>Admin;CTRL==>Manual;ACTION==>edit_form"
2017-09-20 10:25:00"MODULE==>Admin;CTRL==>Manual;ACTION==>edit_form"
2017-09-20 10:30:00"MODULE==>Admin;CTRL==>Index;ACTION==>index"
2017-09-20 10:30:02"MODULE==>Admin;CTRL==>Index;ACTION==>main"
2017-09-20 10:30:04"MODULE==>Admin;CTRL==>Manual;ACTION==>index"
2017-09-20 10:30:04"MODULE==>Admin;CTRL==>Manual;ACTION==>datas"
2017-09-20 10:30:05"MODULE==>Admin;CTRL==>Manual;ACTION==>edit_form"
2017-09-20 10:30:33"MODULE==>Admin;CTRL==>Index;ACTION==>index"
2017-09-20 10:30:35"MODULE==>Admin;CTRL==>Index;ACTION==>main"
2017-09-20 10:30:36"MODULE==>Admin;CTRL==>Manual;ACTION==>index"
2017-09-20 10:30:36"MODULE==>Admin;CTRL==>Manual;ACTION==>datas"
2017-09-20 10:30:37"MODULE==>Admin;CTRL==>Manual;ACTION==>edit_form"
2017-09-20 10:40:34"MODULE==>Admin;CTRL==>Index;ACTION==>index"
2017-09-20 10:40:35"MODULE==>Admin;CTRL==>Index;ACTION==>main"
2017-09-20 10:40:37"MODULE==>Admin;CTRL==>Manual;ACTION==>index"
2017-09-20 10:40:37"MODULE==>Admin;CTRL==>Manual;ACTION==>datas"
2017-09-20 10:40:38"MODULE==>Admin;CTRL==>Manual;ACTION==>edit_form"
2017-09-20 10:41:13"MODULE==>Admin;CTRL==>Index;ACTION==>index"
2017-09-20 10:41:14"MODULE==>Admin;CTRL==>Index;ACTION==>main"
2017-09-20 10:41:17"MODULE==>Admin;CTRL==>Manual;ACTION==>index"
2017-09-20 10:41:17"MODULE==>Admin;CTRL==>Manual;ACTION==>datas"
2017-09-20 10:41:18"MODULE==>Admin;CTRL==>Manual;ACTION==>edit_form"
2017-09-20 10:42:39"MODULE==>Admin;CTRL==>Index;ACTION==>index"
2017-09-20 10:42:40"MODULE==>Admin;CTRL==>Index;ACTION==>main"
2017-09-20 10:42:42"MODULE==>Admin;CTRL==>Manual;ACTION==>index"
2017-09-20 10:42:43"MODULE==>Admin;CTRL==>Manual;ACTION==>datas"
2017-09-20 10:42:43"MODULE==>Admin;CTRL==>Manual;ACTION==>edit_form"
2017-09-20 10:43:03"MODULE==>Admin;CTRL==>Index;ACTION==>index"
2017-09-20 10:43:04"MODULE==>Admin;CTRL==>Index;ACTION==>main"
2017-09-20 10:43:08"MODULE==>Admin;CTRL==>Manual;ACTION==>index"
2017-09-20 10:43:08"MODULE==>Admin;CTRL==>Manual;ACTION==>datas"
2017-09-20 10:43:08"MODULE==>Admin;CTRL==>Manual;ACTION==>edit_form"
2017-09-20 10:46:27"MODULE==>Admin;CTRL==>Index;ACTION==>index"
2017-09-20 10:46:28"MODULE==>Admin;CTRL==>Index;ACTION==>main"
2017-09-20 10:46:31"MODULE==>Admin;CTRL==>Manual;ACTION==>index"
2017-09-20 10:46:31"MODULE==>Admin;CTRL==>Manual;ACTION==>datas"
2017-09-20 10:46:32"MODULE==>Admin;CTRL==>Manual;ACTION==>edit_form"
2017-09-20 11:04:42"MODULE==>Admin;CTRL==>Index;ACTION==>index"
2017-09-20 11:04:42"MODULE==>Admin;CTRL==>Index;ACTION==>main"
2017-09-20 11:04:45"MODULE==>Admin;CTRL==>Manual;ACTION==>index"
2017-09-20 11:04:45"MODULE==>Admin;CTRL==>Manual;ACTION==>datas"
2017-09-20 11:04:46"MODULE==>Admin;CTRL==>Manual;ACTION==>edit_form"
2017-09-20 11:05:11"MODULE==>Admin;CTRL==>Index;ACTION==>index"
2017-09-20 11:05:12"MODULE==>Admin;CTRL==>Index;ACTION==>main"
2017-09-20 11:05:14"MODULE==>Admin;CTRL==>Manual;ACTION==>index"
2017-09-20 11:05:14"MODULE==>Admin;CTRL==>Manual;ACTION==>datas"
2017-09-20 11:05:15"MODULE==>Admin;CTRL==>Manual;ACTION==>edit_form"
2017-09-20 11:05:29"MODULE==>Admin;CTRL==>Index;ACTION==>index"
2017-09-20 11:05:30"MODULE==>Admin;CTRL==>Index;ACTION==>main"
2017-09-20 11:05:31"MODULE==>Admin;CTRL==>Manual;ACTION==>index"
2017-09-20 11:05:31"MODULE==>Admin;CTRL==>Manual;ACTION==>datas"
2017-09-20 11:05:32"MODULE==>Admin;CTRL==>Manual;ACTION==>edit_form"
2017-09-20 11:06:08"MODULE==>Admin;CTRL==>Index;ACTION==>index"
2017-09-20 11:06:09"MODULE==>Admin;CTRL==>Index;ACTION==>main"
2017-09-20 11:06:11"MODULE==>Admin;CTRL==>Manual;ACTION==>index"
2017-09-20 11:06:11"MODULE==>Admin;CTRL==>Manual;ACTION==>datas"
2017-09-20 11:06:12"MODULE==>Admin;CTRL==>Manual;ACTION==>edit_form"
2017-09-20 11:08:28"MODULE==>Admin;CTRL==>Index;ACTION==>index"
2017-09-20 11:08:30"MODULE==>Admin;CTRL==>Index;ACTION==>main"
2017-09-20 11:08:31"MODULE==>Admin;CTRL==>Manual;ACTION==>index"
2017-09-20 11:08:31"MODULE==>Admin;CTRL==>Manual;ACTION==>datas"
2017-09-20 11:08:32"MODULE==>Admin;CTRL==>Manual;ACTION==>edit_form"
2017-09-20 11:10:06"MODULE==>Admin;CTRL==>Index;ACTION==>index"
2017-09-20 11:10:07"MODULE==>Admin;CTRL==>Index;ACTION==>main"
2017-09-20 11:10:08"MODULE==>Admin;CTRL==>Manual;ACTION==>index"
2017-09-20 11:10:09"MODULE==>Admin;CTRL==>Manual;ACTION==>datas"
2017-09-20 11:10:09"MODULE==>Admin;CTRL==>Manual;ACTION==>edit_form"
2017-09-20 11:15:46"MODULE==>Admin;CTRL==>Index;ACTION==>index"
2017-09-20 11:15:47"MODULE==>Admin;CTRL==>Index;ACTION==>main"
2017-09-20 11:15:49"MODULE==>Admin;CTRL==>Manual;ACTION==>index"
2017-09-20 11:15:56"MODULE==>Admin;CTRL==>Index;ACTION==>index"
2017-09-20 11:15:57"MODULE==>Admin;CTRL==>Index;ACTION==>main"
2017-09-20 11:15:58"MODULE==>Admin;CTRL==>Manual;ACTION==>index"
2017-09-20 11:18:18"MODULE==>Admin;CTRL==>Index;ACTION==>index"
2017-09-20 11:18:18"MODULE==>Admin;CTRL==>Index;ACTION==>main"
2017-09-20 11:18:21"MODULE==>Admin;CTRL==>Manual;ACTION==>index"
2017-09-20 11:18:35"MODULE==>Admin;CTRL==>Index;ACTION==>index"
2017-09-20 11:18:36"MODULE==>Admin;CTRL==>Index;ACTION==>main"
2017-09-20 11:18:38"MODULE==>Admin;CTRL==>Manual;ACTION==>index"
2017-09-20 11:18:39"MODULE==>Admin;CTRL==>Manual;ACTION==>datas"
2017-09-20 11:18:40"MODULE==>Admin;CTRL==>Manual;ACTION==>edit_form"
2017-09-20 11:20:09"MODULE==>Admin;CTRL==>Index;ACTION==>index"
2017-09-20 11:20:11"MODULE==>Admin;CTRL==>Index;ACTION==>main"
2017-09-20 11:20:12"MODULE==>Admin;CTRL==>Manual;ACTION==>index"
2017-09-20 11:20:12"MODULE==>Admin;CTRL==>Manual;ACTION==>datas"
2017-09-20 11:20:13"MODULE==>Admin;CTRL==>Manual;ACTION==>edit_form"
2017-09-20 11:21:52"MODULE==>Admin;CTRL==>Index;ACTION==>index"
2017-09-20 11:21:53"MODULE==>Admin;CTRL==>Index;ACTION==>main"
2017-09-20 11:21:54"MODULE==>Admin;CTRL==>Manual;ACTION==>index"
2017-09-20 11:21:54"MODULE==>Admin;CTRL==>Manual;ACTION==>datas"
2017-09-20 11:21:55"MODULE==>Admin;CTRL==>Manual;ACTION==>edit_form"
2017-09-20 11:22:45"MODULE==>Admin;CTRL==>Index;ACTION==>index"
2017-09-20 11:22:46"MODULE==>Admin;CTRL==>Index;ACTION==>main"
2017-09-20 11:22:48"MODULE==>Admin;CTRL==>Manual;ACTION==>index"
2017-09-20 11:22:48"MODULE==>Admin;CTRL==>Manual;ACTION==>datas"
2017-09-20 11:22:49"MODULE==>Admin;CTRL==>Manual;ACTION==>edit_form"
2017-09-20 11:23:13"MODULE==>Admin;CTRL==>Index;ACTION==>index"
2017-09-20 11:23:14"MODULE==>Admin;CTRL==>Index;ACTION==>main"
2017-09-20 11:23:16"MODULE==>Admin;CTRL==>Manual;ACTION==>index"
2017-09-20 11:23:16"MODULE==>Admin;CTRL==>Manual;ACTION==>datas"
2017-09-20 11:23:16"MODULE==>Admin;CTRL==>Manual;ACTION==>edit_form"
2017-09-20 11:24:50"MODULE==>Admin;CTRL==>Index;ACTION==>index"
2017-09-20 11:24:50"MODULE==>Admin;CTRL==>Index;ACTION==>main"
2017-09-20 11:24:52"MODULE==>Admin;CTRL==>Manual;ACTION==>index"
2017-09-20 11:24:52"MODULE==>Admin;CTRL==>Manual;ACTION==>datas"
2017-09-20 11:24:55"MODULE==>Admin;CTRL==>Manual;ACTION==>edit_form"
2017-09-20 11:25:29"MODULE==>Admin;CTRL==>Index;ACTION==>index"
2017-09-20 11:25:30"MODULE==>Admin;CTRL==>Index;ACTION==>main"
2017-09-20 11:25:31"MODULE==>Admin;CTRL==>Manual;ACTION==>index"
2017-09-20 11:25:31"MODULE==>Admin;CTRL==>Manual;ACTION==>datas"
2017-09-20 11:25:32"MODULE==>Admin;CTRL==>Manual;ACTION==>edit_form"
2017-09-20 11:27:46"MODULE==>Admin;CTRL==>Index;ACTION==>index"
2017-09-20 11:27:46"MODULE==>Admin;CTRL==>Index;ACTION==>main"
2017-09-20 11:27:49"MODULE==>Admin;CTRL==>Manual;ACTION==>index"
2017-09-20 11:27:49"MODULE==>Admin;CTRL==>Manual;ACTION==>datas"
2017-09-20 11:27:50"MODULE==>Admin;CTRL==>Manual;ACTION==>edit_form"
2017-09-20 11:29:19"MODULE==>Admin;CTRL==>Manual;ACTION==>edit_form"
2017-09-20 11:29:21"MODULE==>Admin;CTRL==>Index;ACTION==>index"
2017-09-20 11:29:22"MODULE==>Admin;CTRL==>Index;ACTION==>main"
2017-09-20 11:29:23"MODULE==>Admin;CTRL==>Manual;ACTION==>index"
2017-09-20 11:29:24"MODULE==>Admin;CTRL==>Manual;ACTION==>datas"
2017-09-20 11:29:25"MODULE==>Admin;CTRL==>Manual;ACTION==>edit_form"
2017-09-20 11:32:28"MODULE==>Admin;CTRL==>Manual;ACTION==>add"
2017-09-20 11:32:28"MODULE==>Admin;CTRL==>Manual;ACTION==>index"
2017-09-20 11:32:28"MODULE==>Admin;CTRL==>Manual;ACTION==>datas"
2017-09-20 11:34:00"MODULE==>Admin;CTRL==>Index;ACTION==>index"
2017-09-20 11:34:01"MODULE==>Admin;CTRL==>Index;ACTION==>main"
2017-09-20 11:34:03"MODULE==>Admin;CTRL==>Manual;ACTION==>index"
2017-09-20 11:34:03"MODULE==>Admin;CTRL==>Manual;ACTION==>datas"
2017-09-20 11:34:05"MODULE==>Admin;CTRL==>Manual;ACTION==>edit_form"
2017-09-20 11:34:12"MODULE==>Admin;CTRL==>Manual;ACTION==>add"
2017-09-20 11:34:12"MODULE==>Admin;CTRL==>Manual;ACTION==>index"
2017-09-20 11:34:12"MODULE==>Admin;CTRL==>Manual;ACTION==>datas"
2017-09-20 11:36:51"MODULE==>Admin;CTRL==>Index;ACTION==>index"
2017-09-20 11:36:52"MODULE==>Admin;CTRL==>Index;ACTION==>main"
2017-09-20 11:36:54"MODULE==>Admin;CTRL==>Manual;ACTION==>index"
2017-09-20 11:36:55"MODULE==>Admin;CTRL==>Manual;ACTION==>datas"
2017-09-20 11:37:19"MODULE==>Admin;CTRL==>Manual;ACTION==>index"
2017-09-20 11:37:19"MODULE==>Admin;CTRL==>Manual;ACTION==>datas"
2017-09-20 11:37:49"MODULE==>Admin;CTRL==>Index;ACTION==>index"
2017-09-20 11:37:51"MODULE==>Admin;CTRL==>Index;ACTION==>main"
2017-09-20 11:37:53"MODULE==>Admin;CTRL==>Manual;ACTION==>index"
2017-09-20 11:37:53"MODULE==>Admin;CTRL==>Manual;ACTION==>datas"
2017-09-20 11:49:01"MODULE==>Admin;CTRL==>Index;ACTION==>index"
2017-09-20 11:49:02"MODULE==>Admin;CTRL==>Index;ACTION==>main"
2017-09-20 11:49:04"MODULE==>Admin;CTRL==>Manual;ACTION==>index"
2017-09-20 11:49:04"MODULE==>Admin;CTRL==>Manual;ACTION==>datas"
2017-09-20 11:49:39"MODULE==>Admin;CTRL==>Manual;ACTION==>index"
2017-09-20 11:49:39"MODULE==>Admin;CTRL==>Manual;ACTION==>datas"
2017-09-20 11:50:16"MODULE==>Admin;CTRL==>Manual;ACTION==>index"
2017-09-20 11:50:16"MODULE==>Admin;CTRL==>Manual;ACTION==>datas"
2017-09-20 11:50:51"MODULE==>Admin;CTRL==>Manual;ACTION==>index"
2017-09-20 11:50:51"MODULE==>Admin;CTRL==>Manual;ACTION==>datas"
2017-09-20 11:51:27"MODULE==>Admin;CTRL==>Manual;ACTION==>index"
2017-09-20 11:51:27"MODULE==>Admin;CTRL==>Manual;ACTION==>datas"
2017-09-20 11:52:25"MODULE==>Admin;CTRL==>Manual;ACTION==>index"
2017-09-20 11:52:25"MODULE==>Admin;CTRL==>Manual;ACTION==>datas"
2017-09-20 11:52:40"MODULE==>Admin;CTRL==>Manual;ACTION==>index"
2017-09-20 11:52:40"MODULE==>Admin;CTRL==>Manual;ACTION==>datas"
2017-09-20 11:52:49"MODULE==>Admin;CTRL==>Manual;ACTION==>index"
2017-09-20 11:52:49"MODULE==>Admin;CTRL==>Manual;ACTION==>datas"
2017-09-20 11:53:21"MODULE==>Admin;CTRL==>Manual;ACTION==>index"
2017-09-20 11:53:21"MODULE==>Admin;CTRL==>Manual;ACTION==>datas"
2017-09-20 11:53:32"MODULE==>Admin;CTRL==>Manual;ACTION==>index"
2017-09-20 11:53:32"MODULE==>Admin;CTRL==>Manual;ACTION==>datas"
2017-09-20 11:58:19"MODULE==>Admin;CTRL==>Manual;ACTION==>index"
2017-09-20 12:00:15"MODULE==>Admin;CTRL==>Manual;ACTION==>index"
2017-09-20 12:00:17"MODULE==>Admin;CTRL==>Manual;ACTION==>index"
2017-09-20 12:00:26"MODULE==>Admin;CTRL==>Manual;ACTION==>index"
2017-09-20 12:00:45"MODULE==>Admin;CTRL==>Manual;ACTION==>index"
2017-09-20 12:00:55"MODULE==>Admin;CTRL==>Manual;ACTION==>index"
2017-09-20 12:00:55"MODULE==>Admin;CTRL==>Manual;ACTION==>datas"
2017-09-20 12:01:19"MODULE==>Admin;CTRL==>Manual;ACTION==>index"
2017-09-20 12:01:19"MODULE==>Admin;CTRL==>Manual;ACTION==>datas"
2017-09-20 12:01:26"MODULE==>Admin;CTRL==>Manual;ACTION==>index"
2017-09-20 12:01:27"MODULE==>Admin;CTRL==>Manual;ACTION==>datas"
2017-09-20 12:03:49"MODULE==>Admin;CTRL==>Manual;ACTION==>index"
2017-09-20 12:04:03"MODULE==>Admin;CTRL==>Manual;ACTION==>index"
2017-09-20 12:04:11"MODULE==>Admin;CTRL==>Manual;ACTION==>index"
2017-09-20 12:04:26"MODULE==>Admin;CTRL==>Manual;ACTION==>index"
2017-09-20 12:04:40"MODULE==>Admin;CTRL==>Manual;ACTION==>index"
2017-09-20 12:04:46"MODULE==>Admin;CTRL==>Manual;ACTION==>index"
2017-09-20 12:04:46"MODULE==>Admin;CTRL==>Manual;ACTION==>datas"
2017-09-20 12:07:40"MODULE==>Admin;CTRL==>Manual;ACTION==>index"
2017-09-20 12:08:29"MODULE==>Admin;CTRL==>Manual;ACTION==>index"
2017-09-20 12:09:12"MODULE==>Admin;CTRL==>Manual;ACTION==>index"
2017-09-20 12:09:39"MODULE==>Admin;CTRL==>Manual;ACTION==>index"
2017-09-20 12:09:45"MODULE==>Admin;CTRL==>Manual;ACTION==>index"
2017-09-20 12:09:45"MODULE==>Admin;CTRL==>Manual;ACTION==>datas"
2017-09-20 12:10:07"MODULE==>Admin;CTRL==>Manual;ACTION==>index"
2017-09-20 12:10:07"MODULE==>Admin;CTRL==>Manual;ACTION==>datas"
2017-09-20 12:10:23"MODULE==>Admin;CTRL==>Manual;ACTION==>index"
2017-09-20 12:10:27"MODULE==>Admin;CTRL==>Manual;ACTION==>index"
2017-09-20 12:10:37"MODULE==>Admin;CTRL==>Manual;ACTION==>index"
2017-09-20 12:10:37"MODULE==>Admin;CTRL==>Manual;ACTION==>datas"
2017-09-20 12:13:14"MODULE==>Admin;CTRL==>Manual;ACTION==>index"
2017-09-20 12:13:14"MODULE==>Admin;CTRL==>Manual;ACTION==>datas"
2017-09-20 12:13:55"MODULE==>Admin;CTRL==>Manual;ACTION==>index"
2017-09-20 12:13:55"MODULE==>Admin;CTRL==>Manual;ACTION==>datas"
2017-09-20 12:14:07"MODULE==>Admin;CTRL==>Manual;ACTION==>index"
2017-09-20 12:14:07"MODULE==>Admin;CTRL==>Manual;ACTION==>datas"
2017-09-20 12:16:07"MODULE==>Admin;CTRL==>Manual;ACTION==>index"
2017-09-20 12:16:07"MODULE==>Admin;CTRL==>Manual;ACTION==>datas"
2017-09-20 12:16:13"MODULE==>Admin;CTRL==>Manual;ACTION==>index"
2017-09-20 12:16:13"MODULE==>Admin;CTRL==>Manual;ACTION==>datas"
2017-09-20 12:16:16"MODULE==>Admin;CTRL==>Manual;ACTION==>index"
2017-09-20 12:16:16"MODULE==>Admin;CTRL==>Manual;ACTION==>datas"
2017-09-20 12:16:20"MODULE==>Admin;CTRL==>Manual;ACTION==>index"
2017-09-20 12:16:20"MODULE==>Admin;CTRL==>Manual;ACTION==>datas"
2017-09-20 12:17:32"MODULE==>Admin;CTRL==>Index;ACTION==>index"
2017-09-20 12:17:33"MODULE==>Admin;CTRL==>Index;ACTION==>main"
2017-09-20 12:17:35"MODULE==>Admin;CTRL==>Manual;ACTION==>index"
2017-09-20 12:17:35"MODULE==>Admin;CTRL==>Manual;ACTION==>datas"
2017-09-20 12:18:10"MODULE==>Admin;CTRL==>Index;ACTION==>index"
2017-09-20 12:18:11"MODULE==>Admin;CTRL==>Index;ACTION==>main"
2017-09-20 12:18:13"MODULE==>Admin;CTRL==>Manual;ACTION==>index"
2017-09-20 12:18:14"MODULE==>Admin;CTRL==>Manual;ACTION==>datas"
2017-09-20 12:19:51"MODULE==>Admin;CTRL==>Manual;ACTION==>index"
2017-09-20 12:19:51"MODULE==>Admin;CTRL==>Manual;ACTION==>datas"
2017-09-20 12:19:53"MODULE==>Admin;CTRL==>Manual;ACTION==>index"
2017-09-20 12:19:53"MODULE==>Admin;CTRL==>Manual;ACTION==>datas"
2017-09-20 12:20:02"MODULE==>Admin;CTRL==>Index;ACTION==>index"
2017-09-20 12:20:03"MODULE==>Admin;CTRL==>Index;ACTION==>main"
2017-09-20 12:20:05"MODULE==>Admin;CTRL==>Manual;ACTION==>index"
2017-09-20 12:20:05"MODULE==>Admin;CTRL==>Manual;ACTION==>datas"
2017-09-20 12:20:22"MODULE==>Admin;CTRL==>Manual;ACTION==>index"
2017-09-20 12:20:22"MODULE==>Admin;CTRL==>Manual;ACTION==>datas"
2017-09-20 12:20:32"MODULE==>Admin;CTRL==>Index;ACTION==>index"
2017-09-20 12:20:33"MODULE==>Admin;CTRL==>Index;ACTION==>main"
2017-09-20 12:20:33"MODULE==>Admin;CTRL==>Index;ACTION==>index"
2017-09-20 12:20:34"MODULE==>Admin;CTRL==>Index;ACTION==>main"
2017-09-20 12:20:36"MODULE==>Admin;CTRL==>Manual;ACTION==>index"
2017-09-20 12:20:47"MODULE==>Admin;CTRL==>Index;ACTION==>index"
2017-09-20 12:20:49"MODULE==>Admin;CTRL==>Index;ACTION==>main"
2017-09-20 12:20:50"MODULE==>Admin;CTRL==>Manual;ACTION==>index"
2017-09-20 12:20:50"MODULE==>Admin;CTRL==>Manual;ACTION==>datas"
2017-09-20 12:20:59"MODULE==>Admin;CTRL==>Index;ACTION==>index"
2017-09-20 12:21:01"MODULE==>Admin;CTRL==>Index;ACTION==>main"
2017-09-20 12:21:02"MODULE==>Admin;CTRL==>Manual;ACTION==>index"
2017-09-20 12:21:03"MODULE==>Admin;CTRL==>Manual;ACTION==>datas"
2017-09-20 12:21:39"MODULE==>Admin;CTRL==>Manual;ACTION==>index"
2017-09-20 12:21:39"MODULE==>Admin;CTRL==>Manual;ACTION==>datas"
2017-09-20 12:22:09"MODULE==>Admin;CTRL==>Manual;ACTION==>index"
2017-09-20 12:22:09"MODULE==>Admin;CTRL==>Manual;ACTION==>datas"
2017-09-20 12:22:38"MODULE==>Admin;CTRL==>Manual;ACTION==>index"
2017-09-20 12:22:39"MODULE==>Admin;CTRL==>Manual;ACTION==>datas"
2017-09-20 12:22:56"MODULE==>Admin;CTRL==>Manual;ACTION==>index"
2017-09-20 12:22:56"MODULE==>Admin;CTRL==>Manual;ACTION==>datas"
2017-09-20 12:23:08"MODULE==>Admin;CTRL==>Manual;ACTION==>index"
2017-09-20 12:23:09"MODULE==>Admin;CTRL==>Manual;ACTION==>datas"
2017-09-20 12:23:31"MODULE==>Admin;CTRL==>Index;ACTION==>index"
2017-09-20 12:23:32"MODULE==>Admin;CTRL==>Index;ACTION==>main"
2017-09-20 12:23:34"MODULE==>Admin;CTRL==>Manual;ACTION==>index"
2017-09-20 12:23:35"MODULE==>Admin;CTRL==>Manual;ACTION==>datas"
2017-09-20 12:23:43"MODULE==>Admin;CTRL==>Manual;ACTION==>index"
2017-09-20 12:23:44"MODULE==>Admin;CTRL==>Manual;ACTION==>datas"
2017-09-20 12:24:00"MODULE==>Admin;CTRL==>Manual;ACTION==>index"
2017-09-20 12:24:00"MODULE==>Admin;CTRL==>Manual;ACTION==>datas"
2017-09-20 12:24:47"MODULE==>Admin;CTRL==>Manual;ACTION==>index"
2017-09-20 12:24:47"MODULE==>Admin;CTRL==>Manual;ACTION==>datas"
2017-09-20 12:25:06"MODULE==>Admin;CTRL==>Manual;ACTION==>index"
2017-09-20 12:25:06"MODULE==>Admin;CTRL==>Manual;ACTION==>datas"
2017-09-20 12:25:11"MODULE==>Admin;CTRL==>Manual;ACTION==>index"
2017-09-20 12:25:11"MODULE==>Admin;CTRL==>Manual;ACTION==>datas"
2017-09-20 12:25:37"MODULE==>Admin;CTRL==>Manual;ACTION==>index"
2017-09-20 12:25:37"MODULE==>Admin;CTRL==>Manual;ACTION==>datas"
2017-09-20 12:26:24"MODULE==>Admin;CTRL==>Manual;ACTION==>index"
2017-09-20 12:26:24"MODULE==>Admin;CTRL==>Manual;ACTION==>datas"
2017-09-20 12:27:42"MODULE==>Admin;CTRL==>Manual;ACTION==>index"
2017-09-20 12:27:42"MODULE==>Admin;CTRL==>Manual;ACTION==>datas"
2017-09-20 12:28:04"MODULE==>Admin;CTRL==>Manual;ACTION==>index"
2017-09-20 12:28:04"MODULE==>Admin;CTRL==>Manual;ACTION==>datas"
2017-09-20 12:28:20"MODULE==>Admin;CTRL==>Manual;ACTION==>index"
2017-09-20 12:28:20"MODULE==>Admin;CTRL==>Manual;ACTION==>datas"
2017-09-20 12:28:39"MODULE==>Admin;CTRL==>Manual;ACTION==>index"
2017-09-20 12:28:39"MODULE==>Admin;CTRL==>Manual;ACTION==>datas"
2017-09-20 12:31:01"MODULE==>Admin;CTRL==>Manual;ACTION==>index"
2017-09-20 12:31:01"MODULE==>Admin;CTRL==>Manual;ACTION==>datas"
2017-09-20 12:31:25"MODULE==>Admin;CTRL==>Manual;ACTION==>index"
2017-09-20 12:31:25"MODULE==>Admin;CTRL==>Manual;ACTION==>datas"
2017-09-20 12:31:33"MODULE==>Admin;CTRL==>Manual;ACTION==>index"
2017-09-20 12:31:33"MODULE==>Admin;CTRL==>Manual;ACTION==>datas"
2017-09-20 12:34:44"MODULE==>Admin;CTRL==>Manual;ACTION==>index"
2017-09-20 12:34:45"MODULE==>Admin;CTRL==>Manual;ACTION==>datas"
2017-09-20 12:34:54"MODULE==>Admin;CTRL==>Manual;ACTION==>index"
2017-09-20 12:34:55"MODULE==>Admin;CTRL==>Manual;ACTION==>datas"
2017-09-20 12:35:07"MODULE==>Admin;CTRL==>Manual;ACTION==>index"
2017-09-20 12:35:07"MODULE==>Admin;CTRL==>Manual;ACTION==>datas"
2017-09-20 12:35:17"MODULE==>Admin;CTRL==>Manual;ACTION==>index"
2017-09-20 12:35:17"MODULE==>Admin;CTRL==>Manual;ACTION==>datas"
2017-09-20 12:35:28"MODULE==>Admin;CTRL==>Manual;ACTION==>index"
2017-09-20 12:35:28"MODULE==>Admin;CTRL==>Manual;ACTION==>datas"
2017-09-20 12:35:53"MODULE==>Admin;CTRL==>Manual;ACTION==>index"
2017-09-20 12:35:53"MODULE==>Admin;CTRL==>Manual;ACTION==>datas"
2017-09-20 12:36:03"MODULE==>Admin;CTRL==>Manual;ACTION==>index"
2017-09-20 12:36:03"MODULE==>Admin;CTRL==>Manual;ACTION==>datas"
2017-09-20 12:36:39"MODULE==>Admin;CTRL==>Manual;ACTION==>index"
2017-09-20 12:36:39"MODULE==>Admin;CTRL==>Manual;ACTION==>datas"
2017-09-20 12:38:02"MODULE==>Admin;CTRL==>Manual;ACTION==>index"
2017-09-20 12:38:02"MODULE==>Admin;CTRL==>Manual;ACTION==>datas"
2017-09-20 13:40:26"MODULE==>Admin;CTRL==>Manual;ACTION==>index"
2017-09-20 13:40:27"MODULE==>Admin;CTRL==>Manual;ACTION==>datas"
2017-09-20 13:42:27"MODULE==>Admin;CTRL==>Manual;ACTION==>edit_form"
2017-09-20 13:42:59"MODULE==>Admin;CTRL==>Manual;ACTION==>add"
2017-09-20 13:42:59"MODULE==>Admin;CTRL==>Manual;ACTION==>index"
2017-09-20 13:42:59"MODULE==>Admin;CTRL==>Manual;ACTION==>datas"
2017-09-20 13:43:05"MODULE==>Admin;CTRL==>Manual;ACTION==>index"
2017-09-20 13:43:05"MODULE==>Admin;CTRL==>Manual;ACTION==>datas"
2017-09-20 13:43:22"MODULE==>Admin;CTRL==>Manual;ACTION==>edit_form"
2017-09-20 13:43:25"MODULE==>Admin;CTRL==>Manual;ACTION==>add"
2017-09-20 13:43:26"MODULE==>Admin;CTRL==>Manual;ACTION==>index"
2017-09-20 13:43:26"MODULE==>Admin;CTRL==>Manual;ACTION==>datas"
2017-09-20 13:44:08"MODULE==>Admin;CTRL==>Manual;ACTION==>edit_form"
2017-09-20 13:44:11"MODULE==>Admin;CTRL==>Manual;ACTION==>add"
2017-09-20 13:44:11"MODULE==>Admin;CTRL==>Manual;ACTION==>index"
2017-09-20 13:44:11"MODULE==>Admin;CTRL==>Manual;ACTION==>datas"
2017-09-20 13:45:27"MODULE==>Admin;CTRL==>Index;ACTION==>index"
2017-09-20 13:45:28"MODULE==>Admin;CTRL==>Index;ACTION==>main"
2017-09-20 13:45:30"MODULE==>Admin;CTRL==>Manual;ACTION==>index"
2017-09-20 13:45:30"MODULE==>Admin;CTRL==>Manual;ACTION==>datas"
2017-09-20 13:45:31"MODULE==>Admin;CTRL==>Manual;ACTION==>edit_form"
2017-09-20 13:45:33"MODULE==>Admin;CTRL==>Manual;ACTION==>add"
2017-09-20 13:45:33"MODULE==>Admin;CTRL==>Manual;ACTION==>index"
2017-09-20 13:45:33"MODULE==>Admin;CTRL==>Manual;ACTION==>datas"
2017-09-20 13:46:05"MODULE==>Admin;CTRL==>Manual;ACTION==>index"
2017-09-20 13:46:05"MODULE==>Admin;CTRL==>Manual;ACTION==>datas"
2017-09-20 14:08:01"MODULE==>Admin;CTRL==>Manual;ACTION==>edit_form"
2017-09-20 14:08:07"MODULE==>Admin;CTRL==>Manual;ACTION==>add"
2017-09-20 14:08:07"MODULE==>Admin;CTRL==>Manual;ACTION==>index"
2017-09-20 14:08:08"MODULE==>Admin;CTRL==>Manual;ACTION==>datas"
2017-09-20 14:11:15"MODULE==>Admin;CTRL==>Manual;ACTION==>index"
2017-09-20 14:11:15"MODULE==>Admin;CTRL==>Manual;ACTION==>datas"
2017-09-20 14:11:23"MODULE==>Admin;CTRL==>Index;ACTION==>index"
2017-09-20 14:11:24"MODULE==>Admin;CTRL==>Index;ACTION==>main"
2017-09-20 14:11:33"MODULE==>Admin;CTRL==>Manual;ACTION==>index"
2017-09-20 14:11:34"MODULE==>Admin;CTRL==>Manual;ACTION==>datas"
2017-09-20 14:15:34"MODULE==>Admin;CTRL==>Index;ACTION==>index"
2017-09-20 14:15:35"MODULE==>Admin;CTRL==>Index;ACTION==>main"
2017-09-20 14:15:38"MODULE==>Admin;CTRL==>Manual;ACTION==>index"
2017-09-20 14:15:38"MODULE==>Admin;CTRL==>Manual;ACTION==>datas"
2017-09-20 14:15:39"MODULE==>Admin;CTRL==>Manual;ACTION==>add_form"
2017-09-20 14:15:42"MODULE==>Admin;CTRL==>Manual;ACTION==>add"
2017-09-20 14:15:42"MODULE==>Admin;CTRL==>Manual;ACTION==>index"
2017-09-20 14:15:42"MODULE==>Admin;CTRL==>Manual;ACTION==>datas"
2017-09-20 14:17:47"MODULE==>Admin;CTRL==>Index;ACTION==>index"
2017-09-20 14:17:48"MODULE==>Admin;CTRL==>Index;ACTION==>main"
2017-09-20 14:17:57"MODULE==>Admin;CTRL==>Manual;ACTION==>index"
2017-09-20 14:18:14"MODULE==>Admin;CTRL==>Manual;ACTION==>index"
2017-09-20 14:18:26"MODULE==>Admin;CTRL==>Manual;ACTION==>index"
2017-09-20 14:18:27"MODULE==>Admin;CTRL==>Manual;ACTION==>datas"
2017-09-20 14:19:12"MODULE==>Admin;CTRL==>Manual;ACTION==>index"
2017-09-20 14:19:12"MODULE==>Admin;CTRL==>Manual;ACTION==>datas"
2017-09-20 14:21:51"MODULE==>Admin;CTRL==>Manual;ACTION==>index"
2017-09-20 14:21:52"MODULE==>Admin;CTRL==>Manual;ACTION==>datas"
2017-09-20 14:23:10"MODULE==>Admin;CTRL==>Manual;ACTION==>index"
2017-09-20 14:23:42"MODULE==>Admin;CTRL==>Manual;ACTION==>index"
2017-09-20 14:24:33"MODULE==>Admin;CTRL==>Manual;ACTION==>index"
2017-09-20 14:24:33"MODULE==>Admin;CTRL==>Manual;ACTION==>datas"
2017-09-20 14:28:12"MODULE==>Admin;CTRL==>Index;ACTION==>index"
2017-09-20 14:28:14"MODULE==>Admin;CTRL==>Index;ACTION==>main"
2017-09-20 14:28:17"MODULE==>Admin;CTRL==>Manual;ACTION==>index"
2017-09-20 14:28:17"MODULE==>Admin;CTRL==>Manual;ACTION==>datas"
2017-09-20 14:28:18"MODULE==>Admin;CTRL==>Manual;ACTION==>add_form"
2017-09-20 14:28:27"MODULE==>Admin;CTRL==>Manual;ACTION==>add_form"
2017-09-20 14:31:57"MODULE==>Admin;CTRL==>Index;ACTION==>index"
2017-09-20 14:31:57"MODULE==>Admin;CTRL==>Index;ACTION==>main"
2017-09-20 14:32:00"MODULE==>Admin;CTRL==>Manual;ACTION==>index"
2017-09-20 14:32:01"MODULE==>Admin;CTRL==>Manual;ACTION==>datas"
2017-09-20 14:32:02"MODULE==>Admin;CTRL==>Manual;ACTION==>add_form"
2017-09-20 14:32:12"MODULE==>Admin;CTRL==>Manual;ACTION==>add"
2017-09-20 14:32:12"MODULE==>Admin;CTRL==>Manual;ACTION==>index"
2017-09-20 14:32:12"MODULE==>Admin;CTRL==>Manual;ACTION==>datas"
2017-09-20 14:32:39"MODULE==>Admin;CTRL==>Manual;ACTION==>add_form"
2017-09-20 14:32:45"MODULE==>Admin;CTRL==>Manual;ACTION==>add"
2017-09-20 14:32:45"MODULE==>Admin;CTRL==>Manual;ACTION==>index"
2017-09-20 14:32:45"MODULE==>Admin;CTRL==>Manual;ACTION==>datas"
2017-09-20 14:33:35"MODULE==>Admin;CTRL==>Manual;ACTION==>index"
2017-09-20 14:33:35"MODULE==>Admin;CTRL==>Manual;ACTION==>datas"
2017-09-20 14:34:13"MODULE==>Admin;CTRL==>Manual;ACTION==>index"
2017-09-20 14:34:13"MODULE==>Admin;CTRL==>Manual;ACTION==>datas"
2017-09-20 14:44:45"MODULE==>Admin;CTRL==>Manual;ACTION==>index"
2017-09-20 14:44:45"MODULE==>Admin;CTRL==>Manual;ACTION==>datas"
2017-09-20 14:44:55"MODULE==>Admin;CTRL==>Index;ACTION==>index"
2017-09-20 14:44:56"MODULE==>Admin;CTRL==>Index;ACTION==>main"
2017-09-20 14:44:58"MODULE==>Admin;CTRL==>Manual;ACTION==>index"
2017-09-20 14:44:58"MODULE==>Admin;CTRL==>Manual;ACTION==>datas"
2017-09-20 14:45:42"MODULE==>Admin;CTRL==>Manual;ACTION==>index"
2017-09-20 14:45:42"MODULE==>Admin;CTRL==>Manual;ACTION==>datas"
2017-09-20 14:46:03"MODULE==>Admin;CTRL==>Manual;ACTION==>index"
2017-09-20 14:46:03"MODULE==>Admin;CTRL==>Manual;ACTION==>datas"
2017-09-20 14:46:21"MODULE==>Admin;CTRL==>Manual;ACTION==>index"
2017-09-20 14:46:21"MODULE==>Admin;CTRL==>Manual;ACTION==>datas"
2017-09-20 14:46:23"MODULE==>Admin;CTRL==>Manual;ACTION==>add_form"
2017-09-20 14:47:06"MODULE==>Admin;CTRL==>Manual;ACTION==>index"
2017-09-20 14:47:07"MODULE==>Admin;CTRL==>Manual;ACTION==>datas"
2017-09-20 14:47:53"MODULE==>Admin;CTRL==>Manual;ACTION==>edit_form"
2017-09-20 14:48:24"MODULE==>Admin;CTRL==>Manual;ACTION==>index"
2017-09-20 14:48:25"MODULE==>Admin;CTRL==>Manual;ACTION==>datas"
2017-09-20 14:48:25"MODULE==>Admin;CTRL==>Manual;ACTION==>edit_form"
2017-09-20 14:48:31"MODULE==>Admin;CTRL==>Manual;ACTION==>edit_form"
2017-09-20 14:49:24"MODULE==>Admin;CTRL==>Manual;ACTION==>index"
2017-09-20 14:49:24"MODULE==>Admin;CTRL==>Manual;ACTION==>datas"
2017-09-20 14:50:34"MODULE==>Admin;CTRL==>Index;ACTION==>index"
2017-09-20 14:50:34"MODULE==>Admin;CTRL==>Index;ACTION==>main"
2017-09-20 14:50:38"MODULE==>Admin;CTRL==>Manual;ACTION==>index"
2017-09-20 14:50:39"MODULE==>Admin;CTRL==>Manual;ACTION==>datas"
2017-09-20 14:50:41"MODULE==>Admin;CTRL==>Manual;ACTION==>edit_form"
2017-09-20 14:51:05"MODULE==>Admin;CTRL==>Manual;ACTION==>index"
2017-09-20 14:51:05"MODULE==>Admin;CTRL==>Manual;ACTION==>datas"
2017-09-20 14:51:06"MODULE==>Admin;CTRL==>Manual;ACTION==>edit_form"
2017-09-20 14:52:05"MODULE==>Admin;CTRL==>Manual;ACTION==>index"
2017-09-20 14:52:05"MODULE==>Admin;CTRL==>Manual;ACTION==>datas"
2017-09-20 14:52:06"MODULE==>Admin;CTRL==>Manual;ACTION==>edit_form"
2017-09-20 14:52:56"MODULE==>Admin;CTRL==>Manual;ACTION==>index"
2017-09-20 14:52:57"MODULE==>Admin;CTRL==>Manual;ACTION==>datas"
2017-09-20 14:53:00"MODULE==>Admin;CTRL==>Manual;ACTION==>edit_form"
2017-09-20 14:54:19"MODULE==>Admin;CTRL==>Manual;ACTION==>add"
2017-09-20 14:54:19"MODULE==>Admin;CTRL==>Manual;ACTION==>index"
2017-09-20 14:54:20"MODULE==>Admin;CTRL==>Manual;ACTION==>datas"
2017-09-20 14:56:15"MODULE==>Admin;CTRL==>Manual;ACTION==>edit_form"
2017-09-20 14:56:18"MODULE==>Admin;CTRL==>Manual;ACTION==>index"
2017-09-20 14:56:18"MODULE==>Admin;CTRL==>Manual;ACTION==>datas"
2017-09-20 14:56:20"MODULE==>Admin;CTRL==>Manual;ACTION==>edit_form"
2017-09-20 14:56:25"MODULE==>Admin;CTRL==>Manual;ACTION==>edit_form"
2017-09-20 14:56:41"MODULE==>Admin;CTRL==>Manual;ACTION==>edit_form"
2017-09-20 14:57:14"MODULE==>Admin;CTRL==>Manual;ACTION==>edit_form"
2017-09-20 14:57:23"MODULE==>Admin;CTRL==>Manual;ACTION==>index"
2017-09-20 14:57:24"MODULE==>Admin;CTRL==>Manual;ACTION==>datas"
2017-09-20 14:57:27"MODULE==>Admin;CTRL==>Manual;ACTION==>edit_form"
2017-09-20 14:58:18"MODULE==>Admin;CTRL==>Manual;ACTION==>edit_form"
2017-09-20 14:58:46"MODULE==>Admin;CTRL==>Manual;ACTION==>edit_form"
2017-09-20 15:00:20"MODULE==>Admin;CTRL==>Manual;ACTION==>index"
2017-09-20 15:00:20"MODULE==>Admin;CTRL==>Manual;ACTION==>datas"
2017-09-20 15:00:22"MODULE==>Admin;CTRL==>Manual;ACTION==>edit_form"
2017-09-20 15:01:01"MODULE==>Admin;CTRL==>Manual;ACTION==>index"
2017-09-20 15:01:01"MODULE==>Admin;CTRL==>Manual;ACTION==>datas"
2017-09-20 15:01:02"MODULE==>Admin;CTRL==>Manual;ACTION==>edit_form"
2017-09-20 15:01:14"MODULE==>Admin;CTRL==>Manual;ACTION==>index"
2017-09-20 15:01:14"MODULE==>Admin;CTRL==>Manual;ACTION==>datas"
2017-09-20 15:01:16"MODULE==>Admin;CTRL==>Manual;ACTION==>edit_form"
2017-09-20 15:01:23"MODULE==>Admin;CTRL==>Manual;ACTION==>add_form"
2017-09-20 15:01:30"MODULE==>Admin;CTRL==>Manual;ACTION==>add"
2017-09-20 15:01:30"MODULE==>Admin;CTRL==>Manual;ACTION==>index"
2017-09-20 15:01:30"MODULE==>Admin;CTRL==>Manual;ACTION==>datas"
2017-09-20 15:01:32"MODULE==>Admin;CTRL==>Manual;ACTION==>edit_form"
2017-09-20 15:02:13"MODULE==>Admin;CTRL==>Manual;ACTION==>edit_form"
2017-09-20 15:02:17"MODULE==>Admin;CTRL==>Manual;ACTION==>edit_form"
2017-09-20 15:02:24"MODULE==>Admin;CTRL==>Manual;ACTION==>edit_form"
2017-09-20 15:02:27"MODULE==>Admin;CTRL==>Manual;ACTION==>edit_form"
2017-09-20 15:02:29"MODULE==>Admin;CTRL==>Manual;ACTION==>edit_form"
2017-09-20 15:06:24"MODULE==>Admin;CTRL==>Manual;ACTION==>index"
2017-09-20 15:06:24"MODULE==>Admin;CTRL==>Manual;ACTION==>datas"
2017-09-20 15:06:26"MODULE==>Admin;CTRL==>Manual;ACTION==>edit_form"
2017-09-20 15:06:29"MODULE==>Admin;CTRL==>Manual;ACTION==>edit"
2017-09-20 15:06:29"MODULE==>Admin;CTRL==>Manual;ACTION==>index"
2017-09-20 15:06:29"MODULE==>Admin;CTRL==>Manual;ACTION==>datas"
2017-09-20 15:06:31"MODULE==>Admin;CTRL==>Manual;ACTION==>edit_form"
2017-09-20 15:06:40"MODULE==>Admin;CTRL==>Manual;ACTION==>edit"
2017-09-20 15:06:40"MODULE==>Admin;CTRL==>Manual;ACTION==>index"
2017-09-20 15:06:41"MODULE==>Admin;CTRL==>Manual;ACTION==>datas"
2017-09-20 15:06:42"MODULE==>Admin;CTRL==>Manual;ACTION==>edit_form"
2017-09-20 15:06:47"MODULE==>Admin;CTRL==>Manual;ACTION==>edit"
2017-09-20 15:06:47"MODULE==>Admin;CTRL==>Manual;ACTION==>index"
2017-09-20 15:06:47"MODULE==>Admin;CTRL==>Manual;ACTION==>datas"
2017-09-20 15:06:49"MODULE==>Admin;CTRL==>Manual;ACTION==>edit_form"
2017-09-20 15:07:38"MODULE==>Admin;CTRL==>Manual;ACTION==>index"
2017-09-20 15:07:38"MODULE==>Admin;CTRL==>Manual;ACTION==>datas"
2017-09-20 15:07:38"MODULE==>Admin;CTRL==>Manual;ACTION==>edit_form"
2017-09-20 15:07:42"MODULE==>Admin;CTRL==>Manual;ACTION==>edit"
2017-09-20 15:07:42"MODULE==>Admin;CTRL==>Manual;ACTION==>index"
2017-09-20 15:07:42"MODULE==>Admin;CTRL==>Manual;ACTION==>datas"
2017-09-20 15:07:50"MODULE==>Admin;CTRL==>Manual;ACTION==>edit_form"
2017-09-20 15:08:12"MODULE==>Admin;CTRL==>Manual;ACTION==>index"
2017-09-20 15:08:13"MODULE==>Admin;CTRL==>Manual;ACTION==>datas"
2017-09-20 15:08:15"MODULE==>Admin;CTRL==>Manual;ACTION==>edit_form"
2017-09-20 15:08:18"MODULE==>Admin;CTRL==>Manual;ACTION==>edit_form"
2017-09-20 15:08:24"MODULE==>Admin;CTRL==>Index;ACTION==>index"
2017-09-20 15:08:25"MODULE==>Admin;CTRL==>Index;ACTION==>main"
2017-09-20 15:08:26"MODULE==>Admin;CTRL==>Manual;ACTION==>index"
2017-09-20 15:08:26"MODULE==>Admin;CTRL==>Manual;ACTION==>datas"
2017-09-20 15:08:28"MODULE==>Admin;CTRL==>Manual;ACTION==>edit_form"
2017-09-20 15:08:31"MODULE==>Admin;CTRL==>Manual;ACTION==>edit_form"
2017-09-20 15:08:34"MODULE==>Admin;CTRL==>Manual;ACTION==>edit"
2017-09-20 15:08:34"MODULE==>Admin;CTRL==>Manual;ACTION==>index"
2017-09-20 15:08:34"MODULE==>Admin;CTRL==>Manual;ACTION==>datas"
2017-09-20 15:08:36"MODULE==>Admin;CTRL==>Manual;ACTION==>edit_form"
2017-09-20 15:08:41"MODULE==>Admin;CTRL==>Manual;ACTION==>edit"
2017-09-20 15:08:41"MODULE==>Admin;CTRL==>Manual;ACTION==>index"
2017-09-20 15:08:41"MODULE==>Admin;CTRL==>Manual;ACTION==>datas"
2017-09-20 15:08:46"MODULE==>Admin;CTRL==>Manual;ACTION==>add_form"
2017-09-20 15:13:02"MODULE==>Admin;CTRL==>Manual;ACTION==>index"
2017-09-20 15:13:02"MODULE==>Admin;CTRL==>Manual;ACTION==>datas"
2017-09-20 15:13:48"MODULE==>Admin;CTRL==>Manual;ACTION==>index"
2017-09-20 15:13:48"MODULE==>Admin;CTRL==>Manual;ACTION==>datas"
2017-09-20 15:13:55"MODULE==>Admin;CTRL==>Manual;ACTION==>edit_form"
2017-09-20 15:13:56"MODULE==>Admin;CTRL==>Manual;ACTION==>edit"
2017-09-20 15:13:56"MODULE==>Admin;CTRL==>Manual;ACTION==>index"
2017-09-20 15:13:56"MODULE==>Admin;CTRL==>Manual;ACTION==>datas"
2017-09-20 15:14:01"MODULE==>Admin;CTRL==>Manual;ACTION==>edit_form"
2017-09-20 15:14:02"MODULE==>Admin;CTRL==>Manual;ACTION==>edit"
2017-09-20 15:14:02"MODULE==>Admin;CTRL==>Manual;ACTION==>index"
2017-09-20 15:14:02"MODULE==>Admin;CTRL==>Manual;ACTION==>datas"
2017-09-20 15:14:05"MODULE==>Admin;CTRL==>Manual;ACTION==>edit_form"
2017-09-20 15:14:07"MODULE==>Admin;CTRL==>Manual;ACTION==>edit"
2017-09-20 15:14:07"MODULE==>Admin;CTRL==>Manual;ACTION==>index"
2017-09-20 15:14:07"MODULE==>Admin;CTRL==>Manual;ACTION==>datas"
2017-09-20 15:14:11"MODULE==>Admin;CTRL==>Manual;ACTION==>edit_form"
2017-09-20 15:21:26"MODULE==>Admin;CTRL==>Manual;ACTION==>index"
2017-09-20 15:21:26"MODULE==>Admin;CTRL==>Manual;ACTION==>datas"
2017-09-20 15:23:23"MODULE==>Admin;CTRL==>Manual;ACTION==>index"
2017-09-20 15:23:23"MODULE==>Admin;CTRL==>Manual;ACTION==>datas"
2017-09-20 15:23:40"MODULE==>Admin;CTRL==>Manual;ACTION==>index"
2017-09-20 15:23:40"MODULE==>Admin;CTRL==>Manual;ACTION==>datas"
2017-09-20 15:24:30"MODULE==>Admin;CTRL==>Manual;ACTION==>index"
2017-09-20 15:24:30"MODULE==>Admin;CTRL==>Manual;ACTION==>datas"
2017-09-20 15:24:41"MODULE==>Admin;CTRL==>Manual;ACTION==>edit_form"
2017-09-20 15:25:07"MODULE==>Admin;CTRL==>Manual;ACTION==>index"
2017-09-20 15:25:07"MODULE==>Admin;CTRL==>Manual;ACTION==>datas"
2017-09-20 15:26:24"MODULE==>Admin;CTRL==>Manual;ACTION==>index"
2017-09-20 15:26:24"MODULE==>Admin;CTRL==>Manual;ACTION==>datas"
2017-09-20 15:26:25"MODULE==>Admin;CTRL==>Manual;ACTION==>edit_form"
2017-09-20 15:26:38"MODULE==>Admin;CTRL==>Manual;ACTION==>index"
2017-09-20 15:26:38"MODULE==>Admin;CTRL==>Manual;ACTION==>datas"
2017-09-20 15:26:38"MODULE==>Admin;CTRL==>Manual;ACTION==>edit_form"
2017-09-20 15:27:41"MODULE==>Admin;CTRL==>Manual;ACTION==>index"
2017-09-20 15:27:41"MODULE==>Admin;CTRL==>Manual;ACTION==>datas"
2017-09-20 15:27:41"MODULE==>Admin;CTRL==>Manual;ACTION==>edit_form"
2017-09-20 15:27:42"MODULE==>Admin;CTRL==>Manual;ACTION==>edit"
2017-09-20 15:27:42"MODULE==>Admin;CTRL==>Manual;ACTION==>index"
2017-09-20 15:27:43"MODULE==>Admin;CTRL==>Manual;ACTION==>datas"
2017-09-20 15:28:10"MODULE==>Admin;CTRL==>Manual;ACTION==>index"
2017-09-20 15:28:10"MODULE==>Admin;CTRL==>Manual;ACTION==>datas"
2017-09-20 15:28:11"MODULE==>Admin;CTRL==>Manual;ACTION==>add_form"
2017-09-20 15:28:14"MODULE==>Admin;CTRL==>Manual;ACTION==>add"
2017-09-20 15:28:14"MODULE==>Admin;CTRL==>Manual;ACTION==>index"
2017-09-20 15:28:14"MODULE==>Admin;CTRL==>Manual;ACTION==>datas"
2017-09-20 15:28:17"MODULE==>Admin;CTRL==>Manual;ACTION==>datas"
2017-09-20 15:28:19"MODULE==>Admin;CTRL==>Manual;ACTION==>datas"
2017-09-20 15:28:20"MODULE==>Admin;CTRL==>Manual;ACTION==>datas"
2017-09-20 15:28:21"MODULE==>Admin;CTRL==>Manual;ACTION==>datas"
2017-09-20 15:32:09"MODULE==>Admin;CTRL==>Manual;ACTION==>index"
2017-09-20 15:32:10"MODULE==>Admin;CTRL==>Manual;ACTION==>datas"
2017-09-20 15:32:27"MODULE==>Admin;CTRL==>Manual;ACTION==>index"
2017-09-20 15:32:27"MODULE==>Admin;CTRL==>Manual;ACTION==>datas"
2017-09-20 15:32:53"MODULE==>Admin;CTRL==>Manual;ACTION==>edit_form"
2017-09-20 15:32:56"MODULE==>Admin;CTRL==>Manual;ACTION==>edit"
2017-09-20 15:32:56"MODULE==>Admin;CTRL==>Manual;ACTION==>index"
2017-09-20 15:32:56"MODULE==>Admin;CTRL==>Manual;ACTION==>datas"
2017-09-20 15:33:38"MODULE==>Admin;CTRL==>Manual;ACTION==>index"
2017-09-20 15:33:38"MODULE==>Admin;CTRL==>Manual;ACTION==>datas"
2017-09-20 15:33:42"MODULE==>Admin;CTRL==>Manual;ACTION==>delete"
2017-09-20 15:33:42"MODULE==>Admin;CTRL==>Manual;ACTION==>index"
2017-09-20 15:33:42"MODULE==>Admin;CTRL==>Manual;ACTION==>datas"
2017-09-20 15:33:46"MODULE==>Admin;CTRL==>Manual;ACTION==>delete"
2017-09-20 15:33:46"MODULE==>Admin;CTRL==>Manual;ACTION==>index"
2017-09-20 15:33:46"MODULE==>Admin;CTRL==>Manual;ACTION==>datas"
2017-09-20 15:33:48"MODULE==>Admin;CTRL==>Manual;ACTION==>delete"
2017-09-20 15:33:48"MODULE==>Admin;CTRL==>Manual;ACTION==>index"
2017-09-20 15:33:48"MODULE==>Admin;CTRL==>Manual;ACTION==>datas"
2017-09-20 15:33:53"MODULE==>Admin;CTRL==>Manual;ACTION==>delete"
2017-09-20 15:33:53"MODULE==>Admin;CTRL==>Manual;ACTION==>index"
2017-09-20 15:33:53"MODULE==>Admin;CTRL==>Manual;ACTION==>datas"
2017-09-20 15:33:54"MODULE==>Admin;CTRL==>Manual;ACTION==>add_form"
2017-09-20 15:34:00"MODULE==>Admin;CTRL==>Manual;ACTION==>add"
2017-09-20 15:34:00"MODULE==>Admin;CTRL==>Manual;ACTION==>index"
2017-09-20 15:34:00"MODULE==>Admin;CTRL==>Manual;ACTION==>datas"
2017-09-20 15:34:01"MODULE==>Admin;CTRL==>Manual;ACTION==>edit_form"
2017-09-20 15:34:05"MODULE==>Admin;CTRL==>Manual;ACTION==>index"
2017-09-20 15:34:05"MODULE==>Admin;CTRL==>Manual;ACTION==>datas"
2017-09-20 15:35:54"MODULE==>Admin;CTRL==>Manual;ACTION==>index"
2017-09-20 15:35:54"MODULE==>Admin;CTRL==>Manual;ACTION==>datas"
2017-09-20 15:36:47"MODULE==>Admin;CTRL==>Manual;ACTION==>edit_form"
2017-09-20 15:37:04"MODULE==>Admin;CTRL==>Manual;ACTION==>add_form"
2017-09-20 15:37:27"MODULE==>Admin;CTRL==>Manual;ACTION==>edit_form"
2017-09-20 15:37:31"MODULE==>Admin;CTRL==>Manual;ACTION==>index"
2017-09-20 15:37:31"MODULE==>Admin;CTRL==>Manual;ACTION==>datas"
2017-09-20 15:37:32"MODULE==>Admin;CTRL==>Manual;ACTION==>edit_form"
2017-09-20 15:37:54"MODULE==>Admin;CTRL==>Manual;ACTION==>index"
2017-09-20 15:37:54"MODULE==>Admin;CTRL==>Manual;ACTION==>datas"
2017-09-20 15:37:55"MODULE==>Admin;CTRL==>Manual;ACTION==>add_form"
2017-09-20 15:38:13"MODULE==>Admin;CTRL==>Manual;ACTION==>index"
2017-09-20 15:38:13"MODULE==>Admin;CTRL==>Manual;ACTION==>datas"
2017-09-20 15:38:14"MODULE==>Admin;CTRL==>Manual;ACTION==>add_form"
2017-09-20 15:46:01"MODULE==>Api;CTRL==>Index;ACTION==>vue"
2017-09-20 15:46:02"MODULE==>Api;CTRL==>Index;ACTION==>post"
2017-09-20 15:46:34"MODULE==>Api;CTRL==>Index;ACTION==>vue"
2017-09-20 15:47:19"MODULE==>Api;CTRL==>Index;ACTION==>vue"
2017-09-20 15:48:45"MODULE==>Api;CTRL==>Index;ACTION==>vue"
2017-09-20 15:50:08"MODULE==>Api;CTRL==>Index;ACTION==>post"
2017-09-20 15:50:09"MODULE==>Api;CTRL==>Index;ACTION==>vue"
2017-09-20 15:50:10"MODULE==>Api;CTRL==>Index;ACTION==>post"
2017-09-20 15:50:11"MODULE==>Api;CTRL==>Index;ACTION==>vue"
2017-09-20 15:50:31"MODULE==>Admin;CTRL==>Index;ACTION==>index"
2017-09-20 15:50:32"MODULE==>Admin;CTRL==>Index;ACTION==>main"
2017-09-20 15:50:36"MODULE==>Admin;CTRL==>Manual;ACTION==>index"
2017-09-20 15:50:36"MODULE==>Admin;CTRL==>Manual;ACTION==>datas"
2017-09-20 15:50:39"MODULE==>Admin;CTRL==>Manual;ACTION==>edit_form"
2017-09-20 15:51:58"MODULE==>Admin;CTRL==>Manual;ACTION==>add_form"
2017-09-20 15:53:30"MODULE==>Admin;CTRL==>Manual;ACTION==>edit_form"
2017-09-20 15:53:33"MODULE==>Admin;CTRL==>Manual;ACTION==>add_form"
2017-09-20 15:53:53"MODULE==>Admin;CTRL==>Manual;ACTION==>edit_form"
2017-09-20 15:57:35"MODULE==>Admin;CTRL==>Manual;ACTION==>edit"
2017-09-20 15:57:35"MODULE==>Admin;CTRL==>Manual;ACTION==>index"
2017-09-20 15:57:35"MODULE==>Admin;CTRL==>Manual;ACTION==>datas"
2017-09-20 15:57:36"MODULE==>Admin;CTRL==>Manual;ACTION==>edit_form"
2017-09-20 15:57:53"MODULE==>Admin;CTRL==>Manual;ACTION==>edit_form"
2017-09-20 15:59:15"MODULE==>Admin;CTRL==>Manual;ACTION==>edit_form"
2017-09-20 15:59:47"MODULE==>Admin;CTRL==>Manual;ACTION==>edit"
2017-09-20 15:59:47"MODULE==>Admin;CTRL==>Manual;ACTION==>index"
2017-09-20 15:59:47"MODULE==>Admin;CTRL==>Manual;ACTION==>datas"
2017-09-20 15:59:48"MODULE==>Admin;CTRL==>Manual;ACTION==>edit_form"
2017-09-20 16:00:11"MODULE==>Admin;CTRL==>Manual;ACTION==>edit_form"
2017-09-20 16:00:40"MODULE==>Admin;CTRL==>Manual;ACTION==>edit_form"
2017-09-20 16:01:01"MODULE==>Admin;CTRL==>Manual;ACTION==>edit"
2017-09-20 16:01:01"MODULE==>Admin;CTRL==>Manual;ACTION==>index"
2017-09-20 16:01:01"MODULE==>Admin;CTRL==>Manual;ACTION==>datas"
2017-09-20 16:01:03"MODULE==>Admin;CTRL==>Manual;ACTION==>edit_form"
2017-09-20 16:01:19"MODULE==>Admin;CTRL==>Manual;ACTION==>edit_form"
2017-09-20 16:01:58"MODULE==>Admin;CTRL==>Manual;ACTION==>edit_form"
2017-09-20 16:01:59"MODULE==>Admin;CTRL==>Manual;ACTION==>edit"
2017-09-20 16:01:59"MODULE==>Admin;CTRL==>Manual;ACTION==>index"
2017-09-20 16:01:59"MODULE==>Admin;CTRL==>Manual;ACTION==>datas"
2017-09-20 16:02:04"MODULE==>Admin;CTRL==>Manual;ACTION==>add_form"
2017-09-20 16:02:11"MODULE==>Admin;CTRL==>Manual;ACTION==>add"
2017-09-20 16:02:11"MODULE==>Admin;CTRL==>Manual;ACTION==>index"
2017-09-20 16:02:11"MODULE==>Admin;CTRL==>Manual;ACTION==>datas"
2017-09-20 16:02:12"MODULE==>Admin;CTRL==>Manual;ACTION==>edit_form"
2017-09-20 16:02:57"MODULE==>Admin;CTRL==>Manual;ACTION==>index"
2017-09-20 16:02:57"MODULE==>Admin;CTRL==>Manual;ACTION==>datas"
2017-09-20 16:02:58"MODULE==>Admin;CTRL==>Manual;ACTION==>add_form"
2017-09-20 16:03:04"MODULE==>Admin;CTRL==>Manual;ACTION==>add"
2017-09-20 16:03:04"MODULE==>Admin;CTRL==>Manual;ACTION==>index"
2017-09-20 16:03:04"MODULE==>Admin;CTRL==>Manual;ACTION==>datas"
2017-09-20 16:03:06"MODULE==>Admin;CTRL==>Manual;ACTION==>edit_form"
2017-09-20 16:03:07"MODULE==>Admin;CTRL==>Manual;ACTION==>edit_form"
2017-09-20 16:03:50"MODULE==>Admin;CTRL==>Manual;ACTION==>add_form"
2017-09-20 16:04:04"MODULE==>Admin;CTRL==>Manual;ACTION==>add"
2017-09-20 16:04:04"MODULE==>Admin;CTRL==>Manual;ACTION==>index"
2017-09-20 16:04:04"MODULE==>Admin;CTRL==>Manual;ACTION==>datas"
2017-09-20 16:04:06"MODULE==>Admin;CTRL==>Manual;ACTION==>edit_form"
2017-09-20 16:04:10"MODULE==>Admin;CTRL==>Manual;ACTION==>edit"
2017-09-20 16:04:10"MODULE==>Admin;CTRL==>Manual;ACTION==>index"
2017-09-20 16:04:10"MODULE==>Admin;CTRL==>Manual;ACTION==>datas"
2017-09-20 16:04:11"MODULE==>Admin;CTRL==>Manual;ACTION==>edit_form"
2017-09-20 16:05:51"MODULE==>Admin;CTRL==>Manual;ACTION==>edit_form"
2017-09-20 16:06:36"MODULE==>Admin;CTRL==>Manual;ACTION==>edit_form"
2017-09-20 16:07:17"MODULE==>Admin;CTRL==>Manual;ACTION==>edit_form"
2017-09-20 16:07:37"MODULE==>Admin;CTRL==>Manual;ACTION==>edit"
2017-09-20 16:07:37"MODULE==>Admin;CTRL==>Manual;ACTION==>index"
2017-09-20 16:07:37"MODULE==>Admin;CTRL==>Manual;ACTION==>datas"
2017-09-20 16:07:38"MODULE==>Admin;CTRL==>Manual;ACTION==>edit_form"
2017-09-20 16:08:33"MODULE==>Admin;CTRL==>Manual;ACTION==>index"
2017-09-20 16:08:33"MODULE==>Admin;CTRL==>Manual;ACTION==>datas"
2017-09-20 16:08:34"MODULE==>Admin;CTRL==>Manual;ACTION==>edit_form"
2017-09-20 16:08:35"MODULE==>Admin;CTRL==>Manual;ACTION==>edit"
2017-09-20 16:08:35"MODULE==>Admin;CTRL==>Manual;ACTION==>index"
2017-09-20 16:08:35"MODULE==>Admin;CTRL==>Manual;ACTION==>datas"
2017-09-20 16:08:37"MODULE==>Admin;CTRL==>Manual;ACTION==>edit_form"
2017-09-20 16:08:47"MODULE==>Admin;CTRL==>Manual;ACTION==>edit_form"
2017-09-20 16:13:22"MODULE==>Admin;CTRL==>Manual;ACTION==>edit_form"
2017-09-20 16:13:29"MODULE==>Admin;CTRL==>Manual;ACTION==>edit"
2017-09-20 16:13:29"MODULE==>Admin;CTRL==>Manual;ACTION==>index"
2017-09-20 16:13:29"MODULE==>Admin;CTRL==>Manual;ACTION==>datas"
2017-09-20 16:13:31"MODULE==>Admin;CTRL==>Manual;ACTION==>edit_form"
2017-09-20 16:13:40"MODULE==>Admin;CTRL==>Manual;ACTION==>edit"
2017-09-20 16:13:40"MODULE==>Admin;CTRL==>Manual;ACTION==>index"
2017-09-20 16:13:40"MODULE==>Admin;CTRL==>Manual;ACTION==>datas"
2017-09-20 16:13:41"MODULE==>Admin;CTRL==>Manual;ACTION==>edit_form"
2017-09-20 16:13:55"MODULE==>Admin;CTRL==>Manual;ACTION==>edit"
2017-09-20 16:13:55"MODULE==>Admin;CTRL==>Manual;ACTION==>index"
2017-09-20 16:13:55"MODULE==>Admin;CTRL==>Manual;ACTION==>datas"
2017-09-20 16:13:56"MODULE==>Admin;CTRL==>Manual;ACTION==>edit_form"
2017-09-20 16:14:42"MODULE==>Admin;CTRL==>Manual;ACTION==>edit"
2017-09-20 16:14:42"MODULE==>Admin;CTRL==>Manual;ACTION==>index"
2017-09-20 16:14:42"MODULE==>Admin;CTRL==>Manual;ACTION==>datas"
2017-09-20 16:14:43"MODULE==>Admin;CTRL==>Manual;ACTION==>edit_form"
2017-09-20 16:14:49"MODULE==>Admin;CTRL==>Manual;ACTION==>edit"
2017-09-20 16:14:49"MODULE==>Admin;CTRL==>Manual;ACTION==>index"
2017-09-20 16:14:50"MODULE==>Admin;CTRL==>Manual;ACTION==>datas"
2017-09-20 16:14:51"MODULE==>Admin;CTRL==>Manual;ACTION==>edit_form"
2017-09-20 16:15:00"MODULE==>Admin;CTRL==>Manual;ACTION==>edit"
2017-09-20 16:15:00"MODULE==>Admin;CTRL==>Manual;ACTION==>index"
2017-09-20 16:15:00"MODULE==>Admin;CTRL==>Manual;ACTION==>datas"
2017-09-20 16:15:01"MODULE==>Admin;CTRL==>Manual;ACTION==>edit_form"
2017-09-20 16:15:18"MODULE==>Admin;CTRL==>Index;ACTION==>index"
2017-09-20 16:15:19"MODULE==>Admin;CTRL==>Index;ACTION==>main"
2017-09-20 16:15:20"MODULE==>Admin;CTRL==>Manual;ACTION==>index"
2017-09-20 16:15:21"MODULE==>Admin;CTRL==>Manual;ACTION==>datas"
2017-09-20 16:17:28"MODULE==>Admin;CTRL==>Manual;ACTION==>add_form"
2017-09-20 16:18:27"MODULE==>Admin;CTRL==>Manual;ACTION==>index"
2017-09-20 16:18:27"MODULE==>Admin;CTRL==>Manual;ACTION==>datas"
2017-09-20 16:18:28"MODULE==>Admin;CTRL==>Manual;ACTION==>add_form"
2017-09-20 16:18:35"MODULE==>Admin;CTRL==>Manual;ACTION==>add_form"
2017-09-20 16:18:40"MODULE==>Admin;CTRL==>Manual;ACTION==>add_form"
2017-09-20 16:18:51"MODULE==>Admin;CTRL==>Manual;ACTION==>index"
2017-09-20 16:18:52"MODULE==>Admin;CTRL==>Manual;ACTION==>datas"
2017-09-20 16:18:52"MODULE==>Admin;CTRL==>Manual;ACTION==>add_form"
2017-09-20 16:19:03"MODULE==>Admin;CTRL==>Index;ACTION==>index"
2017-09-20 16:19:04"MODULE==>Admin;CTRL==>Index;ACTION==>main"
2017-09-20 16:19:05"MODULE==>Admin;CTRL==>Manual;ACTION==>index"
2017-09-20 16:19:05"MODULE==>Admin;CTRL==>Manual;ACTION==>datas"
2017-09-20 16:19:06"MODULE==>Admin;CTRL==>Manual;ACTION==>add_form"
2017-09-20 16:19:24"MODULE==>Admin;CTRL==>Manual;ACTION==>index"
2017-09-20 16:19:25"MODULE==>Admin;CTRL==>Manual;ACTION==>datas"
2017-09-20 16:19:25"MODULE==>Admin;CTRL==>Manual;ACTION==>add_form"
2017-09-20 16:19:38"MODULE==>Admin;CTRL==>Manual;ACTION==>index"
2017-09-20 16:19:38"MODULE==>Admin;CTRL==>Manual;ACTION==>datas"
2017-09-20 16:19:39"MODULE==>Admin;CTRL==>Manual;ACTION==>add_form"
2017-09-20 16:19:52"MODULE==>Admin;CTRL==>Manual;ACTION==>index"
2017-09-20 16:19:52"MODULE==>Admin;CTRL==>Manual;ACTION==>datas"
2017-09-20 16:19:53"MODULE==>Admin;CTRL==>Manual;ACTION==>add_form"
2017-09-20 16:20:03"MODULE==>Admin;CTRL==>Manual;ACTION==>index"
2017-09-20 16:20:03"MODULE==>Admin;CTRL==>Manual;ACTION==>datas"
2017-09-20 16:20:04"MODULE==>Admin;CTRL==>Manual;ACTION==>add_form"
2017-09-20 16:20:37"MODULE==>Admin;CTRL==>Manual;ACTION==>index"
2017-09-20 16:20:37"MODULE==>Admin;CTRL==>Manual;ACTION==>datas"
2017-09-20 16:20:38"MODULE==>Admin;CTRL==>Manual;ACTION==>edit_form"
2017-09-20 16:21:49"MODULE==>Admin;CTRL==>Manual;ACTION==>edit_form"
2017-09-20 16:28:55"MODULE==>Admin;CTRL==>Manual;ACTION==>index"
2017-09-20 16:28:55"MODULE==>Admin;CTRL==>Manual;ACTION==>datas"
2017-09-20 16:29:00"MODULE==>Admin;CTRL==>Manual;ACTION==>add_form"
2017-09-20 16:29:29"MODULE==>Admin;CTRL==>Manual;ACTION==>index"
2017-09-20 16:29:29"MODULE==>Admin;CTRL==>Manual;ACTION==>datas"
2017-09-20 16:29:30"MODULE==>Admin;CTRL==>Manual;ACTION==>add_form"
2017-09-20 16:51:14"MODULE==>Admin;CTRL==>Manual;ACTION==>index"
2017-09-20 16:51:14"MODULE==>Admin;CTRL==>Manual;ACTION==>datas"
2017-09-20 16:52:57"MODULE==>Admin;CTRL==>Manual;ACTION==>edit_form"
2017-09-20 16:53:00"MODULE==>Admin;CTRL==>Manual;ACTION==>add_form"
2017-09-20 16:54:08"MODULE==>Admin;CTRL==>Manual;ACTION==>index"
2017-09-20 16:54:08"MODULE==>Admin;CTRL==>Manual;ACTION==>datas"
2017-09-20 16:54:11"MODULE==>Admin;CTRL==>Manual;ACTION==>add_form"
2017-09-20 17:11:22"MODULE==>Admin;CTRL==>Index;ACTION==>index"
2017-09-20 17:11:23"MODULE==>Admin;CTRL==>Index;ACTION==>main"
2017-09-20 17:11:28"MODULE==>Admin;CTRL==>Manual;ACTION==>index"
2017-09-20 17:11:28"MODULE==>Admin;CTRL==>Manual;ACTION==>datas"
2017-09-20 17:11:30"MODULE==>Admin;CTRL==>Manual;ACTION==>add_form"
2017-09-20 17:12:03"MODULE==>Admin;CTRL==>Manual;ACTION==>index"
2017-09-20 17:12:03"MODULE==>Admin;CTRL==>Manual;ACTION==>datas"
2017-09-20 17:12:07"MODULE==>Admin;CTRL==>Manual;ACTION==>add_form"
2017-09-20 17:12:50"MODULE==>Admin;CTRL==>Manual;ACTION==>index"
2017-09-20 17:12:51"MODULE==>Admin;CTRL==>Manual;ACTION==>datas"
2017-09-20 17:12:53"MODULE==>Admin;CTRL==>Manual;ACTION==>add_form"
2017-09-20 17:17:50"MODULE==>Admin;CTRL==>Manual;ACTION==>index"
2017-09-20 17:17:50"MODULE==>Admin;CTRL==>Manual;ACTION==>datas"
2017-09-20 17:17:52"MODULE==>Admin;CTRL==>Manual;ACTION==>add_form"
2017-09-20 17:18:39"MODULE==>Admin;CTRL==>Manual;ACTION==>index"
2017-09-20 17:18:39"MODULE==>Admin;CTRL==>Manual;ACTION==>datas"
2017-09-20 17:18:41"MODULE==>Admin;CTRL==>Manual;ACTION==>add_form"
2017-09-20 17:18:53"MODULE==>Admin;CTRL==>Manual;ACTION==>add_form"
2017-09-20 17:20:16"MODULE==>Admin;CTRL==>Manual;ACTION==>add_form"
2017-09-20 17:21:37"MODULE==>Admin;CTRL==>Manual;ACTION==>index"
2017-09-20 17:21:37"MODULE==>Admin;CTRL==>Manual;ACTION==>datas"
2017-09-20 17:21:38"MODULE==>Admin;CTRL==>Manual;ACTION==>add_form"
2017-09-20 17:26:59"MODULE==>Admin;CTRL==>Manual;ACTION==>index"
2017-09-20 17:27:00"MODULE==>Admin;CTRL==>Manual;ACTION==>datas"
2017-09-20 17:27:02"MODULE==>Admin;CTRL==>Manual;ACTION==>add_form"
2017-09-20 17:27:10"MODULE==>Admin;CTRL==>Index;ACTION==>index"
2017-09-20 17:27:10"MODULE==>Admin;CTRL==>Index;ACTION==>main"
2017-09-20 17:27:14"MODULE==>Admin;CTRL==>Manual;ACTION==>index"
2017-09-20 17:27:15"MODULE==>Admin;CTRL==>Manual;ACTION==>datas"
2017-09-20 17:27:16"MODULE==>Admin;CTRL==>Manual;ACTION==>add_form"
2017-09-20 17:27:30"MODULE==>Admin;CTRL==>Manual;ACTION==>index"
2017-09-20 17:27:31"MODULE==>Admin;CTRL==>Manual;ACTION==>datas"
2017-09-20 17:27:42"MODULE==>Admin;CTRL==>Manual;ACTION==>index"
2017-09-20 17:27:42"MODULE==>Admin;CTRL==>Manual;ACTION==>datas"
2017-09-20 17:27:45"MODULE==>Admin;CTRL==>Manual;ACTION==>add_form"
2017-09-20 17:28:44"MODULE==>Admin;CTRL==>Manual;ACTION==>index"
2017-09-20 17:28:44"MODULE==>Admin;CTRL==>Manual;ACTION==>datas"
2017-09-20 17:28:53"MODULE==>Admin;CTRL==>Manual;ACTION==>add_form"
2017-09-20 17:30:41"MODULE==>Admin;CTRL==>Manual;ACTION==>add_form"
2017-09-20 17:31:05"MODULE==>Admin;CTRL==>Manual;ACTION==>add_form"
2017-09-20 17:31:14"MODULE==>Admin;CTRL==>Manual;ACTION==>add_form"
2017-09-20 17:31:58"MODULE==>Admin;CTRL==>Index;ACTION==>index"
2017-09-20 17:31:58"MODULE==>Admin;CTRL==>Index;ACTION==>main"
2017-09-20 17:32:01"MODULE==>Admin;CTRL==>Manual;ACTION==>index"
2017-09-20 17:32:01"MODULE==>Admin;CTRL==>Manual;ACTION==>datas"
2017-09-20 17:32:06"MODULE==>Admin;CTRL==>Manual;ACTION==>edit_form"
2017-09-20 17:32:50"MODULE==>Admin;CTRL==>Manual;ACTION==>index"
2017-09-20 17:32:50"MODULE==>Admin;CTRL==>Manual;ACTION==>datas"
2017-09-20 17:32:52"MODULE==>Admin;CTRL==>Manual;ACTION==>add_form"
2017-09-20 17:32:56"MODULE==>Admin;CTRL==>Manual;ACTION==>add"
2017-09-20 17:32:56"MODULE==>Admin;CTRL==>Manual;ACTION==>index"
2017-09-20 17:32:56"MODULE==>Admin;CTRL==>Manual;ACTION==>datas"
2017-09-20 17:33:00"MODULE==>Admin;CTRL==>Manual;ACTION==>edit_form"
2017-09-20 17:33:03"MODULE==>Admin;CTRL==>Manual;ACTION==>delete"
2017-09-20 17:33:03"MODULE==>Admin;CTRL==>Manual;ACTION==>index"
2017-09-20 17:33:03"MODULE==>Admin;CTRL==>Manual;ACTION==>datas"
2017-09-20 17:33:49"MODULE==>Admin;CTRL==>Manual;ACTION==>edit_form"
2017-09-20 17:33:52"MODULE==>Admin;CTRL==>Manual;ACTION==>edit"
2017-09-20 17:33:52"MODULE==>Admin;CTRL==>Manual;ACTION==>index"
2017-09-20 17:33:52"MODULE==>Admin;CTRL==>Manual;ACTION==>datas"
2017-09-20 17:33:53"MODULE==>Admin;CTRL==>Manual;ACTION==>edit_form"
2017-09-20 17:34:00"MODULE==>Home;CTRL==>Index;ACTION==>index"
2017-09-20 17:34:02"MODULE==>Home;CTRL==>Index;ACTION==>manual"
2017-09-20 17:37:16"MODULE==>Home;CTRL==>Index;ACTION==>manual"
2017-09-20 17:37:55"MODULE==>Home;CTRL==>Index;ACTION==>manual"
2017-09-20 17:38:13"MODULE==>Admin;CTRL==>Index;ACTION==>index"
2017-09-20 17:38:14"MODULE==>Admin;CTRL==>Index;ACTION==>main"
2017-09-20 17:38:17"MODULE==>Admin;CTRL==>Manual;ACTION==>index"
2017-09-20 17:38:17"MODULE==>Admin;CTRL==>Manual;ACTION==>datas"
2017-09-20 17:38:19"MODULE==>Admin;CTRL==>Manual;ACTION==>edit_form"
2017-09-20 17:38:27"MODULE==>Admin;CTRL==>Manual;ACTION==>edit"
2017-09-20 17:38:27"MODULE==>Admin;CTRL==>Manual;ACTION==>index"
2017-09-20 17:38:27"MODULE==>Admin;CTRL==>Manual;ACTION==>datas"
2017-09-20 17:38:29"MODULE==>Home;CTRL==>Index;ACTION==>manual"
