2017-09-19 08:56:44"MODULE==>Home;CTRL==>Index;ACTION==>index"
2017-09-19 08:56:50"MODULE==>Api;CTRL==>Index;ACTION==>index"
2017-09-19 08:56:56"MODULE==>Api;CTRL==>Index;ACTION==>api"
2017-09-19 08:57:06"MODULE==>Api;CTRL==>Index;ACTION==>api"
2017-09-19 08:57:19"MODULE==>Api;CTRL==>Index;ACTION==>vue"
2017-09-19 08:57:21"MODULE==>Api;CTRL==>Index;ACTION==>post"
2017-09-19 08:57:31"MODULE==>Api;CTRL==>Index;ACTION==>vue"
2017-09-19 08:57:31"MODULE==>Api;CTRL==>Index;ACTION==>post"
2017-09-19 09:04:15"MODULE==>Api;CTRL==>Index;ACTION==>vue"
2017-09-19 09:04:33"MODULE==>Api;CTRL==>Index;ACTION==>vue"
2017-09-19 09:04:39"MODULE==>Api;CTRL==>Index;ACTION==>vue"
2017-09-19 09:04:46"MODULE==>Api;CTRL==>Index;ACTION==>vue"
2017-09-19 09:04:53"MODULE==>Api;CTRL==>Index;ACTION==>post"
2017-09-19 09:05:13"MODULE==>Api;CTRL==>Index;ACTION==>vue"
2017-09-19 09:05:14"MODULE==>Api;CTRL==>Index;ACTION==>post"
2017-09-19 09:05:15"MODULE==>Api;CTRL==>Index;ACTION==>post"
2017-09-19 09:05:20"MODULE==>Api;CTRL==>Index;ACTION==>post"
2017-09-19 09:05:20"MODULE==>Api;CTRL==>Index;ACTION==>vue"
2017-09-19 09:05:21"MODULE==>Api;CTRL==>Index;ACTION==>post"
2017-09-19 09:05:39"MODULE==>Api;CTRL==>Index;ACTION==>vue"
2017-09-19 09:05:40"MODULE==>Api;CTRL==>Index;ACTION==>post"
2017-09-19 09:30:04"MODULE==>Api;CTRL==>Index;ACTION==>vue"
2017-09-19 09:30:18"MODULE==>Api;CTRL==>Index;ACTION==>vue"
2017-09-19 09:30:19"MODULE==>Api;CTRL==>Index;ACTION==>post"
2017-09-19 09:30:27"MODULE==>Api;CTRL==>Index;ACTION==>vue"
2017-09-19 09:30:28"MODULE==>Api;CTRL==>Index;ACTION==>post"
2017-09-19 09:30:29"MODULE==>Api;CTRL==>Index;ACTION==>vue"
2017-09-19 09:31:46"MODULE==>Api;CTRL==>Index;ACTION==>post"
2017-09-19 09:31:47"MODULE==>Api;CTRL==>Index;ACTION==>vue"
2017-09-19 09:31:48"MODULE==>Api;CTRL==>Index;ACTION==>vue"
2017-09-19 09:41:06"MODULE==>Api;CTRL==>Index;ACTION==>vue"
2017-09-19 09:41:07"MODULE==>Api;CTRL==>Index;ACTION==>post"
2017-09-19 09:41:09"MODULE==>Api;CTRL==>Index;ACTION==>api"
2017-09-19 09:41:11"MODULE==>Api;CTRL==>Index;ACTION==>vue"
2017-09-19 09:42:51"MODULE==>Api;CTRL==>Index;ACTION==>vue"
2017-09-19 09:43:20"MODULE==>Api;CTRL==>Index;ACTION==>vue"
2017-09-19 09:43:22"MODULE==>Api;CTRL==>Index;ACTION==>vue"
2017-09-19 09:44:03"MODULE==>Api;CTRL==>Index;ACTION==>vue"
2017-09-19 09:44:04"MODULE==>Api;CTRL==>Index;ACTION==>vue"
2017-09-19 09:44:24"MODULE==>Api;CTRL==>Index;ACTION==>vue"
2017-09-19 09:45:12"MODULE==>Api;CTRL==>Index;ACTION==>vue"
2017-09-19 09:46:47"MODULE==>Api;CTRL==>Index;ACTION==>vue"
2017-09-19 09:47:01"MODULE==>Api;CTRL==>Index;ACTION==>vue"
2017-09-19 09:59:38"MODULE==>Api;CTRL==>Index;ACTION==>vue"
2017-09-19 10:05:41"MODULE==>Api;CTRL==>Index;ACTION==>vue"
2017-09-19 10:05:43"MODULE==>Api;CTRL==>Index;ACTION==>post"
2017-09-19 10:05:50"MODULE==>Api;CTRL==>Index;ACTION==>vue"
2017-09-19 10:05:51"MODULE==>Api;CTRL==>Index;ACTION==>post"
2017-09-19 10:06:06"MODULE==>Api;CTRL==>Index;ACTION==>vue"
2017-09-19 10:06:06"MODULE==>Api;CTRL==>Index;ACTION==>post"
2017-09-19 10:06:16"MODULE==>Api;CTRL==>Index;ACTION==>vue"
2017-09-19 10:06:17"MODULE==>Api;CTRL==>Index;ACTION==>post"
2017-09-19 10:06:52"MODULE==>Api;CTRL==>Index;ACTION==>vue"
2017-09-19 10:06:54"MODULE==>Api;CTRL==>Index;ACTION==>post"
2017-09-19 10:07:04"MODULE==>Api;CTRL==>Index;ACTION==>vue"
2017-09-19 10:07:05"MODULE==>Api;CTRL==>Index;ACTION==>post"
2017-09-19 10:07:36"MODULE==>Api;CTRL==>Index;ACTION==>vue"
2017-09-19 10:07:36"MODULE==>Api;CTRL==>Index;ACTION==>post"
2017-09-19 10:07:43"MODULE==>Api;CTRL==>Index;ACTION==>vue"
2017-09-19 10:07:44"MODULE==>Api;CTRL==>Index;ACTION==>post"
2017-09-19 10:08:19"MODULE==>Api;CTRL==>Index;ACTION==>vue"
2017-09-19 10:08:20"MODULE==>Api;CTRL==>Index;ACTION==>post"
2017-09-19 10:08:32"MODULE==>Api;CTRL==>Index;ACTION==>vue"
2017-09-19 10:08:33"MODULE==>Api;CTRL==>Index;ACTION==>post"
2017-09-19 10:08:59"MODULE==>Api;CTRL==>Index;ACTION==>vue"
2017-09-19 10:09:00"MODULE==>Api;CTRL==>Index;ACTION==>post"
2017-09-19 10:09:38"MODULE==>Api;CTRL==>Index;ACTION==>vue"
2017-09-19 10:09:38"MODULE==>Api;CTRL==>Index;ACTION==>post"
2017-09-19 10:09:56"MODULE==>Api;CTRL==>Index;ACTION==>vue"
2017-09-19 10:09:57"MODULE==>Api;CTRL==>Index;ACTION==>post"
2017-09-19 10:11:13"MODULE==>Api;CTRL==>Index;ACTION==>vue"
2017-09-19 10:11:14"MODULE==>Api;CTRL==>Index;ACTION==>api"
2017-09-19 10:11:37"MODULE==>Api;CTRL==>Index;ACTION==>vue"
2017-09-19 10:11:38"MODULE==>Api;CTRL==>Index;ACTION==>api"
2017-09-19 10:11:57"MODULE==>Api;CTRL==>Index;ACTION==>vue"
2017-09-19 10:11:57"MODULE==>Api;CTRL==>Index;ACTION==>api"
2017-09-19 10:12:05"MODULE==>Api;CTRL==>Index;ACTION==>vue"
2017-09-19 10:12:05"MODULE==>Api;CTRL==>Index;ACTION==>api"
2017-09-19 10:12:08"MODULE==>Api;CTRL==>Index;ACTION==>vue"
2017-09-19 10:12:08"MODULE==>Api;CTRL==>Index;ACTION==>vue"
2017-09-19 10:12:09"MODULE==>Api;CTRL==>Index;ACTION==>api"
2017-09-19 10:12:12"MODULE==>Api;CTRL==>Index;ACTION==>vue"
2017-09-19 10:12:13"MODULE==>Api;CTRL==>Index;ACTION==>api"
2017-09-19 10:13:07"MODULE==>Api;CTRL==>Index;ACTION==>vue"
2017-09-19 10:13:17"MODULE==>Api;CTRL==>Index;ACTION==>vue"
2017-09-19 10:13:17"MODULE==>Api;CTRL==>Index;ACTION==>post"
2017-09-19 10:13:27"MODULE==>Api;CTRL==>Index;ACTION==>vue"
2017-09-19 10:13:28"MODULE==>Api;CTRL==>Index;ACTION==>post"
2017-09-19 10:14:31"MODULE==>Api;CTRL==>Index;ACTION==>vue"
2017-09-19 10:14:31"MODULE==>Api;CTRL==>Index;ACTION==>post"
2017-09-19 10:14:43"MODULE==>Api;CTRL==>Index;ACTION==>vue"
2017-09-19 10:14:51"MODULE==>Api;CTRL==>Index;ACTION==>vue"
2017-09-19 10:15:07"MODULE==>Api;CTRL==>Index;ACTION==>vue"
2017-09-19 10:15:07"MODULE==>Api;CTRL==>Index;ACTION==>post"
2017-09-19 10:15:15"MODULE==>Api;CTRL==>Index;ACTION==>vue"
2017-09-19 10:15:15"MODULE==>Api;CTRL==>Index;ACTION==>post"
2017-09-19 10:15:31"MODULE==>Api;CTRL==>Index;ACTION==>vue"
2017-09-19 10:15:32"MODULE==>Api;CTRL==>Index;ACTION==>post"
2017-09-19 10:16:14"MODULE==>Api;CTRL==>Index;ACTION==>vue"
2017-09-19 10:16:14"MODULE==>Api;CTRL==>Index;ACTION==>post"
2017-09-19 10:16:40"MODULE==>Api;CTRL==>Index;ACTION==>vue"
2017-09-19 10:16:41"MODULE==>Api;CTRL==>Index;ACTION==>post"
2017-09-19 10:18:02"MODULE==>Api;CTRL==>Index;ACTION==>vue"
2017-09-19 10:18:26"MODULE==>Api;CTRL==>Index;ACTION==>vue"
2017-09-19 10:18:41"MODULE==>Api;CTRL==>Index;ACTION==>vue"
2017-09-19 10:18:45"MODULE==>Api;CTRL==>Index;ACTION==>vue"
2017-09-19 10:18:46"MODULE==>Api;CTRL==>Index;ACTION==>post"
2017-09-19 10:19:17"MODULE==>Api;CTRL==>Index;ACTION==>vue"
2017-09-19 10:19:17"MODULE==>Api;CTRL==>Index;ACTION==>post"
2017-09-19 10:19:57"MODULE==>Api;CTRL==>Index;ACTION==>vue"
2017-09-19 10:19:58"MODULE==>Api;CTRL==>Index;ACTION==>post"
2017-09-19 10:20:22"MODULE==>Api;CTRL==>Index;ACTION==>vue"
2017-09-19 10:20:38"MODULE==>Api;CTRL==>Index;ACTION==>vue"
2017-09-19 10:20:39"MODULE==>Api;CTRL==>Index;ACTION==>post"
2017-09-19 10:21:00"MODULE==>Api;CTRL==>Index;ACTION==>vue"
2017-09-19 10:21:29"MODULE==>Api;CTRL==>Index;ACTION==>vue"
2017-09-19 10:21:42"MODULE==>Api;CTRL==>Index;ACTION==>vue"
2017-09-19 10:21:48"MODULE==>Api;CTRL==>Index;ACTION==>vue"
2017-09-19 10:22:02"MODULE==>Api;CTRL==>Index;ACTION==>vue"
2017-09-19 10:22:03"MODULE==>Api;CTRL==>Index;ACTION==>post"
2017-09-19 10:22:05"MODULE==>Api;CTRL==>Index;ACTION==>vue"
2017-09-19 10:23:00"MODULE==>Api;CTRL==>Index;ACTION==>vue"
2017-09-19 10:23:19"MODULE==>Api;CTRL==>Index;ACTION==>vue"
2017-09-19 10:23:25"MODULE==>Api;CTRL==>Index;ACTION==>vue"
2017-09-19 10:23:54"MODULE==>Api;CTRL==>Index;ACTION==>vue"
2017-09-19 10:23:55"MODULE==>Api;CTRL==>Index;ACTION==>post"
2017-09-19 10:23:57"MODULE==>Api;CTRL==>Index;ACTION==>vue"
2017-09-19 10:23:58"MODULE==>Api;CTRL==>Index;ACTION==>post"
2017-09-19 10:24:22"MODULE==>Api;CTRL==>Index;ACTION==>vue"
2017-09-19 10:24:23"MODULE==>Api;CTRL==>Index;ACTION==>post"
2017-09-19 10:25:21"MODULE==>Api;CTRL==>Index;ACTION==>vue"
2017-09-19 10:25:22"MODULE==>Api;CTRL==>Index;ACTION==>post"
2017-09-19 10:25:32"MODULE==>Api;CTRL==>Index;ACTION==>vue"
2017-09-19 10:25:49"MODULE==>Api;CTRL==>Index;ACTION==>vue"
2017-09-19 10:25:50"MODULE==>Api;CTRL==>Index;ACTION==>post"
2017-09-19 10:25:59"MODULE==>Api;CTRL==>Index;ACTION==>vue"
2017-09-19 10:26:00"MODULE==>Api;CTRL==>Index;ACTION==>post"
2017-09-19 10:26:06"MODULE==>Api;CTRL==>Index;ACTION==>vue"
2017-09-19 10:26:07"MODULE==>Api;CTRL==>Index;ACTION==>post"
2017-09-19 10:26:15"MODULE==>Api;CTRL==>Index;ACTION==>vue"
2017-09-19 10:26:16"MODULE==>Api;CTRL==>Index;ACTION==>post"
2017-09-19 10:28:28"MODULE==>Api;CTRL==>Index;ACTION==>vue"
2017-09-19 10:28:29"MODULE==>Api;CTRL==>Index;ACTION==>post"
2017-09-19 10:29:20"MODULE==>Api;CTRL==>Index;ACTION==>vue"
2017-09-19 10:29:37"MODULE==>Api;CTRL==>Index;ACTION==>vue"
2017-09-19 10:29:38"MODULE==>Api;CTRL==>Index;ACTION==>post"
2017-09-19 10:30:05"MODULE==>Api;CTRL==>Index;ACTION==>vue"
2017-09-19 10:30:07"MODULE==>Api;CTRL==>Index;ACTION==>post"
2017-09-19 10:30:09"MODULE==>Api;CTRL==>Index;ACTION==>vue"
2017-09-19 10:30:09"MODULE==>Api;CTRL==>Index;ACTION==>post"
2017-09-19 10:33:48"MODULE==>Api;CTRL==>Index;ACTION==>vue"
2017-09-19 10:33:49"MODULE==>Api;CTRL==>Index;ACTION==>post"
2017-09-19 10:34:04"MODULE==>Api;CTRL==>Index;ACTION==>vue"
2017-09-19 10:34:05"MODULE==>Api;CTRL==>Index;ACTION==>post"
2017-09-19 10:36:35"MODULE==>Api;CTRL==>Index;ACTION==>vue"
2017-09-19 10:42:23"MODULE==>Api;CTRL==>Index;ACTION==>post"
2017-09-19 10:42:24"MODULE==>Api;CTRL==>Index;ACTION==>vue"
2017-09-19 10:51:20"MODULE==>Api;CTRL==>Index;ACTION==>post"
2017-09-19 10:55:23"MODULE==>Api;CTRL==>Index;ACTION==>vue"
2017-09-19 10:55:24"MODULE==>Api;CTRL==>Index;ACTION==>post"
2017-09-19 10:55:52"MODULE==>Api;CTRL==>Index;ACTION==>vue"
2017-09-19 10:55:53"MODULE==>Api;CTRL==>Index;ACTION==>post"
2017-09-19 11:19:46"MODULE==>Home;CTRL==>Index;ACTION==>index"
2017-09-19 11:19:58"MODULE==>Home;CTRL==>Index;ACTION==>index"
2017-09-19 11:20:11"MODULE==>Home;CTRL==>Index;ACTION==>index"
2017-09-19 11:20:24"MODULE==>Home;CTRL==>Index;ACTION==>index"
2017-09-19 11:21:19"MODULE==>Home;CTRL==>Index;ACTION==>index"
2017-09-19 11:24:49"MODULE==>Home;CTRL==>Index;ACTION==>index"
2017-09-19 11:25:24"MODULE==>Home;CTRL==>Index;ACTION==>index"
2017-09-19 11:25:48"MODULE==>Home;CTRL==>Index;ACTION==>index"
2017-09-19 11:26:06"MODULE==>Home;CTRL==>Index;ACTION==>index"
2017-09-19 11:27:07"MODULE==>Home;CTRL==>Index;ACTION==>index"
2017-09-19 11:27:47"MODULE==>Home;CTRL==>Index;ACTION==>index"
2017-09-19 11:28:42"MODULE==>Home;CTRL==>Index;ACTION==>index"
2017-09-19 11:29:11"MODULE==>Home;CTRL==>Index;ACTION==>index"
2017-09-19 11:30:12"MODULE==>Home;CTRL==>Index;ACTION==>index"
2017-09-19 11:30:19"MODULE==>Home;CTRL==>Index;ACTION==>index"
2017-09-19 11:30:27"MODULE==>Home;CTRL==>Index;ACTION==>index"
2017-09-19 11:30:50"MODULE==>Home;CTRL==>Index;ACTION==>index"
2017-09-19 11:31:20"MODULE==>Home;CTRL==>Index;ACTION==>index"
2017-09-19 11:31:59"MODULE==>Home;CTRL==>Index;ACTION==>index"
2017-09-19 11:32:09"MODULE==>Home;CTRL==>Index;ACTION==>index"
2017-09-19 11:32:17"MODULE==>Home;CTRL==>Index;ACTION==>index"
2017-09-19 11:32:26"MODULE==>Home;CTRL==>Index;ACTION==>index"
2017-09-19 11:32:36"MODULE==>Home;CTRL==>Index;ACTION==>index"
2017-09-19 11:32:57"MODULE==>Home;CTRL==>Index;ACTION==>index"
2017-09-19 11:33:20"MODULE==>Home;CTRL==>Index;ACTION==>index"
2017-09-19 11:33:27"MODULE==>Home;CTRL==>Index;ACTION==>index"
2017-09-19 11:33:39"MODULE==>Home;CTRL==>Index;ACTION==>index"
2017-09-19 11:33:59"MODULE==>Home;CTRL==>Index;ACTION==>index"
2017-09-19 11:34:09"MODULE==>Home;CTRL==>Index;ACTION==>index"
2017-09-19 11:34:25"MODULE==>Home;CTRL==>Index;ACTION==>index"
2017-09-19 11:36:15"MODULE==>Home;CTRL==>Index;ACTION==>index"
2017-09-19 11:36:48"MODULE==>Home;CTRL==>Index;ACTION==>index"
2017-09-19 11:37:33"MODULE==>Home;CTRL==>Index;ACTION==>index"
2017-09-19 11:37:46"MODULE==>Home;CTRL==>Index;ACTION==>index"
2017-09-19 11:37:58"MODULE==>Home;CTRL==>Index;ACTION==>index"
2017-09-19 11:38:29"MODULE==>Home;CTRL==>Index;ACTION==>index"
2017-09-19 11:38:41"MODULE==>Home;CTRL==>Index;ACTION==>index"
2017-09-19 11:38:57"MODULE==>Home;CTRL==>Index;ACTION==>index"
2017-09-19 11:39:40"MODULE==>Home;CTRL==>Index;ACTION==>index"
2017-09-19 11:39:51"MODULE==>Home;CTRL==>Index;ACTION==>index"
2017-09-19 11:39:55"MODULE==>Home;CTRL==>Index;ACTION==>index"
2017-09-19 11:40:03"MODULE==>Home;CTRL==>Index;ACTION==>index"
2017-09-19 11:40:46"MODULE==>Home;CTRL==>Index;ACTION==>index"
2017-09-19 11:40:48"MODULE==>Home;CTRL==>Index;ACTION==>index"
2017-09-19 11:40:58"MODULE==>Home;CTRL==>Index;ACTION==>index"
2017-09-19 11:41:09"MODULE==>Home;CTRL==>Index;ACTION==>index"
2017-09-19 11:41:31"MODULE==>Home;CTRL==>Index;ACTION==>index"
2017-09-19 11:41:50"MODULE==>Home;CTRL==>Index;ACTION==>index"
2017-09-19 11:41:55"MODULE==>Home;CTRL==>Index;ACTION==>index"
2017-09-19 11:42:02"MODULE==>Home;CTRL==>Index;ACTION==>index"
2017-09-19 11:42:15"MODULE==>Home;CTRL==>Index;ACTION==>index"
2017-09-19 11:42:28"MODULE==>Home;CTRL==>Index;ACTION==>index"
2017-09-19 13:31:26"MODULE==>Home;CTRL==>Index;ACTION==>index"
2017-09-19 13:31:28"MODULE==>Home;CTRL==>Index;ACTION==>index"
2017-09-19 13:31:29"MODULE==>Home;CTRL==>Index;ACTION==>index"
2017-09-19 13:37:27"MODULE==>Home;CTRL==>Index;ACTION==>index"
2017-09-19 13:37:31"MODULE==>Home;CTRL==>Index;ACTION==>index"
2017-09-19 13:37:51"MODULE==>Home;CTRL==>Index;ACTION==>index"
2017-09-19 13:37:55"MODULE==>Home;CTRL==>Index;ACTION==>index"
2017-09-19 13:38:07"MODULE==>Home;CTRL==>Index;ACTION==>index"
2017-09-19 13:39:27"MODULE==>Home;CTRL==>Index;ACTION==>index"
2017-09-19 14:46:07"MODULE==>Home;CTRL==>Index;ACTION==>index"
2017-09-19 14:46:16"MODULE==>Home;CTRL==>Index;ACTION==>manual"
2017-09-19 14:46:20"MODULE==>Home;CTRL==>Index;ACTION==>index"
2017-09-19 14:55:44"MODULE==>Home;CTRL==>Index;ACTION==>index"
2017-09-19 14:55:45"MODULE==>Home;CTRL==>Index;ACTION==>manual"
2017-09-19 14:55:48"MODULE==>Home;CTRL==>Index;ACTION==>index"
2017-09-19 14:55:49"MODULE==>Home;CTRL==>Index;ACTION==>manual"
2017-09-19 14:59:02"MODULE==>Home;CTRL==>Index;ACTION==>manual"
2017-09-19 14:59:03"MODULE==>Home;CTRL==>Index;ACTION==>index"
2017-09-19 14:59:04"MODULE==>Home;CTRL==>Index;ACTION==>index"
2017-09-19 14:59:05"MODULE==>Home;CTRL==>Index;ACTION==>index"
2017-09-19 14:59:06"MODULE==>Home;CTRL==>Index;ACTION==>index"
2017-09-19 14:59:27"MODULE==>Home;CTRL==>Index;ACTION==>index"
2017-09-19 14:59:41"MODULE==>Home;CTRL==>Index;ACTION==>index"
2017-09-19 14:59:49"MODULE==>Home;CTRL==>Index;ACTION==>index"
2017-09-19 15:02:30"MODULE==>Home;CTRL==>Index;ACTION==>index"
2017-09-19 15:05:28"MODULE==>Home;CTRL==>Index;ACTION==>index"
2017-09-19 15:05:29"MODULE==>Home;CTRL==>Index;ACTION==>manual"
2017-09-19 15:05:46"MODULE==>Home;CTRL==>Index;ACTION==>manual"
2017-09-19 15:05:47"MODULE==>Home;CTRL==>Index;ACTION==>index"
2017-09-19 15:05:48"MODULE==>Home;CTRL==>Index;ACTION==>index"
2017-09-19 15:05:53"MODULE==>Home;CTRL==>Index;ACTION==>index"
2017-09-19 15:06:16"MODULE==>Home;CTRL==>Index;ACTION==>index"
2017-09-19 15:06:17"MODULE==>Home;CTRL==>Index;ACTION==>manual"
2017-09-19 15:06:32"MODULE==>Home;CTRL==>Index;ACTION==>index"
2017-09-19 15:06:32"MODULE==>Home;CTRL==>Index;ACTION==>index"
2017-09-19 15:06:34"MODULE==>Home;CTRL==>Index;ACTION==>index"
2017-09-19 15:06:35"MODULE==>Home;CTRL==>Index;ACTION==>manual"
2017-09-19 15:20:35"MODULE==>Home;CTRL==>Index;ACTION==>manual"
2017-09-19 15:30:36"MODULE==>Home;CTRL==>Index;ACTION==>manual"
2017-09-19 15:30:43"MODULE==>Home;CTRL==>Index;ACTION==>manual"
2017-09-19 15:32:16"MODULE==>Home;CTRL==>Index;ACTION==>manual"
2017-09-19 15:32:37"MODULE==>Home;CTRL==>Index;ACTION==>manual"
2017-09-19 15:36:06"MODULE==>Home;CTRL==>Index;ACTION==>list1"
2017-09-19 15:38:12"MODULE==>Home;CTRL==>Index;ACTION==>index"
2017-09-19 15:38:14"MODULE==>Home;CTRL==>Index;ACTION==>manual"
2017-09-19 15:38:18"MODULE==>Home;CTRL==>Index;ACTION==>index"
2017-09-19 15:38:21"MODULE==>Home;CTRL==>Index;ACTION==>manual"
2017-09-19 15:55:02"MODULE==>Home;CTRL==>Index;ACTION==>manual"
2017-09-19 15:55:04"MODULE==>Home;CTRL==>Index;ACTION==>manual"
2017-09-19 15:55:05"MODULE==>Home;CTRL==>Index;ACTION==>index"
2017-09-19 15:55:06"MODULE==>Home;CTRL==>Index;ACTION==>index"
2017-09-19 15:55:12"MODULE==>Home;CTRL==>Index;ACTION==>index"
2017-09-19 15:55:31"MODULE==>Home;CTRL==>Index;ACTION==>index"
2017-09-19 15:55:49"MODULE==>Home;CTRL==>Index;ACTION==>index"
2017-09-19 15:55:54"MODULE==>Home;CTRL==>Index;ACTION==>index"
2017-09-19 15:59:39"MODULE==>Home;CTRL==>Index;ACTION==>index"
2017-09-19 16:00:23"MODULE==>Home;CTRL==>Index;ACTION==>index"
2017-09-19 16:00:25"MODULE==>Home;CTRL==>Index;ACTION==>manual"
2017-09-19 16:00:29"MODULE==>Home;CTRL==>Index;ACTION==>index"
2017-09-19 16:05:57"MODULE==>Home;CTRL==>Index;ACTION==>index"
2017-09-19 16:05:59"MODULE==>Home;CTRL==>Index;ACTION==>manual"
2017-09-19 16:06:04"MODULE==>Home;CTRL==>Index;ACTION==>manual"
2017-09-19 16:06:53"MODULE==>Home;CTRL==>Index;ACTION==>manual"
2017-09-19 16:07:08"MODULE==>Home;CTRL==>Index;ACTION==>manual"
2017-09-19 16:07:17"MODULE==>Home;CTRL==>Index;ACTION==>manual"
2017-09-19 16:10:52"MODULE==>Home;CTRL==>Index;ACTION==>manual"
2017-09-19 16:12:34"MODULE==>Home;CTRL==>Index;ACTION==>manual"
2017-09-19 16:13:07"MODULE==>Home;CTRL==>Index;ACTION==>index"
2017-09-19 16:13:15"MODULE==>Home;CTRL==>Index;ACTION==>manual"
2017-09-19 16:13:17"MODULE==>Home;CTRL==>Index;ACTION==>index"
2017-09-19 16:14:26"MODULE==>Home;CTRL==>Index;ACTION==>manual"
2017-09-19 16:16:03"MODULE==>Home;CTRL==>Index;ACTION==>manual"
2017-09-19 16:16:05"MODULE==>Home;CTRL==>Index;ACTION==>index"
2017-09-19 16:17:22"MODULE==>Home;CTRL==>Index;ACTION==>index"
2017-09-19 16:17:53"MODULE==>Home;CTRL==>Index;ACTION==>manual"
2017-09-19 16:24:11"MODULE==>Home;CTRL==>Index;ACTION==>url"
2017-09-19 16:28:33"MODULE==>Home;CTRL==>Index;ACTION==>url"
2017-09-19 16:28:56"MODULE==>Home;CTRL==>Index;ACTION==>url"
2017-09-19 16:29:02"MODULE==>Home;CTRL==>Index;ACTION==>url"
2017-09-19 16:29:54"MODULE==>Home;CTRL==>Index;ACTION==>url"
2017-09-19 16:29:59"MODULE==>Home;CTRL==>Index;ACTION==>url"
2017-09-19 16:31:53"MODULE==>Home;CTRL==>Index;ACTION==>manual"
2017-09-19 16:31:56"MODULE==>Home;CTRL==>Index;ACTION==>manual"
2017-09-19 16:32:04"MODULE==>Home;CTRL==>Index;ACTION==>manual"
2017-09-19 16:33:36"MODULE==>Home;CTRL==>Index;ACTION==>manual"
2017-09-19 16:34:22"MODULE==>Home;CTRL==>Index;ACTION==>manual"
2017-09-19 16:43:11"MODULE==>Home;CTRL==>Index;ACTION==>manual"
2017-09-19 16:43:15"MODULE==>Home;CTRL==>Index;ACTION==>index"
2017-09-19 16:43:18"MODULE==>Home;CTRL==>Index;ACTION==>manual"
