2017-09-29 00:00:14"MODULE==>Home;CTRL==>Index;ACTION==>url"
2017-09-29 00:00:23"MODULE==>Home;CTRL==>Index;ACTION==>url"
2017-09-29 19:11:54"MODULE==>Home;CTRL==>Index;ACTION==>index"
2017-09-29 19:11:57"MODULE==>Home;CTRL==>Index;ACTION==>manual"
2017-09-29 19:11:57"MODULE==>Home;CTRL==>Index;ACTION==>get_manual"
2017-09-29 19:11:57"MODULE==>Home;CTRL==>Index;ACTION==>get_manualList"
2017-09-29 19:11:59"MODULE==>Home;CTRL==>Index;ACTION==>get_manual"
2017-09-29 19:29:17"MODULE==>Admin;CTRL==>Index;ACTION==>index"
2017-09-29 19:29:17"MODULE==>Admin;CTRL==>Index;ACTION==>main"
2017-09-29 19:29:19"MODULE==>Admin;CTRL==>Manual;ACTION==>index"
2017-09-29 19:29:19"MODULE==>Admin;CTRL==>Manual;ACTION==>datas"
2017-09-29 19:29:22"MODULE==>Admin;CTRL==>Manual;ACTION==>edit_form"
2017-09-29 19:29:27"MODULE==>Admin;CTRL==>Manual;ACTION==>edit"
2017-09-29 19:29:27"MODULE==>Admin;CTRL==>Manual;ACTION==>index"
2017-09-29 19:29:27"MODULE==>Admin;CTRL==>Manual;ACTION==>datas"
2017-09-29 19:29:29"MODULE==>Home;CTRL==>Index;ACTION==>manual"
2017-09-29 19:29:29"MODULE==>Home;CTRL==>Index;ACTION==>get_manual"
2017-09-29 19:29:29"MODULE==>Home;CTRL==>Index;ACTION==>get_manualList"
2017-09-29 19:29:31"MODULE==>Home;CTRL==>Index;ACTION==>get_manual"
2017-09-29 19:30:17"MODULE==>Admin;CTRL==>Manual;ACTION==>edit_form"
2017-09-29 19:30:21"MODULE==>Admin;CTRL==>Manual;ACTION==>edit"
2017-09-29 19:30:21"MODULE==>Admin;CTRL==>Manual;ACTION==>index"
2017-09-29 19:30:21"MODULE==>Admin;CTRL==>Manual;ACTION==>datas"
2017-09-29 19:30:23"MODULE==>Home;CTRL==>Index;ACTION==>manual"
2017-09-29 19:30:24"MODULE==>Home;CTRL==>Index;ACTION==>get_manual"
2017-09-29 19:30:24"MODULE==>Home;CTRL==>Index;ACTION==>get_manualList"
2017-09-29 19:30:25"MODULE==>Home;CTRL==>Index;ACTION==>get_manual"
2017-09-29 19:30:30"MODULE==>Admin;CTRL==>Manual;ACTION==>edit_form"
2017-09-29 19:30:41"MODULE==>Admin;CTRL==>Manual;ACTION==>edit"
2017-09-29 19:30:41"MODULE==>Admin;CTRL==>Manual;ACTION==>index"
2017-09-29 19:30:42"MODULE==>Admin;CTRL==>Manual;ACTION==>datas"
2017-09-29 19:30:45"MODULE==>Home;CTRL==>Index;ACTION==>manual"
2017-09-29 19:30:45"MODULE==>Home;CTRL==>Index;ACTION==>get_manual"
2017-09-29 19:30:45"MODULE==>Home;CTRL==>Index;ACTION==>get_manualList"
2017-09-29 19:30:46"MODULE==>Home;CTRL==>Index;ACTION==>get_manual"
2017-09-29 19:33:57"MODULE==>Home;CTRL==>Index;ACTION==>get_manual"
2017-09-29 19:33:59"MODULE==>Home;CTRL==>Index;ACTION==>get_manual"
2017-09-29 19:36:44"MODULE==>Admin;CTRL==>Manual;ACTION==>edit_form"
2017-09-29 19:36:48"MODULE==>Admin;CTRL==>Manual;ACTION==>edit"
2017-09-29 19:36:48"MODULE==>Admin;CTRL==>Manual;ACTION==>index"
2017-09-29 19:36:48"MODULE==>Admin;CTRL==>Manual;ACTION==>datas"
2017-09-29 19:36:50"MODULE==>Admin;CTRL==>Manual;ACTION==>edit_form"
2017-09-29 19:37:09"MODULE==>Admin;CTRL==>Manual;ACTION==>edit"
2017-09-29 19:37:09"MODULE==>Admin;CTRL==>Manual;ACTION==>index"
2017-09-29 19:37:09"MODULE==>Admin;CTRL==>Manual;ACTION==>datas"
2017-09-29 19:37:10"MODULE==>Admin;CTRL==>Manual;ACTION==>edit_form"
2017-09-29 19:37:25"MODULE==>Admin;CTRL==>Manual;ACTION==>edit"
2017-09-29 19:37:25"MODULE==>Admin;CTRL==>Manual;ACTION==>index"
2017-09-29 19:37:25"MODULE==>Admin;CTRL==>Manual;ACTION==>datas"
2017-09-29 19:37:26"MODULE==>Admin;CTRL==>Manual;ACTION==>edit_form"
2017-09-29 19:37:38"MODULE==>Home;CTRL==>Index;ACTION==>manual"
2017-09-29 19:37:39"MODULE==>Home;CTRL==>Index;ACTION==>get_manual"
2017-09-29 19:37:39"MODULE==>Home;CTRL==>Index;ACTION==>get_manualList"
2017-09-29 19:37:40"MODULE==>Home;CTRL==>Index;ACTION==>get_manual"
2017-09-29 19:38:09"MODULE==>Home;CTRL==>Index;ACTION==>manual"
2017-09-29 19:38:10"MODULE==>Home;CTRL==>Index;ACTION==>get_manual"
2017-09-29 19:38:10"MODULE==>Home;CTRL==>Index;ACTION==>get_manualList"
2017-09-29 19:38:12"MODULE==>Admin;CTRL==>Manual;ACTION==>edit_form"
2017-09-29 19:38:16"MODULE==>Admin;CTRL==>Manual;ACTION==>edit"
2017-09-29 19:38:16"MODULE==>Admin;CTRL==>Manual;ACTION==>index"
2017-09-29 19:38:16"MODULE==>Admin;CTRL==>Manual;ACTION==>datas"
2017-09-29 19:38:18"MODULE==>Home;CTRL==>Index;ACTION==>manual"
2017-09-29 19:38:18"MODULE==>Home;CTRL==>Index;ACTION==>get_manual"
2017-09-29 19:38:18"MODULE==>Home;CTRL==>Index;ACTION==>get_manualList"
2017-09-29 19:38:19"MODULE==>Home;CTRL==>Index;ACTION==>get_manual"
2017-09-29 19:38:36"MODULE==>Home;CTRL==>Index;ACTION==>get_manual"
2017-09-29 19:38:40"MODULE==>Home;CTRL==>Index;ACTION==>get_manual"
2017-09-29 19:38:42"MODULE==>Home;CTRL==>Index;ACTION==>get_manual"
2017-09-29 19:38:43"MODULE==>Home;CTRL==>Index;ACTION==>get_manual"
2017-09-29 19:38:46"MODULE==>Home;CTRL==>Index;ACTION==>get_manual"
2017-09-29 19:38:46"MODULE==>Home;CTRL==>Index;ACTION==>get_manual"
2017-09-29 19:38:54"MODULE==>Home;CTRL==>Index;ACTION==>get_manual"
2017-09-29 19:38:55"MODULE==>Home;CTRL==>Index;ACTION==>get_manual"
2017-09-29 19:38:56"MODULE==>Home;CTRL==>Index;ACTION==>get_manual"
2017-09-29 19:38:57"MODULE==>Home;CTRL==>Index;ACTION==>get_manual"
2017-09-29 19:39:03"MODULE==>Home;CTRL==>Index;ACTION==>get_manual"
2017-09-29 19:59:50"MODULE==>Admin;CTRL==>Manual;ACTION==>add_form"
2017-09-29 20:00:01"MODULE==>Admin;CTRL==>Manual;ACTION==>add"
2017-09-29 20:00:01"MODULE==>Admin;CTRL==>Manual;ACTION==>index"
2017-09-29 20:00:01"MODULE==>Admin;CTRL==>Manual;ACTION==>datas"
2017-09-29 20:00:03"MODULE==>Admin;CTRL==>Manual;ACTION==>edit_form"
2017-09-29 20:00:05"MODULE==>Admin;CTRL==>Manual;ACTION==>edit"
2017-09-29 20:00:05"MODULE==>Admin;CTRL==>Manual;ACTION==>index"
2017-09-29 20:00:05"MODULE==>Admin;CTRL==>Manual;ACTION==>datas"
2017-09-29 20:00:07"MODULE==>Admin;CTRL==>Manual;ACTION==>edit_form"
2017-09-29 20:00:09"MODULE==>Admin;CTRL==>Manual;ACTION==>edit"
2017-09-29 20:00:09"MODULE==>Admin;CTRL==>Manual;ACTION==>index"
2017-09-29 20:00:09"MODULE==>Admin;CTRL==>Manual;ACTION==>datas"
2017-09-29 20:00:11"MODULE==>Admin;CTRL==>Manual;ACTION==>edit_form"
2017-09-29 20:28:50"MODULE==>Home;CTRL==>Index;ACTION==>co"
2017-09-29 20:28:55"MODULE==>Home;CTRL==>Index;ACTION==>co1"
2017-09-29 20:28:57"MODULE==>Home;CTRL==>Index;ACTION==>co1"
2017-09-29 20:28:58"MODULE==>Home;CTRL==>Index;ACTION==>co1"
2017-09-29 20:29:38"MODULE==>Home;CTRL==>Index;ACTION==>co1"
2017-09-29 20:29:39"MODULE==>Home;CTRL==>Index;ACTION==>co"
2017-09-29 20:29:50"MODULE==>Home;CTRL==>Index;ACTION==>co1"
2017-09-29 20:29:52"MODULE==>Home;CTRL==>Index;ACTION==>co"
2017-09-29 20:31:32"MODULE==>Home;CTRL==>Index;ACTION==>co"
2017-09-29 20:31:33"MODULE==>Home;CTRL==>Index;ACTION==>co1"
2017-09-29 20:31:34"MODULE==>Home;CTRL==>Index;ACTION==>co1"
2017-09-29 20:31:40"MODULE==>Home;CTRL==>Index;ACTION==>co"
2017-09-29 20:31:41"MODULE==>Home;CTRL==>Index;ACTION==>co"
2017-09-29 20:31:42"MODULE==>Home;CTRL==>Index;ACTION==>co1"
2017-09-29 20:31:59"MODULE==>Home;CTRL==>Index;ACTION==>co"
2017-09-29 20:32:00"MODULE==>Home;CTRL==>Index;ACTION==>co1"
2017-09-29 20:32:01"MODULE==>Home;CTRL==>Index;ACTION==>co1"
2017-09-29 20:32:01"MODULE==>Home;CTRL==>Index;ACTION==>co1"
2017-09-29 20:32:03"MODULE==>Home;CTRL==>Index;ACTION==>co1"
2017-09-29 20:32:03"MODULE==>Home;CTRL==>Index;ACTION==>co1"
2017-09-29 20:32:07"MODULE==>Home;CTRL==>Index;ACTION==>co1"
2017-09-29 20:32:08"MODULE==>Home;CTRL==>Index;ACTION==>co1"
2017-09-29 20:32:28"MODULE==>Home;CTRL==>Index;ACTION==>co"
2017-09-29 20:32:29"MODULE==>Home;CTRL==>Index;ACTION==>co1"
2017-09-29 20:32:47"MODULE==>Home;CTRL==>Index;ACTION==>co1"
2017-09-29 20:33:26"MODULE==>Home;CTRL==>Index;ACTION==>co"
2017-09-29 20:33:27"MODULE==>Home;CTRL==>Index;ACTION==>co1"
2017-09-29 20:33:28"MODULE==>Home;CTRL==>Index;ACTION==>co1"
2017-09-29 20:33:29"MODULE==>Home;CTRL==>Index;ACTION==>co1"
2017-09-29 20:33:29"MODULE==>Home;CTRL==>Index;ACTION==>co1"
2017-09-29 20:33:30"MODULE==>Home;CTRL==>Index;ACTION==>co1"
2017-09-29 20:33:31"MODULE==>Home;CTRL==>Index;ACTION==>co1"
2017-09-29 20:33:44"MODULE==>Home;CTRL==>Index;ACTION==>co"
2017-09-29 20:33:45"MODULE==>Home;CTRL==>Index;ACTION==>co1"
2017-09-29 20:33:46"MODULE==>Home;CTRL==>Index;ACTION==>co1"
2017-09-29 20:33:48"MODULE==>Home;CTRL==>Index;ACTION==>co1"
2017-09-29 20:33:48"MODULE==>Home;CTRL==>Index;ACTION==>co1"
2017-09-29 20:33:53"MODULE==>Home;CTRL==>Index;ACTION==>co"
2017-09-29 20:33:54"MODULE==>Home;CTRL==>Index;ACTION==>co1"
2017-09-29 20:33:55"MODULE==>Home;CTRL==>Index;ACTION==>co1"
2017-09-29 20:33:56"MODULE==>Home;CTRL==>Index;ACTION==>co1"
2017-09-29 20:33:57"MODULE==>Home;CTRL==>Index;ACTION==>co1"
2017-09-29 20:33:57"MODULE==>Home;CTRL==>Index;ACTION==>co1"
2017-09-29 20:34:05"MODULE==>Home;CTRL==>Index;ACTION==>co1"
2017-09-29 20:34:06"MODULE==>Home;CTRL==>Index;ACTION==>co"
2017-09-29 20:34:07"MODULE==>Home;CTRL==>Index;ACTION==>co1"
2017-09-29 20:34:08"MODULE==>Home;CTRL==>Index;ACTION==>co1"
2017-09-29 20:35:23"MODULE==>Home;CTRL==>Index;ACTION==>co"
2017-09-29 20:35:24"MODULE==>Home;CTRL==>Index;ACTION==>co1"
2017-09-29 20:35:25"MODULE==>Home;CTRL==>Index;ACTION==>co1"
2017-09-29 20:35:26"MODULE==>Home;CTRL==>Index;ACTION==>co1"
2017-09-29 20:35:27"MODULE==>Home;CTRL==>Index;ACTION==>co1"
2017-09-29 20:35:28"MODULE==>Home;CTRL==>Index;ACTION==>co1"
2017-09-29 20:35:28"MODULE==>Home;CTRL==>Index;ACTION==>co1"
2017-09-29 20:35:36"MODULE==>Home;CTRL==>Index;ACTION==>co"
2017-09-29 20:35:37"MODULE==>Home;CTRL==>Index;ACTION==>co1"
2017-09-29 20:35:41"MODULE==>Home;CTRL==>Index;ACTION==>co1"
2017-09-29 20:35:50"MODULE==>Home;CTRL==>Index;ACTION==>co1"
2017-09-29 20:36:37"MODULE==>Home;CTRL==>Index;ACTION==>co"
2017-09-29 20:36:38"MODULE==>Home;CTRL==>Index;ACTION==>co1"
2017-09-29 20:36:38"MODULE==>Home;CTRL==>Index;ACTION==>co1"
2017-09-29 20:37:25"MODULE==>Home;CTRL==>Index;ACTION==>co"
2017-09-29 20:37:27"MODULE==>Home;CTRL==>Index;ACTION==>co1"
2017-09-29 20:37:29"MODULE==>Home;CTRL==>Index;ACTION==>co1"
2017-09-29 20:37:38"MODULE==>Home;CTRL==>Index;ACTION==>co"
2017-09-29 20:37:39"MODULE==>Home;CTRL==>Index;ACTION==>co1"
2017-09-29 20:37:39"MODULE==>Home;CTRL==>Index;ACTION==>co1"
2017-09-29 20:38:47"MODULE==>Home;CTRL==>Index;ACTION==>co"
2017-09-29 20:38:48"MODULE==>Home;CTRL==>Index;ACTION==>co1"
2017-09-29 20:38:49"MODULE==>Home;CTRL==>Index;ACTION==>co1"
2017-09-29 20:38:50"MODULE==>Home;CTRL==>Index;ACTION==>co1"
2017-09-29 20:38:51"MODULE==>Home;CTRL==>Index;ACTION==>co"
2017-09-29 20:38:52"MODULE==>Home;CTRL==>Index;ACTION==>co"
2017-09-29 20:40:12"MODULE==>Home;CTRL==>Index;ACTION==>co1"
2017-09-29 20:40:23"MODULE==>Home;CTRL==>Index;ACTION==>co1"
2017-09-29 20:41:01"MODULE==>Home;CTRL==>Index;ACTION==>co"
2017-09-29 20:41:03"MODULE==>Home;CTRL==>Index;ACTION==>co1"
2017-09-29 20:41:17"MODULE==>Home;CTRL==>Index;ACTION==>co"
2017-09-29 20:41:18"MODULE==>Home;CTRL==>Index;ACTION==>co"
2017-09-29 20:41:19"MODULE==>Home;CTRL==>Index;ACTION==>co1"
2017-09-29 20:41:20"MODULE==>Home;CTRL==>Index;ACTION==>co1"
2017-09-29 20:41:20"MODULE==>Home;CTRL==>Index;ACTION==>co1"
2017-09-29 20:41:24"MODULE==>Home;CTRL==>Index;ACTION==>co"
2017-09-29 20:41:24"MODULE==>Home;CTRL==>Index;ACTION==>co"
2017-09-29 20:41:25"MODULE==>Home;CTRL==>Index;ACTION==>co"
2017-09-29 20:41:26"MODULE==>Home;CTRL==>Index;ACTION==>co"
2017-09-29 20:41:26"MODULE==>Home;CTRL==>Index;ACTION==>co"
2017-09-29 20:41:26"MODULE==>Home;CTRL==>Index;ACTION==>co"
2017-09-29 20:41:31"MODULE==>Home;CTRL==>Index;ACTION==>co"
2017-09-29 20:41:33"MODULE==>Home;CTRL==>Index;ACTION==>co"
2017-09-29 20:41:34"MODULE==>Home;CTRL==>Index;ACTION==>co1"
2017-09-29 20:42:32"MODULE==>Home;CTRL==>Index;ACTION==>co"
2017-09-29 20:42:33"MODULE==>Home;CTRL==>Index;ACTION==>co"
2017-09-29 20:42:35"MODULE==>Home;CTRL==>Index;ACTION==>co"
2017-09-29 20:42:35"MODULE==>Home;CTRL==>Index;ACTION==>co"
2017-09-29 20:42:36"MODULE==>Home;CTRL==>Index;ACTION==>co"
2017-09-29 20:42:36"MODULE==>Home;CTRL==>Index;ACTION==>co"
2017-09-29 20:42:36"MODULE==>Home;CTRL==>Index;ACTION==>co"
2017-09-29 20:42:36"MODULE==>Home;CTRL==>Index;ACTION==>co"
2017-09-29 20:42:37"MODULE==>Home;CTRL==>Index;ACTION==>co"
2017-09-29 20:42:38"MODULE==>Home;CTRL==>Index;ACTION==>co1"
2017-09-29 20:42:39"MODULE==>Home;CTRL==>Index;ACTION==>co1"
2017-09-29 20:42:39"MODULE==>Home;CTRL==>Index;ACTION==>co1"
2017-09-29 20:42:40"MODULE==>Home;CTRL==>Index;ACTION==>co1"
2017-09-29 20:42:40"MODULE==>Home;CTRL==>Index;ACTION==>co1"
2017-09-29 20:42:59"MODULE==>Home;CTRL==>Index;ACTION==>co1"
2017-09-29 20:44:03"MODULE==>Home;CTRL==>Index;ACTION==>co1"
2017-09-29 20:44:06"MODULE==>Home;CTRL==>Index;ACTION==>co1"
2017-09-29 20:46:21"MODULE==>Home;CTRL==>Index;ACTION==>co1"
2017-09-29 20:46:25"MODULE==>Home;CTRL==>Index;ACTION==>co"
2017-09-29 20:46:28"MODULE==>Home;CTRL==>Index;ACTION==>co1"
2017-09-29 20:54:23"MODULE==>Home;CTRL==>Index;ACTION==>c_verify"
2017-09-29 20:54:26"MODULE==>Home;CTRL==>Index;ACTION==>c_verify"
2017-09-29 20:54:28"MODULE==>Home;CTRL==>Index;ACTION==>c_verify"
2017-09-29 20:54:44"MODULE==>Home;CTRL==>Index;ACTION==>c_verify"
2017-09-29 20:54:45"MODULE==>Home;CTRL==>Index;ACTION==>c_verify"
2017-09-29 20:54:45"MODULE==>Home;CTRL==>Index;ACTION==>c_verify"
2017-09-29 20:55:05"MODULE==>Home;CTRL==>Index;ACTION==>c_verify"
2017-09-29 20:55:05"MODULE==>Home;CTRL==>Index;ACTION==>c_verify"
2017-09-29 20:55:06"MODULE==>Home;CTRL==>Index;ACTION==>c_verify"
2017-09-29 20:55:08"MODULE==>Home;CTRL==>Index;ACTION==>c_verify"
2017-09-29 20:55:09"MODULE==>Home;CTRL==>Index;ACTION==>c_verify"
2017-09-29 20:55:19"MODULE==>Home;CTRL==>Index;ACTION==>c_verify"
2017-09-29 20:55:19"MODULE==>Home;CTRL==>Index;ACTION==>c_verify"
2017-09-29 20:55:20"MODULE==>Home;CTRL==>Index;ACTION==>c_verify"
2017-09-29 20:59:11"MODULE==>Home;CTRL==>Index;ACTION==>verify"
2017-09-29 20:59:11"MODULE==>Home;CTRL==>Index;ACTION==>c_verify"
2017-09-29 20:59:18"MODULE==>Home;CTRL==>Index;ACTION==>verify"
2017-09-29 20:59:18"MODULE==>Home;CTRL==>Index;ACTION==>index"
2017-09-29 20:59:21"MODULE==>Home;CTRL==>Index;ACTION==>verify"
2017-09-29 20:59:23"MODULE==>Home;CTRL==>Index;ACTION==>verify"
2017-09-29 20:59:23"MODULE==>Home;CTRL==>Index;ACTION==>c_verify"
2017-09-29 20:59:25"MODULE==>Home;CTRL==>Index;ACTION==>verify"
2017-09-29 20:59:25"MODULE==>Home;CTRL==>Index;ACTION==>c_verify"
2017-09-29 20:59:29"MODULE==>Home;CTRL==>Index;ACTION==>verify"
2017-09-29 20:59:29"MODULE==>Home;CTRL==>Index;ACTION==>index"
2017-09-29 20:59:42"MODULE==>Home;CTRL==>Index;ACTION==>verify"
2017-09-29 21:00:03"MODULE==>Home;CTRL==>Index;ACTION==>verify"
2017-09-29 21:00:03"MODULE==>Home;CTRL==>Index;ACTION==>c_verify"
2017-09-29 21:00:23"MODULE==>Home;CTRL==>Index;ACTION==>verify"
2017-09-29 21:00:23"MODULE==>Home;CTRL==>Index;ACTION==>c_verify"
2017-09-29 21:00:28"MODULE==>Home;CTRL==>Index;ACTION==>verify"
2017-09-29 21:00:28"MODULE==>Home;CTRL==>Index;ACTION==>c_verify"
2017-09-29 21:00:29"MODULE==>Home;CTRL==>Index;ACTION==>verify"
2017-09-29 21:00:29"MODULE==>Home;CTRL==>Index;ACTION==>c_verify"
2017-09-29 21:00:29"MODULE==>Home;CTRL==>Index;ACTION==>verify"
2017-09-29 21:00:29"MODULE==>Home;CTRL==>Index;ACTION==>c_verify"
2017-09-29 21:00:30"MODULE==>Home;CTRL==>Index;ACTION==>verify"
2017-09-29 21:00:30"MODULE==>Home;CTRL==>Index;ACTION==>c_verify"
2017-09-29 21:00:31"MODULE==>Home;CTRL==>Index;ACTION==>verify"
2017-09-29 21:00:31"MODULE==>Home;CTRL==>Index;ACTION==>c_verify"
2017-09-29 21:01:32"MODULE==>Admin;CTRL==>Index;ACTION==>index"
2017-09-29 21:01:32"MODULE==>Admin;CTRL==>Index;ACTION==>main"
2017-09-29 21:01:34"MODULE==>Admin;CTRL==>Manual;ACTION==>index"
2017-09-29 21:01:35"MODULE==>Admin;CTRL==>Manual;ACTION==>datas"
2017-09-29 21:01:35"MODULE==>Admin;CTRL==>Manual;ACTION==>edit_form"
2017-09-29 21:01:38"MODULE==>Admin;CTRL==>Manual;ACTION==>edit"
2017-09-29 21:01:38"MODULE==>Admin;CTRL==>Manual;ACTION==>index"
2017-09-29 21:01:39"MODULE==>Admin;CTRL==>Manual;ACTION==>datas"
2017-09-29 21:01:46"MODULE==>Home;CTRL==>Index;ACTION==>index"
2017-09-29 21:01:49"MODULE==>Home;CTRL==>Index;ACTION==>manual"
2017-09-29 21:01:50"MODULE==>Home;CTRL==>Index;ACTION==>get_manual"
2017-09-29 21:01:50"MODULE==>Home;CTRL==>Index;ACTION==>get_manualList"
2017-09-29 21:01:51"MODULE==>Home;CTRL==>Index;ACTION==>get_manual"
2017-09-29 21:02:50"MODULE==>Admin;CTRL==>Manual;ACTION==>edit_form"
2017-09-29 21:02:53"MODULE==>Admin;CTRL==>Manual;ACTION==>edit"
2017-09-29 21:02:54"MODULE==>Admin;CTRL==>Manual;ACTION==>index"
2017-09-29 21:02:54"MODULE==>Admin;CTRL==>Manual;ACTION==>datas"
2017-09-29 21:02:55"MODULE==>Home;CTRL==>Index;ACTION==>get_manual"
2017-09-29 21:02:56"MODULE==>Home;CTRL==>Index;ACTION==>get_manual"
2017-09-29 21:03:11"MODULE==>Admin;CTRL==>Manual;ACTION==>edit_form"
2017-09-29 21:03:15"MODULE==>Admin;CTRL==>Manual;ACTION==>edit"
2017-09-29 21:03:15"MODULE==>Admin;CTRL==>Manual;ACTION==>index"
2017-09-29 21:03:16"MODULE==>Admin;CTRL==>Manual;ACTION==>datas"
2017-09-29 21:03:17"MODULE==>Home;CTRL==>Index;ACTION==>get_manual"
2017-09-29 21:03:18"MODULE==>Home;CTRL==>Index;ACTION==>get_manual"
2017-09-29 21:04:37"MODULE==>Home;CTRL==>Index;ACTION==>get_manual"
2017-09-29 21:04:38"MODULE==>Home;CTRL==>Index;ACTION==>get_manual"
2017-09-29 21:06:33"MODULE==>Admin;CTRL==>Manual;ACTION==>edit_form"
2017-09-29 21:06:37"MODULE==>Admin;CTRL==>Manual;ACTION==>edit"
2017-09-29 21:06:37"MODULE==>Admin;CTRL==>Manual;ACTION==>index"
2017-09-29 21:06:37"MODULE==>Admin;CTRL==>Manual;ACTION==>datas"
2017-09-29 21:06:39"MODULE==>Admin;CTRL==>Manual;ACTION==>edit_form"
2017-09-29 21:06:41"MODULE==>Admin;CTRL==>Manual;ACTION==>edit"
2017-09-29 21:06:41"MODULE==>Admin;CTRL==>Manual;ACTION==>index"
2017-09-29 21:06:41"MODULE==>Admin;CTRL==>Manual;ACTION==>datas"
2017-09-29 21:06:43"MODULE==>Admin;CTRL==>Manual;ACTION==>edit_form"
2017-09-29 21:06:53"MODULE==>Admin;CTRL==>Manual;ACTION==>edit"
2017-09-29 21:06:53"MODULE==>Admin;CTRL==>Manual;ACTION==>index"
2017-09-29 21:06:53"MODULE==>Admin;CTRL==>Manual;ACTION==>datas"
2017-09-29 21:07:06"MODULE==>Home;CTRL==>Index;ACTION==>get_manual"
2017-09-29 21:07:06"MODULE==>Home;CTRL==>Index;ACTION==>get_manual"
2017-09-29 21:07:50"MODULE==>Admin;CTRL==>Manual;ACTION==>edit_form"
2017-09-29 21:07:53"MODULE==>Admin;CTRL==>Manual;ACTION==>edit"
2017-09-29 21:07:53"MODULE==>Admin;CTRL==>Manual;ACTION==>index"
2017-09-29 21:07:53"MODULE==>Admin;CTRL==>Manual;ACTION==>datas"
2017-09-29 21:07:54"MODULE==>Home;CTRL==>Index;ACTION==>manual"
2017-09-29 21:07:55"MODULE==>Home;CTRL==>Index;ACTION==>get_manual"
2017-09-29 21:07:55"MODULE==>Home;CTRL==>Index;ACTION==>get_manualList"
2017-09-29 21:07:56"MODULE==>Home;CTRL==>Index;ACTION==>get_manual"
2017-09-29 21:08:11"MODULE==>Home;CTRL==>Index;ACTION==>get_manual"
2017-09-29 21:08:12"MODULE==>Home;CTRL==>Index;ACTION==>get_manual"
2017-09-29 21:08:14"MODULE==>Home;CTRL==>Index;ACTION==>get_manual"
2017-09-29 21:08:15"MODULE==>Home;CTRL==>Index;ACTION==>get_manual"
2017-09-29 21:08:17"MODULE==>Home;CTRL==>Index;ACTION==>get_manual"
2017-09-29 21:08:17"MODULE==>Home;CTRL==>Index;ACTION==>get_manual"
2017-09-29 21:08:21"MODULE==>Home;CTRL==>Index;ACTION==>get_manual"
2017-09-29 21:08:22"MODULE==>Home;CTRL==>Index;ACTION==>get_manual"
2017-09-29 21:08:23"MODULE==>Home;CTRL==>Index;ACTION==>get_manual"
2017-09-29 21:08:26"MODULE==>Home;CTRL==>Index;ACTION==>get_manual"
2017-09-29 21:08:26"MODULE==>Home;CTRL==>Index;ACTION==>get_manual"
2017-09-29 21:08:27"MODULE==>Home;CTRL==>Index;ACTION==>get_manual"
2017-09-29 21:08:29"MODULE==>Home;CTRL==>Index;ACTION==>get_manual"
2017-09-29 21:09:47"MODULE==>Home;CTRL==>Index;ACTION==>manual"
2017-09-29 21:09:47"MODULE==>Home;CTRL==>Index;ACTION==>get_manual"
2017-09-29 21:09:47"MODULE==>Home;CTRL==>Index;ACTION==>get_manualList"
2017-09-29 21:09:49"MODULE==>Home;CTRL==>Index;ACTION==>get_manual"
2017-09-29 21:09:52"MODULE==>Home;CTRL==>Index;ACTION==>get_manual"
2017-09-29 21:09:53"MODULE==>Home;CTRL==>Index;ACTION==>get_manual"
2017-09-29 21:09:54"MODULE==>Home;CTRL==>Index;ACTION==>index"
2017-09-29 21:10:00"MODULE==>Home;CTRL==>Index;ACTION==>manual"
2017-09-29 21:10:00"MODULE==>Home;CTRL==>Index;ACTION==>get_manual"
2017-09-29 21:10:00"MODULE==>Home;CTRL==>Index;ACTION==>get_manualList"
2017-09-29 21:10:02"MODULE==>Home;CTRL==>Index;ACTION==>get_manual"
2017-09-29 21:10:03"MODULE==>Home;CTRL==>Index;ACTION==>get_manual"
2017-09-29 21:10:03"MODULE==>Home;CTRL==>Index;ACTION==>get_manual"
2017-09-29 21:10:08"MODULE==>Home;CTRL==>Index;ACTION==>get_manual"
2017-09-29 21:10:39"MODULE==>Home;CTRL==>Index;ACTION==>index"
2017-09-29 21:10:40"MODULE==>Home;CTRL==>Index;ACTION==>manual"
2017-09-29 21:10:41"MODULE==>Home;CTRL==>Index;ACTION==>get_manual"
2017-09-29 21:10:41"MODULE==>Home;CTRL==>Index;ACTION==>get_manualList"
2017-09-29 21:10:49"MODULE==>Home;CTRL==>Index;ACTION==>get_manual"
2017-09-29 21:10:53"MODULE==>Home;CTRL==>Index;ACTION==>get_manual"
2017-09-29 21:10:58"MODULE==>Home;CTRL==>Index;ACTION==>get_manual"
2017-09-29 21:10:59"MODULE==>Home;CTRL==>Index;ACTION==>index"
2017-09-29 21:10:59"MODULE==>Home;CTRL==>Index;ACTION==>get_manual"
2017-09-29 21:11:00"MODULE==>Home;CTRL==>Index;ACTION==>get_manual"
2017-09-29 21:11:00"MODULE==>Home;CTRL==>Index;ACTION==>get_manual"
2017-09-29 21:11:02"MODULE==>Home;CTRL==>Index;ACTION==>index"
2017-09-29 21:11:04"MODULE==>Home;CTRL==>Index;ACTION==>manual"
2017-09-29 21:11:04"MODULE==>Home;CTRL==>Index;ACTION==>get_manual"
2017-09-29 21:11:04"MODULE==>Home;CTRL==>Index;ACTION==>get_manualList"
2017-09-29 21:11:06"MODULE==>Home;CTRL==>Index;ACTION==>index"
2017-09-29 21:11:06"MODULE==>Home;CTRL==>Index;ACTION==>manual"
2017-09-29 21:11:07"MODULE==>Home;CTRL==>Index;ACTION==>get_manual"
2017-09-29 21:11:07"MODULE==>Home;CTRL==>Index;ACTION==>get_manualList"
2017-09-29 21:11:07"MODULE==>Home;CTRL==>Index;ACTION==>manual"
2017-09-29 21:11:07"MODULE==>Home;CTRL==>Index;ACTION==>get_manual"
2017-09-29 21:11:07"MODULE==>Home;CTRL==>Index;ACTION==>get_manualList"
2017-09-29 21:11:10"MODULE==>Home;CTRL==>Index;ACTION==>get_manual"
2017-09-29 21:11:11"MODULE==>Home;CTRL==>Index;ACTION==>get_manual"
2017-09-29 21:11:12"MODULE==>Home;CTRL==>Index;ACTION==>get_manual"
2017-09-29 21:11:14"MODULE==>Home;CTRL==>Index;ACTION==>get_manual"
2017-09-29 21:11:14"MODULE==>Home;CTRL==>Index;ACTION==>get_manual"
2017-09-29 21:11:15"MODULE==>Home;CTRL==>Index;ACTION==>get_manual"
2017-09-29 21:11:16"MODULE==>Home;CTRL==>Index;ACTION==>get_manual"
2017-09-29 21:11:17"MODULE==>Home;CTRL==>Index;ACTION==>get_manual"
2017-09-29 21:11:18"MODULE==>Home;CTRL==>Index;ACTION==>manual"
2017-09-29 21:11:19"MODULE==>Home;CTRL==>Index;ACTION==>get_manual"
2017-09-29 21:11:19"MODULE==>Home;CTRL==>Index;ACTION==>get_manualList"
2017-09-29 21:11:21"MODULE==>Home;CTRL==>Index;ACTION==>get_manual"
2017-09-29 21:11:22"MODULE==>Home;CTRL==>Index;ACTION==>get_manual"
2017-09-29 21:11:22"MODULE==>Home;CTRL==>Index;ACTION==>get_manual"
2017-09-29 21:11:23"MODULE==>Home;CTRL==>Index;ACTION==>get_manual"
2017-09-29 21:11:24"MODULE==>Home;CTRL==>Index;ACTION==>get_manual"
2017-09-29 21:11:29"MODULE==>Home;CTRL==>Index;ACTION==>get_manual"
2017-09-29 21:11:33"MODULE==>Home;CTRL==>Index;ACTION==>get_manual"
2017-09-29 21:11:35"MODULE==>Home;CTRL==>Index;ACTION==>get_manual"
2017-09-29 21:11:36"MODULE==>Home;CTRL==>Index;ACTION==>get_manual"
2017-09-29 21:11:46"MODULE==>Home;CTRL==>Index;ACTION==>get_manual"
2017-09-29 21:11:57"MODULE==>Home;CTRL==>Index;ACTION==>get_manual"
2017-09-29 21:12:04"MODULE==>Home;CTRL==>Index;ACTION==>get_manual"
2017-09-29 21:12:20"MODULE==>Home;CTRL==>Index;ACTION==>get_manual"
2017-09-29 21:12:23"MODULE==>Home;CTRL==>Index;ACTION==>get_manual"
2017-09-29 21:12:24"MODULE==>Home;CTRL==>Index;ACTION==>get_manual"
2017-09-29 21:12:24"MODULE==>Home;CTRL==>Index;ACTION==>get_manual"
2017-09-29 21:12:25"MODULE==>Home;CTRL==>Index;ACTION==>get_manual"
2017-09-29 21:12:26"MODULE==>Home;CTRL==>Index;ACTION==>get_manual"
2017-09-29 21:12:26"MODULE==>Home;CTRL==>Index;ACTION==>get_manual"
2017-09-29 21:12:27"MODULE==>Home;CTRL==>Index;ACTION==>get_manual"
2017-09-29 21:12:32"MODULE==>Home;CTRL==>Index;ACTION==>get_manual"
2017-09-29 21:12:38"MODULE==>Home;CTRL==>Index;ACTION==>get_manual"
2017-09-29 21:12:43"MODULE==>Home;CTRL==>Index;ACTION==>get_manual"
2017-09-29 21:12:49"MODULE==>Home;CTRL==>Index;ACTION==>get_manual"
2017-09-29 21:12:52"MODULE==>Home;CTRL==>Index;ACTION==>get_manual"
2017-09-29 21:13:34"MODULE==>Home;CTRL==>Index;ACTION==>manual"
2017-09-29 21:13:35"MODULE==>Home;CTRL==>Index;ACTION==>get_manual"
2017-09-29 21:13:35"MODULE==>Home;CTRL==>Index;ACTION==>get_manualList"
2017-09-29 21:13:37"MODULE==>Home;CTRL==>Index;ACTION==>get_manual"
2017-09-29 21:13:39"MODULE==>Home;CTRL==>Index;ACTION==>get_manual"
2017-09-29 21:14:04"MODULE==>Home;CTRL==>Index;ACTION==>manual"
2017-09-29 21:14:04"MODULE==>Home;CTRL==>Index;ACTION==>get_manual"
2017-09-29 21:14:04"MODULE==>Home;CTRL==>Index;ACTION==>get_manualList"
2017-09-29 21:14:06"MODULE==>Home;CTRL==>Index;ACTION==>get_manual"
2017-09-29 21:14:07"MODULE==>Home;CTRL==>Index;ACTION==>get_manual"
2017-09-29 21:14:07"MODULE==>Home;CTRL==>Index;ACTION==>get_manual"
2017-09-29 21:14:09"MODULE==>Home;CTRL==>Index;ACTION==>get_manual"
2017-09-29 21:14:09"MODULE==>Home;CTRL==>Index;ACTION==>get_manual"
2017-09-29 21:14:11"MODULE==>Home;CTRL==>Index;ACTION==>manual"
2017-09-29 21:14:12"MODULE==>Home;CTRL==>Index;ACTION==>get_manual"
2017-09-29 21:14:12"MODULE==>Home;CTRL==>Index;ACTION==>get_manualList"
2017-09-29 21:14:13"MODULE==>Home;CTRL==>Index;ACTION==>get_manual"
2017-09-29 21:14:14"MODULE==>Home;CTRL==>Index;ACTION==>get_manual"
2017-09-29 21:14:15"MODULE==>Home;CTRL==>Index;ACTION==>get_manual"
2017-09-29 21:14:16"MODULE==>Home;CTRL==>Index;ACTION==>get_manual"
2017-09-29 21:14:17"MODULE==>Home;CTRL==>Index;ACTION==>get_manual"
2017-09-29 21:14:17"MODULE==>Home;CTRL==>Index;ACTION==>get_manual"
2017-09-29 21:14:19"MODULE==>Home;CTRL==>Index;ACTION==>get_manual"
2017-09-29 21:14:22"MODULE==>Home;CTRL==>Index;ACTION==>manual"
2017-09-29 21:14:23"MODULE==>Home;CTRL==>Index;ACTION==>get_manual"
2017-09-29 21:14:23"MODULE==>Home;CTRL==>Index;ACTION==>get_manualList"
2017-09-29 21:14:24"MODULE==>Home;CTRL==>Index;ACTION==>manual"
2017-09-29 21:14:24"MODULE==>Home;CTRL==>Index;ACTION==>get_manual"
2017-09-29 21:14:25"MODULE==>Home;CTRL==>Index;ACTION==>get_manualList"
2017-09-29 21:14:25"MODULE==>Home;CTRL==>Index;ACTION==>get_manual"
2017-09-29 21:14:27"MODULE==>Home;CTRL==>Index;ACTION==>get_manual"
2017-09-29 21:14:27"MODULE==>Home;CTRL==>Index;ACTION==>get_manual"
2017-09-29 21:14:28"MODULE==>Home;CTRL==>Index;ACTION==>get_manual"
2017-09-29 21:14:29"MODULE==>Home;CTRL==>Index;ACTION==>get_manual"
2017-09-29 21:14:30"MODULE==>Home;CTRL==>Index;ACTION==>get_manual"
2017-09-29 21:14:38"MODULE==>Home;CTRL==>Index;ACTION==>get_manual"
2017-09-29 21:14:39"MODULE==>Home;CTRL==>Index;ACTION==>get_manual"
2017-09-29 21:15:04"MODULE==>Home;CTRL==>Index;ACTION==>get_manual"
2017-09-29 21:15:08"MODULE==>Home;CTRL==>Index;ACTION==>get_manual"
2017-09-29 21:15:17"MODULE==>Home;CTRL==>Index;ACTION==>get_manual"
2017-09-29 21:15:22"MODULE==>Home;CTRL==>Index;ACTION==>get_manual"
2017-09-29 21:15:29"MODULE==>Home;CTRL==>Index;ACTION==>manual"
2017-09-29 21:15:29"MODULE==>Home;CTRL==>Index;ACTION==>get_manual"
2017-09-29 21:15:29"MODULE==>Home;CTRL==>Index;ACTION==>get_manualList"
2017-09-29 21:15:32"MODULE==>Home;CTRL==>Index;ACTION==>get_manual"
2017-09-29 21:15:32"MODULE==>Home;CTRL==>Index;ACTION==>get_manual"
2017-09-29 21:15:33"MODULE==>Home;CTRL==>Index;ACTION==>get_manual"
2017-09-29 21:15:34"MODULE==>Home;CTRL==>Index;ACTION==>get_manual"
2017-09-29 21:15:36"MODULE==>Home;CTRL==>Index;ACTION==>get_manual"
2017-09-29 21:15:38"MODULE==>Home;CTRL==>Index;ACTION==>get_manual"
2017-09-29 21:15:38"MODULE==>Home;CTRL==>Index;ACTION==>get_manual"
2017-09-29 21:15:39"MODULE==>Home;CTRL==>Index;ACTION==>get_manual"
2017-09-29 21:15:40"MODULE==>Home;CTRL==>Index;ACTION==>get_manual"
2017-09-29 21:15:51"MODULE==>Home;CTRL==>Index;ACTION==>get_manual"
2017-09-29 21:17:21"MODULE==>Home;CTRL==>Index;ACTION==>get_manual"
2017-09-29 21:17:25"MODULE==>Home;CTRL==>Index;ACTION==>get_manual"
2017-09-29 21:18:07"MODULE==>Home;CTRL==>Index;ACTION==>get_manual"
2017-09-29 21:19:38"MODULE==>Home;CTRL==>Index;ACTION==>get_manual"
2017-09-29 21:19:52"MODULE==>Home;CTRL==>Index;ACTION==>get_manual"
2017-09-29 21:24:00"MODULE==>Home;CTRL==>Index;ACTION==>get_manual"
2017-09-29 21:24:00"MODULE==>Home;CTRL==>Index;ACTION==>get_manual"
2017-09-29 21:24:01"MODULE==>Home;CTRL==>Index;ACTION==>get_manual"
2017-09-29 21:25:05"MODULE==>Home;CTRL==>Index;ACTION==>get_manual"
2017-09-29 21:25:39"MODULE==>Home;CTRL==>Index;ACTION==>get_manual"
2017-09-29 21:26:12"MODULE==>Home;CTRL==>Index;ACTION==>get_manual"
2017-09-29 21:26:39"MODULE==>Home;CTRL==>Index;ACTION==>get_manual"
2017-09-29 21:27:10"MODULE==>Home;CTRL==>Index;ACTION==>get_manual"
2017-09-29 21:27:31"MODULE==>Home;CTRL==>Index;ACTION==>get_manual"
2017-09-29 21:27:53"MODULE==>Home;CTRL==>Index;ACTION==>get_manual"
2017-09-29 21:27:55"MODULE==>Home;CTRL==>Index;ACTION==>get_manual"
2017-09-29 21:27:58"MODULE==>Home;CTRL==>Index;ACTION==>get_manual"
2017-09-29 21:31:13"MODULE==>Home;CTRL==>Index;ACTION==>manual"
2017-09-29 21:31:53"MODULE==>Home;CTRL==>Index;ACTION==>manual"
2017-09-29 21:31:59"MODULE==>Home;CTRL==>Index;ACTION==>get_manual"
2017-09-29 21:31:59"MODULE==>Home;CTRL==>Index;ACTION==>get_manualList"
2017-09-29 21:34:36"MODULE==>Home;CTRL==>Index;ACTION==>get_manual"
2017-09-29 21:34:47"MODULE==>Home;CTRL==>Index;ACTION==>get_manual"
2017-09-29 21:44:59"MODULE==>Home;CTRL==>Index;ACTION==>get_manual"
2017-09-29 21:46:52"MODULE==>Home;CTRL==>Index;ACTION==>get_manual"
2017-09-29 21:53:45"MODULE==>Home;CTRL==>Index;ACTION==>get_manual"
2017-09-29 21:55:51"MODULE==>Home;CTRL==>Index;ACTION==>get_manual"
2017-09-29 22:01:21"MODULE==>Home;CTRL==>Index;ACTION==>get_manual"
2017-09-29 22:05:34"MODULE==>Home;CTRL==>Index;ACTION==>get_manual"
2017-09-29 22:10:11"MODULE==>Home;CTRL==>Index;ACTION==>get_manual"
2017-09-29 22:11:46"MODULE==>Home;CTRL==>Index;ACTION==>get_manual"
2017-09-29 22:20:23"MODULE==>Home;CTRL==>Index;ACTION==>get_manual"
2017-09-29 22:20:24"MODULE==>Home;CTRL==>Index;ACTION==>get_manual"
2017-09-29 22:20:25"MODULE==>Home;CTRL==>Index;ACTION==>get_manual"
2017-09-29 22:23:24"MODULE==>Home;CTRL==>Index;ACTION==>get_manual"
2017-09-29 22:23:25"MODULE==>Home;CTRL==>Index;ACTION==>get_manual"
2017-09-29 22:23:27"MODULE==>Home;CTRL==>Index;ACTION==>get_manual"
2017-09-29 22:34:45"MODULE==>Home;CTRL==>Index;ACTION==>get_manual"
2017-09-29 22:35:16"MODULE==>Home;CTRL==>Index;ACTION==>get_manual"
2017-09-29 22:58:08"MODULE==>Home;CTRL==>Index;ACTION==>get_manual"
