2017-10-13 16:07:35"MODULE==>Home;CTRL==>Index;ACTION==>index"
2017-10-13 16:07:36"MODULE==>Home;CTRL==>Index;ACTION==>manual"
2017-10-13 16:07:37"MODULE==>Home;CTRL==>Index;ACTION==>get_manual"
2017-10-13 16:07:37"MODULE==>Home;CTRL==>Index;ACTION==>get_manualList"
2017-10-13 16:07:38"MODULE==>Home;CTRL==>Index;ACTION==>get_manual"
2017-10-13 16:07:38"MODULE==>Home;CTRL==>Index;ACTION==>get_manual"
2017-10-13 16:10:10"MODULE==>Home;CTRL==>Index;ACTION==>manual"
2017-10-13 16:10:10"MODULE==>Home;CTRL==>Index;ACTION==>get_manual"
2017-10-13 16:10:10"MODULE==>Home;CTRL==>Index;ACTION==>get_manualList"
2017-10-13 16:10:26"MODULE==>Home;CTRL==>Index;ACTION==>manual"
2017-10-13 16:11:01"MODULE==>Home;CTRL==>Index;ACTION==>manual"
2017-10-13 16:11:02"MODULE==>Home;CTRL==>Index;ACTION==>get_manual"
2017-10-13 16:11:02"MODULE==>Home;CTRL==>Index;ACTION==>get_manualList"
2017-10-13 16:11:07"MODULE==>Home;CTRL==>Index;ACTION==>get_manual"
2017-10-13 16:11:10"MODULE==>Home;CTRL==>Index;ACTION==>get_manual"
2017-10-13 16:11:14"MODULE==>Home;CTRL==>Index;ACTION==>get_manual"
2017-10-13 16:11:21"MODULE==>Home;CTRL==>Index;ACTION==>get_manual"
2017-10-13 16:11:22"MODULE==>Home;CTRL==>Index;ACTION==>get_manual"
2017-10-13 16:11:33"MODULE==>Home;CTRL==>Index;ACTION==>get_manual"
2017-10-13 16:11:58"MODULE==>Home;CTRL==>Index;ACTION==>get_manual"
2017-10-13 16:12:12"MODULE==>Home;CTRL==>Index;ACTION==>manual"
2017-10-13 16:12:12"MODULE==>Home;CTRL==>Index;ACTION==>get_manual"
2017-10-13 16:12:15"MODULE==>Home;CTRL==>Index;ACTION==>get_manualList"
2017-10-13 16:12:21"MODULE==>Home;CTRL==>Index;ACTION==>get_manual"
2017-10-13 16:12:30"MODULE==>Home;CTRL==>Index;ACTION==>get_manual"
2017-10-13 16:14:00"MODULE==>Home;CTRL==>Index;ACTION==>manual"
2017-10-13 16:14:01"MODULE==>Home;CTRL==>Index;ACTION==>get_manual"
2017-10-13 16:14:01"MODULE==>Home;CTRL==>Index;ACTION==>get_manualList"
2017-10-13 16:14:02"MODULE==>Home;CTRL==>Index;ACTION==>get_manual"
2017-10-13 16:14:03"MODULE==>Home;CTRL==>Index;ACTION==>get_manual"
2017-10-13 16:14:05"MODULE==>Home;CTRL==>Index;ACTION==>get_manual"
2017-10-13 16:14:06"MODULE==>Home;CTRL==>Index;ACTION==>get_manual"
2017-10-13 16:14:11"MODULE==>Home;CTRL==>Index;ACTION==>get_manual"
2017-10-13 16:14:12"MODULE==>Home;CTRL==>Index;ACTION==>get_manual"
2017-10-13 16:14:30"MODULE==>Home;CTRL==>Index;ACTION==>manual"
2017-10-13 16:14:31"MODULE==>Home;CTRL==>Index;ACTION==>get_manual"
2017-10-13 16:14:31"MODULE==>Home;CTRL==>Index;ACTION==>get_manualList"
2017-10-13 16:14:32"MODULE==>Home;CTRL==>Index;ACTION==>get_manual"
2017-10-13 16:14:33"MODULE==>Home;CTRL==>Index;ACTION==>get_manual"
2017-10-13 16:14:38"MODULE==>Home;CTRL==>Index;ACTION==>get_manual"
2017-10-13 16:14:41"MODULE==>Home;CTRL==>Index;ACTION==>get_manual"
2017-10-13 16:14:46"MODULE==>Home;CTRL==>Index;ACTION==>get_manual"
2017-10-13 16:14:51"MODULE==>Home;CTRL==>Index;ACTION==>get_manual"
2017-10-13 16:14:55"MODULE==>Home;CTRL==>Index;ACTION==>get_manual"
2017-10-13 16:15:03"MODULE==>Home;CTRL==>Index;ACTION==>get_manual"
2017-10-13 16:15:19"MODULE==>Home;CTRL==>Index;ACTION==>manual"
2017-10-13 16:15:20"MODULE==>Home;CTRL==>Index;ACTION==>get_manual"
2017-10-13 16:15:20"MODULE==>Home;CTRL==>Index;ACTION==>get_manualList"
2017-10-13 16:15:23"MODULE==>Home;CTRL==>Index;ACTION==>get_manual"
2017-10-13 16:15:26"MODULE==>Home;CTRL==>Index;ACTION==>get_manual"
2017-10-13 16:15:32"MODULE==>Home;CTRL==>Index;ACTION==>get_manual"
2017-10-13 16:15:40"MODULE==>Home;CTRL==>Index;ACTION==>get_manual"
2017-10-13 16:15:43"MODULE==>Home;CTRL==>Index;ACTION==>manual"
2017-10-13 16:15:46"MODULE==>Home;CTRL==>Index;ACTION==>get_manual"
2017-10-13 16:15:47"MODULE==>Home;CTRL==>Index;ACTION==>get_manualList"
2017-10-13 16:15:50"MODULE==>Home;CTRL==>Index;ACTION==>get_manual"
2017-10-13 16:15:53"MODULE==>Home;CTRL==>Index;ACTION==>get_manual"
2017-10-13 16:15:56"MODULE==>Home;CTRL==>Index;ACTION==>get_manual"
2017-10-13 16:16:02"MODULE==>Home;CTRL==>Index;ACTION==>get_manual"
2017-10-13 16:16:11"MODULE==>Home;CTRL==>Index;ACTION==>manual"
2017-10-13 16:16:16"MODULE==>Home;CTRL==>Index;ACTION==>get_manual"
2017-10-13 16:16:16"MODULE==>Home;CTRL==>Index;ACTION==>get_manualList"
2017-10-13 16:16:22"MODULE==>Home;CTRL==>Index;ACTION==>get_manual"
2017-10-13 16:16:28"MODULE==>Home;CTRL==>Index;ACTION==>get_manual"
2017-10-13 16:17:11"MODULE==>Home;CTRL==>Index;ACTION==>manual"
2017-10-13 16:17:11"MODULE==>Home;CTRL==>Index;ACTION==>get_manual"
2017-10-13 16:17:11"MODULE==>Home;CTRL==>Index;ACTION==>get_manualList"
2017-10-13 16:18:53"MODULE==>Home;CTRL==>Index;ACTION==>get_manual"
2017-10-13 16:19:08"MODULE==>Home;CTRL==>Index;ACTION==>manual"
2017-10-13 16:19:08"MODULE==>Home;CTRL==>Index;ACTION==>get_manual"
2017-10-13 16:19:08"MODULE==>Home;CTRL==>Index;ACTION==>get_manualList"
2017-10-13 16:19:13"MODULE==>Home;CTRL==>Index;ACTION==>get_manual"
2017-10-13 16:19:14"MODULE==>Home;CTRL==>Index;ACTION==>get_manual"
2017-10-13 16:19:19"MODULE==>Home;CTRL==>Index;ACTION==>get_manual"
2017-10-13 16:19:52"MODULE==>Home;CTRL==>Index;ACTION==>manual"
2017-10-13 16:19:52"MODULE==>Home;CTRL==>Index;ACTION==>get_manual"
2017-10-13 16:19:53"MODULE==>Home;CTRL==>Index;ACTION==>get_manualList"
2017-10-13 16:20:02"MODULE==>Home;CTRL==>Index;ACTION==>manual"
2017-10-13 16:20:02"MODULE==>Home;CTRL==>Index;ACTION==>get_manual"
2017-10-13 16:20:02"MODULE==>Home;CTRL==>Index;ACTION==>get_manualList"
2017-10-13 16:20:06"MODULE==>Home;CTRL==>Index;ACTION==>get_manual"
2017-10-13 16:20:11"MODULE==>Home;CTRL==>Index;ACTION==>get_manual"
2017-10-13 16:20:12"MODULE==>Home;CTRL==>Index;ACTION==>get_manual"
2017-10-13 16:20:15"MODULE==>Home;CTRL==>Index;ACTION==>manual"
2017-10-13 16:20:15"MODULE==>Home;CTRL==>Index;ACTION==>get_manual"
2017-10-13 16:20:15"MODULE==>Home;CTRL==>Index;ACTION==>get_manualList"
2017-10-13 16:20:27"MODULE==>Home;CTRL==>Index;ACTION==>manual"
2017-10-13 16:20:27"MODULE==>Home;CTRL==>Index;ACTION==>get_manual"
2017-10-13 16:20:27"MODULE==>Home;CTRL==>Index;ACTION==>get_manualList"
2017-10-13 16:20:30"MODULE==>Home;CTRL==>Index;ACTION==>get_manual"
2017-10-13 16:20:31"MODULE==>Home;CTRL==>Index;ACTION==>get_manual"
2017-10-13 16:20:39"MODULE==>Home;CTRL==>Index;ACTION==>manual"
2017-10-13 16:20:40"MODULE==>Home;CTRL==>Index;ACTION==>get_manual"
2017-10-13 16:20:40"MODULE==>Home;CTRL==>Index;ACTION==>get_manualList"
2017-10-13 16:20:44"MODULE==>Home;CTRL==>Index;ACTION==>get_manual"
2017-10-13 16:20:44"MODULE==>Home;CTRL==>Index;ACTION==>get_manual"
2017-10-13 16:20:56"MODULE==>Home;CTRL==>Index;ACTION==>get_manual"
2017-10-13 16:21:00"MODULE==>Home;CTRL==>Index;ACTION==>get_manual"
2017-10-13 16:21:06"MODULE==>Home;CTRL==>Index;ACTION==>get_manual"
2017-10-13 16:21:37"MODULE==>Home;CTRL==>Index;ACTION==>manual"
2017-10-13 16:21:37"MODULE==>Home;CTRL==>Index;ACTION==>get_manual"
2017-10-13 16:21:39"MODULE==>Home;CTRL==>Index;ACTION==>get_manualList"
2017-10-13 16:21:41"MODULE==>Home;CTRL==>Index;ACTION==>get_manual"
2017-10-13 16:21:42"MODULE==>Home;CTRL==>Index;ACTION==>get_manual"
2017-10-13 16:23:05"MODULE==>Home;CTRL==>Index;ACTION==>manual"
2017-10-13 16:23:05"MODULE==>Home;CTRL==>Index;ACTION==>get_manual"
2017-10-13 16:23:05"MODULE==>Home;CTRL==>Index;ACTION==>get_manualList"
2017-10-13 16:23:12"MODULE==>Home;CTRL==>Index;ACTION==>manual"
2017-10-13 16:23:19"MODULE==>Home;CTRL==>Index;ACTION==>manual"
2017-10-13 16:23:19"MODULE==>Home;CTRL==>Index;ACTION==>get_manual"
2017-10-13 16:23:19"MODULE==>Home;CTRL==>Index;ACTION==>get_manualList"
2017-10-13 16:23:21"MODULE==>Home;CTRL==>Index;ACTION==>get_manual"
2017-10-13 16:23:27"MODULE==>Home;CTRL==>Index;ACTION==>get_manual"
2017-10-13 16:23:41"MODULE==>Home;CTRL==>Index;ACTION==>get_manual"
2017-10-13 16:23:51"MODULE==>Home;CTRL==>Index;ACTION==>get_manual"
2017-10-13 16:24:20"MODULE==>Home;CTRL==>Index;ACTION==>get_manual"
2017-10-13 16:24:23"MODULE==>Home;CTRL==>Index;ACTION==>get_manual"
2017-10-13 16:24:24"MODULE==>Home;CTRL==>Index;ACTION==>get_manual"
2017-10-13 16:25:13"MODULE==>Home;CTRL==>Index;ACTION==>manual"
2017-10-13 16:25:14"MODULE==>Home;CTRL==>Index;ACTION==>get_manual"
2017-10-13 16:25:14"MODULE==>Home;CTRL==>Index;ACTION==>get_manualList"
2017-10-13 16:25:34"MODULE==>Home;CTRL==>Index;ACTION==>manual"
2017-10-13 16:25:35"MODULE==>Home;CTRL==>Index;ACTION==>get_manual"
2017-10-13 16:25:35"MODULE==>Home;CTRL==>Index;ACTION==>get_manualList"
2017-10-13 16:25:44"MODULE==>Home;CTRL==>Index;ACTION==>manual"
2017-10-13 16:25:44"MODULE==>Home;CTRL==>Index;ACTION==>get_manual"
2017-10-13 16:25:44"MODULE==>Home;CTRL==>Index;ACTION==>get_manualList"
2017-10-13 16:25:49"MODULE==>Home;CTRL==>Index;ACTION==>get_manual"
2017-10-13 16:25:50"MODULE==>Home;CTRL==>Index;ACTION==>get_manual"
2017-10-13 16:26:02"MODULE==>Home;CTRL==>Index;ACTION==>get_manual"
2017-10-13 16:26:13"MODULE==>Home;CTRL==>Index;ACTION==>get_manual"
2017-10-13 16:26:26"MODULE==>Home;CTRL==>Index;ACTION==>get_manual"
2017-10-13 16:26:36"MODULE==>Home;CTRL==>Index;ACTION==>manual"
2017-10-13 16:26:36"MODULE==>Home;CTRL==>Index;ACTION==>get_manual"
2017-10-13 16:26:38"MODULE==>Home;CTRL==>Index;ACTION==>get_manualList"
2017-10-13 16:26:48"MODULE==>Home;CTRL==>Index;ACTION==>get_manual"
2017-10-13 16:26:54"MODULE==>Home;CTRL==>Index;ACTION==>get_manual"
2017-10-13 16:27:11"MODULE==>Home;CTRL==>Index;ACTION==>manual"
2017-10-13 16:27:11"MODULE==>Home;CTRL==>Index;ACTION==>get_manual"
2017-10-13 16:27:13"MODULE==>Home;CTRL==>Index;ACTION==>get_manualList"
2017-10-13 16:27:22"MODULE==>Home;CTRL==>Index;ACTION==>get_manual"
2017-10-13 16:27:30"MODULE==>Home;CTRL==>Index;ACTION==>get_manual"
2017-10-13 16:27:46"MODULE==>Home;CTRL==>Index;ACTION==>manual"
2017-10-13 16:27:46"MODULE==>Home;CTRL==>Index;ACTION==>get_manual"
2017-10-13 16:27:46"MODULE==>Home;CTRL==>Index;ACTION==>get_manualList"
2017-10-13 16:28:00"MODULE==>Home;CTRL==>Index;ACTION==>get_manual"
2017-10-13 16:28:02"MODULE==>Home;CTRL==>Index;ACTION==>get_manual"
2017-10-13 16:28:09"MODULE==>Home;CTRL==>Index;ACTION==>get_manual"
2017-10-13 16:28:27"MODULE==>Home;CTRL==>Index;ACTION==>manual"
2017-10-13 16:28:27"MODULE==>Home;CTRL==>Index;ACTION==>get_manual"
2017-10-13 16:28:29"MODULE==>Home;CTRL==>Index;ACTION==>get_manualList"
2017-10-13 16:29:07"MODULE==>Home;CTRL==>Index;ACTION==>get_manual"
2017-10-13 16:29:12"MODULE==>Home;CTRL==>Index;ACTION==>get_manual"
2017-10-13 16:30:16"MODULE==>Home;CTRL==>Index;ACTION==>get_manual"
2017-10-13 16:30:55"MODULE==>Home;CTRL==>Index;ACTION==>manual"
2017-10-13 16:30:55"MODULE==>Home;CTRL==>Index;ACTION==>get_manual"
2017-10-13 16:30:57"MODULE==>Home;CTRL==>Index;ACTION==>get_manualList"
2017-10-13 16:31:07"MODULE==>Home;CTRL==>Index;ACTION==>get_manual"
2017-10-13 16:31:11"MODULE==>Home;CTRL==>Index;ACTION==>get_manual"
2017-10-13 16:31:31"MODULE==>Home;CTRL==>Index;ACTION==>index"
2017-10-13 16:31:33"MODULE==>Home;CTRL==>Index;ACTION==>manual"
2017-10-13 16:31:33"MODULE==>Home;CTRL==>Index;ACTION==>get_manual"
2017-10-13 16:31:33"MODULE==>Home;CTRL==>Index;ACTION==>get_manualList"
2017-10-13 16:38:47"MODULE==>Home;CTRL==>Index;ACTION==>manual"
2017-10-13 16:38:47"MODULE==>Home;CTRL==>Index;ACTION==>get_manual"
2017-10-13 16:38:47"MODULE==>Home;CTRL==>Index;ACTION==>get_manualList"
2017-10-13 16:39:03"MODULE==>Home;CTRL==>Index;ACTION==>get_manual"
2017-10-13 16:39:04"MODULE==>Home;CTRL==>Index;ACTION==>get_manual"
2017-10-13 16:39:05"MODULE==>Home;CTRL==>Index;ACTION==>get_manual"
2017-10-13 16:39:06"MODULE==>Home;CTRL==>Index;ACTION==>get_manual"
2017-10-13 16:39:07"MODULE==>Home;CTRL==>Index;ACTION==>get_manual"
2017-10-13 16:44:03"MODULE==>Home;CTRL==>Index;ACTION==>index"
2017-10-13 16:51:00"MODULE==>Home;CTRL==>Index;ACTION==>manual"
2017-10-13 16:51:00"MODULE==>Home;CTRL==>Index;ACTION==>get_manual"
2017-10-13 16:51:00"MODULE==>Home;CTRL==>Index;ACTION==>get_manualList"
2017-10-13 16:51:30"MODULE==>Home;CTRL==>Index;ACTION==>manual"
2017-10-13 16:51:30"MODULE==>Home;CTRL==>Index;ACTION==>get_manual"
2017-10-13 16:51:30"MODULE==>Home;CTRL==>Index;ACTION==>get_manualList"
2017-10-13 17:07:36"MODULE==>Home;CTRL==>Index;ACTION==>index"
2017-10-13 17:07:46"MODULE==>Home;CTRL==>Index;ACTION==>index"
2017-10-13 17:07:54"MODULE==>Home;CTRL==>Index;ACTION==>index"
2017-10-13 17:11:32"MODULE==>Home;CTRL==>Index;ACTION==>index"
2017-10-13 17:12:55"MODULE==>Home;CTRL==>Index;ACTION==>index"
2017-10-13 17:23:27"MODULE==>Home;CTRL==>Index;ACTION==>index"
2017-10-13 17:23:34"MODULE==>Home;CTRL==>Index;ACTION==>index"
2017-10-13 17:25:40"MODULE==>Home;CTRL==>Index;ACTION==>manual"
2017-10-13 17:25:41"MODULE==>Home;CTRL==>Index;ACTION==>get_manual"
2017-10-13 17:25:41"MODULE==>Home;CTRL==>Index;ACTION==>get_manualList"
2017-10-13 17:25:42"MODULE==>Home;CTRL==>Index;ACTION==>get_manual"
2017-10-13 17:25:43"MODULE==>Home;CTRL==>Index;ACTION==>get_manual"
2017-10-13 17:25:43"MODULE==>Home;CTRL==>Index;ACTION==>get_manual"
2017-10-13 17:25:46"MODULE==>Home;CTRL==>Index;ACTION==>index"
2017-10-13 17:32:36"MODULE==>Home;CTRL==>Index;ACTION==>manual"
2017-10-13 17:32:36"MODULE==>Home;CTRL==>Index;ACTION==>get_manual"
2017-10-13 17:32:36"MODULE==>Home;CTRL==>Index;ACTION==>get_manualList"
2017-10-13 17:32:52"MODULE==>Home;CTRL==>Index;ACTION==>get_manual"
2017-10-13 17:32:55"MODULE==>Home;CTRL==>Index;ACTION==>get_manual"
2017-10-13 17:34:22"MODULE==>Home;CTRL==>Index;ACTION==>manual"
2017-10-13 17:34:22"MODULE==>Home;CTRL==>Index;ACTION==>get_manual"
2017-10-13 17:34:22"MODULE==>Home;CTRL==>Index;ACTION==>get_manualList"
2017-10-13 17:34:25"MODULE==>Home;CTRL==>Index;ACTION==>get_manual"
2017-10-13 17:34:41"MODULE==>Home;CTRL==>Index;ACTION==>manual"
2017-10-13 17:34:41"MODULE==>Home;CTRL==>Index;ACTION==>get_manual"
2017-10-13 17:34:41"MODULE==>Home;CTRL==>Index;ACTION==>get_manualList"
2017-10-13 17:34:43"MODULE==>Home;CTRL==>Index;ACTION==>get_manual"
2017-10-13 17:34:44"MODULE==>Home;CTRL==>Index;ACTION==>get_manual"
2017-10-13 17:36:23"MODULE==>Home;CTRL==>Index;ACTION==>manual"
2017-10-13 17:36:24"MODULE==>Home;CTRL==>Index;ACTION==>get_manual"
2017-10-13 17:36:24"MODULE==>Home;CTRL==>Index;ACTION==>get_manualList"
2017-10-13 17:36:29"MODULE==>Home;CTRL==>Index;ACTION==>get_manual"
2017-10-13 17:36:34"MODULE==>Home;CTRL==>Index;ACTION==>get_manual"
2017-10-13 17:36:38"MODULE==>Home;CTRL==>Index;ACTION==>get_manual"
2017-10-13 17:36:49"MODULE==>Home;CTRL==>Index;ACTION==>get_manual"
2017-10-13 17:37:01"MODULE==>Home;CTRL==>Index;ACTION==>get_manual"
2017-10-13 18:08:39"MODULE==>Home;CTRL==>Index;ACTION==>manual"
2017-10-13 18:08:40"MODULE==>Home;CTRL==>Index;ACTION==>get_manual"
2017-10-13 18:08:40"MODULE==>Home;CTRL==>Index;ACTION==>get_manualList"
2017-10-13 18:08:41"MODULE==>Home;CTRL==>Index;ACTION==>get_manual"
2017-10-13 18:09:20"MODULE==>Admin;CTRL==>Index;ACTION==>index"
2017-10-13 18:09:20"MODULE==>Admin;CTRL==>Index;ACTION==>main"
2017-10-13 18:09:22"MODULE==>Admin;CTRL==>Manual;ACTION==>index"
2017-10-13 18:09:22"MODULE==>Admin;CTRL==>Manual;ACTION==>datas"
2017-10-13 18:12:44"MODULE==>Admin;CTRL==>Index;ACTION==>index"
2017-10-13 18:12:44"MODULE==>Admin;CTRL==>Index;ACTION==>main"
2017-10-13 18:12:56"MODULE==>Admin;CTRL==>Index;ACTION==>index"
2017-10-13 18:12:56"MODULE==>Admin;CTRL==>Index;ACTION==>main"
2017-10-13 18:13:24"MODULE==>Admin;CTRL==>Index;ACTION==>index"
2017-10-13 18:13:24"MODULE==>Admin;CTRL==>Index;ACTION==>main"
2017-10-13 18:13:48"MODULE==>Admin;CTRL==>Index;ACTION==>index"
2017-10-13 18:15:13"MODULE==>Admin;CTRL==>Index;ACTION==>index"
2017-10-13 22:22:51"MODULE==>Admin;CTRL==>Index;ACTION==>index"
2017-10-13 22:25:02"MODULE==>Admin;CTRL==>Index;ACTION==>index"
2017-10-13 22:25:48"MODULE==>Admin;CTRL==>Index;ACTION==>index"
2017-10-13 22:25:57"MODULE==>Admin;CTRL==>Index;ACTION==>index"
2017-10-13 22:26:00"MODULE==>Admin;CTRL==>Index;ACTION==>index"
2017-10-13 22:26:31"MODULE==>Admin;CTRL==>Index;ACTION==>index"
2017-10-13 22:33:14"MODULE==>Admin;CTRL==>Index;ACTION==>index"
2017-10-13 22:48:55"MODULE==>Admin;CTRL==>Index;ACTION==>index"
2017-10-13 22:49:15"MODULE==>Admin;CTRL==>Index;ACTION==>index"
2017-10-13 22:49:42"MODULE==>Admin;CTRL==>Index;ACTION==>index"
2017-10-13 22:49:48"MODULE==>Admin;CTRL==>Index;ACTION==>index"
2017-10-13 22:49:55"MODULE==>Admin;CTRL==>Index;ACTION==>index"
2017-10-13 22:50:08"MODULE==>Admin;CTRL==>Index;ACTION==>index"
2017-10-13 22:50:26"MODULE==>Admin;CTRL==>Index;ACTION==>index"
2017-10-13 22:50:47"MODULE==>Admin;CTRL==>Index;ACTION==>index"
2017-10-13 22:50:57"MODULE==>Admin;CTRL==>Index;ACTION==>index"
2017-10-13 22:51:01"MODULE==>Admin;CTRL==>Index;ACTION==>index"
2017-10-13 22:51:07"MODULE==>Admin;CTRL==>Index;ACTION==>index"
2017-10-13 22:51:10"MODULE==>Admin;CTRL==>Index;ACTION==>index"
2017-10-13 22:52:12"MODULE==>Admin;CTRL==>Index;ACTION==>index"
2017-10-13 22:52:16"MODULE==>Admin;CTRL==>Index;ACTION==>index"
2017-10-13 22:52:23"MODULE==>Admin;CTRL==>Index;ACTION==>index"
2017-10-13 22:52:27"MODULE==>Admin;CTRL==>Index;ACTION==>index"
2017-10-13 22:53:09"MODULE==>Admin;CTRL==>Index;ACTION==>index"
2017-10-13 22:53:18"MODULE==>Admin;CTRL==>Index;ACTION==>index"
2017-10-13 22:53:19"MODULE==>Admin;CTRL==>Index;ACTION==>login"
2017-10-13 22:53:20"MODULE==>Admin;CTRL==>Index;ACTION==>index"
2017-10-13 22:55:18"MODULE==>Admin;CTRL==>Index;ACTION==>login"
2017-10-13 22:58:56"MODULE==>Admin;CTRL==>Index;ACTION==>index"
2017-10-13 22:59:15"MODULE==>Admin;CTRL==>Index;ACTION==>login"
2017-10-13 22:59:19"MODULE==>Admin;CTRL==>Index;ACTION==>index"
2017-10-13 22:59:23"MODULE==>Admin;CTRL==>Index;ACTION==>login"
2017-10-13 22:59:26"MODULE==>Admin;CTRL==>Index;ACTION==>index"
2017-10-13 22:59:42"MODULE==>Admin;CTRL==>Index;ACTION==>login"
2017-10-13 23:00:08"MODULE==>Admin;CTRL==>Index;ACTION==>login"
2017-10-13 23:00:28"MODULE==>Admin;CTRL==>Index;ACTION==>login"
2017-10-13 23:00:31"MODULE==>Admin;CTRL==>Index;ACTION==>index"
2017-10-13 23:01:10"MODULE==>Admin;CTRL==>Index;ACTION==>login"
2017-10-13 23:01:12"MODULE==>Admin;CTRL==>Index;ACTION==>index"
2017-10-13 23:01:14"MODULE==>Admin;CTRL==>Index;ACTION==>login"
2017-10-13 23:01:15"MODULE==>Admin;CTRL==>Index;ACTION==>index"
2017-10-13 23:01:48"MODULE==>Admin;CTRL==>Index;ACTION==>login"
2017-10-13 23:01:54"MODULE==>Admin;CTRL==>Index;ACTION==>login"
2017-10-13 23:01:55"MODULE==>Admin;CTRL==>Index;ACTION==>index"
2017-10-13 23:01:57"MODULE==>Admin;CTRL==>Index;ACTION==>login"
2017-10-13 23:05:33"MODULE==>Admin;CTRL==>Index;ACTION==>index"
2017-10-13 23:05:43"MODULE==>Admin;CTRL==>Index;ACTION==>login"
2017-10-13 23:05:53"MODULE==>Admin;CTRL==>Index;ACTION==>index"
2017-10-13 23:07:07"MODULE==>Admin;CTRL==>Index;ACTION==>index"
2017-10-13 23:07:39"MODULE==>Admin;CTRL==>Index;ACTION==>index"
2017-10-13 23:10:07"MODULE==>Admin;CTRL==>Index;ACTION==>index"
2017-10-13 23:10:08"MODULE==>Admin;CTRL==>Index;ACTION==>login"
2017-10-13 23:10:41"MODULE==>Admin;CTRL==>Index;ACTION==>login"
2017-10-13 23:11:03"MODULE==>Admin;CTRL==>Index;ACTION==>index"
2017-10-13 23:11:07"MODULE==>Admin;CTRL==>Index;ACTION==>login"
2017-10-13 23:11:34"MODULE==>Admin;CTRL==>Index;ACTION==>index"
2017-10-13 23:11:38"MODULE==>Admin;CTRL==>Index;ACTION==>login"
2017-10-13 23:12:06"MODULE==>Admin;CTRL==>Index;ACTION==>index"
2017-10-13 23:12:10"MODULE==>Admin;CTRL==>Index;ACTION==>login"
2017-10-13 23:12:36"MODULE==>Admin;CTRL==>Index;ACTION==>index"
2017-10-13 23:12:39"MODULE==>Admin;CTRL==>Index;ACTION==>login"
2017-10-13 23:13:03"MODULE==>Admin;CTRL==>Index;ACTION==>index"
2017-10-13 23:13:05"MODULE==>Admin;CTRL==>Index;ACTION==>index"
2017-10-13 23:13:24"MODULE==>Admin;CTRL==>Index;ACTION==>index"
2017-10-13 23:13:27"MODULE==>Admin;CTRL==>Index;ACTION==>login"
2017-10-13 23:17:18"MODULE==>Admin;CTRL==>Index;ACTION==>index"
2017-10-13 23:17:19"MODULE==>Admin;CTRL==>Index;ACTION==>login"
2017-10-13 23:17:32"MODULE==>Admin;CTRL==>Index;ACTION==>index"
2017-10-13 23:17:34"MODULE==>Admin;CTRL==>Index;ACTION==>login"
2017-10-13 23:17:54"MODULE==>Admin;CTRL==>Index;ACTION==>index"
2017-10-13 23:17:57"MODULE==>Admin;CTRL==>Index;ACTION==>login"
2017-10-13 23:18:05"MODULE==>Admin;CTRL==>Index;ACTION==>login"
2017-10-13 23:18:14"MODULE==>Admin;CTRL==>Index;ACTION==>index"
2017-10-13 23:18:17"MODULE==>Admin;CTRL==>Index;ACTION==>login"
2017-10-13 23:21:39"MODULE==>Admin;CTRL==>Index;ACTION==>index"
2017-10-13 23:21:41"MODULE==>Admin;CTRL==>Index;ACTION==>login"
2017-10-13 23:22:00"MODULE==>Admin;CTRL==>Index;ACTION==>index"
2017-10-13 23:22:01"MODULE==>Admin;CTRL==>Index;ACTION==>login"
2017-10-13 23:22:08"MODULE==>Admin;CTRL==>Index;ACTION==>login"
2017-10-13 23:23:32"MODULE==>Admin;CTRL==>Index;ACTION==>index"
2017-10-13 23:23:32"MODULE==>Admin;CTRL==>Index;ACTION==>login"
2017-10-13 23:25:29"MODULE==>Admin;CTRL==>Index;ACTION==>index"
2017-10-13 23:25:32"MODULE==>Admin;CTRL==>Index;ACTION==>login"
2017-10-13 23:25:34"MODULE==>Admin;CTRL==>Index;ACTION==>login"
2017-10-13 23:25:36"MODULE==>Admin;CTRL==>Index;ACTION==>login"
2017-10-13 23:25:43"MODULE==>Admin;CTRL==>Index;ACTION==>login"
2017-10-13 23:28:43"MODULE==>Admin;CTRL==>Index;ACTION==>index"
2017-10-13 23:28:45"MODULE==>Admin;CTRL==>Index;ACTION==>login"
2017-10-13 23:28:49"MODULE==>Admin;CTRL==>Index;ACTION==>login"
2017-10-13 23:28:52"MODULE==>Admin;CTRL==>Index;ACTION==>login"
2017-10-13 23:28:57"MODULE==>Admin;CTRL==>Index;ACTION==>login"
2017-10-13 23:29:00"MODULE==>Admin;CTRL==>Index;ACTION==>login"
2017-10-13 23:29:03"MODULE==>Admin;CTRL==>Index;ACTION==>login"
2017-10-13 23:37:02"MODULE==>Admin;CTRL==>Index;ACTION==>login"
2017-10-13 23:37:05"MODULE==>Admin;CTRL==>Index;ACTION==>login"
2017-10-13 23:37:08"MODULE==>Admin;CTRL==>Index;ACTION==>login"
2017-10-13 23:37:26"MODULE==>Admin;CTRL==>Index;ACTION==>index"
2017-10-13 23:37:30"MODULE==>Admin;CTRL==>Index;ACTION==>login"
2017-10-13 23:39:41"MODULE==>Admin;CTRL==>Index;ACTION==>login"
2017-10-13 23:39:43"MODULE==>Admin;CTRL==>Index;ACTION==>index"
2017-10-13 23:39:47"MODULE==>Admin;CTRL==>Index;ACTION==>login"
2017-10-13 23:39:47"MODULE==>Admin;CTRL==>Index;ACTION==>index"
2017-10-13 23:41:38"MODULE==>Admin;CTRL==>Index;ACTION==>index"
2017-10-13 23:41:42"MODULE==>Admin;CTRL==>Index;ACTION==>login"
2017-10-13 23:42:24"MODULE==>Admin;CTRL==>Index;ACTION==>index"
2017-10-13 23:42:24"MODULE==>Admin;CTRL==>Index;ACTION==>main"
2017-10-13 23:42:35"MODULE==>Admin;CTRL==>Index;ACTION==>index"
2017-10-13 23:42:35"MODULE==>Admin;CTRL==>Index;ACTION==>main"
2017-10-13 23:43:25"MODULE==>Admin;CTRL==>Index;ACTION==>index"
2017-10-13 23:43:25"MODULE==>Admin;CTRL==>Index;ACTION==>main"
2017-10-13 23:43:32"MODULE==>Admin;CTRL==>Index;ACTION==>index"
2017-10-13 23:43:32"MODULE==>Admin;CTRL==>Index;ACTION==>main"
2017-10-13 23:44:35"MODULE==>Admin;CTRL==>Index;ACTION==>index"
2017-10-13 23:44:35"MODULE==>Admin;CTRL==>Index;ACTION==>main"
2017-10-13 23:45:19"MODULE==>Admin;CTRL==>Index;ACTION==>index"
2017-10-13 23:45:19"MODULE==>Admin;CTRL==>Index;ACTION==>main"
2017-10-13 23:45:25"MODULE==>Admin;CTRL==>Index;ACTION==>index"
2017-10-13 23:45:25"MODULE==>Admin;CTRL==>Index;ACTION==>main"
2017-10-13 23:45:39"MODULE==>Admin;CTRL==>Index;ACTION==>index"
2017-10-13 23:45:40"MODULE==>Admin;CTRL==>Index;ACTION==>main"
2017-10-13 23:45:43"MODULE==>Admin;CTRL==>Index;ACTION==>index"
2017-10-13 23:45:43"MODULE==>Admin;CTRL==>Index;ACTION==>main"
2017-10-13 23:45:51"MODULE==>Admin;CTRL==>Index;ACTION==>index"
2017-10-13 23:45:51"MODULE==>Admin;CTRL==>Index;ACTION==>main"
2017-10-13 23:45:54"MODULE==>Admin;CTRL==>Index;ACTION==>logout"
2017-10-13 23:45:56"MODULE==>Admin;CTRL==>Index;ACTION==>index"
2017-10-13 23:47:35"MODULE==>Admin;CTRL==>Index;ACTION==>index"
2017-10-13 23:47:44"MODULE==>Admin;CTRL==>Index;ACTION==>login"
2017-10-13 23:47:50"MODULE==>Admin;CTRL==>Index;ACTION==>index"
2017-10-13 23:47:50"MODULE==>Admin;CTRL==>Index;ACTION==>main"
2017-10-13 23:47:52"MODULE==>Home;CTRL==>Index;ACTION==>manual"
2017-10-13 23:47:52"MODULE==>Home;CTRL==>Index;ACTION==>get_manual"
2017-10-13 23:47:52"MODULE==>Home;CTRL==>Index;ACTION==>get_manualList"
2017-10-13 23:47:53"MODULE==>Admin;CTRL==>Index;ACTION==>index"
2017-10-13 23:47:53"MODULE==>Admin;CTRL==>Index;ACTION==>main"
2017-10-13 23:47:55"MODULE==>Admin;CTRL==>Index;ACTION==>logout"
2017-10-13 23:48:08"MODULE==>Admin;CTRL==>Index;ACTION==>index"
2017-10-13 23:48:12"MODULE==>Admin;CTRL==>Index;ACTION==>index"
2017-10-13 23:48:17"MODULE==>Admin;CTRL==>Index;ACTION==>login"
2017-10-13 23:48:34"MODULE==>Admin;CTRL==>Index;ACTION==>index"
2017-10-13 23:48:34"MODULE==>Admin;CTRL==>Index;ACTION==>main"
2017-10-13 23:48:37"MODULE==>Admin;CTRL==>Index;ACTION==>logout"
2017-10-13 23:49:15"MODULE==>Admin;CTRL==>Index;ACTION==>index"
2017-10-13 23:49:23"MODULE==>Admin;CTRL==>Index;ACTION==>login"
2017-10-13 23:49:23"MODULE==>Admin;CTRL==>Index;ACTION==>index"
2017-10-13 23:49:23"MODULE==>Admin;CTRL==>Index;ACTION==>main"
2017-10-13 23:49:26"MODULE==>Admin;CTRL==>Index;ACTION==>logout"
2017-10-13 23:49:35"MODULE==>Admin;CTRL==>Index;ACTION==>index"
2017-10-13 23:49:46"MODULE==>Admin;CTRL==>Index;ACTION==>index"
2017-10-13 23:49:52"MODULE==>Admin;CTRL==>Index;ACTION==>login"
2017-10-13 23:49:52"MODULE==>Admin;CTRL==>Index;ACTION==>index"
2017-10-13 23:49:52"MODULE==>Admin;CTRL==>Index;ACTION==>main"
2017-10-13 23:49:58"MODULE==>Admin;CTRL==>Index;ACTION==>logout"
2017-10-13 23:52:12"MODULE==>Admin;CTRL==>Index;ACTION==>index"
2017-10-13 23:58:32"MODULE==>Admin;CTRL==>Index;ACTION==>index"
