2017-09-16 09:39:45"MODULE==>Home;CTRL==>Index;ACTION==>index"
2017-09-16 09:43:26"MODULE==>Home;CTRL==>Index;ACTION==>index"
2017-09-16 09:51:59"MODULE==>Home;CTRL==>Index;ACTION==>index"
2017-09-16 09:54:40"MODULE==>Api;CTRL==>Index;ACTION==>index"
2017-09-16 09:55:58"MODULE==>Api;CTRL==>Index;ACTION==>index"
2017-09-16 09:55:58"MODULE==>Api;CTRL==>Index;ACTION==>index"
2017-09-16 09:58:21"MODULE==>Api;CTRL==>Index;ACTION==>index"
2017-09-16 09:58:35"MODULE==>Api;CTRL==>Index;ACTION==>index"
2017-09-16 10:02:04"MODULE==>Api;CTRL==>Index;ACTION==>index"
2017-09-16 10:02:19"MODULE==>Api;CTRL==>Index;ACTION==>index"
2017-09-16 10:02:56"MODULE==>Api;CTRL==>Index;ACTION==>index"
2017-09-16 10:04:18"MODULE==>Api;CTRL==>Index;ACTION==>index"
2017-09-16 10:48:39"MODULE==>Api;CTRL==>Index;ACTION==>api"
2017-09-16 10:51:04"MODULE==>Api;CTRL==>Index;ACTION==>api"
2017-09-16 10:51:21"MODULE==>Api;CTRL==>Index;ACTION==>api"
2017-09-16 10:51:44"MODULE==>Api;CTRL==>Index;ACTION==>api"
2017-09-16 10:53:31"MODULE==>Api;CTRL==>Index;ACTION==>api"
2017-09-16 10:53:32"MODULE==>Api;CTRL==>Index;ACTION==>api"
2017-09-16 10:54:26"MODULE==>Api;CTRL==>Index;ACTION==>api"
2017-09-16 10:55:07"MODULE==>Api;CTRL==>Index;ACTION==>api"
2017-09-16 10:58:28"MODULE==>Api;CTRL==>Index;ACTION==>api"
2017-09-16 10:58:57"MODULE==>Api;CTRL==>Index;ACTION==>api"
2017-09-16 11:49:35"MODULE==>Api;CTRL==>Index;ACTION==>api"
2017-09-16 11:49:38"MODULE==>Api;CTRL==>Index;ACTION==>api"
2017-09-16 11:50:12"MODULE==>Api;CTRL==>Index;ACTION==>api"
2017-09-16 11:50:16"MODULE==>Api;CTRL==>Index;ACTION==>api"
2017-09-16 11:53:40"MODULE==>Api;CTRL==>Index;ACTION==>api"
2017-09-16 11:53:53"MODULE==>Api;CTRL==>Index;ACTION==>api"
2017-09-16 11:56:12"MODULE==>Api;CTRL==>Index;ACTION==>api"
2017-09-16 11:56:42"MODULE==>Api;CTRL==>Index;ACTION==>api"
2017-09-16 11:56:51"MODULE==>Api;CTRL==>Index;ACTION==>api"
2017-09-16 11:57:08"MODULE==>Api;CTRL==>Index;ACTION==>api"
2017-09-16 11:57:27"MODULE==>Api;CTRL==>Index;ACTION==>api"
2017-09-16 11:57:28"MODULE==>Api;CTRL==>Index;ACTION==>api"
2017-09-16 11:57:33"MODULE==>Api;CTRL==>Index;ACTION==>api"
2017-09-16 12:02:30"MODULE==>Api;CTRL==>Index;ACTION==>api"
2017-09-16 12:02:34"MODULE==>Api;CTRL==>Index;ACTION==>api"
2017-09-16 12:02:44"MODULE==>Api;CTRL==>Index;ACTION==>api"
2017-09-16 12:02:45"MODULE==>Api;CTRL==>Index;ACTION==>api"
2017-09-16 12:02:47"MODULE==>Api;CTRL==>Index;ACTION==>api"
2017-09-16 12:02:49"MODULE==>Api;CTRL==>Index;ACTION==>api"
2017-09-16 12:02:51"MODULE==>Api;CTRL==>Index;ACTION==>api"
2017-09-16 12:02:57"MODULE==>Api;CTRL==>Index;ACTION==>api"
2017-09-16 12:03:00"MODULE==>Api;CTRL==>Index;ACTION==>api"
2017-09-16 12:03:08"MODULE==>Api;CTRL==>Index;ACTION==>api"
2017-09-16 12:03:10"MODULE==>Api;CTRL==>Index;ACTION==>api"
2017-09-16 12:03:17"MODULE==>Api;CTRL==>Index;ACTION==>api"
2017-09-16 12:03:18"MODULE==>Api;CTRL==>Index;ACTION==>api"
2017-09-16 12:03:19"MODULE==>Api;CTRL==>Index;ACTION==>api"
2017-09-16 12:03:29"MODULE==>Api;CTRL==>Index;ACTION==>api"
2017-09-16 12:03:49"MODULE==>Api;CTRL==>Index;ACTION==>api"
2017-09-16 12:05:14"MODULE==>Api;CTRL==>Index;ACTION==>api"
2017-09-16 12:06:21"MODULE==>Api;CTRL==>Index;ACTION==>api"
2017-09-16 12:06:22"MODULE==>Api;CTRL==>Index;ACTION==>api"
2017-09-16 12:06:28"MODULE==>Api;CTRL==>Index;ACTION==>api"
2017-09-16 12:06:36"MODULE==>Api;CTRL==>Index;ACTION==>api"
2017-09-16 12:06:48"MODULE==>Api;CTRL==>Index;ACTION==>api"
2017-09-16 12:06:57"MODULE==>Api;CTRL==>Index;ACTION==>api"
2017-09-16 12:07:09"MODULE==>Api;CTRL==>Index;ACTION==>api"
2017-09-16 12:07:30"MODULE==>Api;CTRL==>Index;ACTION==>api"
2017-09-16 12:08:45"MODULE==>Api;CTRL==>Index;ACTION==>api"
2017-09-16 12:08:47"MODULE==>Api;CTRL==>Index;ACTION==>api"
2017-09-16 12:14:37"MODULE==>Api;CTRL==>Index;ACTION==>api"
2017-09-16 12:15:23"MODULE==>Api;CTRL==>Index;ACTION==>api"
2017-09-16 12:15:48"MODULE==>Api;CTRL==>Index;ACTION==>api"
2017-09-16 12:16:49"MODULE==>Api;CTRL==>Index;ACTION==>api"
2017-09-16 12:24:21"MODULE==>Api;CTRL==>Index;ACTION==>api"
2017-09-16 12:24:25"MODULE==>Api;CTRL==>Index;ACTION==>api"
2017-09-16 12:25:01"MODULE==>Api;CTRL==>Index;ACTION==>api"
2017-09-16 12:25:03"MODULE==>Api;CTRL==>Index;ACTION==>api"
2017-09-16 12:25:05"MODULE==>Api;CTRL==>Index;ACTION==>api"
2017-09-16 12:25:07"MODULE==>Api;CTRL==>Index;ACTION==>api"
2017-09-16 12:25:29"MODULE==>Api;CTRL==>Index;ACTION==>api"
2017-09-16 13:20:27"MODULE==>Api;CTRL==>Index;ACTION==>api"
2017-09-16 13:20:40"MODULE==>Api;CTRL==>Index;ACTION==>api"
2017-09-16 13:20:42"MODULE==>Api;CTRL==>Index;ACTION==>api"
2017-09-16 13:20:55"MODULE==>Api;CTRL==>Index;ACTION==>api"
2017-09-16 13:20:58"MODULE==>Api;CTRL==>Index;ACTION==>api"
2017-09-16 13:24:06"MODULE==>Api;CTRL==>Index;ACTION==>api"
2017-09-16 13:26:38"MODULE==>Api;CTRL==>Index;ACTION==>api"
2017-09-16 13:26:44"MODULE==>Api;CTRL==>Index;ACTION==>api"
2017-09-16 13:26:47"MODULE==>Api;CTRL==>Index;ACTION==>api"
2017-09-16 13:26:52"MODULE==>Api;CTRL==>Index;ACTION==>api"
2017-09-16 13:42:02"MODULE==>Api;CTRL==>Index;ACTION==>api"
2017-09-16 13:48:43"MODULE==>Api;CTRL==>Index;ACTION==>api"
2017-09-16 13:48:47"MODULE==>Api;CTRL==>Index;ACTION==>api"
2017-09-16 13:51:51"MODULE==>Api;CTRL==>Index;ACTION==>api"
2017-09-16 13:53:50"MODULE==>Api;CTRL==>Index;ACTION==>api"
2017-09-16 13:54:02"MODULE==>Api;CTRL==>Index;ACTION==>api"
2017-09-16 13:54:10"MODULE==>Api;CTRL==>Index;ACTION==>api"
2017-09-16 13:54:45"MODULE==>Api;CTRL==>Index;ACTION==>api"
2017-09-16 13:55:11"MODULE==>Api;CTRL==>Index;ACTION==>api"
2017-09-16 13:55:55"MODULE==>Api;CTRL==>Index;ACTION==>api"
2017-09-16 13:55:56"MODULE==>Api;CTRL==>Index;ACTION==>api"
2017-09-16 13:55:57"MODULE==>Api;CTRL==>Index;ACTION==>api"
2017-09-16 13:56:13"MODULE==>Api;CTRL==>Index;ACTION==>api"
2017-09-16 14:08:33"MODULE==>Api;CTRL==>Index;ACTION==>api"
2017-09-16 14:18:04"MODULE==>Api;CTRL==>Index;ACTION==>api"
2017-09-16 14:23:07"MODULE==>Api;CTRL==>Index;ACTION==>api"
2017-09-16 14:23:17"MODULE==>Api;CTRL==>Index;ACTION==>api"
2017-09-16 14:23:21"MODULE==>Api;CTRL==>Index;ACTION==>api"
2017-09-16 14:24:39"MODULE==>Api;CTRL==>Index;ACTION==>api"
2017-09-16 14:57:11"MODULE==>Api;CTRL==>Index;ACTION==>api"
2017-09-16 15:38:55"MODULE==>Api;CTRL==>Index;ACTION==>api"
2017-09-16 15:39:59"MODULE==>Api;CTRL==>Index;ACTION==>api"
2017-09-16 15:40:07"MODULE==>Api;CTRL==>Index;ACTION==>api"
2017-09-16 16:03:24"MODULE==>Home;CTRL==>Index;ACTION==>url"
2017-09-16 16:03:37"MODULE==>Home;CTRL==>Index;ACTION==>sql"
2017-09-16 16:03:47"MODULE==>Home;CTRL==>Index;ACTION==>sql"
2017-09-16 16:05:39"MODULE==>Home;CTRL==>Index;ACTION==>url"
2017-09-16 16:05:43"MODULE==>Home;CTRL==>Index;ACTION==>sql"
2017-09-16 16:06:47"MODULE==>Home;CTRL==>Index;ACTION==>sql"
2017-09-16 16:20:14"MODULE==>Home;CTRL==>Index;ACTION==>sql"
2017-09-16 16:20:27"MODULE==>Home;CTRL==>Index;ACTION==>sql"
2017-09-16 16:20:35"MODULE==>Home;CTRL==>Index;ACTION==>sql"
2017-09-16 16:20:49"MODULE==>Home;CTRL==>Index;ACTION==>sql"
2017-09-16 16:21:47"MODULE==>Home;CTRL==>Index;ACTION==>sql"
2017-09-16 16:21:53"MODULE==>Home;CTRL==>Index;ACTION==>sql"
2017-09-16 16:23:37"MODULE==>Home;CTRL==>Index;ACTION==>sql"
2017-09-16 16:23:38"MODULE==>Home;CTRL==>Index;ACTION==>sql"
2017-09-16 16:23:38"MODULE==>Home;CTRL==>Index;ACTION==>sql"
2017-09-16 16:23:54"MODULE==>Home;CTRL==>Index;ACTION==>sql"
2017-09-16 16:25:29"MODULE==>Home;CTRL==>Index;ACTION==>sql"
2017-09-16 16:25:44"MODULE==>Home;CTRL==>Index;ACTION==>sql"
2017-09-16 16:25:45"MODULE==>Home;CTRL==>Index;ACTION==>sql"
2017-09-16 16:25:46"MODULE==>Home;CTRL==>Index;ACTION==>sql"
2017-09-16 16:37:34"MODULE==>Home;CTRL==>Index;ACTION==>url"
2017-09-16 16:37:40"MODULE==>Home;CTRL==>Index;ACTION==>url"
2017-09-16 17:01:14"MODULE==>Home;CTRL==>Index;ACTION==>url"
2017-09-16 17:01:19"MODULE==>Home;CTRL==>Index;ACTION==>sql"
2017-09-16 17:02:55"MODULE==>Home;CTRL==>Index;ACTION==>sql"
2017-09-16 17:07:41"MODULE==>Home;CTRL==>Index;ACTION==>sql"
2017-09-16 20:51:09"MODULE==>Home;CTRL==>Index;ACTION==>index"
2017-09-16 20:51:09"MODULE==>Home;CTRL==>Index;ACTION==>index"
2017-09-16 21:18:39"MODULE==>Home;CTRL==>Index;ACTION==>index"
2017-09-16 21:18:46"MODULE==>Home;CTRL==>Index;ACTION==>sql"
2017-09-16 21:19:07"MODULE==>Home;CTRL==>Index;ACTION==>sql"
2017-09-16 21:19:28"MODULE==>Home;CTRL==>Index;ACTION==>sql"
2017-09-16 21:19:28"MODULE==>Home;CTRL==>Index;ACTION==>sql"
2017-09-16 21:20:20"MODULE==>Home;CTRL==>Index;ACTION==>sql"
2017-09-16 21:24:59"MODULE==>Home;CTRL==>Index;ACTION==>sql"
2017-09-16 21:25:59"MODULE==>Home;CTRL==>Index;ACTION==>sql"
2017-09-16 21:29:50"MODULE==>Api;CTRL==>Index;ACTION==>api"
2017-09-16 21:30:03"MODULE==>Api;CTRL==>Index;ACTION==>api"
2017-09-16 21:30:25"MODULE==>Home;CTRL==>Index;ACTION==>sql"
2017-09-16 21:31:31"MODULE==>Home;CTRL==>Index;ACTION==>sql"
