2017-09-24 00:00:28"MODULE==>Home;CTRL==>Index;ACTION==>manual"
2017-09-24 00:00:28"MODULE==>Home;CTRL==>Index;ACTION==>get_manual"
2017-09-24 00:00:29"MODULE==>Home;CTRL==>Index;ACTION==>get_manualList"
2017-09-24 00:00:33"MODULE==>Home;CTRL==>Index;ACTION==>manual"
2017-09-24 00:00:34"MODULE==>Home;CTRL==>Index;ACTION==>get_manual"
2017-09-24 00:00:35"MODULE==>Home;CTRL==>Index;ACTION==>get_manualList"
2017-09-24 00:00:36"MODULE==>Home;CTRL==>Index;ACTION==>manual"
2017-09-24 00:00:36"MODULE==>Home;CTRL==>Index;ACTION==>get_manual"
2017-09-24 00:00:37"MODULE==>Home;CTRL==>Index;ACTION==>get_manualList"
2017-09-24 00:00:40"MODULE==>Home;CTRL==>Index;ACTION==>manual"
2017-09-24 00:00:40"MODULE==>Home;CTRL==>Index;ACTION==>get_manual"
2017-09-24 00:00:41"MODULE==>Home;CTRL==>Index;ACTION==>get_manualList"
2017-09-24 00:00:43"MODULE==>Home;CTRL==>Index;ACTION==>manual"
2017-09-24 00:00:43"MODULE==>Home;CTRL==>Index;ACTION==>get_manual"
2017-09-24 00:00:44"MODULE==>Home;CTRL==>Index;ACTION==>get_manualList"
2017-09-24 00:01:19"MODULE==>Home;CTRL==>Index;ACTION==>manual"
2017-09-24 00:01:20"MODULE==>Home;CTRL==>Index;ACTION==>get_manual"
2017-09-24 00:01:21"MODULE==>Home;CTRL==>Index;ACTION==>get_manualList"
2017-09-24 00:01:27"MODULE==>Home;CTRL==>Index;ACTION==>get_manual"
2017-09-24 00:01:28"MODULE==>Home;CTRL==>Index;ACTION==>get_manual"
2017-09-24 00:01:51"MODULE==>Home;CTRL==>Index;ACTION==>manual"
2017-09-24 00:01:52"MODULE==>Home;CTRL==>Index;ACTION==>get_manual"
2017-09-24 00:01:53"MODULE==>Home;CTRL==>Index;ACTION==>get_manualList"
2017-09-24 00:01:55"MODULE==>Home;CTRL==>Index;ACTION==>get_manual"
2017-09-24 00:01:55"MODULE==>Home;CTRL==>Index;ACTION==>get_manual"
2017-09-24 00:02:12"MODULE==>Home;CTRL==>Index;ACTION==>manual"
2017-09-24 00:02:12"MODULE==>Home;CTRL==>Index;ACTION==>get_manual"
2017-09-24 00:02:13"MODULE==>Home;CTRL==>Index;ACTION==>get_manualList"
2017-09-24 00:02:18"MODULE==>Home;CTRL==>Index;ACTION==>manual"
2017-09-24 00:02:18"MODULE==>Home;CTRL==>Index;ACTION==>get_manual"
2017-09-24 00:02:19"MODULE==>Home;CTRL==>Index;ACTION==>get_manualList"
2017-09-24 00:02:22"MODULE==>Home;CTRL==>Index;ACTION==>manual"
2017-09-24 00:02:22"MODULE==>Home;CTRL==>Index;ACTION==>get_manual"
2017-09-24 00:02:23"MODULE==>Home;CTRL==>Index;ACTION==>get_manualList"
2017-09-24 00:02:28"MODULE==>Home;CTRL==>Index;ACTION==>get_manual"
2017-09-24 00:02:29"MODULE==>Home;CTRL==>Index;ACTION==>get_manual"
2017-09-24 00:02:30"MODULE==>Home;CTRL==>Index;ACTION==>manual"
2017-09-24 00:02:30"MODULE==>Home;CTRL==>Index;ACTION==>get_manual"
2017-09-24 00:02:31"MODULE==>Home;CTRL==>Index;ACTION==>get_manualList"
2017-09-24 00:04:26"MODULE==>Home;CTRL==>Index;ACTION==>manual"
2017-09-24 00:04:27"MODULE==>Home;CTRL==>Index;ACTION==>get_manual"
2017-09-24 00:04:28"MODULE==>Home;CTRL==>Index;ACTION==>get_manualList"
2017-09-24 00:04:36"MODULE==>Home;CTRL==>Index;ACTION==>manual"
2017-09-24 00:04:37"MODULE==>Home;CTRL==>Index;ACTION==>get_manual"
2017-09-24 00:04:38"MODULE==>Home;CTRL==>Index;ACTION==>get_manualList"
2017-09-24 00:04:47"MODULE==>Home;CTRL==>Index;ACTION==>manual"
2017-09-24 00:04:48"MODULE==>Home;CTRL==>Index;ACTION==>get_manual"
2017-09-24 00:04:49"MODULE==>Home;CTRL==>Index;ACTION==>get_manualList"
2017-09-24 00:06:04"MODULE==>Home;CTRL==>Index;ACTION==>manual"
2017-09-24 00:06:04"MODULE==>Home;CTRL==>Index;ACTION==>get_manual"
2017-09-24 00:06:05"MODULE==>Home;CTRL==>Index;ACTION==>get_manualList"
2017-09-24 00:06:53"MODULE==>Home;CTRL==>Index;ACTION==>manual"
2017-09-24 00:06:53"MODULE==>Home;CTRL==>Index;ACTION==>get_manual"
2017-09-24 00:06:54"MODULE==>Home;CTRL==>Index;ACTION==>get_manualList"
2017-09-24 00:06:57"MODULE==>Home;CTRL==>Index;ACTION==>manual"
2017-09-24 00:06:57"MODULE==>Home;CTRL==>Index;ACTION==>get_manual"
2017-09-24 00:06:58"MODULE==>Home;CTRL==>Index;ACTION==>get_manualList"
2017-09-24 00:07:00"MODULE==>Home;CTRL==>Index;ACTION==>manual"
2017-09-24 00:07:00"MODULE==>Home;CTRL==>Index;ACTION==>get_manual"
2017-09-24 00:07:01"MODULE==>Home;CTRL==>Index;ACTION==>get_manualList"
2017-09-24 00:07:05"MODULE==>Home;CTRL==>Index;ACTION==>manual"
2017-09-24 00:07:05"MODULE==>Home;CTRL==>Index;ACTION==>get_manual"
2017-09-24 00:07:06"MODULE==>Home;CTRL==>Index;ACTION==>get_manualList"
2017-09-24 00:07:14"MODULE==>Home;CTRL==>Index;ACTION==>manual"
2017-09-24 00:07:14"MODULE==>Home;CTRL==>Index;ACTION==>get_manual"
2017-09-24 00:07:15"MODULE==>Home;CTRL==>Index;ACTION==>get_manualList"
2017-09-24 00:07:47"MODULE==>Admin;CTRL==>Manual;ACTION==>edit_form"
2017-09-24 00:07:55"MODULE==>Home;CTRL==>Index;ACTION==>get_manual"
2017-09-24 00:07:55"MODULE==>Home;CTRL==>Index;ACTION==>get_manual"
2017-09-24 00:32:42"MODULE==>Home;CTRL==>Index;ACTION==>manual"
2017-09-24 00:32:42"MODULE==>Home;CTRL==>Index;ACTION==>get_manual"
2017-09-24 00:32:43"MODULE==>Home;CTRL==>Index;ACTION==>get_manualList"
2017-09-24 00:32:46"MODULE==>Home;CTRL==>Index;ACTION==>manual"
2017-09-24 00:32:46"MODULE==>Home;CTRL==>Index;ACTION==>get_manual"
2017-09-24 00:32:47"MODULE==>Home;CTRL==>Index;ACTION==>get_manualList"
2017-09-24 00:32:52"MODULE==>Home;CTRL==>Index;ACTION==>get_manual"
2017-09-24 00:32:56"MODULE==>Home;CTRL==>Index;ACTION==>get_manual"
2017-09-24 00:33:02"MODULE==>Home;CTRL==>Index;ACTION==>get_manual"
2017-09-24 00:33:07"MODULE==>Home;CTRL==>Index;ACTION==>get_manual"
2017-09-24 00:33:24"MODULE==>Home;CTRL==>Index;ACTION==>get_manual"
2017-09-24 00:33:25"MODULE==>Home;CTRL==>Index;ACTION==>get_manual"
2017-09-24 00:33:29"MODULE==>Home;CTRL==>Index;ACTION==>get_manual"
2017-09-24 00:33:45"MODULE==>Home;CTRL==>Index;ACTION==>manual"
2017-09-24 00:33:45"MODULE==>Home;CTRL==>Index;ACTION==>get_manual"
2017-09-24 00:33:46"MODULE==>Home;CTRL==>Index;ACTION==>get_manualList"
2017-09-24 00:34:13"MODULE==>Home;CTRL==>Index;ACTION==>index"
2017-09-24 00:34:17"MODULE==>Home;CTRL==>Index;ACTION==>manual"
2017-09-24 00:34:17"MODULE==>Home;CTRL==>Index;ACTION==>get_manual"
2017-09-24 00:34:18"MODULE==>Home;CTRL==>Index;ACTION==>get_manualList"
2017-09-24 00:34:22"MODULE==>Home;CTRL==>Index;ACTION==>index"
2017-09-24 00:35:17"MODULE==>Home;CTRL==>Index;ACTION==>manual"
2017-09-24 00:35:17"MODULE==>Home;CTRL==>Index;ACTION==>get_manual"
2017-09-24 00:35:18"MODULE==>Home;CTRL==>Index;ACTION==>get_manualList"
2017-09-24 00:35:26"MODULE==>Home;CTRL==>Index;ACTION==>index"
2017-09-24 00:40:05"MODULE==>Home;CTRL==>Index;ACTION==>index"
2017-09-24 00:40:08"MODULE==>Home;CTRL==>Index;ACTION==>manual"
2017-09-24 00:40:08"MODULE==>Home;CTRL==>Index;ACTION==>get_manual"
2017-09-24 00:40:09"MODULE==>Home;CTRL==>Index;ACTION==>get_manualList"
2017-09-24 00:40:10"MODULE==>Home;CTRL==>Index;ACTION==>get_manual"
2017-09-24 00:40:11"MODULE==>Home;CTRL==>Index;ACTION==>get_manual"
2017-09-24 00:42:56"MODULE==>Home;CTRL==>Index;ACTION==>get_manual"
2017-09-24 00:42:58"MODULE==>Home;CTRL==>Index;ACTION==>get_manual"
2017-09-24 00:42:58"MODULE==>Home;CTRL==>Index;ACTION==>get_manual"
2017-09-24 00:43:30"MODULE==>Admin;CTRL==>Manual;ACTION==>edit_form"
2017-09-24 00:44:16"MODULE==>Admin;CTRL==>Manual;ACTION==>edit"
2017-09-24 00:44:17"MODULE==>Admin;CTRL==>Manual;ACTION==>index"
2017-09-24 00:44:17"MODULE==>Admin;CTRL==>Manual;ACTION==>datas"
2017-09-24 00:44:19"MODULE==>Home;CTRL==>Index;ACTION==>manual"
2017-09-24 00:44:19"MODULE==>Home;CTRL==>Index;ACTION==>get_manual"
2017-09-24 00:44:20"MODULE==>Home;CTRL==>Index;ACTION==>get_manualList"
2017-09-24 00:45:34"MODULE==>Admin;CTRL==>Manual;ACTION==>edit_form"
2017-09-24 00:45:39"MODULE==>Admin;CTRL==>Manual;ACTION==>edit"
2017-09-24 00:45:39"MODULE==>Admin;CTRL==>Manual;ACTION==>index"
2017-09-24 00:45:39"MODULE==>Admin;CTRL==>Manual;ACTION==>datas"
2017-09-24 00:45:40"MODULE==>Home;CTRL==>Index;ACTION==>manual"
2017-09-24 00:45:41"MODULE==>Home;CTRL==>Index;ACTION==>get_manual"
2017-09-24 00:45:42"MODULE==>Home;CTRL==>Index;ACTION==>get_manualList"
2017-09-24 00:46:01"MODULE==>Admin;CTRL==>Manual;ACTION==>edit_form"
2017-09-24 00:58:51"MODULE==>Home;CTRL==>Index;ACTION==>manual"
2017-09-24 00:58:52"MODULE==>Home;CTRL==>Index;ACTION==>get_manual"
2017-09-24 00:58:53"MODULE==>Home;CTRL==>Index;ACTION==>get_manualList"
2017-09-24 00:58:53"MODULE==>Home;CTRL==>Index;ACTION==>index"
2017-09-24 00:58:55"MODULE==>Home;CTRL==>Index;ACTION==>index"
2017-09-24 00:58:56"MODULE==>Home;CTRL==>Index;ACTION==>manual"
2017-09-24 00:58:56"MODULE==>Home;CTRL==>Index;ACTION==>get_manualList"
2017-09-24 00:58:57"MODULE==>Home;CTRL==>Index;ACTION==>get_manual"
2017-09-24 00:58:57"MODULE==>Home;CTRL==>Index;ACTION==>index"
2017-09-24 00:58:59"MODULE==>Home;CTRL==>Index;ACTION==>manual"
2017-09-24 00:58:59"MODULE==>Home;CTRL==>Index;ACTION==>get_manualList"
2017-09-24 00:59:00"MODULE==>Home;CTRL==>Index;ACTION==>get_manual"
2017-09-24 00:59:03"MODULE==>Home;CTRL==>Index;ACTION==>get_manual"
2017-09-24 00:59:04"MODULE==>Home;CTRL==>Index;ACTION==>get_manual"
2017-09-24 00:59:08"MODULE==>Home;CTRL==>Index;ACTION==>manual"
2017-09-24 00:59:08"MODULE==>Home;CTRL==>Index;ACTION==>get_manual"
2017-09-24 00:59:09"MODULE==>Home;CTRL==>Index;ACTION==>get_manualList"
2017-09-24 00:59:10"MODULE==>Home;CTRL==>Index;ACTION==>index"
2017-09-24 00:59:11"MODULE==>Home;CTRL==>Index;ACTION==>manual"
2017-09-24 00:59:11"MODULE==>Home;CTRL==>Index;ACTION==>get_manual"
2017-09-24 00:59:12"MODULE==>Home;CTRL==>Index;ACTION==>get_manualList"
2017-09-24 00:59:45"MODULE==>Home;CTRL==>Index;ACTION==>get_manual"
2017-09-24 00:59:46"MODULE==>Home;CTRL==>Index;ACTION==>get_manual"
2017-09-24 00:59:54"MODULE==>Home;CTRL==>Index;ACTION==>get_manual"
2017-09-24 01:03:09"MODULE==>Admin;CTRL==>Manual;ACTION==>add_form"
2017-09-24 01:03:19"MODULE==>Home;CTRL==>Index;ACTION==>manual"
2017-09-24 01:03:19"MODULE==>Home;CTRL==>Index;ACTION==>get_manual"
2017-09-24 01:03:20"MODULE==>Home;CTRL==>Index;ACTION==>get_manualList"
2017-09-24 01:03:48"MODULE==>Home;CTRL==>Index;ACTION==>get_manual"
2017-09-24 01:03:48"MODULE==>Home;CTRL==>Index;ACTION==>get_manual"
2017-09-24 01:03:53"MODULE==>Admin;CTRL==>Manual;ACTION==>add_form"
2017-09-24 01:04:00"MODULE==>Admin;CTRL==>Manual;ACTION==>add"
2017-09-24 01:04:00"MODULE==>Admin;CTRL==>Manual;ACTION==>index"
2017-09-24 01:04:00"MODULE==>Admin;CTRL==>Manual;ACTION==>datas"
2017-09-24 01:04:02"MODULE==>Home;CTRL==>Index;ACTION==>manual"
2017-09-24 01:04:02"MODULE==>Home;CTRL==>Index;ACTION==>get_manual"
2017-09-24 01:04:03"MODULE==>Home;CTRL==>Index;ACTION==>get_manualList"
2017-09-24 01:04:04"MODULE==>Home;CTRL==>Index;ACTION==>get_manual"
2017-09-24 01:04:09"MODULE==>Admin;CTRL==>Manual;ACTION==>delete"
2017-09-24 01:04:09"MODULE==>Admin;CTRL==>Manual;ACTION==>index"
2017-09-24 01:04:10"MODULE==>Admin;CTRL==>Manual;ACTION==>datas"
2017-09-24 01:04:12"MODULE==>Home;CTRL==>Index;ACTION==>manual"
2017-09-24 01:04:12"MODULE==>Home;CTRL==>Index;ACTION==>get_manual"
2017-09-24 01:04:13"MODULE==>Home;CTRL==>Index;ACTION==>get_manualList"
2017-09-24 01:04:14"MODULE==>Home;CTRL==>Index;ACTION==>get_manual"
2017-09-24 01:04:14"MODULE==>Home;CTRL==>Index;ACTION==>get_manual"
2017-09-24 01:04:15"MODULE==>Home;CTRL==>Index;ACTION==>get_manual"
2017-09-24 16:24:09"MODULE==>Home;CTRL==>Index;ACTION==>index"
2017-09-24 16:24:12"MODULE==>Home;CTRL==>Index;ACTION==>index"
2017-09-24 16:24:13"MODULE==>Home;CTRL==>Index;ACTION==>manual"
2017-09-24 16:24:13"MODULE==>Home;CTRL==>Index;ACTION==>get_manualList"
2017-09-24 16:24:14"MODULE==>Home;CTRL==>Index;ACTION==>get_manual"
2017-09-24 16:24:17"MODULE==>Home;CTRL==>Index;ACTION==>get_manual"
2017-09-24 16:25:06"MODULE==>Home;CTRL==>Index;ACTION==>url"
2017-09-24 16:25:06"MODULE==>Home;CTRL==>Index;ACTION==>get_manual"
2017-09-24 16:25:13"MODULE==>Home;CTRL==>Index;ACTION==>url"
2017-09-24 16:25:13"MODULE==>Home;CTRL==>Index;ACTION==>get_manual"
2017-09-24 16:25:14"MODULE==>Home;CTRL==>Index;ACTION==>url"
2017-09-24 16:25:15"MODULE==>Home;CTRL==>Index;ACTION==>get_manual"
2017-09-24 16:25:15"MODULE==>Home;CTRL==>Index;ACTION==>url"
2017-09-24 16:25:15"MODULE==>Home;CTRL==>Index;ACTION==>get_manual"
2017-09-24 17:53:10"MODULE==>Home;CTRL==>Index;ACTION==>url4"
2017-09-24 17:53:16"MODULE==>Home;CTRL==>Index;ACTION==>url4"
2017-09-24 17:53:20"MODULE==>Home;CTRL==>Index;ACTION==>url4"
2017-09-24 17:53:42"MODULE==>Home;CTRL==>Index;ACTION==>url4"
2017-09-24 17:53:46"MODULE==>Home;CTRL==>Index;ACTION==>url4"
2017-09-24 17:54:09"MODULE==>Home;CTRL==>Index;ACTION==>url4"
2017-09-24 17:54:09"MODULE==>Home;CTRL==>Index;ACTION==>url4"
2017-09-24 17:54:12"MODULE==>Home;CTRL==>Index;ACTION==>url4"
2017-09-24 17:54:24"MODULE==>Home;CTRL==>Index;ACTION==>url4"
2017-09-24 17:54:32"MODULE==>Home;CTRL==>Index;ACTION==>url4"
2017-09-24 17:54:34"MODULE==>Home;CTRL==>Index;ACTION==>url4"
2017-09-24 17:54:38"MODULE==>Home;CTRL==>Index;ACTION==>url4"
2017-09-24 17:54:40"MODULE==>Home;CTRL==>Index;ACTION==>index"
2017-09-24 17:56:10"MODULE==>Home;CTRL==>Index;ACTION==>index"
2017-09-24 17:56:11"MODULE==>Home;CTRL==>Index;ACTION==>index"
2017-09-24 17:56:12"MODULE==>Home;CTRL==>Index;ACTION==>index"
2017-09-24 17:56:15"MODULE==>Home;CTRL==>Index;ACTION==>index"
2017-09-24 17:56:17"MODULE==>Home;CTRL==>Index;ACTION==>manual"
2017-09-24 17:56:17"MODULE==>Home;CTRL==>Index;ACTION==>get_manual"
2017-09-24 17:56:18"MODULE==>Home;CTRL==>Index;ACTION==>get_manualList"
2017-09-24 17:56:23"MODULE==>Home;CTRL==>Index;ACTION==>url"
2017-09-24 17:56:23"MODULE==>Home;CTRL==>Index;ACTION==>get_manual"
2017-09-24 17:56:32"MODULE==>Home;CTRL==>Index;ACTION==>url4"
2017-09-24 17:56:55"MODULE==>Home;CTRL==>Index;ACTION==>url4"
2017-09-24 17:56:57"MODULE==>Home;CTRL==>Index;ACTION==>url4"
2017-09-24 17:57:00"MODULE==>Home;CTRL==>Index;ACTION==>url4"
2017-09-24 17:57:07"MODULE==>Home;CTRL==>Index;ACTION==>url4"
2017-09-24 17:57:09"MODULE==>Home;CTRL==>Index;ACTION==>url4"
2017-09-24 17:57:10"MODULE==>Home;CTRL==>Index;ACTION==>url4"
2017-09-24 17:57:11"MODULE==>Home;CTRL==>Index;ACTION==>url4"
2017-09-24 17:57:13"MODULE==>Home;CTRL==>Index;ACTION==>url4"
2017-09-24 17:57:14"MODULE==>Home;CTRL==>Index;ACTION==>url4"
2017-09-24 17:57:17"MODULE==>Home;CTRL==>Index;ACTION==>url4"
2017-09-24 17:57:30"MODULE==>Home;CTRL==>Index;ACTION==>url4"
2017-09-24 17:57:43"MODULE==>Home;CTRL==>Index;ACTION==>url4"
2017-09-24 17:57:45"MODULE==>Home;CTRL==>Index;ACTION==>url4"
2017-09-24 17:57:46"MODULE==>Home;CTRL==>Index;ACTION==>url4"
2017-09-24 17:57:48"MODULE==>Home;CTRL==>Index;ACTION==>url4"
2017-09-24 17:57:49"MODULE==>Home;CTRL==>Index;ACTION==>url4"
2017-09-24 17:57:50"MODULE==>Home;CTRL==>Index;ACTION==>url4"
2017-09-24 17:57:50"MODULE==>Home;CTRL==>Index;ACTION==>url4"
2017-09-24 17:57:52"MODULE==>Home;CTRL==>Index;ACTION==>url4"
2017-09-24 17:57:52"MODULE==>Home;CTRL==>Index;ACTION==>url4"
2017-09-24 17:57:53"MODULE==>Home;CTRL==>Index;ACTION==>url4"
2017-09-24 17:57:56"MODULE==>Home;CTRL==>Index;ACTION==>url4"
2017-09-24 17:57:57"MODULE==>Home;CTRL==>Index;ACTION==>url4"
2017-09-24 17:57:58"MODULE==>Home;CTRL==>Index;ACTION==>url4"
2017-09-24 17:57:58"MODULE==>Home;CTRL==>Index;ACTION==>url4"
2017-09-24 17:57:59"MODULE==>Home;CTRL==>Index;ACTION==>url4"
2017-09-24 17:58:00"MODULE==>Home;CTRL==>Index;ACTION==>url4"
2017-09-24 17:58:01"MODULE==>Home;CTRL==>Index;ACTION==>url4"
2017-09-24 17:58:01"MODULE==>Home;CTRL==>Index;ACTION==>url4"
2017-09-24 17:58:14"MODULE==>Home;CTRL==>Index;ACTION==>url4"
2017-09-24 17:58:25"MODULE==>Home;CTRL==>Index;ACTION==>url4"
2017-09-24 17:58:27"MODULE==>Home;CTRL==>Index;ACTION==>url4"
2017-09-24 17:58:29"MODULE==>Home;CTRL==>Index;ACTION==>url4"
2017-09-24 17:58:30"MODULE==>Home;CTRL==>Index;ACTION==>url4"
2017-09-24 18:00:26"MODULE==>Home;CTRL==>Index;ACTION==>url4"
2017-09-24 18:00:29"MODULE==>Home;CTRL==>Index;ACTION==>url4"
2017-09-24 18:00:32"MODULE==>Home;CTRL==>Index;ACTION==>url4"
2017-09-24 18:00:35"MODULE==>Home;CTRL==>Index;ACTION==>url4"
2017-09-24 18:00:36"MODULE==>Home;CTRL==>Index;ACTION==>url4"
2017-09-24 18:00:37"MODULE==>Home;CTRL==>Index;ACTION==>url4"
2017-09-24 18:00:38"MODULE==>Home;CTRL==>Index;ACTION==>url4"
2017-09-24 18:00:39"MODULE==>Home;CTRL==>Index;ACTION==>url4"
2017-09-24 18:07:06"MODULE==>Home;CTRL==>Index;ACTION==>url5"
2017-09-24 18:09:11"MODULE==>Home;CTRL==>Index;ACTION==>url5"
2017-09-24 18:09:41"MODULE==>Home;CTRL==>Index;ACTION==>url5"
2017-09-24 18:09:49"MODULE==>Home;CTRL==>Index;ACTION==>url5"
2017-09-24 18:10:28"MODULE==>Home;CTRL==>Index;ACTION==>url5"
2017-09-24 18:10:42"MODULE==>Home;CTRL==>Index;ACTION==>url5"
2017-09-24 18:10:54"MODULE==>Home;CTRL==>Index;ACTION==>url5"
2017-09-24 18:11:28"MODULE==>Home;CTRL==>Index;ACTION==>url5"
2017-09-24 18:11:53"MODULE==>Home;CTRL==>Index;ACTION==>url5"
2017-09-24 18:12:11"MODULE==>Home;CTRL==>Index;ACTION==>url5"
2017-09-24 20:11:28"MODULE==>Admin;CTRL==>Index;ACTION==>index"
2017-09-24 20:11:28"MODULE==>Admin;CTRL==>Index;ACTION==>main"
2017-09-24 20:11:45"MODULE==>Admin;CTRL==>Index;ACTION==>index"
2017-09-24 20:11:45"MODULE==>Admin;CTRL==>Index;ACTION==>main"
2017-09-24 20:12:05"MODULE==>Admin;CTRL==>Index;ACTION==>index"
2017-09-24 20:12:05"MODULE==>Admin;CTRL==>Index;ACTION==>main"
2017-09-24 20:13:11"MODULE==>Admin;CTRL==>Index;ACTION==>index"
2017-09-24 20:13:11"MODULE==>Admin;CTRL==>Index;ACTION==>main"
2017-09-24 20:13:39"MODULE==>Admin;CTRL==>Index;ACTION==>index"
2017-09-24 20:13:39"MODULE==>Admin;CTRL==>Index;ACTION==>main"
2017-09-24 20:13:41"MODULE==>Admin;CTRL==>Index;ACTION==>index"
2017-09-24 20:13:41"MODULE==>Admin;CTRL==>Index;ACTION==>main"
2017-09-24 20:13:45"MODULE==>Admin;CTRL==>Index;ACTION==>index"
2017-09-24 20:13:45"MODULE==>Admin;CTRL==>Index;ACTION==>main"
2017-09-24 20:13:53"MODULE==>Admin;CTRL==>Index;ACTION==>index"
2017-09-24 20:13:53"MODULE==>Admin;CTRL==>Index;ACTION==>main"
2017-09-24 20:14:44"MODULE==>Admin;CTRL==>Manual;ACTION==>index"
2017-09-24 20:14:44"MODULE==>Admin;CTRL==>Manual;ACTION==>datas"
2017-09-24 21:49:47"MODULE==>Admin;CTRL==>Index;ACTION==>index"
2017-09-24 21:49:47"MODULE==>Admin;CTRL==>Index;ACTION==>main"
2017-09-24 21:53:31"MODULE==>Admin;CTRL==>Index;ACTION==>index"
2017-09-24 21:53:31"MODULE==>Admin;CTRL==>Index;ACTION==>main"
2017-09-24 21:53:58"MODULE==>Admin;CTRL==>Index;ACTION==>index"
2017-09-24 21:53:58"MODULE==>Admin;CTRL==>Index;ACTION==>main"
2017-09-24 21:54:11"MODULE==>Admin;CTRL==>Index;ACTION==>index"
2017-09-24 21:54:11"MODULE==>Admin;CTRL==>Index;ACTION==>main"
2017-09-24 21:54:25"MODULE==>Admin;CTRL==>Index;ACTION==>index"
2017-09-24 21:54:25"MODULE==>Admin;CTRL==>Index;ACTION==>main"
2017-09-24 21:54:43"MODULE==>Admin;CTRL==>Index;ACTION==>index"
2017-09-24 21:54:43"MODULE==>Admin;CTRL==>Index;ACTION==>main"
2017-09-24 21:54:51"MODULE==>Admin;CTRL==>Index;ACTION==>index"
2017-09-24 21:54:51"MODULE==>Admin;CTRL==>Index;ACTION==>main"
2017-09-24 21:56:08"MODULE==>Admin;CTRL==>Index;ACTION==>index"
2017-09-24 21:56:08"MODULE==>Admin;CTRL==>Index;ACTION==>main"
2017-09-24 21:56:42"MODULE==>Admin;CTRL==>Index;ACTION==>index"
2017-09-24 21:56:42"MODULE==>Admin;CTRL==>Index;ACTION==>main"
2017-09-24 21:56:44"MODULE==>Admin;CTRL==>Index;ACTION==>index"
2017-09-24 21:56:44"MODULE==>Admin;CTRL==>Index;ACTION==>main"
2017-09-24 21:57:24"MODULE==>Admin;CTRL==>Index;ACTION==>index"
2017-09-24 21:57:24"MODULE==>Admin;CTRL==>Index;ACTION==>main"
2017-09-24 21:58:41"MODULE==>Admin;CTRL==>Index;ACTION==>index"
2017-09-24 21:58:41"MODULE==>Admin;CTRL==>Index;ACTION==>main"
2017-09-24 21:58:42"MODULE==>Admin;CTRL==>Index;ACTION==>index"
2017-09-24 21:58:42"MODULE==>Admin;CTRL==>Index;ACTION==>main"
2017-09-24 21:59:26"MODULE==>Admin;CTRL==>Index;ACTION==>index"
2017-09-24 21:59:26"MODULE==>Admin;CTRL==>Index;ACTION==>main"
2017-09-24 22:00:17"MODULE==>Admin;CTRL==>Index;ACTION==>index"
2017-09-24 22:00:17"MODULE==>Admin;CTRL==>Index;ACTION==>main"
2017-09-24 22:01:25"MODULE==>Admin;CTRL==>Index;ACTION==>index"
2017-09-24 22:01:25"MODULE==>Admin;CTRL==>Index;ACTION==>main"
2017-09-24 22:01:47"MODULE==>Admin;CTRL==>Index;ACTION==>index"
2017-09-24 22:01:47"MODULE==>Admin;CTRL==>Index;ACTION==>main"
2017-09-24 22:02:38"MODULE==>Admin;CTRL==>Index;ACTION==>index"
2017-09-24 22:02:38"MODULE==>Admin;CTRL==>Index;ACTION==>main"
2017-09-24 22:18:20"MODULE==>Home;CTRL==>Index;ACTION==>index"
2017-09-24 22:18:22"MODULE==>Home;CTRL==>Index;ACTION==>manual"
2017-09-24 22:18:22"MODULE==>Home;CTRL==>Index;ACTION==>get_manual"
2017-09-24 22:18:23"MODULE==>Home;CTRL==>Index;ACTION==>get_manualList"
2017-09-24 22:18:31"MODULE==>Home;CTRL==>Index;ACTION==>get_manual"
2017-09-24 22:18:32"MODULE==>Home;CTRL==>Index;ACTION==>get_manual"
2017-09-24 22:18:33"MODULE==>Home;CTRL==>Index;ACTION==>get_manual"
2017-09-24 22:18:34"MODULE==>Home;CTRL==>Index;ACTION==>get_manual"
2017-09-24 22:18:41"MODULE==>Home;CTRL==>Index;ACTION==>manual"
2017-09-24 22:18:41"MODULE==>Home;CTRL==>Index;ACTION==>get_manual"
2017-09-24 22:18:42"MODULE==>Home;CTRL==>Index;ACTION==>get_manualList"
2017-09-24 22:19:24"MODULE==>Home;CTRL==>Index;ACTION==>manual"
2017-09-24 22:19:24"MODULE==>Home;CTRL==>Index;ACTION==>get_manual"
2017-09-24 22:19:25"MODULE==>Home;CTRL==>Index;ACTION==>get_manualList"
2017-09-24 22:20:46"MODULE==>Home;CTRL==>Index;ACTION==>manual"
2017-09-24 22:20:47"MODULE==>Home;CTRL==>Index;ACTION==>get_manual"
2017-09-24 22:20:47"MODULE==>Home;CTRL==>Index;ACTION==>get_manualList"
2017-09-24 22:20:50"MODULE==>Home;CTRL==>Index;ACTION==>get_manual"
2017-09-24 22:20:53"MODULE==>Home;CTRL==>Index;ACTION==>get_manual"
2017-09-24 22:21:56"MODULE==>Home;CTRL==>Index;ACTION==>get_manual"
2017-09-24 22:22:04"MODULE==>Home;CTRL==>Index;ACTION==>manual"
2017-09-24 22:22:05"MODULE==>Home;CTRL==>Index;ACTION==>get_manual"
2017-09-24 22:22:06"MODULE==>Home;CTRL==>Index;ACTION==>get_manualList"
2017-09-24 22:22:12"MODULE==>Home;CTRL==>Index;ACTION==>manual"
2017-09-24 22:22:12"MODULE==>Home;CTRL==>Index;ACTION==>get_manual"
2017-09-24 22:22:13"MODULE==>Home;CTRL==>Index;ACTION==>get_manualList"
2017-09-24 22:22:48"MODULE==>Home;CTRL==>Index;ACTION==>manual"
2017-09-24 22:22:49"MODULE==>Home;CTRL==>Index;ACTION==>get_manual"
2017-09-24 22:22:50"MODULE==>Home;CTRL==>Index;ACTION==>get_manualList"
2017-09-24 22:23:12"MODULE==>Home;CTRL==>Index;ACTION==>manual"
2017-09-24 22:23:13"MODULE==>Home;CTRL==>Index;ACTION==>get_manual"
2017-09-24 22:23:14"MODULE==>Home;CTRL==>Index;ACTION==>get_manualList"
2017-09-24 22:23:21"MODULE==>Home;CTRL==>Index;ACTION==>manual"
2017-09-24 22:23:21"MODULE==>Home;CTRL==>Index;ACTION==>get_manual"
2017-09-24 22:23:22"MODULE==>Home;CTRL==>Index;ACTION==>get_manualList"
2017-09-24 22:24:09"MODULE==>Home;CTRL==>Index;ACTION==>manual"
2017-09-24 22:24:11"MODULE==>Home;CTRL==>Index;ACTION==>manual"
2017-09-24 22:24:17"MODULE==>Home;CTRL==>Index;ACTION==>manual"
2017-09-24 22:24:23"MODULE==>Home;CTRL==>Index;ACTION==>manual"
2017-09-24 22:24:23"MODULE==>Home;CTRL==>Index;ACTION==>get_manual"
2017-09-24 22:24:24"MODULE==>Home;CTRL==>Index;ACTION==>get_manualList"
2017-09-24 22:24:54"MODULE==>Home;CTRL==>Index;ACTION==>manual"
2017-09-24 22:24:55"MODULE==>Home;CTRL==>Index;ACTION==>get_manual"
2017-09-24 22:24:56"MODULE==>Home;CTRL==>Index;ACTION==>get_manualList"
2017-09-24 22:24:57"MODULE==>Home;CTRL==>Index;ACTION==>manual"
2017-09-24 22:24:57"MODULE==>Home;CTRL==>Index;ACTION==>get_manual"
2017-09-24 22:24:58"MODULE==>Home;CTRL==>Index;ACTION==>get_manualList"
2017-09-24 22:24:58"MODULE==>Home;CTRL==>Index;ACTION==>manual"
2017-09-24 22:24:58"MODULE==>Home;CTRL==>Index;ACTION==>get_manual"
2017-09-24 22:24:59"MODULE==>Home;CTRL==>Index;ACTION==>get_manualList"
2017-09-24 22:25:07"MODULE==>Home;CTRL==>Index;ACTION==>manual"
2017-09-24 22:25:08"MODULE==>Home;CTRL==>Index;ACTION==>manual"
2017-09-24 22:25:10"MODULE==>Home;CTRL==>Index;ACTION==>manual"
2017-09-24 22:25:26"MODULE==>Home;CTRL==>Index;ACTION==>manual"
2017-09-24 22:25:26"MODULE==>Home;CTRL==>Index;ACTION==>get_manual"
2017-09-24 22:25:27"MODULE==>Home;CTRL==>Index;ACTION==>get_manualList"
2017-09-24 22:25:51"MODULE==>Home;CTRL==>Index;ACTION==>manual"
2017-09-24 22:25:51"MODULE==>Home;CTRL==>Index;ACTION==>get_manual"
2017-09-24 22:25:52"MODULE==>Home;CTRL==>Index;ACTION==>get_manualList"
2017-09-24 22:25:55"MODULE==>Home;CTRL==>Index;ACTION==>get_manual"
2017-09-24 22:25:58"MODULE==>Home;CTRL==>Index;ACTION==>get_manual"
2017-09-24 22:40:29"MODULE==>Home;CTRL==>Index;ACTION==>manual"
2017-09-24 22:40:29"MODULE==>Home;CTRL==>Index;ACTION==>get_manual"
2017-09-24 22:40:30"MODULE==>Home;CTRL==>Index;ACTION==>get_manualList"
2017-09-24 22:40:45"MODULE==>Home;CTRL==>Index;ACTION==>manual"
2017-09-24 22:40:45"MODULE==>Home;CTRL==>Index;ACTION==>get_manual"
2017-09-24 22:40:46"MODULE==>Home;CTRL==>Index;ACTION==>get_manualList"
2017-09-24 22:40:51"MODULE==>Home;CTRL==>Index;ACTION==>get_manual"
2017-09-24 22:41:01"MODULE==>Home;CTRL==>Index;ACTION==>manual"
2017-09-24 22:41:01"MODULE==>Home;CTRL==>Index;ACTION==>get_manual"
2017-09-24 22:41:02"MODULE==>Home;CTRL==>Index;ACTION==>get_manualList"
2017-09-24 22:41:03"MODULE==>Home;CTRL==>Index;ACTION==>manual"
2017-09-24 22:41:04"MODULE==>Home;CTRL==>Index;ACTION==>get_manual"
2017-09-24 22:41:05"MODULE==>Home;CTRL==>Index;ACTION==>get_manualList"
2017-09-24 22:41:09"MODULE==>Home;CTRL==>Index;ACTION==>get_manual"
2017-09-24 22:41:10"MODULE==>Home;CTRL==>Index;ACTION==>get_manual"
2017-09-24 22:41:12"MODULE==>Home;CTRL==>Index;ACTION==>manual"
2017-09-24 22:41:12"MODULE==>Home;CTRL==>Index;ACTION==>get_manual"
2017-09-24 22:41:13"MODULE==>Home;CTRL==>Index;ACTION==>get_manualList"
2017-09-24 22:41:19"MODULE==>Home;CTRL==>Index;ACTION==>manual"
2017-09-24 22:41:19"MODULE==>Home;CTRL==>Index;ACTION==>get_manual"
2017-09-24 22:41:20"MODULE==>Home;CTRL==>Index;ACTION==>get_manualList"
2017-09-24 22:42:18"MODULE==>Home;CTRL==>Index;ACTION==>manual"
2017-09-24 22:42:18"MODULE==>Home;CTRL==>Index;ACTION==>get_manual"
2017-09-24 22:42:19"MODULE==>Home;CTRL==>Index;ACTION==>get_manualList"
2017-09-24 22:43:17"MODULE==>Home;CTRL==>Index;ACTION==>manual"
2017-09-24 22:43:17"MODULE==>Home;CTRL==>Index;ACTION==>get_manual"
2017-09-24 22:43:18"MODULE==>Home;CTRL==>Index;ACTION==>get_manualList"
2017-09-24 22:57:21"MODULE==>Home;CTRL==>Index;ACTION==>manual"
2017-09-24 22:57:21"MODULE==>Home;CTRL==>Index;ACTION==>get_manual"
2017-09-24 22:57:22"MODULE==>Home;CTRL==>Index;ACTION==>get_manualList"
2017-09-24 22:57:24"MODULE==>Home;CTRL==>Index;ACTION==>manual"
2017-09-24 22:57:24"MODULE==>Home;CTRL==>Index;ACTION==>get_manual"
2017-09-24 22:57:24"MODULE==>Home;CTRL==>Index;ACTION==>get_manualList"
2017-09-24 22:57:26"MODULE==>Home;CTRL==>Index;ACTION==>manual"
2017-09-24 22:57:26"MODULE==>Home;CTRL==>Index;ACTION==>get_manual"
2017-09-24 22:57:27"MODULE==>Home;CTRL==>Index;ACTION==>get_manualList"
2017-09-24 22:57:28"MODULE==>Home;CTRL==>Index;ACTION==>manual"
2017-09-24 22:57:28"MODULE==>Home;CTRL==>Index;ACTION==>get_manual"
2017-09-24 22:57:29"MODULE==>Home;CTRL==>Index;ACTION==>get_manualList"
2017-09-24 22:57:31"MODULE==>Home;CTRL==>Index;ACTION==>manual"
2017-09-24 22:57:31"MODULE==>Home;CTRL==>Index;ACTION==>get_manual"
2017-09-24 22:57:31"MODULE==>Home;CTRL==>Index;ACTION==>get_manualList"
2017-09-24 22:57:37"MODULE==>Home;CTRL==>Index;ACTION==>manual"
2017-09-24 22:57:37"MODULE==>Home;CTRL==>Index;ACTION==>get_manual"
2017-09-24 22:57:38"MODULE==>Home;CTRL==>Index;ACTION==>get_manualList"
2017-09-24 22:57:44"MODULE==>Home;CTRL==>Index;ACTION==>manual"
2017-09-24 22:57:44"MODULE==>Home;CTRL==>Index;ACTION==>get_manual"
2017-09-24 22:57:44"MODULE==>Home;CTRL==>Index;ACTION==>get_manualList"
2017-09-24 22:58:06"MODULE==>Home;CTRL==>Index;ACTION==>manual"
2017-09-24 22:58:06"MODULE==>Home;CTRL==>Index;ACTION==>get_manual"
2017-09-24 22:58:06"MODULE==>Home;CTRL==>Index;ACTION==>get_manualList"
2017-09-24 22:58:09"MODULE==>Home;CTRL==>Index;ACTION==>manual"
2017-09-24 22:58:09"MODULE==>Home;CTRL==>Index;ACTION==>get_manual"
2017-09-24 22:58:09"MODULE==>Home;CTRL==>Index;ACTION==>get_manualList"
2017-09-24 22:58:14"MODULE==>Home;CTRL==>Index;ACTION==>manual"
2017-09-24 22:58:15"MODULE==>Home;CTRL==>Index;ACTION==>get_manual"
2017-09-24 22:58:16"MODULE==>Home;CTRL==>Index;ACTION==>get_manualList"
2017-09-24 22:58:17"MODULE==>Home;CTRL==>Index;ACTION==>manual"
2017-09-24 22:58:17"MODULE==>Home;CTRL==>Index;ACTION==>get_manual"
2017-09-24 22:58:18"MODULE==>Home;CTRL==>Index;ACTION==>get_manualList"
2017-09-24 22:58:41"MODULE==>Home;CTRL==>Index;ACTION==>manual"
2017-09-24 22:58:41"MODULE==>Home;CTRL==>Index;ACTION==>get_manual"
2017-09-24 22:58:42"MODULE==>Home;CTRL==>Index;ACTION==>get_manualList"
2017-09-24 22:58:50"MODULE==>Home;CTRL==>Index;ACTION==>manual"
2017-09-24 22:58:50"MODULE==>Home;CTRL==>Index;ACTION==>get_manual"
2017-09-24 22:58:50"MODULE==>Home;CTRL==>Index;ACTION==>get_manualList"
2017-09-24 22:58:55"MODULE==>Home;CTRL==>Index;ACTION==>manual"
2017-09-24 22:58:56"MODULE==>Home;CTRL==>Index;ACTION==>get_manual"
2017-09-24 22:58:56"MODULE==>Home;CTRL==>Index;ACTION==>get_manualList"
2017-09-24 22:59:08"MODULE==>Home;CTRL==>Index;ACTION==>manual"
2017-09-24 22:59:08"MODULE==>Home;CTRL==>Index;ACTION==>get_manual"
2017-09-24 22:59:08"MODULE==>Home;CTRL==>Index;ACTION==>get_manualList"
2017-09-24 22:59:10"MODULE==>Home;CTRL==>Index;ACTION==>manual"
2017-09-24 22:59:10"MODULE==>Home;CTRL==>Index;ACTION==>get_manual"
2017-09-24 22:59:10"MODULE==>Home;CTRL==>Index;ACTION==>get_manualList"
2017-09-24 22:59:12"MODULE==>Home;CTRL==>Index;ACTION==>manual"
2017-09-24 22:59:12"MODULE==>Home;CTRL==>Index;ACTION==>get_manual"
2017-09-24 22:59:12"MODULE==>Home;CTRL==>Index;ACTION==>get_manualList"
2017-09-24 22:59:36"MODULE==>Home;CTRL==>Index;ACTION==>get_manual"
2017-09-24 22:59:38"MODULE==>Home;CTRL==>Index;ACTION==>get_manual"
2017-09-24 22:59:39"MODULE==>Home;CTRL==>Index;ACTION==>get_manual"
2017-09-24 22:59:49"MODULE==>Home;CTRL==>Index;ACTION==>manual"
2017-09-24 22:59:49"MODULE==>Home;CTRL==>Index;ACTION==>get_manual"
2017-09-24 22:59:49"MODULE==>Home;CTRL==>Index;ACTION==>get_manualList"
2017-09-24 22:59:52"MODULE==>Home;CTRL==>Index;ACTION==>get_manual"
2017-09-24 22:59:53"MODULE==>Home;CTRL==>Index;ACTION==>get_manual"
2017-09-24 23:00:12"MODULE==>Home;CTRL==>Index;ACTION==>manual"
2017-09-24 23:00:12"MODULE==>Home;CTRL==>Index;ACTION==>get_manual"
2017-09-24 23:00:12"MODULE==>Home;CTRL==>Index;ACTION==>get_manualList"
2017-09-24 23:00:25"MODULE==>Home;CTRL==>Index;ACTION==>manual"
2017-09-24 23:00:25"MODULE==>Home;CTRL==>Index;ACTION==>get_manual"
2017-09-24 23:00:26"MODULE==>Home;CTRL==>Index;ACTION==>get_manualList"
2017-09-24 23:00:28"MODULE==>Home;CTRL==>Index;ACTION==>get_manual"
2017-09-24 23:00:29"MODULE==>Home;CTRL==>Index;ACTION==>get_manual"
2017-09-24 23:02:50"MODULE==>Home;CTRL==>Index;ACTION==>manual"
2017-09-24 23:02:50"MODULE==>Home;CTRL==>Index;ACTION==>get_manual"
2017-09-24 23:02:50"MODULE==>Home;CTRL==>Index;ACTION==>get_manualList"
2017-09-24 23:03:23"MODULE==>Home;CTRL==>Index;ACTION==>manual"
2017-09-24 23:03:24"MODULE==>Home;CTRL==>Index;ACTION==>get_manual"
2017-09-24 23:03:24"MODULE==>Home;CTRL==>Index;ACTION==>get_manualList"
2017-09-24 23:04:09"MODULE==>Home;CTRL==>Index;ACTION==>manual"
2017-09-24 23:04:09"MODULE==>Home;CTRL==>Index;ACTION==>get_manual"
2017-09-24 23:04:09"MODULE==>Home;CTRL==>Index;ACTION==>get_manualList"
2017-09-24 23:04:25"MODULE==>Home;CTRL==>Index;ACTION==>manual"
2017-09-24 23:04:26"MODULE==>Home;CTRL==>Index;ACTION==>get_manual"
2017-09-24 23:04:26"MODULE==>Home;CTRL==>Index;ACTION==>get_manualList"
2017-09-24 23:04:47"MODULE==>Home;CTRL==>Index;ACTION==>get_manual"
2017-09-24 23:04:47"MODULE==>Home;CTRL==>Index;ACTION==>get_manual"
2017-09-24 23:05:26"MODULE==>Home;CTRL==>Index;ACTION==>manual"
2017-09-24 23:05:26"MODULE==>Home;CTRL==>Index;ACTION==>get_manual"
2017-09-24 23:05:26"MODULE==>Home;CTRL==>Index;ACTION==>get_manualList"
2017-09-24 23:05:54"MODULE==>Home;CTRL==>Index;ACTION==>index"
2017-09-24 23:05:58"MODULE==>Admin;CTRL==>Index;ACTION==>index"
2017-09-24 23:05:58"MODULE==>Admin;CTRL==>Index;ACTION==>main"
2017-09-24 23:06:00"MODULE==>Admin;CTRL==>Manual;ACTION==>index"
2017-09-24 23:06:00"MODULE==>Admin;CTRL==>Manual;ACTION==>datas"
2017-09-24 23:06:02"MODULE==>Admin;CTRL==>Manual;ACTION==>edit_form"
2017-09-24 23:06:48"MODULE==>Admin;CTRL==>Manual;ACTION==>edit"
2017-09-24 23:06:48"MODULE==>Admin;CTRL==>Manual;ACTION==>index"
2017-09-24 23:06:48"MODULE==>Admin;CTRL==>Manual;ACTION==>datas"
2017-09-24 23:06:50"MODULE==>Admin;CTRL==>Manual;ACTION==>edit_form"
2017-09-24 23:06:57"MODULE==>Home;CTRL==>Index;ACTION==>manual"
2017-09-24 23:06:57"MODULE==>Home;CTRL==>Index;ACTION==>get_manual"
2017-09-24 23:06:58"MODULE==>Home;CTRL==>Index;ACTION==>get_manualList"
2017-09-24 23:07:21"MODULE==>Admin;CTRL==>Manual;ACTION==>edit"
2017-09-24 23:07:21"MODULE==>Admin;CTRL==>Manual;ACTION==>index"
2017-09-24 23:07:22"MODULE==>Admin;CTRL==>Manual;ACTION==>datas"
2017-09-24 23:07:22"MODULE==>Home;CTRL==>Index;ACTION==>manual"
2017-09-24 23:07:23"MODULE==>Home;CTRL==>Index;ACTION==>get_manual"
2017-09-24 23:07:23"MODULE==>Home;CTRL==>Index;ACTION==>get_manualList"
2017-09-24 23:07:48"MODULE==>Admin;CTRL==>Manual;ACTION==>edit_form"
2017-09-24 23:08:03"MODULE==>Admin;CTRL==>Manual;ACTION==>edit"
2017-09-24 23:08:03"MODULE==>Admin;CTRL==>Manual;ACTION==>index"
2017-09-24 23:08:03"MODULE==>Admin;CTRL==>Manual;ACTION==>datas"
2017-09-24 23:08:05"MODULE==>Home;CTRL==>Index;ACTION==>manual"
2017-09-24 23:08:05"MODULE==>Home;CTRL==>Index;ACTION==>get_manual"
2017-09-24 23:08:05"MODULE==>Home;CTRL==>Index;ACTION==>get_manualList"
2017-09-24 23:08:14"MODULE==>Admin;CTRL==>Manual;ACTION==>edit_form"
2017-09-24 23:08:25"MODULE==>Admin;CTRL==>Manual;ACTION==>edit"
2017-09-24 23:08:25"MODULE==>Admin;CTRL==>Manual;ACTION==>index"
2017-09-24 23:08:25"MODULE==>Admin;CTRL==>Manual;ACTION==>datas"
2017-09-24 23:08:27"MODULE==>Home;CTRL==>Index;ACTION==>manual"
2017-09-24 23:08:27"MODULE==>Home;CTRL==>Index;ACTION==>get_manual"
2017-09-24 23:08:27"MODULE==>Home;CTRL==>Index;ACTION==>get_manualList"
2017-09-24 23:08:29"MODULE==>Admin;CTRL==>Manual;ACTION==>edit_form"
2017-09-24 23:08:42"MODULE==>Admin;CTRL==>Manual;ACTION==>edit"
2017-09-24 23:08:42"MODULE==>Admin;CTRL==>Manual;ACTION==>index"
2017-09-24 23:08:43"MODULE==>Admin;CTRL==>Manual;ACTION==>datas"
2017-09-24 23:08:44"MODULE==>Admin;CTRL==>Manual;ACTION==>edit_form"
2017-09-24 23:09:06"MODULE==>Home;CTRL==>Index;ACTION==>manual"
2017-09-24 23:09:07"MODULE==>Home;CTRL==>Index;ACTION==>get_manual"
2017-09-24 23:09:07"MODULE==>Home;CTRL==>Index;ACTION==>get_manualList"
2017-09-24 23:09:13"MODULE==>Admin;CTRL==>Manual;ACTION==>edit"
2017-09-24 23:09:13"MODULE==>Admin;CTRL==>Manual;ACTION==>index"
2017-09-24 23:09:13"MODULE==>Admin;CTRL==>Manual;ACTION==>datas"
2017-09-24 23:09:15"MODULE==>Admin;CTRL==>Manual;ACTION==>edit_form"
2017-09-24 23:09:47"MODULE==>Admin;CTRL==>Manual;ACTION==>edit"
2017-09-24 23:09:47"MODULE==>Admin;CTRL==>Manual;ACTION==>index"
2017-09-24 23:09:47"MODULE==>Admin;CTRL==>Manual;ACTION==>datas"
2017-09-24 23:09:48"MODULE==>Home;CTRL==>Index;ACTION==>manual"
2017-09-24 23:09:48"MODULE==>Home;CTRL==>Index;ACTION==>get_manual"
2017-09-24 23:09:48"MODULE==>Home;CTRL==>Index;ACTION==>get_manualList"
2017-09-24 23:10:00"MODULE==>Admin;CTRL==>Manual;ACTION==>edit_form"
2017-09-24 23:10:21"MODULE==>Admin;CTRL==>Manual;ACTION==>edit"
2017-09-24 23:10:22"MODULE==>Admin;CTRL==>Manual;ACTION==>index"
2017-09-24 23:10:22"MODULE==>Admin;CTRL==>Manual;ACTION==>datas"
2017-09-24 23:10:23"MODULE==>Admin;CTRL==>Manual;ACTION==>edit_form"
2017-09-24 23:11:00"MODULE==>Admin;CTRL==>Manual;ACTION==>edit"
2017-09-24 23:11:00"MODULE==>Admin;CTRL==>Manual;ACTION==>index"
2017-09-24 23:11:00"MODULE==>Admin;CTRL==>Manual;ACTION==>datas"
2017-09-24 23:11:01"MODULE==>Admin;CTRL==>Manual;ACTION==>edit_form"
2017-09-24 23:11:04"MODULE==>Home;CTRL==>Index;ACTION==>manual"
2017-09-24 23:11:04"MODULE==>Home;CTRL==>Index;ACTION==>get_manual"
2017-09-24 23:11:04"MODULE==>Home;CTRL==>Index;ACTION==>get_manualList"
2017-09-24 23:11:18"MODULE==>Admin;CTRL==>Manual;ACTION==>edit_form"
2017-09-24 23:12:19"MODULE==>Admin;CTRL==>Manual;ACTION==>edit"
2017-09-24 23:12:19"MODULE==>Admin;CTRL==>Manual;ACTION==>index"
2017-09-24 23:12:19"MODULE==>Admin;CTRL==>Manual;ACTION==>datas"
2017-09-24 23:12:21"MODULE==>Home;CTRL==>Index;ACTION==>manual"
2017-09-24 23:12:21"MODULE==>Home;CTRL==>Index;ACTION==>get_manual"
2017-09-24 23:12:21"MODULE==>Home;CTRL==>Index;ACTION==>get_manualList"
2017-09-24 23:13:06"MODULE==>Home;CTRL==>Index;ACTION==>manual"
2017-09-24 23:13:06"MODULE==>Home;CTRL==>Index;ACTION==>get_manual"
2017-09-24 23:13:06"MODULE==>Home;CTRL==>Index;ACTION==>get_manualList"
2017-09-24 23:13:39"MODULE==>Home;CTRL==>Index;ACTION==>manual"
2017-09-24 23:13:40"MODULE==>Home;CTRL==>Index;ACTION==>get_manual"
2017-09-24 23:13:40"MODULE==>Home;CTRL==>Index;ACTION==>get_manualList"
2017-09-24 23:13:45"MODULE==>Admin;CTRL==>Manual;ACTION==>edit_form"
2017-09-24 23:16:47"MODULE==>Admin;CTRL==>Index;ACTION==>index"
2017-09-24 23:16:48"MODULE==>Admin;CTRL==>Index;ACTION==>main"
2017-09-24 23:17:28"MODULE==>Admin;CTRL==>Manual;ACTION==>index"
2017-09-24 23:17:28"MODULE==>Admin;CTRL==>Manual;ACTION==>datas"
2017-09-24 23:17:29"MODULE==>Admin;CTRL==>Manual;ACTION==>edit_form"
2017-09-24 23:18:00"MODULE==>Admin;CTRL==>Manual;ACTION==>edit"
2017-09-24 23:18:00"MODULE==>Admin;CTRL==>Manual;ACTION==>index"
2017-09-24 23:18:00"MODULE==>Admin;CTRL==>Manual;ACTION==>datas"
2017-09-24 23:18:01"MODULE==>Admin;CTRL==>Manual;ACTION==>edit_form"
2017-09-24 23:18:04"MODULE==>Home;CTRL==>Index;ACTION==>manual"
2017-09-24 23:18:05"MODULE==>Home;CTRL==>Index;ACTION==>get_manual"
2017-09-24 23:18:05"MODULE==>Home;CTRL==>Index;ACTION==>get_manualList"
2017-09-24 23:18:18"MODULE==>Admin;CTRL==>Manual;ACTION==>edit"
2017-09-24 23:18:18"MODULE==>Admin;CTRL==>Manual;ACTION==>index"
2017-09-24 23:18:18"MODULE==>Admin;CTRL==>Manual;ACTION==>datas"
2017-09-24 23:18:20"MODULE==>Home;CTRL==>Index;ACTION==>manual"
2017-09-24 23:18:20"MODULE==>Home;CTRL==>Index;ACTION==>get_manual"
2017-09-24 23:18:20"MODULE==>Home;CTRL==>Index;ACTION==>get_manualList"
2017-09-24 23:18:27"MODULE==>Admin;CTRL==>Manual;ACTION==>edit_form"
2017-09-24 23:18:33"MODULE==>Admin;CTRL==>Manual;ACTION==>edit"
2017-09-24 23:18:33"MODULE==>Admin;CTRL==>Manual;ACTION==>index"
2017-09-24 23:18:33"MODULE==>Admin;CTRL==>Manual;ACTION==>datas"
2017-09-24 23:18:34"MODULE==>Admin;CTRL==>Manual;ACTION==>edit_form"
2017-09-24 23:18:46"MODULE==>Admin;CTRL==>Manual;ACTION==>edit"
2017-09-24 23:18:46"MODULE==>Admin;CTRL==>Manual;ACTION==>index"
2017-09-24 23:18:46"MODULE==>Admin;CTRL==>Manual;ACTION==>datas"
2017-09-24 23:18:48"MODULE==>Home;CTRL==>Index;ACTION==>manual"
2017-09-24 23:18:48"MODULE==>Home;CTRL==>Index;ACTION==>get_manual"
2017-09-24 23:18:48"MODULE==>Home;CTRL==>Index;ACTION==>get_manualList"
2017-09-24 23:18:56"MODULE==>Admin;CTRL==>Manual;ACTION==>edit_form"
2017-09-24 23:19:39"MODULE==>Admin;CTRL==>Manual;ACTION==>edit"
2017-09-24 23:19:39"MODULE==>Admin;CTRL==>Manual;ACTION==>index"
2017-09-24 23:19:39"MODULE==>Admin;CTRL==>Manual;ACTION==>datas"
2017-09-24 23:19:40"MODULE==>Admin;CTRL==>Manual;ACTION==>edit_form"
2017-09-24 23:19:43"MODULE==>Home;CTRL==>Index;ACTION==>manual"
2017-09-24 23:19:43"MODULE==>Home;CTRL==>Index;ACTION==>get_manual"
2017-09-24 23:19:43"MODULE==>Home;CTRL==>Index;ACTION==>get_manualList"
2017-09-24 23:20:36"MODULE==>Admin;CTRL==>Manual;ACTION==>edit"
2017-09-24 23:20:36"MODULE==>Admin;CTRL==>Manual;ACTION==>index"
2017-09-24 23:20:36"MODULE==>Admin;CTRL==>Manual;ACTION==>datas"
2017-09-24 23:20:38"MODULE==>Admin;CTRL==>Manual;ACTION==>edit_form"
2017-09-24 23:20:51"MODULE==>Admin;CTRL==>Manual;ACTION==>edit"
2017-09-24 23:20:51"MODULE==>Admin;CTRL==>Manual;ACTION==>index"
2017-09-24 23:20:52"MODULE==>Admin;CTRL==>Manual;ACTION==>datas"
2017-09-24 23:20:53"MODULE==>Admin;CTRL==>Manual;ACTION==>edit_form"
2017-09-24 23:21:33"MODULE==>Admin;CTRL==>Manual;ACTION==>edit"
2017-09-24 23:21:33"MODULE==>Admin;CTRL==>Manual;ACTION==>index"
2017-09-24 23:21:33"MODULE==>Admin;CTRL==>Manual;ACTION==>datas"
2017-09-24 23:21:34"MODULE==>Admin;CTRL==>Manual;ACTION==>edit_form"
2017-09-24 23:21:41"MODULE==>Admin;CTRL==>Manual;ACTION==>edit"
2017-09-24 23:21:41"MODULE==>Admin;CTRL==>Manual;ACTION==>index"
2017-09-24 23:21:41"MODULE==>Admin;CTRL==>Manual;ACTION==>datas"
2017-09-24 23:21:42"MODULE==>Admin;CTRL==>Manual;ACTION==>edit_form"
2017-09-24 23:22:44"MODULE==>Admin;CTRL==>Manual;ACTION==>edit_form"
2017-09-24 23:23:01"MODULE==>Admin;CTRL==>Manual;ACTION==>edit_form"
2017-09-24 23:23:04"MODULE==>Admin;CTRL==>Manual;ACTION==>edit"
2017-09-24 23:23:04"MODULE==>Admin;CTRL==>Manual;ACTION==>index"
2017-09-24 23:23:04"MODULE==>Admin;CTRL==>Manual;ACTION==>datas"
2017-09-24 23:23:06"MODULE==>Home;CTRL==>Index;ACTION==>manual"
2017-09-24 23:23:06"MODULE==>Home;CTRL==>Index;ACTION==>get_manual"
2017-09-24 23:23:06"MODULE==>Home;CTRL==>Index;ACTION==>get_manualList"
2017-09-24 23:24:03"MODULE==>Admin;CTRL==>Manual;ACTION==>edit_form"
2017-09-24 23:24:05"MODULE==>Home;CTRL==>Index;ACTION==>manual"
2017-09-24 23:24:05"MODULE==>Home;CTRL==>Index;ACTION==>get_manual"
2017-09-24 23:24:05"MODULE==>Home;CTRL==>Index;ACTION==>get_manualList"
2017-09-24 23:24:14"MODULE==>Admin;CTRL==>Manual;ACTION==>edit"
2017-09-24 23:24:14"MODULE==>Admin;CTRL==>Manual;ACTION==>index"
2017-09-24 23:24:14"MODULE==>Admin;CTRL==>Manual;ACTION==>datas"
2017-09-24 23:24:15"MODULE==>Home;CTRL==>Index;ACTION==>manual"
2017-09-24 23:24:15"MODULE==>Home;CTRL==>Index;ACTION==>get_manual"
2017-09-24 23:24:15"MODULE==>Home;CTRL==>Index;ACTION==>get_manualList"
2017-09-24 23:25:55"MODULE==>Admin;CTRL==>Manual;ACTION==>edit_form"
2017-09-24 23:26:02"MODULE==>Admin;CTRL==>Manual;ACTION==>edit"
2017-09-24 23:26:02"MODULE==>Admin;CTRL==>Manual;ACTION==>index"
2017-09-24 23:26:02"MODULE==>Admin;CTRL==>Manual;ACTION==>datas"
2017-09-24 23:26:03"MODULE==>Home;CTRL==>Index;ACTION==>manual"
2017-09-24 23:26:03"MODULE==>Home;CTRL==>Index;ACTION==>get_manual"
2017-09-24 23:26:03"MODULE==>Home;CTRL==>Index;ACTION==>get_manualList"
2017-09-24 23:26:43"MODULE==>Admin;CTRL==>Manual;ACTION==>edit_form"
2017-09-24 23:26:53"MODULE==>Admin;CTRL==>Manual;ACTION==>edit_form"
2017-09-24 23:26:55"MODULE==>Admin;CTRL==>Manual;ACTION==>edit"
2017-09-24 23:26:55"MODULE==>Admin;CTRL==>Manual;ACTION==>index"
2017-09-24 23:26:55"MODULE==>Admin;CTRL==>Manual;ACTION==>datas"
2017-09-24 23:27:01"MODULE==>Admin;CTRL==>Manual;ACTION==>edit_form"
2017-09-24 23:27:05"MODULE==>Admin;CTRL==>Manual;ACTION==>edit"
2017-09-24 23:27:05"MODULE==>Admin;CTRL==>Manual;ACTION==>index"
2017-09-24 23:27:05"MODULE==>Admin;CTRL==>Manual;ACTION==>datas"
2017-09-24 23:27:37"MODULE==>Admin;CTRL==>Manual;ACTION==>edit_form"
2017-09-24 23:27:56"MODULE==>Admin;CTRL==>Manual;ACTION==>edit"
2017-09-24 23:27:56"MODULE==>Admin;CTRL==>Manual;ACTION==>index"
2017-09-24 23:27:56"MODULE==>Admin;CTRL==>Manual;ACTION==>datas"
2017-09-24 23:27:58"MODULE==>Admin;CTRL==>Manual;ACTION==>edit_form"
2017-09-24 23:27:59"MODULE==>Home;CTRL==>Index;ACTION==>manual"
2017-09-24 23:28:00"MODULE==>Home;CTRL==>Index;ACTION==>get_manual"
2017-09-24 23:28:00"MODULE==>Home;CTRL==>Index;ACTION==>get_manualList"
2017-09-24 23:29:31"MODULE==>Admin;CTRL==>Manual;ACTION==>edit"
2017-09-24 23:29:31"MODULE==>Admin;CTRL==>Manual;ACTION==>index"
2017-09-24 23:29:31"MODULE==>Admin;CTRL==>Manual;ACTION==>datas"
2017-09-24 23:29:33"MODULE==>Home;CTRL==>Index;ACTION==>manual"
2017-09-24 23:29:33"MODULE==>Home;CTRL==>Index;ACTION==>get_manual"
2017-09-24 23:29:33"MODULE==>Home;CTRL==>Index;ACTION==>get_manualList"
2017-09-24 23:32:11"MODULE==>Home;CTRL==>Index;ACTION==>manual"
2017-09-24 23:32:11"MODULE==>Home;CTRL==>Index;ACTION==>get_manual"
2017-09-24 23:32:11"MODULE==>Home;CTRL==>Index;ACTION==>get_manualList"
2017-09-24 23:33:24"MODULE==>Admin;CTRL==>Manual;ACTION==>edit_form"
2017-09-24 23:33:30"MODULE==>Admin;CTRL==>Manual;ACTION==>edit"
2017-09-24 23:33:30"MODULE==>Admin;CTRL==>Manual;ACTION==>index"
2017-09-24 23:33:30"MODULE==>Admin;CTRL==>Manual;ACTION==>datas"
2017-09-24 23:33:32"MODULE==>Home;CTRL==>Index;ACTION==>manual"
2017-09-24 23:33:32"MODULE==>Home;CTRL==>Index;ACTION==>get_manual"
2017-09-24 23:33:32"MODULE==>Home;CTRL==>Index;ACTION==>get_manualList"
2017-09-24 23:34:11"MODULE==>Home;CTRL==>Index;ACTION==>index"
2017-09-24 23:34:49"MODULE==>Admin;CTRL==>Manual;ACTION==>edit_form"
2017-09-24 23:34:59"MODULE==>Admin;CTRL==>Manual;ACTION==>edit"
2017-09-24 23:34:59"MODULE==>Admin;CTRL==>Manual;ACTION==>index"
2017-09-24 23:35:00"MODULE==>Admin;CTRL==>Manual;ACTION==>datas"
2017-09-24 23:35:01"MODULE==>Home;CTRL==>Index;ACTION==>manual"
2017-09-24 23:35:01"MODULE==>Home;CTRL==>Index;ACTION==>get_manual"
2017-09-24 23:35:01"MODULE==>Home;CTRL==>Index;ACTION==>get_manualList"
2017-09-24 23:44:06"MODULE==>Admin;CTRL==>Manual;ACTION==>add_form"
2017-09-24 23:44:14"MODULE==>Admin;CTRL==>Manual;ACTION==>add"
2017-09-24 23:44:14"MODULE==>Admin;CTRL==>Manual;ACTION==>index"
2017-09-24 23:44:14"MODULE==>Admin;CTRL==>Manual;ACTION==>datas"
2017-09-24 23:44:16"MODULE==>Home;CTRL==>Index;ACTION==>manual"
2017-09-24 23:44:16"MODULE==>Home;CTRL==>Index;ACTION==>get_manual"
2017-09-24 23:44:16"MODULE==>Home;CTRL==>Index;ACTION==>get_manualList"
2017-09-24 23:44:18"MODULE==>Home;CTRL==>Index;ACTION==>get_manual"
2017-09-24 23:44:52"MODULE==>Admin;CTRL==>Manual;ACTION==>edit_form"
2017-09-24 23:44:55"MODULE==>Admin;CTRL==>Manual;ACTION==>edit"
2017-09-24 23:44:55"MODULE==>Admin;CTRL==>Manual;ACTION==>index"
2017-09-24 23:44:55"MODULE==>Admin;CTRL==>Manual;ACTION==>datas"
2017-09-24 23:44:56"MODULE==>Home;CTRL==>Index;ACTION==>manual"
2017-09-24 23:44:57"MODULE==>Home;CTRL==>Index;ACTION==>get_manual"
2017-09-24 23:44:57"MODULE==>Home;CTRL==>Index;ACTION==>get_manualList"
2017-09-24 23:44:59"MODULE==>Home;CTRL==>Index;ACTION==>get_manual"
2017-09-24 23:45:16"MODULE==>Admin;CTRL==>Manual;ACTION==>edit_form"
2017-09-24 23:45:31"MODULE==>Admin;CTRL==>Manual;ACTION==>edit"
2017-09-24 23:45:31"MODULE==>Admin;CTRL==>Manual;ACTION==>index"
2017-09-24 23:45:31"MODULE==>Admin;CTRL==>Manual;ACTION==>datas"
2017-09-24 23:45:33"MODULE==>Home;CTRL==>Index;ACTION==>manual"
2017-09-24 23:45:33"MODULE==>Home;CTRL==>Index;ACTION==>get_manual"
2017-09-24 23:45:33"MODULE==>Home;CTRL==>Index;ACTION==>get_manualList"
2017-09-24 23:45:45"MODULE==>Home;CTRL==>Index;ACTION==>get_manual"
2017-09-24 23:45:50"MODULE==>Home;CTRL==>Index;ACTION==>get_manual"
2017-09-24 23:45:52"MODULE==>Home;CTRL==>Index;ACTION==>get_manual"
2017-09-24 23:45:57"MODULE==>Home;CTRL==>Index;ACTION==>get_manual"
2017-09-24 23:46:44"MODULE==>Admin;CTRL==>Manual;ACTION==>edit_form"
2017-09-24 23:46:49"MODULE==>Admin;CTRL==>Manual;ACTION==>edit"
2017-09-24 23:46:49"MODULE==>Admin;CTRL==>Manual;ACTION==>index"
2017-09-24 23:46:49"MODULE==>Admin;CTRL==>Manual;ACTION==>datas"
2017-09-24 23:46:51"MODULE==>Home;CTRL==>Index;ACTION==>manual"
2017-09-24 23:46:51"MODULE==>Home;CTRL==>Index;ACTION==>get_manual"
2017-09-24 23:46:51"MODULE==>Home;CTRL==>Index;ACTION==>get_manualList"
2017-09-24 23:46:52"MODULE==>Home;CTRL==>Index;ACTION==>get_manual"
2017-09-24 23:47:47"MODULE==>Home;CTRL==>Index;ACTION==>get_manual"
2017-09-24 23:47:47"MODULE==>Home;CTRL==>Index;ACTION==>get_manual"
2017-09-24 23:47:51"MODULE==>Home;CTRL==>Index;ACTION==>get_manual"
2017-09-24 23:54:28"MODULE==>Admin;CTRL==>Manual;ACTION==>edit_form"
2017-09-24 23:54:47"MODULE==>Admin;CTRL==>Manual;ACTION==>edit"
2017-09-24 23:54:47"MODULE==>Admin;CTRL==>Manual;ACTION==>index"
2017-09-24 23:54:47"MODULE==>Admin;CTRL==>Manual;ACTION==>datas"
2017-09-24 23:54:48"MODULE==>Home;CTRL==>Index;ACTION==>manual"
2017-09-24 23:54:48"MODULE==>Home;CTRL==>Index;ACTION==>get_manual"
2017-09-24 23:54:48"MODULE==>Home;CTRL==>Index;ACTION==>get_manualList"
2017-09-24 23:54:50"MODULE==>Home;CTRL==>Index;ACTION==>get_manual"
2017-09-24 23:56:03"MODULE==>Admin;CTRL==>Manual;ACTION==>edit_form"
2017-09-24 23:56:12"MODULE==>Admin;CTRL==>Manual;ACTION==>edit"
2017-09-24 23:56:12"MODULE==>Admin;CTRL==>Manual;ACTION==>index"
2017-09-24 23:56:12"MODULE==>Admin;CTRL==>Manual;ACTION==>datas"
2017-09-24 23:56:13"MODULE==>Home;CTRL==>Index;ACTION==>manual"
2017-09-24 23:56:14"MODULE==>Home;CTRL==>Index;ACTION==>get_manual"
2017-09-24 23:56:14"MODULE==>Home;CTRL==>Index;ACTION==>get_manualList"
2017-09-24 23:56:15"MODULE==>Home;CTRL==>Index;ACTION==>get_manual"
2017-09-24 23:56:28"MODULE==>Home;CTRL==>Index;ACTION==>get_manual"
2017-09-24 23:56:29"MODULE==>Home;CTRL==>Index;ACTION==>get_manual"
2017-09-24 23:56:29"MODULE==>Home;CTRL==>Index;ACTION==>get_manual"
2017-09-24 23:56:32"MODULE==>Home;CTRL==>Index;ACTION==>get_manual"
2017-09-24 23:56:33"MODULE==>Home;CTRL==>Index;ACTION==>get_manual"
2017-09-24 23:56:34"MODULE==>Home;CTRL==>Index;ACTION==>get_manual"
