2017-09-17 00:10:29"MODULE==>Home;CTRL==>Index;ACTION==>sql"
2017-09-17 00:16:20"MODULE==>Home;CTRL==>Index;ACTION==>index"
2017-09-17 00:16:30"MODULE==>Home;CTRL==>Index;ACTION==>index"
2017-09-17 00:16:36"MODULE==>Home;CTRL==>Index;ACTION==>index"
2017-09-17 00:16:40"MODULE==>Home;CTRL==>Index;ACTION==>index"
2017-09-17 00:16:44"MODULE==>Home;CTRL==>Index;ACTION==>index"
2017-09-17 00:16:51"MODULE==>Home;CTRL==>Index;ACTION==>index"
2017-09-17 00:17:20"MODULE==>Home;CTRL==>Index;ACTION==>index"
2017-09-17 00:17:24"MODULE==>Home;CTRL==>Index;ACTION==>index"
2017-09-17 00:17:25"MODULE==>Home;CTRL==>Index;ACTION==>index"
2017-09-17 00:17:35"MODULE==>Home;CTRL==>Index;ACTION==>index"
2017-09-17 00:18:18"MODULE==>Home;CTRL==>Index;ACTION==>index"
2017-09-17 00:18:36"MODULE==>Home;CTRL==>Index;ACTION==>index"
2017-09-17 00:19:49"MODULE==>Home;CTRL==>Index;ACTION==>index"
2017-09-17 00:19:54"MODULE==>Home;CTRL==>Index;ACTION==>index"
2017-09-17 00:22:26"MODULE==>Home;CTRL==>Index;ACTION==>index"
2017-09-17 00:24:15"MODULE==>Home;CTRL==>Index;ACTION==>index"
2017-09-17 00:24:22"MODULE==>Home;CTRL==>Index;ACTION==>index"
2017-09-17 00:24:46"MODULE==>Home;CTRL==>Index;ACTION==>index"
2017-09-17 00:25:38"MODULE==>Home;CTRL==>Index;ACTION==>index"
2017-09-17 00:25:40"MODULE==>Home;CTRL==>Index;ACTION==>index"
2017-09-17 00:25:40"MODULE==>Home;CTRL==>Index;ACTION==>index"
2017-09-17 00:25:49"MODULE==>Home;CTRL==>Index;ACTION==>index"
2017-09-17 00:25:59"MODULE==>Home;CTRL==>Index;ACTION==>index"
2017-09-17 00:26:04"MODULE==>Home;CTRL==>Index;ACTION==>index"
2017-09-17 00:26:52"MODULE==>Home;CTRL==>Index;ACTION==>index"
2017-09-17 00:27:42"MODULE==>Home;CTRL==>Index;ACTION==>index"
2017-09-17 00:27:53"MODULE==>Home;CTRL==>Index;ACTION==>index"
2017-09-17 00:27:59"MODULE==>Home;CTRL==>Index;ACTION==>index"
2017-09-17 00:31:50"MODULE==>Home;CTRL==>Index;ACTION==>index"
2017-09-17 00:32:39"MODULE==>Home;CTRL==>Index;ACTION==>index"
2017-09-17 00:32:44"MODULE==>Home;CTRL==>Index;ACTION==>index"
2017-09-17 00:32:50"MODULE==>Home;CTRL==>Index;ACTION==>index"
2017-09-17 00:34:54"MODULE==>Home;CTRL==>Index;ACTION==>index"
2017-09-17 00:35:03"MODULE==>Home;CTRL==>Index;ACTION==>url"
2017-09-17 00:36:04"MODULE==>Home;CTRL==>Index;ACTION==>url"
2017-09-17 00:36:17"MODULE==>Home;CTRL==>Index;ACTION==>url"
2017-09-17 00:36:39"MODULE==>Home;CTRL==>Index;ACTION==>url"
2017-09-17 00:36:51"MODULE==>Api;CTRL==>Index;ACTION==>get_dish"
2017-09-17 00:38:31"MODULE==>Api;CTRL==>Index;ACTION==>get_dish"
2017-09-17 00:40:31"MODULE==>Api;CTRL==>Index;ACTION==>get_dish"
2017-09-17 00:41:04"MODULE==>Api;CTRL==>Index;ACTION==>get_dish"
2017-09-17 00:42:14"MODULE==>Api;CTRL==>Index;ACTION==>get_dish"
2017-09-17 00:44:18"MODULE==>Api;CTRL==>Index;ACTION==>get_dish"
2017-09-17 01:03:45"MODULE==>Api;CTRL==>Index;ACTION==>get_dish"
2017-09-17 22:07:28"MODULE==>Home;CTRL==>Index;ACTION==>index"
2017-09-17 23:39:15"MODULE==>Home;CTRL==>Student;ACTION==>index"
2017-09-17 23:39:21"MODULE==>Home;CTRL==>Student;ACTION==>index"
2017-09-17 23:39:56"MODULE==>Home;CTRL==>Student;ACTION==>index"
2017-09-17 23:40:52"MODULE==>Home;CTRL==>Student;ACTION==>index"
2017-09-17 23:41:16"MODULE==>Home;CTRL==>Student;ACTION==>index"
2017-09-17 23:41:17"MODULE==>Home;CTRL==>Student;ACTION==>index"
2017-09-17 23:41:36"MODULE==>Home;CTRL==>Student;ACTION==>index"
2017-09-17 23:41:37"MODULE==>Home;CTRL==>Student;ACTION==>index"
2017-09-17 23:41:45"MODULE==>Home;CTRL==>Student;ACTION==>index"
2017-09-17 23:41:46"MODULE==>Home;CTRL==>Student;ACTION==>index"
2017-09-17 23:42:02"MODULE==>Home;CTRL==>Student;ACTION==>index"
2017-09-17 23:44:13"MODULE==>Home;CTRL==>Student;ACTION==>index"
2017-09-17 23:44:22"MODULE==>Home;CTRL==>Student;ACTION==>index"
2017-09-17 23:44:22"MODULE==>Home;CTRL==>Student;ACTION==>index"
2017-09-17 23:44:29"MODULE==>Home;CTRL==>Student;ACTION==>index"
2017-09-17 23:44:29"MODULE==>Home;CTRL==>Student;ACTION==>index"
2017-09-17 23:44:33"MODULE==>Home;CTRL==>Student;ACTION==>index"
2017-09-17 23:45:40"MODULE==>Home;CTRL==>Student;ACTION==>index"
2017-09-17 23:45:40"MODULE==>Home;CTRL==>Student;ACTION==>index"
2017-09-17 23:45:47"MODULE==>Home;CTRL==>Student;ACTION==>index"
2017-09-17 23:45:56"MODULE==>Home;CTRL==>Student;ACTION==>index"
2017-09-17 23:46:00"MODULE==>Home;CTRL==>Student;ACTION==>index"
2017-09-17 23:46:07"MODULE==>Home;CTRL==>Student;ACTION==>index"
2017-09-17 23:48:18"MODULE==>Home;CTRL==>Student;ACTION==>index"
2017-09-17 23:48:26"MODULE==>Home;CTRL==>Student;ACTION==>index"
2017-09-17 23:48:29"MODULE==>Home;CTRL==>Student;ACTION==>index"
2017-09-17 23:48:32"MODULE==>Home;CTRL==>Student;ACTION==>index"
2017-09-17 23:49:15"MODULE==>Home;CTRL==>Student;ACTION==>index"
2017-09-17 23:51:32"MODULE==>Home;CTRL==>Index;ACTION==>index"
2017-09-17 23:54:18"MODULE==>Home;CTRL==>Index;ACTION==>index"
2017-09-17 23:55:38"MODULE==>Home;CTRL==>Index;ACTION==>index"
2017-09-17 23:56:48"MODULE==>Home;CTRL==>Index;ACTION==>index"
2017-09-17 23:57:25"MODULE==>Home;CTRL==>Index;ACTION==>index"
2017-09-17 23:57:27"MODULE==>Home;CTRL==>Index;ACTION==>index"
2017-09-17 23:57:42"MODULE==>Home;CTRL==>Index;ACTION==>index"
2017-09-17 23:58:16"MODULE==>Home;CTRL==>Index;ACTION==>index"
2017-09-17 23:58:53"MODULE==>Home;CTRL==>Index;ACTION==>index"
2017-09-17 23:59:07"MODULE==>Home;CTRL==>Index;ACTION==>index"
2017-09-17 23:59:09"MODULE==>Home;CTRL==>Index;ACTION==>index"
2017-09-17 23:59:37"MODULE==>Home;CTRL==>Index;ACTION==>index"
2017-09-17 23:59:51"MODULE==>Home;CTRL==>Index;ACTION==>index"
