2017-09-28 07:11:05"MODULE==>Home;CTRL==>Index;ACTION==>index"
2017-09-28 07:14:51"MODULE==>Api;CTRL==>Index;ACTION==>checkThisWebIsOk"
2017-09-28 07:15:08"MODULE==>Api;CTRL==>Index;ACTION==>checkThisWebIsOk_php"
2017-09-28 07:15:51"MODULE==>Api;CTRL==>Index;ACTION==>checkThisWebIsOk"
2017-09-28 07:16:36"MODULE==>Api;CTRL==>Index;ACTION==>checkThisWebIsOk"
2017-09-28 07:17:05"MODULE==>Api;CTRL==>Index;ACTION==>checkThisWebIsOk_php"
2017-09-28 07:19:05"MODULE==>Api;CTRL==>Index;ACTION==>checkThisWebIsOk_php"
2017-09-28 07:19:05"MODULE==>Api;CTRL==>Index;ACTION==>checkThisWebIsOk_php"
2017-09-28 07:42:25"MODULE==>Home;CTRL==>Index;ACTION==>manual"
2017-09-28 07:42:28"MODULE==>Home;CTRL==>Index;ACTION==>manual"
2017-09-28 07:42:31"MODULE==>Home;CTRL==>Index;ACTION==>index"
2017-09-28 07:42:47"MODULE==>Home;CTRL==>Index;ACTION==>index"
2017-09-28 07:42:52"MODULE==>Home;CTRL==>Index;ACTION==>manual"
2017-09-28 07:43:31"MODULE==>Home;CTRL==>Index;ACTION==>manual"
2017-09-28 07:43:34"MODULE==>Home;CTRL==>Index;ACTION==>manual"
2017-09-28 07:43:46"MODULE==>Home;CTRL==>Index;ACTION==>manual"
2017-09-28 07:43:55"MODULE==>Home;CTRL==>Index;ACTION==>manual"
2017-09-28 07:44:12"MODULE==>Home;CTRL==>Index;ACTION==>manual"
2017-09-28 07:44:13"MODULE==>Home;CTRL==>Index;ACTION==>get_manual"
2017-09-28 07:44:34"MODULE==>Home;CTRL==>Index;ACTION==>manual"
2017-09-28 07:44:34"MODULE==>Home;CTRL==>Index;ACTION==>get_manual"
2017-09-28 07:44:34"MODULE==>Home;CTRL==>Index;ACTION==>get_manualList"
2017-09-28 07:44:36"MODULE==>Home;CTRL==>Index;ACTION==>get_manual"
2017-09-28 07:55:19"MODULE==>Api;CTRL==>Index;ACTION==>checkThisWebIsOk_php"
2017-09-28 07:56:07"MODULE==>Api;CTRL==>Index;ACTION==>checkThisWebIsOk_php"
2017-09-28 07:56:18"MODULE==>Api;CTRL==>Index;ACTION==>checkThisWebIsOk_php"
2017-09-28 07:56:21"MODULE==>Api;CTRL==>Index;ACTION==>checkThisWebIsOk_php"
2017-09-28 07:57:40"MODULE==>Api;CTRL==>Index;ACTION==>checkThisWebIsOk_php"
2017-09-28 07:57:41"MODULE==>Api;CTRL==>Index;ACTION==>checkThisWebIsOk_php"
2017-09-28 07:57:44"MODULE==>Api;CTRL==>Index;ACTION==>checkThisWebIsOk_php"
2017-09-28 07:57:47"MODULE==>Api;CTRL==>Index;ACTION==>checkThisWebIsOk_php"
2017-09-28 08:01:16"MODULE==>Api;CTRL==>Index;ACTION==>checkThisWebIsOk_php"
2017-09-28 08:01:26"MODULE==>Api;CTRL==>Index;ACTION==>checkThisWebIsOk_php"
2017-09-28 08:01:29"MODULE==>Api;CTRL==>Index;ACTION==>checkThisWebIsOk_php"
2017-09-28 08:01:56"MODULE==>Api;CTRL==>Index;ACTION==>checkThisWebIsOk_php"
2017-09-28 08:01:59"MODULE==>Api;CTRL==>Index;ACTION==>checkThisWebIsOk_php"
2017-09-28 08:02:37"MODULE==>Api;CTRL==>Index;ACTION==>checkThisWebIsOk_php"
2017-09-28 08:02:48"MODULE==>Api;CTRL==>Index;ACTION==>checkThisWebIsOk_php"
2017-09-28 08:02:48"MODULE==>Api;CTRL==>Index;ACTION==>checkThisWebIsOk_php"
2017-09-28 08:02:48"MODULE==>Api;CTRL==>Index;ACTION==>checkThisWebIsOk_php"
2017-09-28 08:02:55"MODULE==>Api;CTRL==>Index;ACTION==>checkThisWebIsOk_php"
2017-09-28 08:02:56"MODULE==>Api;CTRL==>Index;ACTION==>checkThisWebIsOk_php"
2017-09-28 08:02:56"MODULE==>Api;CTRL==>Index;ACTION==>checkThisWebIsOk_php"
2017-09-28 08:02:56"MODULE==>Api;CTRL==>Index;ACTION==>checkThisWebIsOk_php"
2017-09-28 08:02:58"MODULE==>Api;CTRL==>Index;ACTION==>checkThisWebIsOk_php"
2017-09-28 08:02:59"MODULE==>Api;CTRL==>Index;ACTION==>checkThisWebIsOk_php"
2017-09-28 08:03:01"MODULE==>Api;CTRL==>Index;ACTION==>checkThisWebIsOk_php"
2017-09-28 08:03:02"MODULE==>Api;CTRL==>Index;ACTION==>checkThisWebIsOk_php"
2017-09-28 08:03:19"MODULE==>Api;CTRL==>Index;ACTION==>checkThisWebIsOk_php"
2017-09-28 08:03:21"MODULE==>Api;CTRL==>Index;ACTION==>checkThisWebIsOk_php"
2017-09-28 08:03:25"MODULE==>Api;CTRL==>Index;ACTION==>checkThisWebIsOk_php"
2017-09-28 08:03:27"MODULE==>Api;CTRL==>Index;ACTION==>checkThisWebIsOk_php"
2017-09-28 08:03:29"MODULE==>Api;CTRL==>Index;ACTION==>checkThisWebIsOk_php"
2017-09-28 08:03:56"MODULE==>Api;CTRL==>Index;ACTION==>checkThisWebIsOk_php"
2017-09-28 08:03:58"MODULE==>Api;CTRL==>Index;ACTION==>checkThisWebIsOk_php"
2017-09-28 08:04:00"MODULE==>Api;CTRL==>Index;ACTION==>checkThisWebIsOk_php"
2017-09-28 08:04:01"MODULE==>Api;CTRL==>Index;ACTION==>checkThisWebIsOk"
2017-09-28 08:04:01"MODULE==>Api;CTRL==>Index;ACTION==>checkThisWebIsOk"
2017-09-28 08:04:01"MODULE==>Api;CTRL==>Index;ACTION==>checkThisWebIsOk"
2017-09-28 08:04:02"MODULE==>Api;CTRL==>Index;ACTION==>checkThisWebIsOk"
2017-09-28 08:05:29"MODULE==>Api;CTRL==>Index;ACTION==>checkThisWebIsOk_php"
2017-09-28 08:05:31"MODULE==>Api;CTRL==>Index;ACTION==>checkThisWebIsOk_php"
2017-09-28 08:05:33"MODULE==>Api;CTRL==>Index;ACTION==>checkThisWebIsOk_php"
2017-09-28 08:05:33"MODULE==>Api;CTRL==>Index;ACTION==>checkThisWebIsOk"
2017-09-28 08:05:33"MODULE==>Api;CTRL==>Index;ACTION==>checkThisWebIsOk"
2017-09-28 08:05:34"MODULE==>Api;CTRL==>Index;ACTION==>checkThisWebIsOk"
2017-09-28 08:05:34"MODULE==>Api;CTRL==>Index;ACTION==>checkThisWebIsOk"
2017-09-28 08:05:34"MODULE==>Api;CTRL==>Index;ACTION==>checkThisWebIsOk"
2017-09-28 08:06:30"MODULE==>Api;CTRL==>Index;ACTION==>checkThisWebIsOk_php"
2017-09-28 08:06:47"MODULE==>Api;CTRL==>Index;ACTION==>checkThisWebIsOk_php"
2017-09-28 08:06:49"MODULE==>Api;CTRL==>Index;ACTION==>checkThisWebIsOk_php"
2017-09-28 08:06:50"MODULE==>Api;CTRL==>Index;ACTION==>checkThisWebIsOk"
2017-09-28 08:06:50"MODULE==>Api;CTRL==>Index;ACTION==>checkThisWebIsOk"
2017-09-28 08:06:50"MODULE==>Api;CTRL==>Index;ACTION==>checkThisWebIsOk_php"
2017-09-28 08:06:51"MODULE==>Api;CTRL==>Index;ACTION==>checkThisWebIsOk"
2017-09-28 08:07:10"MODULE==>Api;CTRL==>Index;ACTION==>checkThisWebIsOk_php"
2017-09-28 08:07:12"MODULE==>Api;CTRL==>Index;ACTION==>checkThisWebIsOk_php"
2017-09-28 08:07:13"MODULE==>Api;CTRL==>Index;ACTION==>checkThisWebIsOk_php"
2017-09-28 08:07:14"MODULE==>Api;CTRL==>Index;ACTION==>checkThisWebIsOk"
2017-09-28 08:07:14"MODULE==>Api;CTRL==>Index;ACTION==>checkThisWebIsOk"
2017-09-28 08:07:15"MODULE==>Api;CTRL==>Index;ACTION==>checkThisWebIsOk"
2017-09-28 08:07:15"MODULE==>Api;CTRL==>Index;ACTION==>checkThisWebIsOk"
2017-09-28 08:07:15"MODULE==>Api;CTRL==>Index;ACTION==>checkThisWebIsOk"
2017-09-28 08:07:19"MODULE==>Api;CTRL==>Index;ACTION==>checkThisWebIsOk_php"
2017-09-28 08:07:23"MODULE==>Api;CTRL==>Index;ACTION==>checkThisWebIsOk_php"
2017-09-28 08:07:25"MODULE==>Api;CTRL==>Index;ACTION==>checkThisWebIsOk_php"
2017-09-28 08:14:23"MODULE==>Api;CTRL==>Index;ACTION==>checkThisWebIsOk_php"
2017-09-28 08:14:25"MODULE==>Api;CTRL==>Index;ACTION==>checkThisWebIsOk_php"
2017-09-28 08:14:27"MODULE==>Api;CTRL==>Index;ACTION==>checkThisWebIsOk_php"
2017-09-28 08:14:36"MODULE==>Api;CTRL==>Index;ACTION==>checkThisWebIsOk_php"
2017-09-28 08:14:59"MODULE==>Api;CTRL==>Index;ACTION==>checkThisWebIsOk_php"
2017-09-28 08:15:18"MODULE==>Api;CTRL==>Index;ACTION==>checkThisWebIsOk_php"
2017-09-28 08:15:22"MODULE==>Api;CTRL==>Index;ACTION==>checkThisWebIsOk_php"
2017-09-28 08:15:29"MODULE==>Api;CTRL==>Index;ACTION==>checkThisWebIsOk_php"
2017-09-28 08:15:32"MODULE==>Api;CTRL==>Index;ACTION==>checkThisWebIsOk_php"
2017-09-28 08:15:34"MODULE==>Api;CTRL==>Index;ACTION==>checkThisWebIsOk_php"
2017-09-28 08:15:39"MODULE==>Api;CTRL==>Index;ACTION==>checkThisWebIsOk_php"
2017-09-28 08:15:41"MODULE==>Api;CTRL==>Index;ACTION==>checkThisWebIsOk_php"
2017-09-28 08:15:49"MODULE==>Api;CTRL==>Index;ACTION==>checkThisWebIsOk_php"
2017-09-28 08:17:53"MODULE==>Api;CTRL==>Index;ACTION==>checkThisWebIsOk_php"
2017-09-28 08:17:54"MODULE==>Api;CTRL==>Index;ACTION==>checkThisWebIsOk_php"
2017-09-28 08:17:55"MODULE==>Api;CTRL==>Index;ACTION==>checkThisWebIsOk_php"
2017-09-28 08:17:59"MODULE==>Api;CTRL==>Index;ACTION==>checkThisWebIsOk_php"
2017-09-28 08:18:08"MODULE==>Api;CTRL==>Index;ACTION==>checkThisWebIsOk_php"
2017-09-28 08:18:39"MODULE==>Api;CTRL==>Index;ACTION==>checkThisWebIsOk_php"
2017-09-28 08:18:50"MODULE==>Api;CTRL==>Index;ACTION==>checkThisWebIsOk_php"
2017-09-28 08:19:00"MODULE==>Api;CTRL==>Index;ACTION==>checkThisWebIsOk_php"
2017-09-28 08:21:01"MODULE==>Api;CTRL==>Index;ACTION==>checkThisWebIsOk_php"
2017-09-28 08:21:08"MODULE==>Api;CTRL==>Index;ACTION==>checkThisWebIsOk_php"
2017-09-28 08:28:41"MODULE==>Api;CTRL==>Index;ACTION==>checkThisWebIsOk_php"
2017-09-28 08:28:47"MODULE==>Api;CTRL==>Index;ACTION==>checkThisWebIsOk_php"
2017-09-28 08:28:54"MODULE==>Api;CTRL==>Index;ACTION==>checkThisWebIsOk_php"
2017-09-28 08:28:56"MODULE==>Api;CTRL==>Index;ACTION==>checkThisWebIsOk_php"
2017-09-28 08:29:47"MODULE==>Api;CTRL==>Index;ACTION==>checkThisWebIsOk_php"
2017-09-28 08:30:02"MODULE==>Api;CTRL==>Index;ACTION==>checkThisWebIsOk_php"
2017-09-28 08:30:17"MODULE==>Api;CTRL==>Index;ACTION==>checkThisWebIsOk_php"
2017-09-28 08:30:42"MODULE==>Api;CTRL==>Index;ACTION==>checkThisWebIsOk_php"
2017-09-28 08:30:51"MODULE==>Api;CTRL==>Index;ACTION==>checkThisWebIsOk_php"
2017-09-28 08:31:02"MODULE==>Api;CTRL==>Index;ACTION==>checkThisWebIsOk_php"
2017-09-28 08:31:07"MODULE==>Api;CTRL==>Index;ACTION==>checkThisWebIsOk_php"
2017-09-28 08:31:16"MODULE==>Api;CTRL==>Index;ACTION==>checkThisWebIsOk_php"
2017-09-28 08:31:27"MODULE==>Api;CTRL==>Index;ACTION==>checkThisWebIsOk_php"
2017-09-28 08:31:57"MODULE==>Api;CTRL==>Index;ACTION==>checkThisWebIsOk"
2017-09-28 08:32:23"MODULE==>Api;CTRL==>Index;ACTION==>checkThisWebIsOk_php"
2017-09-28 08:32:23"MODULE==>Api;CTRL==>Index;ACTION==>checkThisWebIsOk"
2017-09-28 08:32:34"MODULE==>Api;CTRL==>Index;ACTION==>checkThisWebIsOk_php"
2017-09-28 08:32:34"MODULE==>Api;CTRL==>Index;ACTION==>checkThisWebIsOk"
2017-09-28 08:32:47"MODULE==>Api;CTRL==>Index;ACTION==>checkThisWebIsOk_php"
2017-09-28 08:32:48"MODULE==>Api;CTRL==>Index;ACTION==>checkThisWebIsOk"
2017-09-28 08:32:52"MODULE==>Api;CTRL==>Index;ACTION==>checkThisWebIsOk_php"
2017-09-28 08:32:53"MODULE==>Api;CTRL==>Index;ACTION==>checkThisWebIsOk"
2017-09-28 08:33:05"MODULE==>Api;CTRL==>Index;ACTION==>checkThisWebIsOk_php"
2017-09-28 08:33:06"MODULE==>Api;CTRL==>Index;ACTION==>checkThisWebIsOk"
2017-09-28 08:45:42"MODULE==>Api;CTRL==>Index;ACTION==>checkThisWebIsOk_php"
2017-09-28 08:45:48"MODULE==>Api;CTRL==>Index;ACTION==>checkThisWebIsOk_php"
2017-09-28 08:46:04"MODULE==>Api;CTRL==>Index;ACTION==>checkThisWebIsOk_php"
2017-09-28 08:46:13"MODULE==>Api;CTRL==>Index;ACTION==>checkThisWebIsOk_php"
2017-09-28 08:46:14"MODULE==>Api;CTRL==>Index;ACTION==>checkThisWebIsOk_php"
2017-09-28 08:46:14"MODULE==>Api;CTRL==>Index;ACTION==>checkThisWebIsOk_php"
2017-09-28 08:46:22"MODULE==>Api;CTRL==>Index;ACTION==>checkThisWebIsOk_php"
2017-09-28 08:46:30"MODULE==>Api;CTRL==>Index;ACTION==>checkThisWebIsOk_php"
2017-09-28 08:46:39"MODULE==>Api;CTRL==>Index;ACTION==>checkThisWebIsOk_php"
2017-09-28 08:47:29"MODULE==>Api;CTRL==>Index;ACTION==>checkThisWebIsOk_php"
2017-09-28 08:47:30"MODULE==>Api;CTRL==>Index;ACTION==>checkThisWebIsOk"
2017-09-28 08:47:32"MODULE==>Api;CTRL==>Index;ACTION==>checkThisWebIsOk"
2017-09-28 08:47:46"MODULE==>Api;CTRL==>Index;ACTION==>checkThisWebIsOk"
2017-09-28 08:47:49"MODULE==>Api;CTRL==>Index;ACTION==>checkThisWebIsOk"
2017-09-28 09:07:02"MODULE==>Home;CTRL==>Index;ACTION==>index"
2017-09-28 09:07:20"MODULE==>Home;CTRL==>Index;ACTION==>index"
2017-09-28 09:07:21"MODULE==>Home;CTRL==>Index;ACTION==>index"
2017-09-28 09:40:08"MODULE==>Home;CTRL==>Index;ACTION==>index"
2017-09-28 09:40:30"MODULE==>Home;CTRL==>Index;ACTION==>index"
2017-09-28 09:40:31"MODULE==>Home;CTRL==>Index;ACTION==>manual"
2017-09-28 09:40:46"MODULE==>Home;CTRL==>Index;ACTION==>manual"
2017-09-28 09:40:49"MODULE==>Home;CTRL==>Index;ACTION==>index"
2017-09-28 09:40:54"MODULE==>Home;CTRL==>Index;ACTION==>manual"
2017-09-28 09:41:06"MODULE==>Home;CTRL==>Index;ACTION==>index"
2017-09-28 09:41:08"MODULE==>Home;CTRL==>Index;ACTION==>manual"
2017-09-28 09:41:27"MODULE==>Home;CTRL==>Index;ACTION==>index"
2017-09-28 09:41:29"MODULE==>Home;CTRL==>Index;ACTION==>manual"
2017-09-28 09:41:36"MODULE==>Home;CTRL==>Index;ACTION==>index"
2017-09-28 09:42:09"MODULE==>Home;CTRL==>Index;ACTION==>index"
2017-09-28 09:42:10"MODULE==>Home;CTRL==>Index;ACTION==>manual"
2017-09-28 09:42:14"MODULE==>Home;CTRL==>Index;ACTION==>index"
2017-09-28 09:42:24"MODULE==>Home;CTRL==>Index;ACTION==>index"
2017-09-28 09:42:29"MODULE==>Home;CTRL==>Index;ACTION==>manual"
2017-09-28 09:43:48"MODULE==>Home;CTRL==>Index;ACTION==>index"
2017-09-28 09:43:50"MODULE==>Home;CTRL==>Index;ACTION==>manual"
2017-09-28 09:43:50"MODULE==>Home;CTRL==>Index;ACTION==>get_manual"
2017-09-28 09:43:50"MODULE==>Home;CTRL==>Index;ACTION==>get_manualList"
2017-09-28 09:43:52"MODULE==>Home;CTRL==>Index;ACTION==>get_manual"
2017-09-28 09:43:53"MODULE==>Home;CTRL==>Index;ACTION==>get_manual"
2017-09-28 09:43:53"MODULE==>Home;CTRL==>Index;ACTION==>get_manual"
2017-09-28 09:43:54"MODULE==>Home;CTRL==>Index;ACTION==>get_manual"
2017-09-28 09:44:17"MODULE==>Home;CTRL==>Index;ACTION==>manual"
2017-09-28 09:45:55"MODULE==>Home;CTRL==>Index;ACTION==>index"
2017-09-28 09:45:57"MODULE==>Home;CTRL==>Index;ACTION==>manual"
2017-09-28 09:49:40"MODULE==>Home;CTRL==>Index;ACTION==>index"
2017-09-28 09:49:41"MODULE==>Home;CTRL==>Index;ACTION==>manual"
2017-09-28 09:50:36"MODULE==>Home;CTRL==>Index;ACTION==>index"
2017-09-28 09:50:38"MODULE==>Home;CTRL==>Index;ACTION==>manual"
2017-09-28 09:52:09"MODULE==>Home;CTRL==>Index;ACTION==>index"
2017-09-28 09:52:10"MODULE==>Home;CTRL==>Index;ACTION==>manual"
2017-09-28 09:52:21"MODULE==>Home;CTRL==>Index;ACTION==>index"
2017-09-28 09:52:30"MODULE==>Home;CTRL==>Index;ACTION==>index"
2017-09-28 09:52:31"MODULE==>Home;CTRL==>Index;ACTION==>manual"
2017-09-28 09:52:52"MODULE==>Home;CTRL==>Index;ACTION==>manual"
2017-09-28 09:53:10"MODULE==>Home;CTRL==>Index;ACTION==>index"
2017-09-28 09:53:11"MODULE==>Home;CTRL==>Index;ACTION==>manual"
2017-09-28 09:58:20"MODULE==>Home;CTRL==>Index;ACTION==>index"
2017-09-28 09:58:21"MODULE==>Home;CTRL==>Index;ACTION==>manual"
2017-09-28 09:59:11"MODULE==>Home;CTRL==>Index;ACTION==>index"
2017-09-28 09:59:12"MODULE==>Home;CTRL==>Index;ACTION==>manual"
2017-09-28 09:59:12"MODULE==>Home;CTRL==>Index;ACTION==>get_manual"
2017-09-28 09:59:12"MODULE==>Home;CTRL==>Index;ACTION==>get_manualList"
2017-09-28 09:59:14"MODULE==>Home;CTRL==>Index;ACTION==>get_manual"
2017-09-28 10:01:05"MODULE==>Home;CTRL==>Index;ACTION==>manual"
2017-09-28 10:01:10"MODULE==>Home;CTRL==>Index;ACTION==>index"
2017-09-28 10:01:13"MODULE==>Home;CTRL==>Index;ACTION==>index"
2017-09-28 10:01:18"MODULE==>Home;CTRL==>Index;ACTION==>index"
2017-09-28 10:01:21"MODULE==>Home;CTRL==>Index;ACTION==>manual"
2017-09-28 10:01:25"MODULE==>Home;CTRL==>Index;ACTION==>index"
2017-09-28 10:01:32"MODULE==>Home;CTRL==>Index;ACTION==>index"
2017-09-28 10:02:16"MODULE==>Home;CTRL==>Index;ACTION==>index"
2017-09-28 10:02:17"MODULE==>Home;CTRL==>Index;ACTION==>manual"
2017-09-28 10:02:21"MODULE==>Home;CTRL==>Index;ACTION==>index"
2017-09-28 10:02:33"MODULE==>Home;CTRL==>Index;ACTION==>manual"
2017-09-28 10:02:34"MODULE==>Home;CTRL==>Index;ACTION==>get_manual"
2017-09-28 10:02:34"MODULE==>Home;CTRL==>Index;ACTION==>get_manualList"
2017-09-28 10:02:35"MODULE==>Home;CTRL==>Index;ACTION==>get_manual"
2017-09-28 10:02:36"MODULE==>Home;CTRL==>Index;ACTION==>get_manual"
2017-09-28 10:02:43"MODULE==>Home;CTRL==>Index;ACTION==>index"
2017-09-28 10:02:45"MODULE==>Home;CTRL==>Index;ACTION==>manual"
2017-09-28 10:02:45"MODULE==>Home;CTRL==>Index;ACTION==>get_manual"
2017-09-28 10:02:45"MODULE==>Home;CTRL==>Index;ACTION==>get_manualList"
2017-09-28 10:02:45"MODULE==>Home;CTRL==>Index;ACTION==>index"
2017-09-28 10:03:21"MODULE==>Home;CTRL==>Index;ACTION==>index"
2017-09-28 10:03:24"MODULE==>Home;CTRL==>Index;ACTION==>index"
2017-09-28 10:03:34"MODULE==>Home;CTRL==>Index;ACTION==>manual"
2017-09-28 10:03:34"MODULE==>Home;CTRL==>Index;ACTION==>get_manual"
2017-09-28 10:03:35"MODULE==>Home;CTRL==>Index;ACTION==>get_manualList"
2017-09-28 10:03:38"MODULE==>Home;CTRL==>Index;ACTION==>manual"
2017-09-28 10:03:38"MODULE==>Home;CTRL==>Index;ACTION==>get_manual"
2017-09-28 10:03:38"MODULE==>Home;CTRL==>Index;ACTION==>get_manualList"
2017-09-28 10:04:17"MODULE==>Home;CTRL==>Index;ACTION==>test"
2017-09-28 10:04:32"MODULE==>Home;CTRL==>Index;ACTION==>test"
2017-09-28 10:04:34"MODULE==>Home;CTRL==>Index;ACTION==>test"
2017-09-28 10:05:12"MODULE==>Home;CTRL==>Index;ACTION==>test"
2017-09-28 10:05:28"MODULE==>Home;CTRL==>Index;ACTION==>test"
2017-09-28 10:07:32"MODULE==>Home;CTRL==>Index;ACTION==>test"
2017-09-28 10:07:46"MODULE==>Home;CTRL==>Index;ACTION==>test"
2017-09-28 10:08:25"MODULE==>Home;CTRL==>Index;ACTION==>url4"
2017-09-28 10:08:26"MODULE==>Home;CTRL==>Index;ACTION==>url4"
2017-09-28 10:08:27"MODULE==>Home;CTRL==>Index;ACTION==>url4"
2017-09-28 10:08:28"MODULE==>Home;CTRL==>Index;ACTION==>url4"
2017-09-28 10:08:28"MODULE==>Home;CTRL==>Index;ACTION==>url4"
2017-09-28 10:08:29"MODULE==>Home;CTRL==>Index;ACTION==>url4"
2017-09-28 12:56:02"MODULE==>Home;CTRL==>Index;ACTION==>index"
2017-09-28 12:56:04"MODULE==>Home;CTRL==>Index;ACTION==>manual"
2017-09-28 12:56:04"MODULE==>Home;CTRL==>Index;ACTION==>get_manual"
2017-09-28 12:56:04"MODULE==>Home;CTRL==>Index;ACTION==>get_manualList"
2017-09-28 12:56:05"MODULE==>Home;CTRL==>Index;ACTION==>get_manual"
2017-09-28 12:56:20"MODULE==>Home;CTRL==>Index;ACTION==>manual"
2017-09-28 12:56:21"MODULE==>Home;CTRL==>Index;ACTION==>get_manual"
2017-09-28 12:56:21"MODULE==>Home;CTRL==>Index;ACTION==>get_manualList"
2017-09-28 12:56:34"MODULE==>Home;CTRL==>Index;ACTION==>manual"
2017-09-28 12:56:34"MODULE==>Home;CTRL==>Index;ACTION==>get_manual"
2017-09-28 12:56:34"MODULE==>Home;CTRL==>Index;ACTION==>get_manualList"
2017-09-28 12:56:35"MODULE==>Home;CTRL==>Index;ACTION==>manual"
2017-09-28 12:56:35"MODULE==>Home;CTRL==>Index;ACTION==>get_manual"
2017-09-28 12:56:35"MODULE==>Home;CTRL==>Index;ACTION==>get_manualList"
2017-09-28 12:56:59"MODULE==>Home;CTRL==>Index;ACTION==>manual"
2017-09-28 12:57:00"MODULE==>Home;CTRL==>Index;ACTION==>get_manual"
2017-09-28 12:57:00"MODULE==>Home;CTRL==>Index;ACTION==>get_manualList"
2017-09-28 12:57:03"MODULE==>Home;CTRL==>Index;ACTION==>manual"
2017-09-28 12:57:04"MODULE==>Home;CTRL==>Index;ACTION==>get_manual"
2017-09-28 12:57:04"MODULE==>Home;CTRL==>Index;ACTION==>get_manualList"
2017-09-28 12:57:06"MODULE==>Home;CTRL==>Index;ACTION==>get_manual"
2017-09-28 12:57:21"MODULE==>Home;CTRL==>Index;ACTION==>manual"
2017-09-28 12:57:21"MODULE==>Home;CTRL==>Index;ACTION==>get_manual"
2017-09-28 12:57:22"MODULE==>Home;CTRL==>Index;ACTION==>get_manualList"
2017-09-28 12:57:41"MODULE==>Home;CTRL==>Index;ACTION==>manual"
2017-09-28 12:57:41"MODULE==>Home;CTRL==>Index;ACTION==>get_manual"
2017-09-28 12:57:42"MODULE==>Home;CTRL==>Index;ACTION==>get_manualList"
2017-09-28 13:01:51"MODULE==>Home;CTRL==>Index;ACTION==>get_manual"
2017-09-28 13:01:52"MODULE==>Home;CTRL==>Index;ACTION==>get_manual"
2017-09-28 13:06:34"MODULE==>Home;CTRL==>Index;ACTION==>manual"
2017-09-28 13:06:34"MODULE==>Home;CTRL==>Index;ACTION==>get_manual"
2017-09-28 13:06:34"MODULE==>Home;CTRL==>Index;ACTION==>get_manualList"
2017-09-28 13:06:37"MODULE==>Home;CTRL==>Index;ACTION==>get_manual"
2017-09-28 13:06:38"MODULE==>Home;CTRL==>Index;ACTION==>get_manual"
2017-09-28 13:06:46"MODULE==>Home;CTRL==>Index;ACTION==>manual"
2017-09-28 13:06:47"MODULE==>Home;CTRL==>Index;ACTION==>get_manual"
2017-09-28 13:06:47"MODULE==>Home;CTRL==>Index;ACTION==>get_manualList"
2017-09-28 13:06:48"MODULE==>Home;CTRL==>Index;ACTION==>get_manual"
2017-09-28 13:06:49"MODULE==>Home;CTRL==>Index;ACTION==>get_manual"
2017-09-28 13:08:23"MODULE==>Home;CTRL==>Index;ACTION==>manual"
2017-09-28 13:08:23"MODULE==>Home;CTRL==>Index;ACTION==>get_manual"
2017-09-28 13:08:23"MODULE==>Home;CTRL==>Index;ACTION==>get_manualList"
2017-09-28 13:09:10"MODULE==>Home;CTRL==>Index;ACTION==>manual"
2017-09-28 13:09:10"MODULE==>Home;CTRL==>Index;ACTION==>get_manual"
2017-09-28 13:09:10"MODULE==>Home;CTRL==>Index;ACTION==>get_manualList"
2017-09-28 13:09:12"MODULE==>Home;CTRL==>Index;ACTION==>get_manual"
2017-09-28 13:09:21"MODULE==>Home;CTRL==>Index;ACTION==>manual"
2017-09-28 13:09:21"MODULE==>Home;CTRL==>Index;ACTION==>get_manual"
2017-09-28 13:09:21"MODULE==>Home;CTRL==>Index;ACTION==>get_manualList"
2017-09-28 13:09:22"MODULE==>Home;CTRL==>Index;ACTION==>get_manual"
2017-09-28 13:09:23"MODULE==>Home;CTRL==>Index;ACTION==>get_manual"
2017-09-28 13:11:01"MODULE==>Home;CTRL==>Index;ACTION==>get_manual"
2017-09-28 13:11:02"MODULE==>Home;CTRL==>Index;ACTION==>get_manual"
2017-09-28 13:11:13"MODULE==>Home;CTRL==>Index;ACTION==>get_manual"
2017-09-28 13:11:33"MODULE==>Home;CTRL==>Index;ACTION==>manual"
2017-09-28 13:11:34"MODULE==>Home;CTRL==>Index;ACTION==>get_manual"
2017-09-28 13:11:36"MODULE==>Home;CTRL==>Index;ACTION==>get_manualList"
2017-09-28 13:11:43"MODULE==>Home;CTRL==>Index;ACTION==>get_manual"
2017-09-28 13:11:48"MODULE==>Home;CTRL==>Index;ACTION==>get_manual"
2017-09-28 13:11:57"MODULE==>Home;CTRL==>Index;ACTION==>get_manual"
2017-09-28 13:12:03"MODULE==>Home;CTRL==>Index;ACTION==>get_manual"
2017-09-28 13:12:19"MODULE==>Home;CTRL==>Index;ACTION==>get_manual"
2017-09-28 13:19:41"MODULE==>Home;CTRL==>Index;ACTION==>manual"
2017-09-28 13:19:50"MODULE==>Home;CTRL==>Index;ACTION==>get_manual"
2017-09-28 13:19:50"MODULE==>Home;CTRL==>Index;ACTION==>get_manualList"
2017-09-28 13:19:58"MODULE==>Home;CTRL==>Index;ACTION==>get_manual"
2017-09-28 13:20:05"MODULE==>Home;CTRL==>Index;ACTION==>get_manual"
2017-09-28 13:23:46"MODULE==>Home;CTRL==>Index;ACTION==>get_manual"
2017-09-28 13:24:23"MODULE==>Home;CTRL==>Index;ACTION==>manual"
2017-09-28 13:24:24"MODULE==>Home;CTRL==>Index;ACTION==>get_manual"
2017-09-28 13:24:26"MODULE==>Home;CTRL==>Index;ACTION==>get_manualList"
2017-09-28 13:24:32"MODULE==>Home;CTRL==>Index;ACTION==>get_manual"
2017-09-28 13:24:36"MODULE==>Home;CTRL==>Index;ACTION==>get_manual"
2017-09-28 13:26:15"MODULE==>Home;CTRL==>Index;ACTION==>manual"
2017-09-28 13:26:15"MODULE==>Home;CTRL==>Index;ACTION==>get_manual"
2017-09-28 13:26:17"MODULE==>Home;CTRL==>Index;ACTION==>get_manualList"
2017-09-28 13:26:21"MODULE==>Home;CTRL==>Index;ACTION==>get_manual"
2017-09-28 13:26:27"MODULE==>Home;CTRL==>Index;ACTION==>get_manual"
2017-09-28 13:27:09"MODULE==>Home;CTRL==>Index;ACTION==>get_manual"
2017-09-28 13:27:23"MODULE==>Home;CTRL==>Index;ACTION==>get_manual"
2017-09-28 13:27:27"MODULE==>Home;CTRL==>Index;ACTION==>get_manual"
2017-09-28 13:27:28"MODULE==>Home;CTRL==>Index;ACTION==>get_manual"
2017-09-28 13:27:29"MODULE==>Home;CTRL==>Index;ACTION==>get_manual"
2017-09-28 13:27:32"MODULE==>Home;CTRL==>Index;ACTION==>get_manual"
2017-09-28 13:27:36"MODULE==>Home;CTRL==>Index;ACTION==>get_manual"
2017-09-28 13:27:39"MODULE==>Home;CTRL==>Index;ACTION==>get_manual"
2017-09-28 13:27:41"MODULE==>Home;CTRL==>Index;ACTION==>get_manual"
2017-09-28 13:27:43"MODULE==>Home;CTRL==>Index;ACTION==>get_manual"
2017-09-28 13:27:46"MODULE==>Home;CTRL==>Index;ACTION==>get_manual"
2017-09-28 13:27:46"MODULE==>Home;CTRL==>Index;ACTION==>get_manual"
2017-09-28 13:27:47"MODULE==>Home;CTRL==>Index;ACTION==>get_manual"
2017-09-28 13:27:48"MODULE==>Home;CTRL==>Index;ACTION==>get_manual"
2017-09-28 13:27:48"MODULE==>Home;CTRL==>Index;ACTION==>get_manual"
2017-09-28 13:27:49"MODULE==>Home;CTRL==>Index;ACTION==>get_manual"
2017-09-28 13:27:51"MODULE==>Home;CTRL==>Index;ACTION==>get_manual"
2017-09-28 13:27:53"MODULE==>Home;CTRL==>Index;ACTION==>get_manual"
2017-09-28 13:27:53"MODULE==>Home;CTRL==>Index;ACTION==>get_manual"
2017-09-28 13:27:59"MODULE==>Home;CTRL==>Index;ACTION==>get_manual"
2017-09-28 13:28:02"MODULE==>Home;CTRL==>Index;ACTION==>get_manual"
2017-09-28 13:28:03"MODULE==>Home;CTRL==>Index;ACTION==>get_manual"
2017-09-28 13:28:13"MODULE==>Home;CTRL==>Index;ACTION==>get_manual"
2017-09-28 13:28:15"MODULE==>Home;CTRL==>Index;ACTION==>get_manual"
2017-09-28 13:28:15"MODULE==>Home;CTRL==>Index;ACTION==>get_manual"
2017-09-28 13:28:17"MODULE==>Home;CTRL==>Index;ACTION==>get_manual"
2017-09-28 13:28:19"MODULE==>Home;CTRL==>Index;ACTION==>get_manual"
2017-09-28 13:28:20"MODULE==>Home;CTRL==>Index;ACTION==>get_manual"
2017-09-28 13:28:29"MODULE==>Home;CTRL==>Index;ACTION==>get_manual"
2017-09-28 13:28:30"MODULE==>Home;CTRL==>Index;ACTION==>get_manual"
2017-09-28 13:28:45"MODULE==>Home;CTRL==>Index;ACTION==>get_manual"
2017-09-28 13:28:47"MODULE==>Home;CTRL==>Index;ACTION==>get_manual"
2017-09-28 13:28:55"MODULE==>Home;CTRL==>Index;ACTION==>get_manual"
2017-09-28 13:29:49"MODULE==>Home;CTRL==>Index;ACTION==>manual"
2017-09-28 13:29:49"MODULE==>Home;CTRL==>Index;ACTION==>get_manual"
2017-09-28 13:29:51"MODULE==>Home;CTRL==>Index;ACTION==>get_manualList"
2017-09-28 13:29:54"MODULE==>Home;CTRL==>Index;ACTION==>get_manual"
2017-09-28 13:30:01"MODULE==>Home;CTRL==>Index;ACTION==>get_manual"
2017-09-28 13:30:05"MODULE==>Home;CTRL==>Index;ACTION==>get_manual"
2017-09-28 13:30:18"MODULE==>Home;CTRL==>Index;ACTION==>get_manual"
2017-09-28 13:30:24"MODULE==>Home;CTRL==>Index;ACTION==>get_manual"
2017-09-28 13:30:36"MODULE==>Home;CTRL==>Index;ACTION==>get_manual"
2017-09-28 13:31:12"MODULE==>Home;CTRL==>Index;ACTION==>manual"
2017-09-28 13:31:12"MODULE==>Home;CTRL==>Index;ACTION==>get_manual"
2017-09-28 13:31:14"MODULE==>Home;CTRL==>Index;ACTION==>get_manualList"
2017-09-28 13:31:18"MODULE==>Home;CTRL==>Index;ACTION==>get_manual"
2017-09-28 13:31:23"MODULE==>Home;CTRL==>Index;ACTION==>get_manual"
2017-09-28 13:31:31"MODULE==>Home;CTRL==>Index;ACTION==>get_manual"
2017-09-28 13:31:41"MODULE==>Home;CTRL==>Index;ACTION==>get_manual"
2017-09-28 13:31:47"MODULE==>Home;CTRL==>Index;ACTION==>get_manual"
2017-09-28 13:32:11"MODULE==>Home;CTRL==>Index;ACTION==>get_manual"
2017-09-28 13:32:17"MODULE==>Home;CTRL==>Index;ACTION==>get_manual"
2017-09-28 13:32:42"MODULE==>Home;CTRL==>Index;ACTION==>get_manual"
2017-09-28 13:32:42"MODULE==>Home;CTRL==>Index;ACTION==>get_manual"
2017-09-28 13:32:43"MODULE==>Home;CTRL==>Index;ACTION==>get_manual"
2017-09-28 13:32:45"MODULE==>Home;CTRL==>Index;ACTION==>get_manual"
2017-09-28 13:32:47"MODULE==>Home;CTRL==>Index;ACTION==>get_manual"
2017-09-28 13:32:55"MODULE==>Home;CTRL==>Index;ACTION==>manual"
2017-09-28 13:32:55"MODULE==>Home;CTRL==>Index;ACTION==>get_manual"
2017-09-28 13:32:56"MODULE==>Home;CTRL==>Index;ACTION==>get_manualList"
2017-09-28 13:32:57"MODULE==>Home;CTRL==>Index;ACTION==>get_manual"
2017-09-28 13:32:59"MODULE==>Home;CTRL==>Index;ACTION==>get_manual"
2017-09-28 13:33:06"MODULE==>Home;CTRL==>Index;ACTION==>get_manual"
2017-09-28 13:33:10"MODULE==>Home;CTRL==>Index;ACTION==>get_manual"
2017-09-28 13:33:15"MODULE==>Home;CTRL==>Index;ACTION==>get_manual"
2017-09-28 13:33:17"MODULE==>Home;CTRL==>Index;ACTION==>get_manual"
2017-09-28 13:33:20"MODULE==>Home;CTRL==>Index;ACTION==>get_manual"
2017-09-28 13:33:23"MODULE==>Home;CTRL==>Index;ACTION==>get_manual"
2017-09-28 13:33:25"MODULE==>Home;CTRL==>Index;ACTION==>get_manual"
2017-09-28 13:40:23"MODULE==>Home;CTRL==>Index;ACTION==>manual"
2017-09-28 13:40:23"MODULE==>Home;CTRL==>Index;ACTION==>get_manual"
2017-09-28 13:40:26"MODULE==>Home;CTRL==>Index;ACTION==>manual"
2017-09-28 13:40:26"MODULE==>Home;CTRL==>Index;ACTION==>get_manual"
2017-09-28 13:40:34"MODULE==>Home;CTRL==>Index;ACTION==>manual"
2017-09-28 13:40:34"MODULE==>Home;CTRL==>Index;ACTION==>get_manual"
2017-09-28 13:40:35"MODULE==>Home;CTRL==>Index;ACTION==>get_manualList"
2017-09-28 13:41:17"MODULE==>Home;CTRL==>Index;ACTION==>manual"
2017-09-28 13:41:17"MODULE==>Home;CTRL==>Index;ACTION==>get_manual"
2017-09-28 13:41:17"MODULE==>Home;CTRL==>Index;ACTION==>get_manualList"
2017-09-28 13:41:42"MODULE==>Home;CTRL==>Index;ACTION==>manual"
2017-09-28 13:41:42"MODULE==>Home;CTRL==>Index;ACTION==>get_manual"
2017-09-28 13:41:42"MODULE==>Home;CTRL==>Index;ACTION==>get_manualList"
2017-09-28 13:45:36"MODULE==>Home;CTRL==>Index;ACTION==>test"
2017-09-28 13:46:23"MODULE==>Home;CTRL==>Index;ACTION==>test"
2017-09-28 13:46:24"MODULE==>Home;CTRL==>Index;ACTION==>test"
2017-09-28 13:46:24"MODULE==>Home;CTRL==>Index;ACTION==>test"
2017-09-28 13:46:30"MODULE==>Home;CTRL==>Index;ACTION==>test"
2017-09-28 13:47:07"MODULE==>Home;CTRL==>Index;ACTION==>test"
2017-09-28 13:47:48"MODULE==>Home;CTRL==>Index;ACTION==>test"
2017-09-28 13:47:56"MODULE==>Home;CTRL==>Index;ACTION==>test"
2017-09-28 13:48:29"MODULE==>Home;CTRL==>Index;ACTION==>test"
2017-09-28 13:48:47"MODULE==>Home;CTRL==>Index;ACTION==>test"
2017-09-28 13:51:12"MODULE==>Home;CTRL==>Index;ACTION==>test"
2017-09-28 13:51:26"MODULE==>Home;CTRL==>Index;ACTION==>test"
2017-09-28 13:51:40"MODULE==>Home;CTRL==>Index;ACTION==>test"
2017-09-28 13:51:47"MODULE==>Home;CTRL==>Index;ACTION==>test"
2017-09-28 13:52:34"MODULE==>Home;CTRL==>Index;ACTION==>test"
2017-09-28 13:52:39"MODULE==>Home;CTRL==>Index;ACTION==>test"
2017-09-28 13:52:46"MODULE==>Home;CTRL==>Index;ACTION==>test"
2017-09-28 13:53:51"MODULE==>Home;CTRL==>Index;ACTION==>test"
2017-09-28 13:54:33"MODULE==>Home;CTRL==>Index;ACTION==>test"
2017-09-28 13:54:44"MODULE==>Home;CTRL==>Index;ACTION==>test"
2017-09-28 13:54:49"MODULE==>Home;CTRL==>Index;ACTION==>test"
2017-09-28 13:55:26"MODULE==>Home;CTRL==>Index;ACTION==>test"
2017-09-28 13:55:27"MODULE==>Home;CTRL==>Index;ACTION==>test"
2017-09-28 13:55:27"MODULE==>Home;CTRL==>Index;ACTION==>test"
2017-09-28 13:55:40"MODULE==>Home;CTRL==>Index;ACTION==>test"
2017-09-28 13:55:52"MODULE==>Home;CTRL==>Index;ACTION==>test"
2017-09-28 13:56:00"MODULE==>Home;CTRL==>Index;ACTION==>test"
2017-09-28 14:00:48"MODULE==>Home;CTRL==>Index;ACTION==>test"
2017-09-28 14:00:57"MODULE==>Home;CTRL==>Index;ACTION==>test"
2017-09-28 14:01:03"MODULE==>Home;CTRL==>Index;ACTION==>test"
2017-09-28 14:01:34"MODULE==>Home;CTRL==>Index;ACTION==>test"
2017-09-28 14:01:54"MODULE==>Home;CTRL==>Index;ACTION==>test"
2017-09-28 14:02:16"MODULE==>Home;CTRL==>Index;ACTION==>test"
2017-09-28 14:05:18"MODULE==>Admin;CTRL==>Index;ACTION==>index"
2017-09-28 14:05:18"MODULE==>Admin;CTRL==>Index;ACTION==>main"
2017-09-28 14:05:20"MODULE==>Admin;CTRL==>Manual;ACTION==>index"
2017-09-28 14:05:20"MODULE==>Admin;CTRL==>Manual;ACTION==>datas"
2017-09-28 14:05:22"MODULE==>Admin;CTRL==>Manual;ACTION==>edit_form"
2017-09-28 14:05:26"MODULE==>Admin;CTRL==>Manual;ACTION==>edit"
2017-09-28 14:05:26"MODULE==>Admin;CTRL==>Manual;ACTION==>index"
2017-09-28 14:05:26"MODULE==>Admin;CTRL==>Manual;ACTION==>datas"
2017-09-28 14:05:33"MODULE==>Home;CTRL==>Index;ACTION==>manual"
2017-09-28 14:05:33"MODULE==>Home;CTRL==>Index;ACTION==>get_manual"
2017-09-28 14:05:33"MODULE==>Home;CTRL==>Index;ACTION==>get_manualList"
2017-09-28 14:05:35"MODULE==>Home;CTRL==>Index;ACTION==>get_manual"
2017-09-28 14:06:06"MODULE==>Home;CTRL==>Index;ACTION==>test"
2017-09-28 14:06:08"MODULE==>Home;CTRL==>Index;ACTION==>test"
2017-09-28 14:06:09"MODULE==>Home;CTRL==>Index;ACTION==>test"
2017-09-28 14:06:13"MODULE==>Home;CTRL==>Index;ACTION==>test"
2017-09-28 14:08:33"MODULE==>Admin;CTRL==>Index;ACTION==>index"
2017-09-28 14:08:33"MODULE==>Admin;CTRL==>Index;ACTION==>main"
2017-09-28 14:08:35"MODULE==>Admin;CTRL==>Manual;ACTION==>index"
2017-09-28 14:08:35"MODULE==>Admin;CTRL==>Manual;ACTION==>datas"
2017-09-28 14:08:36"MODULE==>Admin;CTRL==>Manual;ACTION==>edit_form"
2017-09-28 14:08:41"MODULE==>Admin;CTRL==>Manual;ACTION==>edit"
2017-09-28 14:08:41"MODULE==>Admin;CTRL==>Manual;ACTION==>index"
2017-09-28 14:08:41"MODULE==>Admin;CTRL==>Manual;ACTION==>datas"
2017-09-28 14:08:45"MODULE==>Home;CTRL==>Index;ACTION==>manual"
2017-09-28 14:08:45"MODULE==>Home;CTRL==>Index;ACTION==>get_manual"
2017-09-28 14:08:45"MODULE==>Home;CTRL==>Index;ACTION==>get_manualList"
2017-09-28 14:08:46"MODULE==>Home;CTRL==>Index;ACTION==>get_manual"
2017-09-28 14:09:13"MODULE==>Home;CTRL==>Index;ACTION==>get_manual"
2017-09-28 14:09:16"MODULE==>Home;CTRL==>Index;ACTION==>get_manual"
2017-09-28 14:09:18"MODULE==>Home;CTRL==>Index;ACTION==>get_manual"
2017-09-28 14:09:19"MODULE==>Home;CTRL==>Index;ACTION==>get_manual"
2017-09-28 14:09:20"MODULE==>Home;CTRL==>Index;ACTION==>get_manual"
2017-09-28 14:09:21"MODULE==>Home;CTRL==>Index;ACTION==>get_manual"
2017-09-28 14:09:22"MODULE==>Home;CTRL==>Index;ACTION==>get_manual"
2017-09-28 14:09:23"MODULE==>Home;CTRL==>Index;ACTION==>get_manual"
2017-09-28 14:09:24"MODULE==>Home;CTRL==>Index;ACTION==>get_manual"
2017-09-28 14:09:25"MODULE==>Home;CTRL==>Index;ACTION==>get_manual"
2017-09-28 14:09:27"MODULE==>Home;CTRL==>Index;ACTION==>get_manual"
2017-09-28 14:17:35"MODULE==>Admin;CTRL==>Index;ACTION==>index"
2017-09-28 14:17:35"MODULE==>Admin;CTRL==>Index;ACTION==>main"
2017-09-28 14:25:43"MODULE==>Home;CTRL==>Index;ACTION==>test"
2017-09-28 14:29:32"MODULE==>Home;CTRL==>Index;ACTION==>test"
2017-09-28 14:31:30"MODULE==>Home;CTRL==>Index;ACTION==>test"
2017-09-28 14:32:06"MODULE==>Home;CTRL==>Index;ACTION==>test"
2017-09-28 14:32:33"MODULE==>Home;CTRL==>Index;ACTION==>test"
2017-09-28 14:33:07"MODULE==>Home;CTRL==>Index;ACTION==>test"
2017-09-28 14:33:21"MODULE==>Home;CTRL==>Index;ACTION==>test"
2017-09-28 14:33:33"MODULE==>Home;CTRL==>Index;ACTION==>test"
2017-09-28 14:39:49"MODULE==>Admin;CTRL==>Manual;ACTION==>index"
2017-09-28 14:39:50"MODULE==>Admin;CTRL==>Manual;ACTION==>datas"
2017-09-28 14:39:51"MODULE==>Admin;CTRL==>Manual;ACTION==>edit_form"
2017-09-28 14:42:01"MODULE==>Admin;CTRL==>Manual;ACTION==>edit"
2017-09-28 14:42:01"MODULE==>Admin;CTRL==>Manual;ACTION==>index"
2017-09-28 14:42:01"MODULE==>Admin;CTRL==>Manual;ACTION==>datas"
2017-09-28 14:42:06"MODULE==>Home;CTRL==>Index;ACTION==>manual"
2017-09-28 14:42:06"MODULE==>Home;CTRL==>Index;ACTION==>get_manual"
2017-09-28 14:42:07"MODULE==>Home;CTRL==>Index;ACTION==>get_manualList"
2017-09-28 14:42:08"MODULE==>Home;CTRL==>Index;ACTION==>get_manual"
2017-09-28 14:42:51"MODULE==>Home;CTRL==>Index;ACTION==>get_manual"
2017-09-28 14:42:52"MODULE==>Home;CTRL==>Index;ACTION==>get_manual"
2017-09-28 14:47:13"MODULE==>Home;CTRL==>Index;ACTION==>get_manual"
2017-09-28 14:47:16"MODULE==>Home;CTRL==>Index;ACTION==>get_manual"
2017-09-28 14:47:18"MODULE==>Home;CTRL==>Index;ACTION==>get_manual"
2017-09-28 21:02:20"MODULE==>Home;CTRL==>Index;ACTION==>get_manual"
2017-09-28 21:02:21"MODULE==>Home;CTRL==>Index;ACTION==>get_manual"
2017-09-28 21:02:22"MODULE==>Home;CTRL==>Index;ACTION==>get_manual"
2017-09-28 21:02:23"MODULE==>Home;CTRL==>Index;ACTION==>get_manual"
2017-09-28 21:02:23"MODULE==>Home;CTRL==>Index;ACTION==>get_manual"
2017-09-28 21:02:24"MODULE==>Home;CTRL==>Index;ACTION==>get_manual"
2017-09-28 21:02:25"MODULE==>Home;CTRL==>Index;ACTION==>get_manual"
2017-09-28 21:02:25"MODULE==>Home;CTRL==>Index;ACTION==>get_manual"
2017-09-28 21:02:26"MODULE==>Home;CTRL==>Index;ACTION==>get_manual"
2017-09-28 21:02:27"MODULE==>Home;CTRL==>Index;ACTION==>get_manual"
2017-09-28 21:02:28"MODULE==>Home;CTRL==>Index;ACTION==>get_manual"
2017-09-28 21:02:33"MODULE==>Admin;CTRL==>Manual;ACTION==>datas"
2017-09-28 21:02:34"MODULE==>Admin;CTRL==>Manual;ACTION==>datas"
2017-09-28 21:02:36"MODULE==>Admin;CTRL==>Manual;ACTION==>edit_form"
2017-09-28 21:02:50"MODULE==>Admin;CTRL==>Manual;ACTION==>edit"
2017-09-28 21:02:51"MODULE==>Admin;CTRL==>Manual;ACTION==>index"
2017-09-28 21:02:51"MODULE==>Admin;CTRL==>Manual;ACTION==>datas"
2017-09-28 21:02:55"MODULE==>Home;CTRL==>Index;ACTION==>get_manual"
2017-09-28 21:02:56"MODULE==>Home;CTRL==>Index;ACTION==>get_manual"
2017-09-28 21:03:00"MODULE==>Home;CTRL==>Index;ACTION==>get_manual"
2017-09-28 21:03:01"MODULE==>Home;CTRL==>Index;ACTION==>get_manual"
2017-09-28 21:03:02"MODULE==>Home;CTRL==>Index;ACTION==>get_manual"
2017-09-28 21:03:03"MODULE==>Home;CTRL==>Index;ACTION==>get_manual"
2017-09-28 21:03:04"MODULE==>Home;CTRL==>Index;ACTION==>get_manual"
2017-09-28 21:03:09"MODULE==>Home;CTRL==>Index;ACTION==>get_manual"
2017-09-28 21:03:12"MODULE==>Home;CTRL==>Index;ACTION==>get_manual"
2017-09-28 21:03:13"MODULE==>Home;CTRL==>Index;ACTION==>get_manual"
2017-09-28 21:03:14"MODULE==>Home;CTRL==>Index;ACTION==>get_manual"
2017-09-28 21:03:15"MODULE==>Home;CTRL==>Index;ACTION==>get_manual"
2017-09-28 21:03:16"MODULE==>Home;CTRL==>Index;ACTION==>get_manual"
2017-09-28 21:15:26"MODULE==>Home;CTRL==>Index;ACTION==>test"
2017-09-28 21:18:28"MODULE==>Home;CTRL==>Index;ACTION==>test"
2017-09-28 21:19:44"MODULE==>Home;CTRL==>Index;ACTION==>test"
2017-09-28 21:19:45"MODULE==>Home;CTRL==>Index;ACTION==>test"
2017-09-28 21:19:46"MODULE==>Home;CTRL==>Index;ACTION==>test"
2017-09-28 21:20:25"MODULE==>Home;CTRL==>Index;ACTION==>test"
2017-09-28 21:20:45"MODULE==>Home;CTRL==>Index;ACTION==>test"
2017-09-28 21:20:46"MODULE==>Home;CTRL==>Index;ACTION==>test"
2017-09-28 21:21:17"MODULE==>Home;CTRL==>Index;ACTION==>test"
2017-09-28 21:22:02"MODULE==>Home;CTRL==>Index;ACTION==>test"
2017-09-28 21:22:33"MODULE==>Home;CTRL==>Index;ACTION==>test"
2017-09-28 21:28:53"MODULE==>Home;CTRL==>Index;ACTION==>test"
2017-09-28 21:30:11"MODULE==>Home;CTRL==>Index;ACTION==>test"
2017-09-28 21:30:14"MODULE==>Home;CTRL==>Index;ACTION==>test"
2017-09-28 21:30:19"MODULE==>Home;CTRL==>Index;ACTION==>test"
2017-09-28 21:30:20"MODULE==>Home;CTRL==>Index;ACTION==>test"
2017-09-28 21:30:27"MODULE==>Home;CTRL==>Index;ACTION==>test"
2017-09-28 21:30:28"MODULE==>Home;CTRL==>Index;ACTION==>test"
2017-09-28 21:30:32"MODULE==>Home;CTRL==>Index;ACTION==>test"
2017-09-28 21:31:38"MODULE==>Admin;CTRL==>Index;ACTION==>index"
2017-09-28 21:31:38"MODULE==>Admin;CTRL==>Index;ACTION==>main"
2017-09-28 21:31:40"MODULE==>Home;CTRL==>Index;ACTION==>test"
2017-09-28 21:34:47"MODULE==>Home;CTRL==>Index;ACTION==>test"
2017-09-28 21:37:48"MODULE==>Home;CTRL==>Index;ACTION==>test"
2017-09-28 21:37:49"MODULE==>Home;CTRL==>Index;ACTION==>test"
2017-09-28 21:39:18"MODULE==>Home;CTRL==>Index;ACTION==>test"
2017-09-28 21:41:33"MODULE==>Home;CTRL==>Index;ACTION==>test"
2017-09-28 21:41:38"MODULE==>Home;CTRL==>Index;ACTION==>test"
2017-09-28 21:42:26"MODULE==>Home;CTRL==>Index;ACTION==>test"
2017-09-28 21:42:32"MODULE==>Home;CTRL==>Index;ACTION==>test"
2017-09-28 21:42:46"MODULE==>Home;CTRL==>Index;ACTION==>test"
2017-09-28 21:42:47"MODULE==>Home;CTRL==>Index;ACTION==>test"
2017-09-28 21:42:54"MODULE==>Home;CTRL==>Index;ACTION==>test"
2017-09-28 21:44:14"MODULE==>Home;CTRL==>Index;ACTION==>test"
2017-09-28 21:44:46"MODULE==>Home;CTRL==>Index;ACTION==>test"
2017-09-28 21:44:59"MODULE==>Home;CTRL==>Index;ACTION==>test"
2017-09-28 21:45:51"MODULE==>Home;CTRL==>Index;ACTION==>test"
2017-09-28 21:45:54"MODULE==>Home;CTRL==>Index;ACTION==>test"
2017-09-28 21:47:45"MODULE==>Admin;CTRL==>Manual;ACTION==>index"
2017-09-28 21:47:45"MODULE==>Admin;CTRL==>Manual;ACTION==>datas"
2017-09-28 21:47:46"MODULE==>Admin;CTRL==>Manual;ACTION==>edit_form"
2017-09-28 21:47:50"MODULE==>Admin;CTRL==>Manual;ACTION==>edit"
2017-09-28 21:47:50"MODULE==>Admin;CTRL==>Manual;ACTION==>index"
2017-09-28 21:47:50"MODULE==>Admin;CTRL==>Manual;ACTION==>datas"
2017-09-28 21:47:53"MODULE==>Home;CTRL==>Index;ACTION==>get_manual"
2017-09-28 21:47:53"MODULE==>Home;CTRL==>Index;ACTION==>get_manual"
2017-09-28 21:49:01"MODULE==>Admin;CTRL==>Manual;ACTION==>edit_form"
2017-09-28 21:49:06"MODULE==>Admin;CTRL==>Manual;ACTION==>edit"
2017-09-28 21:49:06"MODULE==>Admin;CTRL==>Manual;ACTION==>index"
2017-09-28 21:49:06"MODULE==>Admin;CTRL==>Manual;ACTION==>datas"
2017-09-28 21:49:08"MODULE==>Home;CTRL==>Index;ACTION==>get_manual"
2017-09-28 21:49:09"MODULE==>Home;CTRL==>Index;ACTION==>get_manual"
2017-09-28 21:56:07"MODULE==>Home;CTRL==>Index;ACTION==>test"
2017-09-28 21:56:09"MODULE==>Home;CTRL==>Index;ACTION==>test"
2017-09-28 21:56:25"MODULE==>Home;CTRL==>Index;ACTION==>test"
2017-09-28 21:56:26"MODULE==>Home;CTRL==>Index;ACTION==>test"
2017-09-28 21:56:41"MODULE==>Home;CTRL==>Index;ACTION==>test"
2017-09-28 21:56:54"MODULE==>Home;CTRL==>Index;ACTION==>test"
2017-09-28 21:56:54"MODULE==>Home;CTRL==>Index;ACTION==>test"
2017-09-28 21:57:26"MODULE==>Home;CTRL==>Index;ACTION==>test"
2017-09-28 21:57:27"MODULE==>Home;CTRL==>Index;ACTION==>test"
2017-09-28 21:57:38"MODULE==>Home;CTRL==>Index;ACTION==>test"
2017-09-28 21:58:02"MODULE==>Home;CTRL==>Index;ACTION==>test"
2017-09-28 21:58:03"MODULE==>Home;CTRL==>Index;ACTION==>test"
2017-09-28 21:58:03"MODULE==>Home;CTRL==>Index;ACTION==>test"
2017-09-28 22:02:04"MODULE==>Home;CTRL==>Index;ACTION==>test"
2017-09-28 22:05:12"MODULE==>Home;CTRL==>Index;ACTION==>test"
2017-09-28 22:06:11"MODULE==>Home;CTRL==>Index;ACTION==>test"
2017-09-28 22:06:19"MODULE==>Home;CTRL==>Index;ACTION==>test"
2017-09-28 22:08:14"MODULE==>Home;CTRL==>Index;ACTION==>test"
2017-09-28 22:08:26"MODULE==>Home;CTRL==>Index;ACTION==>test"
2017-09-28 22:08:31"MODULE==>Home;CTRL==>Index;ACTION==>test"
2017-09-28 22:19:33"MODULE==>Admin;CTRL==>Manual;ACTION==>edit_form"
2017-09-28 22:19:38"MODULE==>Admin;CTRL==>Manual;ACTION==>edit"
2017-09-28 22:19:38"MODULE==>Admin;CTRL==>Manual;ACTION==>index"
2017-09-28 22:19:38"MODULE==>Admin;CTRL==>Manual;ACTION==>datas"
2017-09-28 22:19:41"MODULE==>Home;CTRL==>Index;ACTION==>get_manual"
2017-09-28 22:19:41"MODULE==>Home;CTRL==>Index;ACTION==>get_manual"
2017-09-28 22:20:30"MODULE==>Admin;CTRL==>Manual;ACTION==>edit_form"
2017-09-28 22:20:36"MODULE==>Admin;CTRL==>Manual;ACTION==>edit"
2017-09-28 22:20:36"MODULE==>Admin;CTRL==>Manual;ACTION==>index"
2017-09-28 22:20:36"MODULE==>Admin;CTRL==>Manual;ACTION==>datas"
2017-09-28 22:20:38"MODULE==>Home;CTRL==>Index;ACTION==>get_manual"
2017-09-28 22:20:39"MODULE==>Home;CTRL==>Index;ACTION==>get_manual"
2017-09-28 22:38:56"MODULE==>Home;CTRL==>Index;ACTION==>test"
2017-09-28 22:50:28"MODULE==>Admin;CTRL==>Manual;ACTION==>add_form"
2017-09-28 22:50:33"MODULE==>Admin;CTRL==>Manual;ACTION==>add_form"
2017-09-28 22:55:04"MODULE==>Admin;CTRL==>Manual;ACTION==>add"
2017-09-28 22:55:04"MODULE==>Admin;CTRL==>Manual;ACTION==>index"
2017-09-28 22:55:04"MODULE==>Admin;CTRL==>Manual;ACTION==>datas"
2017-09-28 22:55:07"MODULE==>Home;CTRL==>Index;ACTION==>manual"
2017-09-28 22:55:07"MODULE==>Home;CTRL==>Index;ACTION==>get_manual"
2017-09-28 22:55:07"MODULE==>Home;CTRL==>Index;ACTION==>get_manualList"
2017-09-28 22:55:09"MODULE==>Home;CTRL==>Index;ACTION==>get_manual"
2017-09-28 22:55:11"MODULE==>Home;CTRL==>Index;ACTION==>get_manual"
2017-09-28 22:55:12"MODULE==>Home;CTRL==>Index;ACTION==>get_manual"
2017-09-28 22:58:14"MODULE==>Home;CTRL==>Index;ACTION==>manual"
2017-09-28 22:58:15"MODULE==>Home;CTRL==>Index;ACTION==>get_manual"
2017-09-28 22:58:15"MODULE==>Home;CTRL==>Index;ACTION==>get_manualList"
2017-09-28 22:58:24"MODULE==>Home;CTRL==>Index;ACTION==>manual"
2017-09-28 22:58:24"MODULE==>Home;CTRL==>Index;ACTION==>get_manual"
2017-09-28 22:58:24"MODULE==>Home;CTRL==>Index;ACTION==>get_manualList"
2017-09-28 22:58:31"MODULE==>Home;CTRL==>Index;ACTION==>get_manual"
2017-09-28 22:58:34"MODULE==>Home;CTRL==>Index;ACTION==>manual"
2017-09-28 22:58:35"MODULE==>Home;CTRL==>Index;ACTION==>get_manual"
2017-09-28 22:58:35"MODULE==>Home;CTRL==>Index;ACTION==>get_manualList"
2017-09-28 23:00:18"MODULE==>Home;CTRL==>Index;ACTION==>manual"
2017-09-28 23:00:18"MODULE==>Home;CTRL==>Index;ACTION==>get_manual"
2017-09-28 23:00:18"MODULE==>Home;CTRL==>Index;ACTION==>get_manualList"
2017-09-28 23:00:28"MODULE==>Home;CTRL==>Index;ACTION==>manual"
2017-09-28 23:00:28"MODULE==>Home;CTRL==>Index;ACTION==>get_manual"
2017-09-28 23:00:28"MODULE==>Home;CTRL==>Index;ACTION==>get_manualList"
2017-09-28 23:00:30"MODULE==>Home;CTRL==>Index;ACTION==>get_manual"
2017-09-28 23:00:46"MODULE==>Home;CTRL==>Index;ACTION==>manual"
2017-09-28 23:00:46"MODULE==>Home;CTRL==>Index;ACTION==>get_manual"
2017-09-28 23:00:55"MODULE==>Home;CTRL==>Index;ACTION==>manual"
2017-09-28 23:00:55"MODULE==>Home;CTRL==>Index;ACTION==>get_manual"
2017-09-28 23:00:56"MODULE==>Home;CTRL==>Index;ACTION==>get_manualList"
2017-09-28 23:01:04"MODULE==>Home;CTRL==>Index;ACTION==>manual"
2017-09-28 23:01:04"MODULE==>Home;CTRL==>Index;ACTION==>get_manualList"
2017-09-28 23:01:18"MODULE==>Home;CTRL==>Index;ACTION==>manual"
2017-09-28 23:01:19"MODULE==>Home;CTRL==>Index;ACTION==>get_manualList"
2017-09-28 23:02:47"MODULE==>Home;CTRL==>Index;ACTION==>manual"
2017-09-28 23:02:47"MODULE==>Home;CTRL==>Index;ACTION==>get_manualList"
2017-09-28 23:02:51"MODULE==>Home;CTRL==>Index;ACTION==>manual"
2017-09-28 23:02:51"MODULE==>Home;CTRL==>Index;ACTION==>get_manualList"
2017-09-28 23:03:14"MODULE==>Home;CTRL==>Index;ACTION==>manual"
2017-09-28 23:03:15"MODULE==>Home;CTRL==>Index;ACTION==>get_manualList"
2017-09-28 23:04:06"MODULE==>Home;CTRL==>Index;ACTION==>manual"
2017-09-28 23:04:07"MODULE==>Home;CTRL==>Index;ACTION==>get_manualList"
2017-09-28 23:04:08"MODULE==>Home;CTRL==>Index;ACTION==>manual"
2017-09-28 23:04:09"MODULE==>Home;CTRL==>Index;ACTION==>get_manualList"
2017-09-28 23:04:43"MODULE==>Home;CTRL==>Index;ACTION==>get_manual"
2017-09-28 23:06:12"MODULE==>Home;CTRL==>Index;ACTION==>test"
2017-09-28 23:06:24"MODULE==>Home;CTRL==>Index;ACTION==>test"
2017-09-28 23:08:04"MODULE==>Home;CTRL==>Index;ACTION==>test"
2017-09-28 23:08:07"MODULE==>Home;CTRL==>Index;ACTION==>manual"
2017-09-28 23:08:07"MODULE==>Home;CTRL==>Index;ACTION==>get_manual"
2017-09-28 23:08:07"MODULE==>Home;CTRL==>Index;ACTION==>get_manualList"
2017-09-28 23:08:27"MODULE==>Home;CTRL==>Index;ACTION==>manual"
2017-09-28 23:08:27"MODULE==>Home;CTRL==>Index;ACTION==>get_manual"
2017-09-28 23:09:08"MODULE==>Home;CTRL==>Index;ACTION==>manual"
2017-09-28 23:09:08"MODULE==>Home;CTRL==>Index;ACTION==>get_manual"
2017-09-28 23:10:56"MODULE==>Home;CTRL==>Index;ACTION==>manual"
2017-09-28 23:11:39"MODULE==>Home;CTRL==>Index;ACTION==>manual"
2017-09-28 23:11:40"MODULE==>Home;CTRL==>Index;ACTION==>get_manual"
2017-09-28 23:11:47"MODULE==>Home;CTRL==>Index;ACTION==>manual"
2017-09-28 23:11:47"MODULE==>Home;CTRL==>Index;ACTION==>get_manual"
2017-09-28 23:11:47"MODULE==>Home;CTRL==>Index;ACTION==>get_manualList"
2017-09-28 23:11:49"MODULE==>Home;CTRL==>Index;ACTION==>get_manual"
2017-09-28 23:11:51"MODULE==>Home;CTRL==>Index;ACTION==>get_manual"
2017-09-28 23:11:53"MODULE==>Home;CTRL==>Index;ACTION==>get_manual"
2017-09-28 23:11:55"MODULE==>Home;CTRL==>Index;ACTION==>get_manual"
2017-09-28 23:12:03"MODULE==>Home;CTRL==>Index;ACTION==>get_manual"
2017-09-28 23:12:08"MODULE==>Home;CTRL==>Index;ACTION==>get_manual"
2017-09-28 23:14:46"MODULE==>Admin;CTRL==>Manual;ACTION==>add_form"
2017-09-28 23:14:55"MODULE==>Admin;CTRL==>Manual;ACTION==>add"
2017-09-28 23:14:55"MODULE==>Admin;CTRL==>Manual;ACTION==>index"
2017-09-28 23:14:56"MODULE==>Admin;CTRL==>Manual;ACTION==>datas"
2017-09-28 23:14:58"MODULE==>Home;CTRL==>Index;ACTION==>manual"
2017-09-28 23:14:59"MODULE==>Home;CTRL==>Index;ACTION==>get_manual"
2017-09-28 23:14:59"MODULE==>Home;CTRL==>Index;ACTION==>get_manualList"
2017-09-28 23:15:00"MODULE==>Home;CTRL==>Index;ACTION==>get_manual"
2017-09-28 23:43:53"MODULE==>Home;CTRL==>Index;ACTION==>manual"
2017-09-28 23:43:53"MODULE==>Home;CTRL==>Index;ACTION==>get_manual"
2017-09-28 23:43:54"MODULE==>Home;CTRL==>Index;ACTION==>get_manualList"
2017-09-28 23:43:56"MODULE==>Home;CTRL==>Index;ACTION==>url"
2017-09-28 23:46:24"MODULE==>Home;CTRL==>Index;ACTION==>url"
2017-09-28 23:46:30"MODULE==>Home;CTRL==>Index;ACTION==>url"
2017-09-28 23:46:55"MODULE==>Home;CTRL==>Index;ACTION==>url"
2017-09-28 23:47:05"MODULE==>Home;CTRL==>Index;ACTION==>url"
2017-09-28 23:47:43"MODULE==>Admin;CTRL==>Manual;ACTION==>edit_form"
2017-09-28 23:47:46"MODULE==>Admin;CTRL==>Manual;ACTION==>edit"
2017-09-28 23:47:47"MODULE==>Admin;CTRL==>Manual;ACTION==>index"
2017-09-28 23:47:47"MODULE==>Admin;CTRL==>Manual;ACTION==>datas"
2017-09-28 23:47:49"MODULE==>Home;CTRL==>Index;ACTION==>get_manual"
2017-09-28 23:52:33"MODULE==>Home;CTRL==>Index;ACTION==>url"
2017-09-28 23:52:35"MODULE==>Home;CTRL==>Index;ACTION==>url"
2017-09-28 23:52:44"MODULE==>Home;CTRL==>Index;ACTION==>url"
2017-09-28 23:59:05"MODULE==>Home;CTRL==>Index;ACTION==>url"
2017-09-28 23:59:07"MODULE==>Home;CTRL==>Index;ACTION==>url"
2017-09-28 23:59:21"MODULE==>Home;CTRL==>Index;ACTION==>url"
2017-09-28 23:59:25"MODULE==>Home;CTRL==>Index;ACTION==>url"
2017-09-28 23:59:36"MODULE==>Home;CTRL==>Index;ACTION==>url"
2017-09-28 23:59:48"MODULE==>Home;CTRL==>Index;ACTION==>url"
