2017-09-18 08:52:40"MODULE==>Home;CTRL==>Index;ACTION==>index"
2017-09-18 08:55:53"MODULE==>Api;CTRL==>Index;ACTION==>api"
2017-09-18 08:56:53"MODULE==>Api;CTRL==>Index;ACTION==>api"
2017-09-18 08:56:57"MODULE==>Api;CTRL==>Index;ACTION==>api"
2017-09-18 09:02:33"MODULE==>Api;CTRL==>Index;ACTION==>api"
2017-09-18 09:02:37"MODULE==>Api;CTRL==>Index;ACTION==>vue"
2017-09-18 09:03:54"MODULE==>Api;CTRL==>Index;ACTION==>vue"
2017-09-18 09:03:55"MODULE==>Api;CTRL==>Index;ACTION==>vue"
2017-09-18 09:04:18"MODULE==>Api;CTRL==>Index;ACTION==>vue"
2017-09-18 09:10:50"MODULE==>Api;CTRL==>Index;ACTION==>vue"
2017-09-18 09:11:53"MODULE==>Api;CTRL==>Index;ACTION==>vue"
2017-09-18 09:12:03"MODULE==>Api;CTRL==>Index;ACTION==>vue"
2017-09-18 09:15:24"MODULE==>Api;CTRL==>Index;ACTION==>vue"
2017-09-18 09:15:37"MODULE==>Api;CTRL==>Index;ACTION==>vue"
2017-09-18 09:16:24"MODULE==>Api;CTRL==>Index;ACTION==>vue"
2017-09-18 09:16:46"MODULE==>Api;CTRL==>Index;ACTION==>vue"
2017-09-18 09:16:50"MODULE==>Api;CTRL==>Index;ACTION==>vue"
2017-09-18 09:17:22"MODULE==>Api;CTRL==>Index;ACTION==>vue"
2017-09-18 09:17:32"MODULE==>Api;CTRL==>Index;ACTION==>vue"
2017-09-18 09:17:41"MODULE==>Api;CTRL==>Index;ACTION==>vue"
2017-09-18 11:04:29"MODULE==>Home;CTRL==>Index;ACTION==>index"
2017-09-18 11:04:34"MODULE==>Api;CTRL==>Index;ACTION==>vue"
2017-09-18 11:04:39"MODULE==>Api;CTRL==>Index;ACTION==>vue"
2017-09-18 11:04:40"MODULE==>Api;CTRL==>Index;ACTION==>vue"
2017-09-18 11:04:50"MODULE==>Home;CTRL==>Index;ACTION==>index"
2017-09-18 11:04:56"MODULE==>Api;CTRL==>Index;ACTION==>api"
2017-09-18 11:05:04"MODULE==>Home;CTRL==>Index;ACTION==>url"
2017-09-18 11:05:10"MODULE==>Api;CTRL==>Index;ACTION==>vue"
2017-09-18 11:06:49"MODULE==>Api;CTRL==>Index;ACTION==>vue"
2017-09-18 11:06:50"MODULE==>Api;CTRL==>Index;ACTION==>vue"
2017-09-18 11:06:58"MODULE==>Api;CTRL==>Index;ACTION==>vue"
2017-09-18 11:07:21"MODULE==>Api;CTRL==>Index;ACTION==>vue"
2017-09-18 11:08:20"MODULE==>Api;CTRL==>Index;ACTION==>vue"
2017-09-18 11:08:23"MODULE==>Api;CTRL==>Index;ACTION==>vue"
2017-09-18 11:08:30"MODULE==>Api;CTRL==>Index;ACTION==>vue"
2017-09-18 11:08:34"MODULE==>Api;CTRL==>Index;ACTION==>vue"
2017-09-18 11:13:41"MODULE==>Api;CTRL==>Index;ACTION==>vue"
2017-09-18 11:13:47"MODULE==>Api;CTRL==>Index;ACTION==>vue"
2017-09-18 11:13:53"MODULE==>Api;CTRL==>Index;ACTION==>vue"
2017-09-18 11:14:02"MODULE==>Api;CTRL==>Index;ACTION==>vue"
2017-09-18 11:14:08"MODULE==>Api;CTRL==>Index;ACTION==>vue"
2017-09-18 11:14:18"MODULE==>Api;CTRL==>Index;ACTION==>vue"
2017-09-18 11:15:13"MODULE==>Api;CTRL==>Index;ACTION==>vue"
2017-09-18 11:15:27"MODULE==>Api;CTRL==>Index;ACTION==>vue"
2017-09-18 11:15:54"MODULE==>Api;CTRL==>Index;ACTION==>vue"
2017-09-18 11:15:55"MODULE==>Api;CTRL==>Index;ACTION==>vue"
2017-09-18 11:16:00"MODULE==>Api;CTRL==>Index;ACTION==>vue"
2017-09-18 11:20:58"MODULE==>Api;CTRL==>Index;ACTION==>vue"
2017-09-18 11:20:58"MODULE==>Api;CTRL==>Index;ACTION==>vue"
2017-09-18 11:21:08"MODULE==>Api;CTRL==>Index;ACTION==>vue"
2017-09-18 11:21:09"MODULE==>Api;CTRL==>Index;ACTION==>vue"
2017-09-18 11:22:38"MODULE==>Api;CTRL==>Index;ACTION==>vue"
2017-09-18 11:22:39"MODULE==>Api;CTRL==>Index;ACTION==>vue"
2017-09-18 11:23:50"MODULE==>Api;CTRL==>Index;ACTION==>vue"
2017-09-18 11:26:22"MODULE==>Api;CTRL==>Index;ACTION==>vue"
2017-09-18 11:26:34"MODULE==>Api;CTRL==>Index;ACTION==>vue"
2017-09-18 11:27:31"MODULE==>Api;CTRL==>Index;ACTION==>vue"
2017-09-18 11:27:50"MODULE==>Api;CTRL==>Index;ACTION==>vue"
2017-09-18 11:28:01"MODULE==>Api;CTRL==>Index;ACTION==>vue"
2017-09-18 11:28:07"MODULE==>Api;CTRL==>Index;ACTION==>vue"
2017-09-18 11:28:08"MODULE==>Api;CTRL==>Index;ACTION==>vue"
2017-09-18 11:28:14"MODULE==>Api;CTRL==>Index;ACTION==>vue"
2017-09-18 11:29:18"MODULE==>Api;CTRL==>Index;ACTION==>vue"
2017-09-18 11:29:22"MODULE==>Api;CTRL==>Index;ACTION==>vue"
2017-09-18 11:29:31"MODULE==>Api;CTRL==>Index;ACTION==>vue"
2017-09-18 11:29:39"MODULE==>Api;CTRL==>Index;ACTION==>vue"
2017-09-18 11:38:40"MODULE==>Api;CTRL==>Index;ACTION==>vue"
2017-09-18 11:39:59"MODULE==>Api;CTRL==>Index;ACTION==>vue"
2017-09-18 11:39:59"MODULE==>Api;CTRL==>Index;ACTION==>vue"
2017-09-18 11:40:07"MODULE==>Api;CTRL==>Index;ACTION==>vue"
2017-09-18 11:40:28"MODULE==>Api;CTRL==>Index;ACTION==>vue"
2017-09-18 11:40:42"MODULE==>Api;CTRL==>Index;ACTION==>vue"
2017-09-18 13:44:17"MODULE==>Api;CTRL==>Index;ACTION==>vue"
2017-09-18 13:44:18"MODULE==>Api;CTRL==>Index;ACTION==>vue"
2017-09-18 13:46:33"MODULE==>Api;CTRL==>Index;ACTION==>vue"
2017-09-18 13:46:57"MODULE==>Api;CTRL==>Index;ACTION==>vue"
2017-09-18 13:47:08"MODULE==>Api;CTRL==>Index;ACTION==>vue"
2017-09-18 13:47:30"MODULE==>Api;CTRL==>Index;ACTION==>vue"
2017-09-18 13:47:36"MODULE==>Api;CTRL==>Index;ACTION==>vue"
2017-09-18 13:47:48"MODULE==>Api;CTRL==>Index;ACTION==>vue"
2017-09-18 13:49:30"MODULE==>Api;CTRL==>Index;ACTION==>vue"
2017-09-18 13:49:33"MODULE==>Api;CTRL==>Index;ACTION==>vue"
2017-09-18 13:49:40"MODULE==>Api;CTRL==>Index;ACTION==>vue"
2017-09-18 13:49:48"MODULE==>Api;CTRL==>Index;ACTION==>vue"
2017-09-18 13:49:51"MODULE==>Api;CTRL==>Index;ACTION==>vue"
2017-09-18 13:49:57"MODULE==>Api;CTRL==>Index;ACTION==>vue"
2017-09-18 13:50:05"MODULE==>Api;CTRL==>Index;ACTION==>vue"
2017-09-18 13:50:12"MODULE==>Api;CTRL==>Index;ACTION==>vue"
2017-09-18 13:50:17"MODULE==>Api;CTRL==>Index;ACTION==>vue"
2017-09-18 13:50:24"MODULE==>Api;CTRL==>Index;ACTION==>vue"
2017-09-18 13:50:34"MODULE==>Api;CTRL==>Index;ACTION==>vue"
2017-09-18 13:51:18"MODULE==>Api;CTRL==>Index;ACTION==>vue"
2017-09-18 13:51:27"MODULE==>Api;CTRL==>Index;ACTION==>vue"
2017-09-18 13:52:28"MODULE==>Api;CTRL==>Index;ACTION==>vue"
2017-09-18 13:52:35"MODULE==>Api;CTRL==>Index;ACTION==>vue"
2017-09-18 14:36:53"MODULE==>Api;CTRL==>Index;ACTION==>vue"
2017-09-18 14:37:08"MODULE==>Api;CTRL==>Index;ACTION==>vue"
2017-09-18 14:37:14"MODULE==>Api;CTRL==>Index;ACTION==>vue"
2017-09-18 14:37:33"MODULE==>Api;CTRL==>Index;ACTION==>vue"
2017-09-18 14:38:09"MODULE==>Api;CTRL==>Index;ACTION==>vue"
2017-09-18 14:38:17"MODULE==>Api;CTRL==>Index;ACTION==>vue"
2017-09-18 14:38:47"MODULE==>Api;CTRL==>Index;ACTION==>vue"
2017-09-18 14:39:10"MODULE==>Api;CTRL==>Index;ACTION==>vue"
2017-09-18 14:39:25"MODULE==>Api;CTRL==>Index;ACTION==>vue"
2017-09-18 14:39:37"MODULE==>Api;CTRL==>Index;ACTION==>vue"
2017-09-18 14:39:59"MODULE==>Api;CTRL==>Index;ACTION==>vue"
2017-09-18 14:40:10"MODULE==>Api;CTRL==>Index;ACTION==>vue"
2017-09-18 14:40:26"MODULE==>Api;CTRL==>Index;ACTION==>vue"
2017-09-18 14:40:59"MODULE==>Api;CTRL==>Index;ACTION==>vue"
2017-09-18 14:41:08"MODULE==>Api;CTRL==>Index;ACTION==>vue"
2017-09-18 14:41:12"MODULE==>Api;CTRL==>Index;ACTION==>vue"
2017-09-18 14:41:22"MODULE==>Api;CTRL==>Index;ACTION==>vue"
2017-09-18 14:41:27"MODULE==>Api;CTRL==>Index;ACTION==>vue"
2017-09-18 14:41:35"MODULE==>Api;CTRL==>Index;ACTION==>vue"
2017-09-18 14:41:42"MODULE==>Api;CTRL==>Index;ACTION==>vue"
2017-09-18 14:41:47"MODULE==>Api;CTRL==>Index;ACTION==>vue"
2017-09-18 14:41:54"MODULE==>Api;CTRL==>Index;ACTION==>vue"
2017-09-18 14:41:59"MODULE==>Api;CTRL==>Index;ACTION==>vue"
2017-09-18 14:42:05"MODULE==>Api;CTRL==>Index;ACTION==>vue"
2017-09-18 14:42:16"MODULE==>Api;CTRL==>Index;ACTION==>vue"
2017-09-18 14:42:27"MODULE==>Api;CTRL==>Index;ACTION==>vue"
2017-09-18 14:42:33"MODULE==>Api;CTRL==>Index;ACTION==>vue"
2017-09-18 14:43:47"MODULE==>Api;CTRL==>Index;ACTION==>vue"
2017-09-18 14:44:46"MODULE==>Api;CTRL==>Index;ACTION==>vue"
2017-09-18 14:45:06"MODULE==>Api;CTRL==>Index;ACTION==>vue"
2017-09-18 14:45:26"MODULE==>Api;CTRL==>Index;ACTION==>vue"
2017-09-18 14:45:33"MODULE==>Api;CTRL==>Index;ACTION==>vue"
2017-09-18 15:02:01"MODULE==>Api;CTRL==>Index;ACTION==>vue"
2017-09-18 15:02:36"MODULE==>Api;CTRL==>Index;ACTION==>vue"
2017-09-18 15:02:55"MODULE==>Api;CTRL==>Index;ACTION==>vue"
2017-09-18 15:03:12"MODULE==>Api;CTRL==>Index;ACTION==>vue"
2017-09-18 15:03:23"MODULE==>Api;CTRL==>Index;ACTION==>vue"
2017-09-18 15:03:31"MODULE==>Api;CTRL==>Index;ACTION==>vue"
2017-09-18 15:03:42"MODULE==>Api;CTRL==>Index;ACTION==>vue"
2017-09-18 15:03:50"MODULE==>Api;CTRL==>Index;ACTION==>vue"
2017-09-18 15:04:14"MODULE==>Api;CTRL==>Index;ACTION==>vue"
2017-09-18 15:04:47"MODULE==>Api;CTRL==>Index;ACTION==>vue"
2017-09-18 15:04:52"MODULE==>Api;CTRL==>Index;ACTION==>vue"
2017-09-18 15:05:16"MODULE==>Api;CTRL==>Index;ACTION==>vue"
2017-09-18 15:05:35"MODULE==>Api;CTRL==>Index;ACTION==>vue"
2017-09-18 15:14:09"MODULE==>Api;CTRL==>Index;ACTION==>vue"
2017-09-18 15:14:26"MODULE==>Api;CTRL==>Index;ACTION==>vue"
2017-09-18 15:15:32"MODULE==>Api;CTRL==>Index;ACTION==>vue"
2017-09-18 15:15:51"MODULE==>Api;CTRL==>Index;ACTION==>vue"
2017-09-18 15:15:56"MODULE==>Api;CTRL==>Index;ACTION==>vue"
2017-09-18 15:16:01"MODULE==>Api;CTRL==>Index;ACTION==>vue"
2017-09-18 15:16:12"MODULE==>Api;CTRL==>Index;ACTION==>vue"
2017-09-18 15:22:27"MODULE==>Api;CTRL==>Index;ACTION==>vue"
2017-09-18 15:26:04"MODULE==>Api;CTRL==>Index;ACTION==>vue"
2017-09-18 15:29:46"MODULE==>Api;CTRL==>Index;ACTION==>vue"
2017-09-18 15:32:42"MODULE==>Api;CTRL==>Index;ACTION==>vue"
2017-09-18 15:32:55"MODULE==>Api;CTRL==>Index;ACTION==>vue"
2017-09-18 15:34:08"MODULE==>Api;CTRL==>Index;ACTION==>vue"
2017-09-18 15:34:13"MODULE==>Api;CTRL==>Index;ACTION==>vue"
2017-09-18 15:34:43"MODULE==>Api;CTRL==>Index;ACTION==>vue"
2017-09-18 15:35:37"MODULE==>Api;CTRL==>Index;ACTION==>vue"
2017-09-18 15:35:41"MODULE==>Api;CTRL==>Index;ACTION==>vue"
2017-09-18 15:35:51"MODULE==>Api;CTRL==>Index;ACTION==>vue"
2017-09-18 15:36:32"MODULE==>Api;CTRL==>Index;ACTION==>vue"
2017-09-18 15:36:37"MODULE==>Api;CTRL==>Index;ACTION==>vue"
2017-09-18 15:36:51"MODULE==>Api;CTRL==>Index;ACTION==>vue"
2017-09-18 15:36:52"MODULE==>Api;CTRL==>Index;ACTION==>vue"
2017-09-18 15:36:53"MODULE==>Api;CTRL==>Index;ACTION==>vue"
2017-09-18 15:36:54"MODULE==>Api;CTRL==>Index;ACTION==>vue"
2017-09-18 15:36:55"MODULE==>Api;CTRL==>Index;ACTION==>vue"
2017-09-18 15:37:18"MODULE==>Api;CTRL==>Index;ACTION==>vue"
2017-09-18 15:37:22"MODULE==>Api;CTRL==>Index;ACTION==>vue"
2017-09-18 15:37:25"MODULE==>Api;CTRL==>Index;ACTION==>vue"
2017-09-18 15:39:56"MODULE==>Api;CTRL==>Index;ACTION==>vue"
2017-09-18 15:41:04"MODULE==>Api;CTRL==>Index;ACTION==>vue"
2017-09-18 15:45:16"MODULE==>Api;CTRL==>Index;ACTION==>vue"
2017-09-18 15:45:17"MODULE==>Api;CTRL==>Index;ACTION==>vue"
2017-09-18 15:45:19"MODULE==>Api;CTRL==>Index;ACTION==>vue"
2017-09-18 15:45:47"MODULE==>Api;CTRL==>Index;ACTION==>vue"
2017-09-18 15:45:49"MODULE==>Api;CTRL==>Index;ACTION==>vue"
2017-09-18 15:45:49"MODULE==>Api;CTRL==>Index;ACTION==>vue"
2017-09-18 15:45:54"MODULE==>Api;CTRL==>Index;ACTION==>vue"
2017-09-18 15:46:15"MODULE==>Home;CTRL==>Index;ACTION==>index"
2017-09-18 15:46:47"MODULE==>Home;CTRL==>Index;ACTION==>index"
2017-09-18 15:46:54"MODULE==>Home;CTRL==>Index;ACTION==>index"
2017-09-18 15:46:56"MODULE==>Home;CTRL==>Index;ACTION==>index"
2017-09-18 15:46:58"MODULE==>Home;CTRL==>Index;ACTION==>index"
2017-09-18 15:46:59"MODULE==>Home;CTRL==>Index;ACTION==>index"
2017-09-18 15:47:00"MODULE==>Home;CTRL==>Index;ACTION==>index"
2017-09-18 15:47:22"MODULE==>Home;CTRL==>Index;ACTION==>index"
2017-09-18 15:47:24"MODULE==>Home;CTRL==>Index;ACTION==>index"
2017-09-18 15:47:25"MODULE==>Home;CTRL==>Index;ACTION==>index"
2017-09-18 15:47:27"MODULE==>Home;CTRL==>Index;ACTION==>index"
2017-09-18 15:47:28"MODULE==>Home;CTRL==>Index;ACTION==>index"
2017-09-18 15:47:28"MODULE==>Home;CTRL==>Index;ACTION==>index"
2017-09-18 15:47:28"MODULE==>Home;CTRL==>Index;ACTION==>index"
2017-09-18 15:47:29"MODULE==>Home;CTRL==>Index;ACTION==>index"
2017-09-18 15:47:47"MODULE==>Home;CTRL==>Index;ACTION==>index"
2017-09-18 15:47:48"MODULE==>Home;CTRL==>Index;ACTION==>index"
2017-09-18 15:47:49"MODULE==>Home;CTRL==>Index;ACTION==>index"
2017-09-18 15:47:50"MODULE==>Home;CTRL==>Index;ACTION==>index"
2017-09-18 15:47:50"MODULE==>Home;CTRL==>Index;ACTION==>index"
2017-09-18 15:47:50"MODULE==>Home;CTRL==>Index;ACTION==>index"
2017-09-18 15:47:50"MODULE==>Home;CTRL==>Index;ACTION==>index"
2017-09-18 15:47:51"MODULE==>Home;CTRL==>Index;ACTION==>index"
2017-09-18 15:47:51"MODULE==>Home;CTRL==>Index;ACTION==>index"
2017-09-18 15:47:51"MODULE==>Home;CTRL==>Index;ACTION==>index"
2017-09-18 15:47:52"MODULE==>Home;CTRL==>Index;ACTION==>index"
2017-09-18 15:47:53"MODULE==>Home;CTRL==>Index;ACTION==>index"
2017-09-18 15:47:53"MODULE==>Home;CTRL==>Index;ACTION==>index"
2017-09-18 15:48:56"MODULE==>Api;CTRL==>Index;ACTION==>vue"
2017-09-18 15:49:03"MODULE==>Api;CTRL==>Index;ACTION==>vue"
2017-09-18 15:49:05"MODULE==>Api;CTRL==>Index;ACTION==>vue"
2017-09-18 15:49:06"MODULE==>Api;CTRL==>Index;ACTION==>vue"
2017-09-18 15:49:11"MODULE==>Api;CTRL==>Index;ACTION==>vue"
2017-09-18 15:59:54"MODULE==>Api;CTRL==>Index;ACTION==>vue"
2017-09-18 15:59:56"MODULE==>Api;CTRL==>Index;ACTION==>vue"
2017-09-18 16:00:25"MODULE==>Api;CTRL==>Index;ACTION==>vue"
2017-09-18 16:00:26"MODULE==>Api;CTRL==>Index;ACTION==>vue"
2017-09-18 16:00:27"MODULE==>Api;CTRL==>Index;ACTION==>vue"
2017-09-18 16:00:28"MODULE==>Api;CTRL==>Index;ACTION==>vue"
2017-09-18 16:00:29"MODULE==>Api;CTRL==>Index;ACTION==>vue"
2017-09-18 16:00:30"MODULE==>Api;CTRL==>Index;ACTION==>vue"
2017-09-18 16:01:05"MODULE==>Api;CTRL==>Index;ACTION==>vue"
2017-09-18 16:01:53"MODULE==>Api;CTRL==>Index;ACTION==>vue"
2017-09-18 16:04:40"MODULE==>Api;CTRL==>Index;ACTION==>vue"
2017-09-18 16:10:17"MODULE==>Api;CTRL==>Index;ACTION==>vue"
2017-09-18 16:11:21"MODULE==>Api;CTRL==>Index;ACTION==>vue"
2017-09-18 16:11:32"MODULE==>Api;CTRL==>Index;ACTION==>vue"
2017-09-18 16:11:33"MODULE==>Api;CTRL==>Index;ACTION==>vue"
2017-09-18 16:11:41"MODULE==>Api;CTRL==>Index;ACTION==>vue"
2017-09-18 16:12:10"MODULE==>Api;CTRL==>Index;ACTION==>vue"
2017-09-18 16:12:11"MODULE==>Api;CTRL==>Index;ACTION==>vue"
2017-09-18 16:12:21"MODULE==>Api;CTRL==>Index;ACTION==>vue"
2017-09-18 16:12:22"MODULE==>Api;CTRL==>Index;ACTION==>vue"
2017-09-18 16:37:38"MODULE==>Api;CTRL==>Index;ACTION==>vue"
2017-09-18 16:38:02"MODULE==>Api;CTRL==>Index;ACTION==>vue"
2017-09-18 16:38:08"MODULE==>Api;CTRL==>Index;ACTION==>vue"
2017-09-18 16:38:14"MODULE==>Api;CTRL==>Index;ACTION==>vue"
2017-09-18 16:43:59"MODULE==>Api;CTRL==>Index;ACTION==>vue"
2017-09-18 16:44:14"MODULE==>Api;CTRL==>Index;ACTION==>vue"
2017-09-18 16:46:33"MODULE==>Api;CTRL==>Index;ACTION==>vue"
2017-09-18 16:47:13"MODULE==>Api;CTRL==>Index;ACTION==>vue"
2017-09-18 16:49:11"MODULE==>Api;CTRL==>Index;ACTION==>vue"
2017-09-18 16:51:45"MODULE==>Api;CTRL==>Index;ACTION==>vue"
2017-09-18 16:52:02"MODULE==>Api;CTRL==>Index;ACTION==>vue"
2017-09-18 16:52:37"MODULE==>Api;CTRL==>Index;ACTION==>vue"
2017-09-18 16:53:25"MODULE==>Api;CTRL==>Index;ACTION==>vue"
2017-09-18 16:53:35"MODULE==>Api;CTRL==>Index;ACTION==>vue"
2017-09-18 16:54:32"MODULE==>Api;CTRL==>Index;ACTION==>vue"
2017-09-18 16:54:45"MODULE==>Api;CTRL==>Index;ACTION==>vue"
2017-09-18 16:55:38"MODULE==>Api;CTRL==>Index;ACTION==>vue"
2017-09-18 16:55:50"MODULE==>Api;CTRL==>Index;ACTION==>vue"
2017-09-18 16:56:22"MODULE==>Api;CTRL==>Index;ACTION==>api"
2017-09-18 16:56:59"MODULE==>Api;CTRL==>Index;ACTION==>vue"
2017-09-18 16:57:55"MODULE==>Api;CTRL==>Index;ACTION==>vue"
2017-09-18 16:59:38"MODULE==>Api;CTRL==>Index;ACTION==>vue"
2017-09-18 17:01:21"MODULE==>Api;CTRL==>Index;ACTION==>vue"
2017-09-18 17:01:21"MODULE==>Api;CTRL==>Index;ACTION==>api"
2017-09-18 17:01:50"MODULE==>Api;CTRL==>Index;ACTION==>vue"
2017-09-18 17:01:50"MODULE==>Api;CTRL==>Index;ACTION==>api"
2017-09-18 17:04:37"MODULE==>Api;CTRL==>Index;ACTION==>vue"
2017-09-18 17:04:37"MODULE==>Api;CTRL==>Index;ACTION==>api"
2017-09-18 17:04:48"MODULE==>Api;CTRL==>Index;ACTION==>vue"
2017-09-18 17:04:48"MODULE==>Api;CTRL==>Index;ACTION==>api"
2017-09-18 17:06:49"MODULE==>Api;CTRL==>Index;ACTION==>vue"
2017-09-18 17:06:49"MODULE==>Api;CTRL==>Index;ACTION==>api"
2017-09-18 17:11:56"MODULE==>Api;CTRL==>Index;ACTION==>vue"
2017-09-18 17:11:56"MODULE==>Api;CTRL==>Index;ACTION==>api"
2017-09-18 17:12:41"MODULE==>Api;CTRL==>Index;ACTION==>vue"
2017-09-18 17:12:41"MODULE==>Api;CTRL==>Index;ACTION==>api"
2017-09-18 17:13:15"MODULE==>Api;CTRL==>Index;ACTION==>vue"
2017-09-18 17:13:15"MODULE==>Api;CTRL==>Index;ACTION==>api"
2017-09-18 17:13:21"MODULE==>Api;CTRL==>Index;ACTION==>vue"
2017-09-18 17:13:21"MODULE==>Api;CTRL==>Index;ACTION==>api"
2017-09-18 17:13:55"MODULE==>Api;CTRL==>Index;ACTION==>vue"
2017-09-18 17:13:55"MODULE==>Api;CTRL==>Index;ACTION==>api"
2017-09-18 17:16:48"MODULE==>Api;CTRL==>Index;ACTION==>vue"
2017-09-18 17:16:48"MODULE==>Api;CTRL==>Index;ACTION==>api"
2017-09-18 17:17:35"MODULE==>Api;CTRL==>Index;ACTION==>vue"
2017-09-18 17:17:35"MODULE==>Api;CTRL==>Index;ACTION==>api"
2017-09-18 17:18:22"MODULE==>Api;CTRL==>Index;ACTION==>vue"
2017-09-18 17:18:22"MODULE==>Api;CTRL==>Index;ACTION==>api"
2017-09-18 17:18:56"MODULE==>Api;CTRL==>Index;ACTION==>vue"
2017-09-18 17:18:56"MODULE==>Api;CTRL==>Index;ACTION==>api"
2017-09-18 17:19:02"MODULE==>Api;CTRL==>Index;ACTION==>vue"
2017-09-18 17:19:02"MODULE==>Api;CTRL==>Index;ACTION==>api"
2017-09-18 17:19:18"MODULE==>Api;CTRL==>Index;ACTION==>vue"
2017-09-18 17:19:19"MODULE==>Api;CTRL==>Index;ACTION==>api"
2017-09-18 17:19:36"MODULE==>Api;CTRL==>Index;ACTION==>vue"
2017-09-18 17:19:38"MODULE==>Api;CTRL==>Index;ACTION==>api"
2017-09-18 17:20:02"MODULE==>Api;CTRL==>Index;ACTION==>vue"
2017-09-18 17:20:02"MODULE==>Api;CTRL==>Index;ACTION==>api"
2017-09-18 17:20:16"MODULE==>Api;CTRL==>Index;ACTION==>vue"
2017-09-18 17:20:17"MODULE==>Api;CTRL==>Index;ACTION==>api"
2017-09-18 17:20:58"MODULE==>Api;CTRL==>Index;ACTION==>vue"
2017-09-18 17:20:59"MODULE==>Api;CTRL==>Index;ACTION==>api"
2017-09-18 17:22:58"MODULE==>Api;CTRL==>Index;ACTION==>api"
2017-09-18 17:23:52"MODULE==>Api;CTRL==>Index;ACTION==>vue"
2017-09-18 17:23:53"MODULE==>Api;CTRL==>Index;ACTION==>api"
2017-09-18 17:25:13"MODULE==>Api;CTRL==>Index;ACTION==>vue"
2017-09-18 17:25:14"MODULE==>Api;CTRL==>Index;ACTION==>api"
2017-09-18 17:25:21"MODULE==>Api;CTRL==>Index;ACTION==>vue"
2017-09-18 17:25:22"MODULE==>Api;CTRL==>Index;ACTION==>api"
2017-09-18 17:25:35"MODULE==>Api;CTRL==>Index;ACTION==>api"
2017-09-18 17:25:43"MODULE==>Api;CTRL==>Index;ACTION==>vue"
2017-09-18 17:25:45"MODULE==>Api;CTRL==>Index;ACTION==>api"
2017-09-18 17:25:50"MODULE==>Api;CTRL==>Index;ACTION==>api"
2017-09-18 17:28:02"MODULE==>Api;CTRL==>Index;ACTION==>vue"
2017-09-18 17:28:11"MODULE==>Api;CTRL==>Index;ACTION==>vue"
2017-09-18 17:28:12"MODULE==>Api;CTRL==>Index;ACTION==>api"
2017-09-18 17:28:28"MODULE==>Api;CTRL==>Index;ACTION==>vue"
2017-09-18 17:28:30"MODULE==>Api;CTRL==>Index;ACTION==>api"
2017-09-18 17:28:36"MODULE==>Api;CTRL==>Index;ACTION==>vue"
2017-09-18 17:28:39"MODULE==>Api;CTRL==>Index;ACTION==>vue"
2017-09-18 17:28:56"MODULE==>Api;CTRL==>Index;ACTION==>vue"
2017-09-18 17:29:06"MODULE==>Api;CTRL==>Index;ACTION==>vue"
2017-09-18 17:29:08"MODULE==>Api;CTRL==>Index;ACTION==>api"
2017-09-18 17:29:52"MODULE==>Api;CTRL==>Index;ACTION==>vue"
2017-09-18 17:30:04"MODULE==>Api;CTRL==>Index;ACTION==>vue"
2017-09-18 17:30:17"MODULE==>Api;CTRL==>Index;ACTION==>vue"
2017-09-18 17:30:34"MODULE==>Api;CTRL==>Index;ACTION==>vue"
2017-09-18 17:30:42"MODULE==>Api;CTRL==>Index;ACTION==>vue"
2017-09-18 17:30:49"MODULE==>Api;CTRL==>Index;ACTION==>vue"
2017-09-18 17:30:59"MODULE==>Api;CTRL==>Index;ACTION==>vue"
2017-09-18 17:31:11"MODULE==>Api;CTRL==>Index;ACTION==>vue"
2017-09-18 17:31:29"MODULE==>Api;CTRL==>Index;ACTION==>vue"
2017-09-18 17:32:13"MODULE==>Api;CTRL==>Index;ACTION==>vue"
2017-09-18 17:32:17"MODULE==>Api;CTRL==>Index;ACTION==>vue"
2017-09-18 17:32:20"MODULE==>Api;CTRL==>Index;ACTION==>vue"
2017-09-18 17:32:27"MODULE==>Api;CTRL==>Index;ACTION==>vue"
2017-09-18 17:32:38"MODULE==>Api;CTRL==>Index;ACTION==>vue"
2017-09-18 17:33:24"MODULE==>Api;CTRL==>Index;ACTION==>vue"
2017-09-18 17:34:04"MODULE==>Api;CTRL==>Index;ACTION==>vue"
2017-09-18 17:34:13"MODULE==>Api;CTRL==>Index;ACTION==>vue"
2017-09-18 17:34:24"MODULE==>Api;CTRL==>Index;ACTION==>vue"
2017-09-18 17:34:27"MODULE==>Api;CTRL==>Index;ACTION==>api"
2017-09-18 17:34:28"MODULE==>Api;CTRL==>Index;ACTION==>vue"
2017-09-18 17:34:58"MODULE==>Api;CTRL==>Index;ACTION==>vue"
2017-09-18 17:34:59"MODULE==>Api;CTRL==>Index;ACTION==>api"
2017-09-18 17:35:04"MODULE==>Api;CTRL==>Index;ACTION==>api"
2017-09-18 17:35:06"MODULE==>Api;CTRL==>Index;ACTION==>api"
2017-09-18 17:35:14"MODULE==>Api;CTRL==>Index;ACTION==>vue"
2017-09-18 17:35:59"MODULE==>Api;CTRL==>Index;ACTION==>vue"
2017-09-18 17:36:00"MODULE==>Api;CTRL==>Index;ACTION==>api"
2017-09-18 17:38:13"MODULE==>Api;CTRL==>Index;ACTION==>vue"
2017-09-18 17:38:14"MODULE==>Api;CTRL==>Index;ACTION==>post"
2017-09-18 17:38:37"MODULE==>Api;CTRL==>Index;ACTION==>vue"
2017-09-18 17:38:38"MODULE==>Api;CTRL==>Index;ACTION==>post"
2017-09-18 17:39:19"MODULE==>Api;CTRL==>Index;ACTION==>vue"
2017-09-18 17:39:20"MODULE==>Api;CTRL==>Index;ACTION==>post"
2017-09-18 17:39:49"MODULE==>Api;CTRL==>Index;ACTION==>vue"
2017-09-18 17:39:50"MODULE==>Api;CTRL==>Index;ACTION==>post"
2017-09-18 17:40:06"MODULE==>Api;CTRL==>Index;ACTION==>vue"
2017-09-18 17:40:07"MODULE==>Api;CTRL==>Index;ACTION==>post"
2017-09-18 17:40:56"MODULE==>Api;CTRL==>Index;ACTION==>vue"
2017-09-18 17:40:58"MODULE==>Api;CTRL==>Index;ACTION==>post"
2017-09-18 17:41:22"MODULE==>Api;CTRL==>Index;ACTION==>vue"
2017-09-18 17:41:23"MODULE==>Api;CTRL==>Index;ACTION==>post"
