2017-09-23 10:18:13"MODULE==>Home;CTRL==>Index;ACTION==>index"
2017-09-23 10:18:23"MODULE==>Home;CTRL==>Index;ACTION==>index"
2017-09-23 10:18:32"MODULE==>Home;CTRL==>Index;ACTION==>manual"
2017-09-23 10:19:21"MODULE==>Home;CTRL==>Index;ACTION==>url"
2017-09-23 10:23:24"MODULE==>Home;CTRL==>Index;ACTION==>url"
2017-09-23 10:24:05"MODULE==>Home;CTRL==>Index;ACTION==>url"
2017-09-23 10:24:35"MODULE==>Home;CTRL==>Index;ACTION==>url"
2017-09-23 10:24:38"MODULE==>Home;CTRL==>Index;ACTION==>url"
2017-09-23 10:26:30"MODULE==>Home;CTRL==>Index;ACTION==>url"
2017-09-23 10:53:25"MODULE==>Home;CTRL==>Index;ACTION==>url"
2017-09-23 10:58:42"MODULE==>Home;CTRL==>Index;ACTION==>url"
2017-09-23 10:59:20"MODULE==>Home;CTRL==>Index;ACTION==>url"
2017-09-23 11:03:15"MODULE==>Home;CTRL==>Index;ACTION==>url"
2017-09-23 11:07:55"MODULE==>Home;CTRL==>Index;ACTION==>url"
2017-09-23 11:08:09"MODULE==>Home;CTRL==>Index;ACTION==>url"
2017-09-23 11:08:15"MODULE==>Home;CTRL==>Index;ACTION==>url"
2017-09-23 11:08:55"MODULE==>Home;CTRL==>Index;ACTION==>url"
2017-09-23 11:09:16"MODULE==>Home;CTRL==>Index;ACTION==>url"
2017-09-23 11:09:17"MODULE==>Home;CTRL==>Index;ACTION==>url"
2017-09-23 11:09:18"MODULE==>Home;CTRL==>Index;ACTION==>url"
2017-09-23 11:09:58"MODULE==>Home;CTRL==>Index;ACTION==>url"
2017-09-23 11:10:00"MODULE==>Home;CTRL==>Index;ACTION==>url"
2017-09-23 11:11:20"MODULE==>Home;CTRL==>Index;ACTION==>url"
2017-09-23 11:11:21"MODULE==>Home;CTRL==>Index;ACTION==>url"
2017-09-23 11:11:27"MODULE==>Home;CTRL==>Index;ACTION==>url"
2017-09-23 11:11:39"MODULE==>Home;CTRL==>Index;ACTION==>url"
2017-09-23 11:11:47"MODULE==>Home;CTRL==>Index;ACTION==>url"
2017-09-23 11:11:48"MODULE==>Home;CTRL==>Index;ACTION==>url"
2017-09-23 11:12:32"MODULE==>Home;CTRL==>Index;ACTION==>url"
2017-09-23 11:12:34"MODULE==>Home;CTRL==>Index;ACTION==>url"
2017-09-23 11:12:36"MODULE==>Home;CTRL==>Index;ACTION==>url"
2017-09-23 11:12:37"MODULE==>Home;CTRL==>Index;ACTION==>url"
2017-09-23 11:12:49"MODULE==>Home;CTRL==>Index;ACTION==>url"
2017-09-23 11:12:58"MODULE==>Home;CTRL==>Index;ACTION==>url"
2017-09-23 11:13:31"MODULE==>Home;CTRL==>Index;ACTION==>url"
2017-09-23 11:13:50"MODULE==>Home;CTRL==>Index;ACTION==>url"
2017-09-23 11:14:22"MODULE==>Home;CTRL==>Index;ACTION==>url"
2017-09-23 11:15:04"MODULE==>Home;CTRL==>Index;ACTION==>url"
2017-09-23 11:15:31"MODULE==>Home;CTRL==>Index;ACTION==>url"
2017-09-23 11:16:02"MODULE==>Home;CTRL==>Index;ACTION==>url"
2017-09-23 11:25:00"MODULE==>Home;CTRL==>Index;ACTION==>url"
2017-09-23 11:53:20"MODULE==>Home;CTRL==>Index;ACTION==>url"
2017-09-23 11:53:37"MODULE==>Home;CTRL==>Index;ACTION==>url"
2017-09-23 11:54:35"MODULE==>Home;CTRL==>Index;ACTION==>url"
2017-09-23 11:56:59"MODULE==>Home;CTRL==>Index;ACTION==>index"
2017-09-23 11:57:08"MODULE==>Home;CTRL==>Index;ACTION==>manual"
2017-09-23 11:57:40"MODULE==>Home;CTRL==>Index;ACTION==>manual"
2017-09-23 11:58:24"MODULE==>Admin;CTRL==>Index;ACTION==>index"
2017-09-23 11:58:24"MODULE==>Admin;CTRL==>Index;ACTION==>main"
2017-09-23 11:58:27"MODULE==>Admin;CTRL==>Manual;ACTION==>index"
2017-09-23 11:58:27"MODULE==>Admin;CTRL==>Manual;ACTION==>datas"
2017-09-23 11:58:29"MODULE==>Admin;CTRL==>Manual;ACTION==>edit_form"
2017-09-23 11:59:07"MODULE==>Admin;CTRL==>Manual;ACTION==>edit"
2017-09-23 11:59:07"MODULE==>Admin;CTRL==>Manual;ACTION==>index"
2017-09-23 11:59:07"MODULE==>Admin;CTRL==>Manual;ACTION==>datas"
2017-09-23 11:59:08"MODULE==>Admin;CTRL==>Manual;ACTION==>edit_form"
2017-09-23 11:59:44"MODULE==>Admin;CTRL==>Manual;ACTION==>add_form"
2017-09-23 11:59:55"MODULE==>Admin;CTRL==>Manual;ACTION==>add"
2017-09-23 11:59:55"MODULE==>Admin;CTRL==>Manual;ACTION==>index"
2017-09-23 11:59:56"MODULE==>Admin;CTRL==>Manual;ACTION==>datas"
2017-09-23 11:59:57"MODULE==>Admin;CTRL==>Manual;ACTION==>edit_form"
2017-09-23 12:00:01"MODULE==>Admin;CTRL==>Manual;ACTION==>edit_form"
2017-09-23 12:00:04"MODULE==>Admin;CTRL==>Manual;ACTION==>edit"
2017-09-23 12:00:04"MODULE==>Admin;CTRL==>Manual;ACTION==>index"
2017-09-23 12:00:04"MODULE==>Admin;CTRL==>Manual;ACTION==>datas"
2017-09-23 12:00:05"MODULE==>Admin;CTRL==>Manual;ACTION==>edit_form"
2017-09-23 12:00:08"MODULE==>Admin;CTRL==>Manual;ACTION==>edit_form"
2017-09-23 12:00:32"MODULE==>Admin;CTRL==>Manual;ACTION==>edit"
2017-09-23 12:00:32"MODULE==>Admin;CTRL==>Manual;ACTION==>index"
2017-09-23 12:00:32"MODULE==>Admin;CTRL==>Manual;ACTION==>datas"
2017-09-23 12:00:34"MODULE==>Admin;CTRL==>Manual;ACTION==>edit_form"
2017-09-23 12:02:22"MODULE==>Home;CTRL==>Index;ACTION==>manual"
2017-09-23 12:02:50"MODULE==>Home;CTRL==>Index;ACTION==>manual"
2017-09-23 12:03:19"MODULE==>Home;CTRL==>Index;ACTION==>manual"
2017-09-23 12:04:02"MODULE==>Home;CTRL==>Index;ACTION==>manual"
2017-09-23 12:04:14"MODULE==>Home;CTRL==>Index;ACTION==>manual"
2017-09-23 12:04:22"MODULE==>Home;CTRL==>Index;ACTION==>manual"
2017-09-23 12:04:29"MODULE==>Home;CTRL==>Index;ACTION==>manual"
2017-09-23 12:04:30"MODULE==>Home;CTRL==>Index;ACTION==>manual"
2017-09-23 12:04:31"MODULE==>Home;CTRL==>Index;ACTION==>manual"
2017-09-23 12:04:36"MODULE==>Home;CTRL==>Index;ACTION==>manual"
2017-09-23 12:06:44"MODULE==>Home;CTRL==>Index;ACTION==>manual"
2017-09-23 12:07:51"MODULE==>Home;CTRL==>Index;ACTION==>manual"
2017-09-23 12:08:01"MODULE==>Home;CTRL==>Index;ACTION==>manual"
2017-09-23 12:08:26"MODULE==>Home;CTRL==>Index;ACTION==>manual"
2017-09-23 12:08:32"MODULE==>Home;CTRL==>Index;ACTION==>manual"
2017-09-23 12:08:37"MODULE==>Home;CTRL==>Index;ACTION==>manual"
2017-09-23 12:08:58"MODULE==>Home;CTRL==>Index;ACTION==>manual"
2017-09-23 12:09:06"MODULE==>Home;CTRL==>Index;ACTION==>manual"
2017-09-23 12:09:20"MODULE==>Home;CTRL==>Index;ACTION==>manual"
2017-09-23 12:09:34"MODULE==>Home;CTRL==>Index;ACTION==>manual"
2017-09-23 12:10:49"MODULE==>Home;CTRL==>Index;ACTION==>manual"
2017-09-23 12:11:07"MODULE==>Home;CTRL==>Index;ACTION==>manual"
2017-09-23 12:11:43"MODULE==>Home;CTRL==>Index;ACTION==>manual"
2017-09-23 12:11:49"MODULE==>Home;CTRL==>Index;ACTION==>manual"
2017-09-23 12:12:32"MODULE==>Home;CTRL==>Index;ACTION==>manual"
2017-09-23 12:12:37"MODULE==>Home;CTRL==>Index;ACTION==>manual"
2017-09-23 12:13:41"MODULE==>Home;CTRL==>Index;ACTION==>manual"
2017-09-23 12:13:49"MODULE==>Home;CTRL==>Index;ACTION==>manual"
2017-09-23 12:14:14"MODULE==>Home;CTRL==>Index;ACTION==>manual"
2017-09-23 12:24:33"MODULE==>Home;CTRL==>Index;ACTION==>manual"
2017-09-23 12:24:47"MODULE==>Home;CTRL==>Index;ACTION==>manual"
2017-09-23 12:25:43"MODULE==>Home;CTRL==>Index;ACTION==>manual"
2017-09-23 12:26:09"MODULE==>Home;CTRL==>Index;ACTION==>manual"
2017-09-23 12:26:39"MODULE==>Home;CTRL==>Index;ACTION==>manual"
2017-09-23 12:27:25"MODULE==>Home;CTRL==>Index;ACTION==>manual"
2017-09-23 12:33:12"MODULE==>Home;CTRL==>Index;ACTION==>manual"
2017-09-23 12:34:18"MODULE==>Home;CTRL==>Index;ACTION==>manual"
2017-09-23 12:34:18"MODULE==>Home;CTRL==>Index;ACTION==>manual"
2017-09-23 12:34:50"MODULE==>Home;CTRL==>Index;ACTION==>manual"
2017-09-23 12:34:51"MODULE==>Home;CTRL==>Index;ACTION==>manual"
2017-09-23 12:35:02"MODULE==>Home;CTRL==>Index;ACTION==>manual"
2017-09-23 12:35:03"MODULE==>Home;CTRL==>Index;ACTION==>manual"
2017-09-23 12:35:11"MODULE==>Home;CTRL==>Index;ACTION==>manual"
2017-09-23 12:35:12"MODULE==>Home;CTRL==>Index;ACTION==>manual"
2017-09-23 12:35:34"MODULE==>Home;CTRL==>Index;ACTION==>manual"
2017-09-23 12:35:35"MODULE==>Home;CTRL==>Index;ACTION==>manual"
2017-09-23 12:36:25"MODULE==>Home;CTRL==>Index;ACTION==>manual"
2017-09-23 12:36:25"MODULE==>Home;CTRL==>Index;ACTION==>manual"
2017-09-23 12:36:27"MODULE==>Home;CTRL==>Index;ACTION==>manual"
2017-09-23 12:36:28"MODULE==>Home;CTRL==>Index;ACTION==>manual"
2017-09-23 12:37:21"MODULE==>Home;CTRL==>Index;ACTION==>manual"
2017-09-23 12:37:21"MODULE==>Api;CTRL==>Index;ACTION==>post"
2017-09-23 12:37:32"MODULE==>Home;CTRL==>Index;ACTION==>manual"
2017-09-23 12:37:32"MODULE==>Home;CTRL==>Index;ACTION==>manual"
2017-09-23 12:38:26"MODULE==>Home;CTRL==>Index;ACTION==>manual"
2017-09-23 12:38:26"MODULE==>Home;CTRL==>Index;ACTION==>manual"
2017-09-23 12:38:42"MODULE==>Home;CTRL==>Index;ACTION==>manual"
2017-09-23 12:38:42"MODULE==>Home;CTRL==>Index;ACTION==>manual"
2017-09-23 12:39:07"MODULE==>Home;CTRL==>Index;ACTION==>manual"
2017-09-23 12:39:07"MODULE==>Home;CTRL==>Index;ACTION==>manual"
2017-09-23 12:39:30"MODULE==>Home;CTRL==>Index;ACTION==>manual"
2017-09-23 12:39:30"MODULE==>Home;CTRL==>Index;ACTION==>manual"
2017-09-23 12:42:25"MODULE==>Home;CTRL==>Index;ACTION==>manual"
2017-09-23 12:42:27"MODULE==>Home;CTRL==>Index;ACTION==>manual"
2017-09-23 12:42:28"MODULE==>Home;CTRL==>Index;ACTION==>manual"
2017-09-23 12:42:29"MODULE==>Home;CTRL==>Index;ACTION==>manual"
2017-09-23 12:42:30"MODULE==>Home;CTRL==>Index;ACTION==>manual"
2017-09-23 12:42:30"MODULE==>Home;CTRL==>Index;ACTION==>manual"
2017-09-23 12:43:19"MODULE==>Home;CTRL==>Index;ACTION==>manual"
2017-09-23 12:43:21"MODULE==>Home;CTRL==>Index;ACTION==>get_manualList"
2017-09-23 12:43:53"MODULE==>Home;CTRL==>Index;ACTION==>manual"
2017-09-23 12:43:53"MODULE==>Home;CTRL==>Index;ACTION==>get_manualList"
2017-09-23 12:49:17"MODULE==>Home;CTRL==>Index;ACTION==>manual"
2017-09-23 12:49:18"MODULE==>Home;CTRL==>Index;ACTION==>get_manualList"
2017-09-23 12:51:22"MODULE==>Home;CTRL==>Index;ACTION==>manual"
2017-09-23 12:51:22"MODULE==>Home;CTRL==>Index;ACTION==>get_manualList"
2017-09-23 12:52:25"MODULE==>Home;CTRL==>Index;ACTION==>manual"
2017-09-23 12:52:25"MODULE==>Home;CTRL==>Index;ACTION==>get_manualList"
2017-09-23 12:52:54"MODULE==>Home;CTRL==>Index;ACTION==>manual"
2017-09-23 12:52:54"MODULE==>Home;CTRL==>Index;ACTION==>get_manualList"
2017-09-23 12:53:09"MODULE==>Home;CTRL==>Index;ACTION==>manual"
2017-09-23 12:53:09"MODULE==>Home;CTRL==>Index;ACTION==>get_manualList"
2017-09-23 12:53:17"MODULE==>Home;CTRL==>Index;ACTION==>manual"
2017-09-23 12:53:17"MODULE==>Home;CTRL==>Index;ACTION==>get_manualList"
2017-09-23 12:53:38"MODULE==>Home;CTRL==>Index;ACTION==>manual"
2017-09-23 12:53:38"MODULE==>Home;CTRL==>Index;ACTION==>get_manualList"
2017-09-23 12:55:24"MODULE==>Home;CTRL==>Index;ACTION==>manual"
2017-09-23 12:55:25"MODULE==>Home;CTRL==>Index;ACTION==>get_manualList"
2017-09-23 12:55:54"MODULE==>Home;CTRL==>Index;ACTION==>manual"
2017-09-23 12:55:54"MODULE==>Home;CTRL==>Index;ACTION==>get_manualList"
2017-09-23 12:58:08"MODULE==>Home;CTRL==>Index;ACTION==>manual"
2017-09-23 12:58:09"MODULE==>Home;CTRL==>Index;ACTION==>get_manualList"
2017-09-23 12:58:37"MODULE==>Home;CTRL==>Index;ACTION==>manual"
2017-09-23 12:59:01"MODULE==>Home;CTRL==>Index;ACTION==>manual"
2017-09-23 12:59:02"MODULE==>Home;CTRL==>Index;ACTION==>get_manualList"
2017-09-23 12:59:21"MODULE==>Home;CTRL==>Index;ACTION==>manual"
2017-09-23 13:00:18"MODULE==>Home;CTRL==>Index;ACTION==>manual"
2017-09-23 13:01:39"MODULE==>Home;CTRL==>Index;ACTION==>manual"
2017-09-23 13:01:46"MODULE==>Home;CTRL==>Index;ACTION==>manual"
2017-09-23 13:02:07"MODULE==>Home;CTRL==>Index;ACTION==>manual"
2017-09-23 13:02:43"MODULE==>Home;CTRL==>Index;ACTION==>manual"
2017-09-23 13:02:44"MODULE==>Home;CTRL==>Index;ACTION==>get_manualList"
2017-09-23 13:03:26"MODULE==>Home;CTRL==>Index;ACTION==>manual"
2017-09-23 13:03:26"MODULE==>Home;CTRL==>Index;ACTION==>get_manualList"
2017-09-23 13:03:33"MODULE==>Home;CTRL==>Index;ACTION==>manual"
2017-09-23 13:03:33"MODULE==>Home;CTRL==>Index;ACTION==>get_manualList"
2017-09-23 13:03:58"MODULE==>Home;CTRL==>Index;ACTION==>manual"
2017-09-23 13:03:58"MODULE==>Home;CTRL==>Index;ACTION==>get_manualList"
2017-09-23 13:06:33"MODULE==>Home;CTRL==>Index;ACTION==>manual"
2017-09-23 13:06:34"MODULE==>Home;CTRL==>Index;ACTION==>get_manualList"
2017-09-23 13:07:38"MODULE==>Home;CTRL==>Index;ACTION==>manual"
2017-09-23 13:07:39"MODULE==>Home;CTRL==>Index;ACTION==>get_manualList"
2017-09-23 13:07:42"MODULE==>Home;CTRL==>Index;ACTION==>manual"
2017-09-23 13:07:42"MODULE==>Home;CTRL==>Index;ACTION==>get_manualList"
2017-09-23 13:08:57"MODULE==>Home;CTRL==>Index;ACTION==>manual"
2017-09-23 13:08:57"MODULE==>Home;CTRL==>Index;ACTION==>get_manualList"
2017-09-23 13:09:00"MODULE==>Home;CTRL==>Index;ACTION==>manual"
2017-09-23 13:09:00"MODULE==>Home;CTRL==>Index;ACTION==>get_manualList"
2017-09-23 13:09:05"MODULE==>Home;CTRL==>Index;ACTION==>manual"
2017-09-23 13:09:05"MODULE==>Home;CTRL==>Index;ACTION==>get_manualList"
2017-09-23 13:09:51"MODULE==>Home;CTRL==>Index;ACTION==>manual"
2017-09-23 13:09:51"MODULE==>Home;CTRL==>Index;ACTION==>get_manualList"
2017-09-23 13:12:17"MODULE==>Home;CTRL==>Index;ACTION==>manual"
2017-09-23 13:12:18"MODULE==>Home;CTRL==>Index;ACTION==>get_manualList"
2017-09-23 13:12:51"MODULE==>Home;CTRL==>Index;ACTION==>manual"
2017-09-23 13:12:51"MODULE==>Home;CTRL==>Index;ACTION==>get_manualList"
2017-09-23 13:13:19"MODULE==>Home;CTRL==>Index;ACTION==>manual"
2017-09-23 13:13:19"MODULE==>Home;CTRL==>Index;ACTION==>get_manualList"
2017-09-23 13:14:02"MODULE==>Home;CTRL==>Index;ACTION==>manual"
2017-09-23 13:14:03"MODULE==>Home;CTRL==>Index;ACTION==>get_manualList"
2017-09-23 13:14:48"MODULE==>Home;CTRL==>Index;ACTION==>manual"
2017-09-23 13:14:48"MODULE==>Home;CTRL==>Index;ACTION==>get_manualList"
2017-09-23 13:15:40"MODULE==>Home;CTRL==>Index;ACTION==>manual"
2017-09-23 13:15:41"MODULE==>Home;CTRL==>Index;ACTION==>get_manualList"
2017-09-23 13:16:15"MODULE==>Home;CTRL==>Index;ACTION==>manual"
2017-09-23 13:16:15"MODULE==>Home;CTRL==>Index;ACTION==>get_manualList"
2017-09-23 13:16:31"MODULE==>Home;CTRL==>Index;ACTION==>manual"
2017-09-23 13:16:31"MODULE==>Home;CTRL==>Index;ACTION==>get_manualList"
2017-09-23 13:16:39"MODULE==>Home;CTRL==>Index;ACTION==>manual"
2017-09-23 13:16:39"MODULE==>Home;CTRL==>Index;ACTION==>get_manualList"
2017-09-23 13:17:41"MODULE==>Home;CTRL==>Index;ACTION==>manual"
2017-09-23 13:17:41"MODULE==>Home;CTRL==>Index;ACTION==>get_manualList"
2017-09-23 13:20:18"MODULE==>Home;CTRL==>Index;ACTION==>manual"
2017-09-23 13:20:19"MODULE==>Home;CTRL==>Index;ACTION==>get_manualList"
2017-09-23 14:20:20"MODULE==>Home;CTRL==>Index;ACTION==>index"
2017-09-23 14:20:22"MODULE==>Home;CTRL==>Index;ACTION==>manual"
2017-09-23 14:20:22"MODULE==>Home;CTRL==>Index;ACTION==>get_manualList"
2017-09-23 14:20:35"MODULE==>Home;CTRL==>Index;ACTION==>manual"
2017-09-23 14:20:36"MODULE==>Home;CTRL==>Index;ACTION==>get_manualList"
2017-09-23 14:20:50"MODULE==>Home;CTRL==>Index;ACTION==>manual"
2017-09-23 14:20:51"MODULE==>Home;CTRL==>Index;ACTION==>get_manualList"
2017-09-23 14:21:00"MODULE==>Home;CTRL==>Index;ACTION==>manual"
2017-09-23 14:21:01"MODULE==>Home;CTRL==>Index;ACTION==>get_manualList"
2017-09-23 14:21:28"MODULE==>Home;CTRL==>Index;ACTION==>manual"
2017-09-23 14:21:28"MODULE==>Home;CTRL==>Index;ACTION==>get_manualList"
2017-09-23 14:22:45"MODULE==>Home;CTRL==>Index;ACTION==>manual"
2017-09-23 14:22:45"MODULE==>Home;CTRL==>Index;ACTION==>get_manualList"
2017-09-23 14:22:56"MODULE==>Home;CTRL==>Index;ACTION==>manual"
2017-09-23 14:22:56"MODULE==>Home;CTRL==>Index;ACTION==>get_manualList"
2017-09-23 14:23:17"MODULE==>Home;CTRL==>Index;ACTION==>manual"
2017-09-23 14:23:17"MODULE==>Home;CTRL==>Index;ACTION==>get_manualList"
2017-09-23 14:23:37"MODULE==>Home;CTRL==>Index;ACTION==>manual"
2017-09-23 14:23:37"MODULE==>Home;CTRL==>Index;ACTION==>get_manualList"
2017-09-23 14:24:53"MODULE==>Home;CTRL==>Index;ACTION==>manual"
2017-09-23 14:24:53"MODULE==>Home;CTRL==>Index;ACTION==>get_manualList"
2017-09-23 14:28:48"MODULE==>Home;CTRL==>Index;ACTION==>manual"
2017-09-23 14:28:48"MODULE==>Home;CTRL==>Index;ACTION==>get_manualList"
2017-09-23 14:28:54"MODULE==>Home;CTRL==>Index;ACTION==>manual"
2017-09-23 14:28:55"MODULE==>Home;CTRL==>Index;ACTION==>get_manualList"
2017-09-23 14:29:03"MODULE==>Home;CTRL==>Index;ACTION==>manual"
2017-09-23 14:29:03"MODULE==>Home;CTRL==>Index;ACTION==>get_manualList"
2017-09-23 14:33:20"MODULE==>Home;CTRL==>Index;ACTION==>manual"
2017-09-23 14:33:20"MODULE==>Home;CTRL==>Index;ACTION==>get_manualList"
2017-09-23 14:33:25"MODULE==>Home;CTRL==>Index;ACTION==>get_manual"
2017-09-23 14:33:40"MODULE==>Home;CTRL==>Index;ACTION==>get_manual"
2017-09-23 14:34:32"MODULE==>Admin;CTRL==>Index;ACTION==>index"
2017-09-23 14:34:33"MODULE==>Admin;CTRL==>Index;ACTION==>main"
2017-09-23 14:34:35"MODULE==>Admin;CTRL==>Manual;ACTION==>index"
2017-09-23 14:34:35"MODULE==>Admin;CTRL==>Manual;ACTION==>datas"
2017-09-23 14:34:38"MODULE==>Admin;CTRL==>Manual;ACTION==>edit_form"
2017-09-23 14:34:49"MODULE==>Admin;CTRL==>Manual;ACTION==>edit"
2017-09-23 14:34:49"MODULE==>Admin;CTRL==>Manual;ACTION==>index"
2017-09-23 14:34:49"MODULE==>Admin;CTRL==>Manual;ACTION==>datas"
2017-09-23 14:34:50"MODULE==>Admin;CTRL==>Manual;ACTION==>edit_form"
2017-09-23 14:35:23"MODULE==>Admin;CTRL==>Manual;ACTION==>edit_form"
2017-09-23 14:35:26"MODULE==>Admin;CTRL==>Manual;ACTION==>edit"
2017-09-23 14:35:26"MODULE==>Admin;CTRL==>Manual;ACTION==>index"
2017-09-23 14:35:26"MODULE==>Admin;CTRL==>Manual;ACTION==>datas"
2017-09-23 14:35:27"MODULE==>Admin;CTRL==>Manual;ACTION==>edit_form"
2017-09-23 14:37:15"MODULE==>Home;CTRL==>Index;ACTION==>manual"
2017-09-23 14:37:16"MODULE==>Home;CTRL==>Index;ACTION==>get_manualList"
2017-09-23 14:42:16"MODULE==>Home;CTRL==>Index;ACTION==>manual"
2017-09-23 14:42:17"MODULE==>Home;CTRL==>Index;ACTION==>get_manualList"
2017-09-23 14:42:18"MODULE==>Home;CTRL==>Index;ACTION==>get_manual"
2017-09-23 14:42:53"MODULE==>Home;CTRL==>Index;ACTION==>manual"
2017-09-23 14:42:54"MODULE==>Home;CTRL==>Index;ACTION==>get_manualList"
2017-09-23 14:43:02"MODULE==>Home;CTRL==>Index;ACTION==>manual"
2017-09-23 14:43:02"MODULE==>Home;CTRL==>Index;ACTION==>get_manualList"
2017-09-23 14:43:55"MODULE==>Home;CTRL==>Index;ACTION==>manual"
2017-09-23 14:43:55"MODULE==>Home;CTRL==>Index;ACTION==>get_manualList"
2017-09-23 14:45:25"MODULE==>Home;CTRL==>Index;ACTION==>manual"
2017-09-23 14:45:25"MODULE==>Home;CTRL==>Index;ACTION==>get_manualList"
2017-09-23 14:46:17"MODULE==>Home;CTRL==>Index;ACTION==>manual"
2017-09-23 14:46:18"MODULE==>Home;CTRL==>Index;ACTION==>get_manualList"
2017-09-23 14:46:28"MODULE==>Home;CTRL==>Index;ACTION==>manual"
2017-09-23 14:46:29"MODULE==>Home;CTRL==>Index;ACTION==>get_manualList"
2017-09-23 14:47:19"MODULE==>Home;CTRL==>Index;ACTION==>manual"
2017-09-23 14:47:20"MODULE==>Home;CTRL==>Index;ACTION==>get_manualList"
2017-09-23 14:48:13"MODULE==>Home;CTRL==>Index;ACTION==>manual"
2017-09-23 14:48:13"MODULE==>Home;CTRL==>Index;ACTION==>get_manualList"
2017-09-23 14:48:26"MODULE==>Home;CTRL==>Index;ACTION==>manual"
2017-09-23 14:48:27"MODULE==>Home;CTRL==>Index;ACTION==>get_manualList"
2017-09-23 14:49:30"MODULE==>Home;CTRL==>Index;ACTION==>manual"
2017-09-23 14:49:30"MODULE==>Home;CTRL==>Index;ACTION==>get_manualList"
2017-09-23 14:49:40"MODULE==>Home;CTRL==>Index;ACTION==>manual"
2017-09-23 14:49:40"MODULE==>Home;CTRL==>Index;ACTION==>get_manualList"
2017-09-23 14:49:43"MODULE==>Home;CTRL==>Index;ACTION==>manual"
2017-09-23 14:49:43"MODULE==>Home;CTRL==>Index;ACTION==>get_manualList"
2017-09-23 14:49:49"MODULE==>Home;CTRL==>Index;ACTION==>manual"
2017-09-23 14:49:50"MODULE==>Home;CTRL==>Index;ACTION==>get_manualList"
2017-09-23 14:49:51"MODULE==>Home;CTRL==>Index;ACTION==>manual"
2017-09-23 14:49:51"MODULE==>Home;CTRL==>Index;ACTION==>get_manualList"
2017-09-23 14:50:03"MODULE==>Home;CTRL==>Index;ACTION==>manual"
2017-09-23 14:50:03"MODULE==>Home;CTRL==>Index;ACTION==>get_manualList"
2017-09-23 14:50:12"MODULE==>Home;CTRL==>Index;ACTION==>manual"
2017-09-23 14:50:12"MODULE==>Home;CTRL==>Index;ACTION==>get_manualList"
2017-09-23 14:51:03"MODULE==>Home;CTRL==>Index;ACTION==>manual"
2017-09-23 14:51:04"MODULE==>Home;CTRL==>Index;ACTION==>get_manualList"
2017-09-23 14:51:34"MODULE==>Home;CTRL==>Index;ACTION==>manual"
2017-09-23 14:51:34"MODULE==>Home;CTRL==>Index;ACTION==>get_manualList"
2017-09-23 15:01:23"MODULE==>Home;CTRL==>Index;ACTION==>manual"
2017-09-23 15:01:23"MODULE==>Home;CTRL==>Index;ACTION==>get_manualList"
2017-09-23 15:01:26"MODULE==>Home;CTRL==>Index;ACTION==>get_manual"
2017-09-23 15:01:40"MODULE==>Home;CTRL==>Index;ACTION==>get_manual"
2017-09-23 15:01:45"MODULE==>Home;CTRL==>Index;ACTION==>manual"
2017-09-23 15:01:45"MODULE==>Home;CTRL==>Index;ACTION==>get_manualList"
2017-09-23 15:01:47"MODULE==>Home;CTRL==>Index;ACTION==>get_manual"
2017-09-23 15:01:58"MODULE==>Home;CTRL==>Index;ACTION==>manual"
2017-09-23 15:01:58"MODULE==>Home;CTRL==>Index;ACTION==>get_manualList"
2017-09-23 15:02:27"MODULE==>Home;CTRL==>Index;ACTION==>manual"
2017-09-23 15:02:28"MODULE==>Home;CTRL==>Index;ACTION==>get_manualList"
2017-09-23 15:02:30"MODULE==>Home;CTRL==>Index;ACTION==>get_manual"
2017-09-23 15:02:32"MODULE==>Home;CTRL==>Index;ACTION==>get_manual"
2017-09-23 15:02:38"MODULE==>Home;CTRL==>Index;ACTION==>manual"
2017-09-23 15:02:39"MODULE==>Home;CTRL==>Index;ACTION==>get_manualList"
2017-09-23 15:02:40"MODULE==>Home;CTRL==>Index;ACTION==>get_manual"
2017-09-23 15:03:28"MODULE==>Home;CTRL==>Index;ACTION==>manual"
2017-09-23 15:03:29"MODULE==>Home;CTRL==>Index;ACTION==>get_manualList"
2017-09-23 15:03:31"MODULE==>Home;CTRL==>Index;ACTION==>get_manual"
2017-09-23 15:03:31"MODULE==>Home;CTRL==>Index;ACTION==>get_manual"
2017-09-23 15:04:23"MODULE==>Home;CTRL==>Index;ACTION==>manual"
2017-09-23 15:04:24"MODULE==>Home;CTRL==>Index;ACTION==>get_manualList"
2017-09-23 15:04:57"MODULE==>Home;CTRL==>Index;ACTION==>manual"
2017-09-23 15:04:57"MODULE==>Home;CTRL==>Index;ACTION==>get_manualList"
2017-09-23 15:05:19"MODULE==>Home;CTRL==>Index;ACTION==>manual"
2017-09-23 15:05:20"MODULE==>Home;CTRL==>Index;ACTION==>get_manualList"
2017-09-23 15:05:56"MODULE==>Home;CTRL==>Index;ACTION==>manual"
2017-09-23 15:05:56"MODULE==>Home;CTRL==>Index;ACTION==>get_manualList"
2017-09-23 15:05:58"MODULE==>Home;CTRL==>Index;ACTION==>manual"
2017-09-23 15:05:58"MODULE==>Home;CTRL==>Index;ACTION==>get_manualList"
2017-09-23 15:06:17"MODULE==>Home;CTRL==>Index;ACTION==>get_manual"
2017-09-23 15:07:21"MODULE==>Home;CTRL==>Index;ACTION==>manual"
2017-09-23 15:07:22"MODULE==>Home;CTRL==>Index;ACTION==>get_manualList"
2017-09-23 15:07:38"MODULE==>Home;CTRL==>Index;ACTION==>manual"
2017-09-23 15:07:38"MODULE==>Home;CTRL==>Index;ACTION==>get_manualList"
2017-09-23 15:07:40"MODULE==>Home;CTRL==>Index;ACTION==>get_manual"
2017-09-23 15:07:41"MODULE==>Home;CTRL==>Index;ACTION==>get_manual"
2017-09-23 15:08:28"MODULE==>Home;CTRL==>Index;ACTION==>manual"
2017-09-23 15:08:28"MODULE==>Home;CTRL==>Index;ACTION==>get_manualList"
2017-09-23 15:08:30"MODULE==>Home;CTRL==>Index;ACTION==>get_manual"
2017-09-23 15:08:31"MODULE==>Home;CTRL==>Index;ACTION==>get_manual"
2017-09-23 15:13:52"MODULE==>Home;CTRL==>Index;ACTION==>manual"
2017-09-23 15:13:52"MODULE==>Home;CTRL==>Index;ACTION==>get_manualList"
2017-09-23 15:13:53"MODULE==>Home;CTRL==>Index;ACTION==>get_manual"
2017-09-23 15:14:00"MODULE==>Home;CTRL==>Index;ACTION==>manual"
2017-09-23 15:14:01"MODULE==>Home;CTRL==>Index;ACTION==>get_manualList"
2017-09-23 15:14:02"MODULE==>Home;CTRL==>Index;ACTION==>get_manual"
2017-09-23 15:14:29"MODULE==>Home;CTRL==>Index;ACTION==>manual"
2017-09-23 15:14:30"MODULE==>Home;CTRL==>Index;ACTION==>get_manualList"
2017-09-23 15:14:31"MODULE==>Home;CTRL==>Index;ACTION==>get_manual"
2017-09-23 15:14:32"MODULE==>Home;CTRL==>Index;ACTION==>manual"
2017-09-23 15:14:32"MODULE==>Home;CTRL==>Index;ACTION==>get_manualList"
2017-09-23 15:14:33"MODULE==>Home;CTRL==>Index;ACTION==>get_manual"
2017-09-23 15:14:45"MODULE==>Home;CTRL==>Index;ACTION==>manual"
2017-09-23 15:14:46"MODULE==>Home;CTRL==>Index;ACTION==>get_manualList"
2017-09-23 15:14:47"MODULE==>Home;CTRL==>Index;ACTION==>get_manual"
2017-09-23 15:14:52"MODULE==>Home;CTRL==>Index;ACTION==>get_manual"
2017-09-23 15:14:54"MODULE==>Home;CTRL==>Index;ACTION==>get_manual"
2017-09-23 15:14:56"MODULE==>Home;CTRL==>Index;ACTION==>manual"
2017-09-23 15:14:57"MODULE==>Home;CTRL==>Index;ACTION==>get_manualList"
2017-09-23 15:14:58"MODULE==>Home;CTRL==>Index;ACTION==>get_manual"
2017-09-23 15:17:03"MODULE==>Home;CTRL==>Index;ACTION==>manual"
2017-09-23 15:17:13"MODULE==>Home;CTRL==>Index;ACTION==>manual"
2017-09-23 15:17:14"MODULE==>Home;CTRL==>Index;ACTION==>get_manualList"
2017-09-23 15:17:15"MODULE==>Home;CTRL==>Index;ACTION==>get_manual"
2017-09-23 15:17:19"MODULE==>Home;CTRL==>Index;ACTION==>manual"
2017-09-23 15:17:20"MODULE==>Home;CTRL==>Index;ACTION==>get_manualList"
2017-09-23 15:17:21"MODULE==>Home;CTRL==>Index;ACTION==>get_manual"
2017-09-23 15:17:21"MODULE==>Home;CTRL==>Index;ACTION==>manual"
2017-09-23 15:17:22"MODULE==>Home;CTRL==>Index;ACTION==>get_manualList"
2017-09-23 15:17:23"MODULE==>Home;CTRL==>Index;ACTION==>get_manual"
2017-09-23 15:17:31"MODULE==>Home;CTRL==>Index;ACTION==>manual"
2017-09-23 15:17:31"MODULE==>Home;CTRL==>Index;ACTION==>get_manualList"
2017-09-23 15:17:32"MODULE==>Home;CTRL==>Index;ACTION==>get_manual"
2017-09-23 15:17:43"MODULE==>Home;CTRL==>Index;ACTION==>manual"
2017-09-23 15:17:43"MODULE==>Home;CTRL==>Index;ACTION==>get_manual"
2017-09-23 15:17:44"MODULE==>Home;CTRL==>Index;ACTION==>get_manualList"
2017-09-23 15:17:47"MODULE==>Home;CTRL==>Index;ACTION==>get_manual"
2017-09-23 15:17:49"MODULE==>Home;CTRL==>Index;ACTION==>manual"
2017-09-23 15:17:49"MODULE==>Home;CTRL==>Index;ACTION==>get_manual"
2017-09-23 15:17:50"MODULE==>Home;CTRL==>Index;ACTION==>get_manualList"
2017-09-23 15:21:14"MODULE==>Home;CTRL==>Index;ACTION==>manual"
2017-09-23 15:21:14"MODULE==>Home;CTRL==>Index;ACTION==>get_manual"
2017-09-23 15:21:15"MODULE==>Home;CTRL==>Index;ACTION==>get_manualList"
2017-09-23 15:21:16"MODULE==>Home;CTRL==>Index;ACTION==>manual"
2017-09-23 15:21:16"MODULE==>Home;CTRL==>Index;ACTION==>get_manual"
2017-09-23 15:21:17"MODULE==>Home;CTRL==>Index;ACTION==>get_manualList"
2017-09-23 15:23:26"MODULE==>Home;CTRL==>Index;ACTION==>manual"
2017-09-23 15:23:26"MODULE==>Home;CTRL==>Index;ACTION==>get_manual"
2017-09-23 15:23:27"MODULE==>Home;CTRL==>Index;ACTION==>get_manualList"
2017-09-23 15:25:55"MODULE==>Home;CTRL==>Index;ACTION==>manual"
2017-09-23 15:25:55"MODULE==>Home;CTRL==>Index;ACTION==>get_manual"
2017-09-23 15:25:56"MODULE==>Home;CTRL==>Index;ACTION==>get_manualList"
2017-09-23 15:26:51"MODULE==>Home;CTRL==>Index;ACTION==>manual"
2017-09-23 15:26:52"MODULE==>Home;CTRL==>Index;ACTION==>get_manual"
2017-09-23 15:26:53"MODULE==>Home;CTRL==>Index;ACTION==>get_manualList"
2017-09-23 15:27:42"MODULE==>Home;CTRL==>Index;ACTION==>manual"
2017-09-23 15:27:43"MODULE==>Home;CTRL==>Index;ACTION==>get_manual"
2017-09-23 15:27:44"MODULE==>Home;CTRL==>Index;ACTION==>get_manualList"
2017-09-23 15:28:21"MODULE==>Home;CTRL==>Index;ACTION==>manual"
2017-09-23 15:28:21"MODULE==>Home;CTRL==>Index;ACTION==>get_manual"
2017-09-23 15:28:22"MODULE==>Home;CTRL==>Index;ACTION==>get_manualList"
2017-09-23 15:28:50"MODULE==>Home;CTRL==>Index;ACTION==>manual"
2017-09-23 15:28:51"MODULE==>Home;CTRL==>Index;ACTION==>get_manual"
2017-09-23 15:28:52"MODULE==>Home;CTRL==>Index;ACTION==>get_manualList"
2017-09-23 15:30:31"MODULE==>Home;CTRL==>Index;ACTION==>manual"
2017-09-23 15:30:32"MODULE==>Home;CTRL==>Index;ACTION==>get_manual"
2017-09-23 15:30:33"MODULE==>Home;CTRL==>Index;ACTION==>get_manualList"
2017-09-23 15:30:50"MODULE==>Home;CTRL==>Index;ACTION==>manual"
2017-09-23 15:30:50"MODULE==>Home;CTRL==>Index;ACTION==>get_manual"
2017-09-23 15:30:51"MODULE==>Home;CTRL==>Index;ACTION==>get_manualList"
2017-09-23 15:32:04"MODULE==>Home;CTRL==>Index;ACTION==>manual"
2017-09-23 15:32:04"MODULE==>Home;CTRL==>Index;ACTION==>get_manual"
2017-09-23 15:32:05"MODULE==>Home;CTRL==>Index;ACTION==>get_manualList"
2017-09-23 15:32:06"MODULE==>Home;CTRL==>Index;ACTION==>get_manual"
2017-09-23 15:32:07"MODULE==>Home;CTRL==>Index;ACTION==>get_manual"
2017-09-23 15:32:24"MODULE==>Home;CTRL==>Index;ACTION==>manual"
2017-09-23 15:32:24"MODULE==>Home;CTRL==>Index;ACTION==>get_manual"
2017-09-23 15:32:25"MODULE==>Home;CTRL==>Index;ACTION==>get_manualList"
2017-09-23 15:33:47"MODULE==>Home;CTRL==>Index;ACTION==>manual"
2017-09-23 15:33:48"MODULE==>Home;CTRL==>Index;ACTION==>get_manual"
2017-09-23 15:33:49"MODULE==>Home;CTRL==>Index;ACTION==>get_manualList"
2017-09-23 15:35:43"MODULE==>Home;CTRL==>Index;ACTION==>manual"
2017-09-23 15:35:43"MODULE==>Home;CTRL==>Index;ACTION==>get_manual"
2017-09-23 15:35:44"MODULE==>Home;CTRL==>Index;ACTION==>get_manualList"
2017-09-23 15:36:21"MODULE==>Home;CTRL==>Index;ACTION==>manual"
2017-09-23 15:36:21"MODULE==>Home;CTRL==>Index;ACTION==>get_manual"
2017-09-23 15:36:22"MODULE==>Home;CTRL==>Index;ACTION==>get_manualList"
2017-09-23 15:46:30"MODULE==>Home;CTRL==>Index;ACTION==>manual"
2017-09-23 15:46:30"MODULE==>Home;CTRL==>Index;ACTION==>get_manual"
2017-09-23 15:46:31"MODULE==>Home;CTRL==>Index;ACTION==>get_manualList"
2017-09-23 15:47:52"MODULE==>Home;CTRL==>Index;ACTION==>manual"
2017-09-23 15:47:52"MODULE==>Home;CTRL==>Index;ACTION==>get_manual"
2017-09-23 15:47:53"MODULE==>Home;CTRL==>Index;ACTION==>get_manualList"
2017-09-23 15:48:39"MODULE==>Home;CTRL==>Index;ACTION==>manual"
2017-09-23 15:48:39"MODULE==>Home;CTRL==>Index;ACTION==>get_manual"
2017-09-23 15:48:40"MODULE==>Home;CTRL==>Index;ACTION==>get_manualList"
2017-09-23 15:49:00"MODULE==>Home;CTRL==>Index;ACTION==>manual"
2017-09-23 15:49:01"MODULE==>Home;CTRL==>Index;ACTION==>get_manual"
2017-09-23 15:49:02"MODULE==>Home;CTRL==>Index;ACTION==>get_manualList"
2017-09-23 15:49:20"MODULE==>Home;CTRL==>Index;ACTION==>manual"
2017-09-23 15:49:20"MODULE==>Home;CTRL==>Index;ACTION==>get_manual"
2017-09-23 15:49:21"MODULE==>Home;CTRL==>Index;ACTION==>get_manualList"
2017-09-23 15:49:36"MODULE==>Home;CTRL==>Index;ACTION==>manual"
2017-09-23 15:49:36"MODULE==>Home;CTRL==>Index;ACTION==>get_manual"
2017-09-23 15:49:37"MODULE==>Home;CTRL==>Index;ACTION==>get_manualList"
2017-09-23 15:50:01"MODULE==>Home;CTRL==>Index;ACTION==>manual"
2017-09-23 15:50:02"MODULE==>Home;CTRL==>Index;ACTION==>get_manual"
2017-09-23 15:50:03"MODULE==>Home;CTRL==>Index;ACTION==>get_manualList"
2017-09-23 15:50:55"MODULE==>Home;CTRL==>Index;ACTION==>manual"
2017-09-23 15:50:55"MODULE==>Home;CTRL==>Index;ACTION==>get_manual"
2017-09-23 15:50:56"MODULE==>Home;CTRL==>Index;ACTION==>get_manualList"
2017-09-23 15:50:56"MODULE==>Home;CTRL==>Index;ACTION==>manual"
2017-09-23 15:50:57"MODULE==>Home;CTRL==>Index;ACTION==>get_manual"
2017-09-23 15:50:58"MODULE==>Home;CTRL==>Index;ACTION==>get_manualList"
2017-09-23 15:52:45"MODULE==>Home;CTRL==>Index;ACTION==>manual"
2017-09-23 15:52:45"MODULE==>Home;CTRL==>Index;ACTION==>get_manual"
2017-09-23 15:52:46"MODULE==>Home;CTRL==>Index;ACTION==>get_manualList"
2017-09-23 15:53:30"MODULE==>Home;CTRL==>Index;ACTION==>manual"
2017-09-23 15:53:30"MODULE==>Home;CTRL==>Index;ACTION==>get_manual"
2017-09-23 15:53:31"MODULE==>Home;CTRL==>Index;ACTION==>get_manualList"
2017-09-23 15:54:46"MODULE==>Home;CTRL==>Index;ACTION==>manual"
2017-09-23 15:54:47"MODULE==>Home;CTRL==>Index;ACTION==>get_manual"
2017-09-23 15:54:48"MODULE==>Home;CTRL==>Index;ACTION==>get_manualList"
2017-09-23 15:54:58"MODULE==>Home;CTRL==>Index;ACTION==>manual"
2017-09-23 15:54:58"MODULE==>Home;CTRL==>Index;ACTION==>get_manual"
2017-09-23 15:54:59"MODULE==>Home;CTRL==>Index;ACTION==>get_manualList"
2017-09-23 15:55:10"MODULE==>Home;CTRL==>Index;ACTION==>manual"
2017-09-23 15:55:10"MODULE==>Home;CTRL==>Index;ACTION==>get_manual"
2017-09-23 15:55:11"MODULE==>Home;CTRL==>Index;ACTION==>get_manualList"
2017-09-23 15:55:16"MODULE==>Home;CTRL==>Index;ACTION==>manual"
2017-09-23 15:55:16"MODULE==>Home;CTRL==>Index;ACTION==>get_manual"
2017-09-23 15:55:17"MODULE==>Home;CTRL==>Index;ACTION==>get_manualList"
2017-09-23 16:00:07"MODULE==>Home;CTRL==>Index;ACTION==>manual"
2017-09-23 16:00:09"MODULE==>Home;CTRL==>Index;ACTION==>get_manual"
2017-09-23 16:00:10"MODULE==>Home;CTRL==>Index;ACTION==>get_manualList"
2017-09-23 16:00:44"MODULE==>Home;CTRL==>Index;ACTION==>manual"
2017-09-23 16:00:44"MODULE==>Home;CTRL==>Index;ACTION==>get_manual"
2017-09-23 16:00:45"MODULE==>Home;CTRL==>Index;ACTION==>get_manualList"
2017-09-23 16:00:53"MODULE==>Home;CTRL==>Index;ACTION==>manual"
2017-09-23 16:00:53"MODULE==>Home;CTRL==>Index;ACTION==>get_manual"
2017-09-23 16:00:54"MODULE==>Home;CTRL==>Index;ACTION==>get_manualList"
2017-09-23 16:01:00"MODULE==>Home;CTRL==>Index;ACTION==>manual"
2017-09-23 16:01:00"MODULE==>Home;CTRL==>Index;ACTION==>get_manual"
2017-09-23 16:01:01"MODULE==>Home;CTRL==>Index;ACTION==>get_manualList"
2017-09-23 16:01:05"MODULE==>Home;CTRL==>Index;ACTION==>manual"
2017-09-23 16:01:05"MODULE==>Home;CTRL==>Index;ACTION==>get_manual"
2017-09-23 16:01:06"MODULE==>Home;CTRL==>Index;ACTION==>get_manualList"
2017-09-23 16:01:29"MODULE==>Home;CTRL==>Index;ACTION==>manual"
2017-09-23 16:01:30"MODULE==>Home;CTRL==>Index;ACTION==>get_manual"
2017-09-23 16:01:31"MODULE==>Home;CTRL==>Index;ACTION==>get_manualList"
2017-09-23 16:01:39"MODULE==>Home;CTRL==>Index;ACTION==>manual"
2017-09-23 16:01:39"MODULE==>Home;CTRL==>Index;ACTION==>get_manual"
2017-09-23 16:01:40"MODULE==>Home;CTRL==>Index;ACTION==>get_manualList"
2017-09-23 16:01:47"MODULE==>Home;CTRL==>Index;ACTION==>manual"
2017-09-23 16:01:47"MODULE==>Home;CTRL==>Index;ACTION==>get_manual"
2017-09-23 16:01:48"MODULE==>Home;CTRL==>Index;ACTION==>get_manualList"
2017-09-23 16:01:52"MODULE==>Home;CTRL==>Index;ACTION==>manual"
2017-09-23 16:01:53"MODULE==>Home;CTRL==>Index;ACTION==>get_manual"
2017-09-23 16:01:54"MODULE==>Home;CTRL==>Index;ACTION==>get_manualList"
2017-09-23 16:26:19"MODULE==>Home;CTRL==>Index;ACTION==>manual"
2017-09-23 16:26:20"MODULE==>Home;CTRL==>Index;ACTION==>get_manual"
2017-09-23 16:26:21"MODULE==>Home;CTRL==>Index;ACTION==>get_manualList"
2017-09-23 16:26:38"MODULE==>Home;CTRL==>Index;ACTION==>manual"
2017-09-23 16:26:38"MODULE==>Home;CTRL==>Index;ACTION==>get_manual"
2017-09-23 16:26:39"MODULE==>Home;CTRL==>Index;ACTION==>get_manualList"
2017-09-23 16:27:24"MODULE==>Home;CTRL==>Index;ACTION==>manual"
2017-09-23 16:27:25"MODULE==>Home;CTRL==>Index;ACTION==>get_manual"
2017-09-23 16:27:26"MODULE==>Home;CTRL==>Index;ACTION==>get_manualList"
2017-09-23 16:27:40"MODULE==>Home;CTRL==>Index;ACTION==>manual"
2017-09-23 16:27:41"MODULE==>Home;CTRL==>Index;ACTION==>get_manual"
2017-09-23 16:27:42"MODULE==>Home;CTRL==>Index;ACTION==>get_manualList"
2017-09-23 16:27:50"MODULE==>Home;CTRL==>Index;ACTION==>manual"
2017-09-23 16:27:50"MODULE==>Home;CTRL==>Index;ACTION==>get_manual"
2017-09-23 16:27:51"MODULE==>Home;CTRL==>Index;ACTION==>get_manualList"
2017-09-23 16:29:35"MODULE==>Home;CTRL==>Index;ACTION==>manual"
2017-09-23 16:29:36"MODULE==>Home;CTRL==>Index;ACTION==>get_manual"
2017-09-23 16:29:37"MODULE==>Home;CTRL==>Index;ACTION==>get_manualList"
2017-09-23 16:31:09"MODULE==>Home;CTRL==>Index;ACTION==>manual"
2017-09-23 16:31:10"MODULE==>Home;CTRL==>Index;ACTION==>get_manual"
2017-09-23 16:31:11"MODULE==>Home;CTRL==>Index;ACTION==>get_manualList"
2017-09-23 16:31:26"MODULE==>Home;CTRL==>Index;ACTION==>manual"
2017-09-23 16:31:26"MODULE==>Home;CTRL==>Index;ACTION==>get_manual"
2017-09-23 16:31:27"MODULE==>Home;CTRL==>Index;ACTION==>get_manualList"
2017-09-23 16:31:34"MODULE==>Home;CTRL==>Index;ACTION==>manual"
2017-09-23 16:31:34"MODULE==>Home;CTRL==>Index;ACTION==>get_manual"
2017-09-23 16:31:35"MODULE==>Home;CTRL==>Index;ACTION==>get_manualList"
2017-09-23 16:33:04"MODULE==>Home;CTRL==>Index;ACTION==>manual"
2017-09-23 16:33:04"MODULE==>Home;CTRL==>Index;ACTION==>get_manual"
2017-09-23 16:33:05"MODULE==>Home;CTRL==>Index;ACTION==>get_manualList"
2017-09-23 16:33:37"MODULE==>Home;CTRL==>Index;ACTION==>manual"
2017-09-23 16:33:37"MODULE==>Home;CTRL==>Index;ACTION==>get_manual"
2017-09-23 16:33:38"MODULE==>Home;CTRL==>Index;ACTION==>get_manualList"
2017-09-23 16:34:00"MODULE==>Home;CTRL==>Index;ACTION==>manual"
2017-09-23 16:34:01"MODULE==>Home;CTRL==>Index;ACTION==>get_manual"
2017-09-23 16:34:02"MODULE==>Home;CTRL==>Index;ACTION==>get_manualList"
2017-09-23 16:35:28"MODULE==>Home;CTRL==>Index;ACTION==>manual"
2017-09-23 16:35:29"MODULE==>Home;CTRL==>Index;ACTION==>get_manual"
2017-09-23 16:35:30"MODULE==>Home;CTRL==>Index;ACTION==>get_manualList"
2017-09-23 16:39:21"MODULE==>Home;CTRL==>Index;ACTION==>manual"
2017-09-23 16:39:22"MODULE==>Home;CTRL==>Index;ACTION==>get_manual"
2017-09-23 16:39:23"MODULE==>Home;CTRL==>Index;ACTION==>get_manualList"
2017-09-23 16:40:50"MODULE==>Home;CTRL==>Index;ACTION==>manual"
2017-09-23 16:40:51"MODULE==>Home;CTRL==>Index;ACTION==>get_manual"
2017-09-23 16:40:52"MODULE==>Home;CTRL==>Index;ACTION==>get_manualList"
2017-09-23 16:40:57"MODULE==>Home;CTRL==>Index;ACTION==>manual"
2017-09-23 16:40:57"MODULE==>Home;CTRL==>Index;ACTION==>get_manual"
2017-09-23 16:40:58"MODULE==>Home;CTRL==>Index;ACTION==>get_manualList"
2017-09-23 16:42:22"MODULE==>Home;CTRL==>Index;ACTION==>manual"
2017-09-23 16:42:22"MODULE==>Home;CTRL==>Index;ACTION==>get_manual"
2017-09-23 16:42:23"MODULE==>Home;CTRL==>Index;ACTION==>get_manualList"
2017-09-23 16:43:15"MODULE==>Home;CTRL==>Index;ACTION==>manual"
2017-09-23 16:43:24"MODULE==>Home;CTRL==>Index;ACTION==>manual"
2017-09-23 16:43:24"MODULE==>Home;CTRL==>Index;ACTION==>get_manual"
2017-09-23 16:43:25"MODULE==>Home;CTRL==>Index;ACTION==>get_manualList"
2017-09-23 16:44:03"MODULE==>Home;CTRL==>Index;ACTION==>url"
2017-09-23 16:44:37"MODULE==>Home;CTRL==>Index;ACTION==>url"
2017-09-23 16:44:39"MODULE==>Home;CTRL==>Index;ACTION==>url"
2017-09-23 16:45:10"MODULE==>Home;CTRL==>Index;ACTION==>index"
2017-09-23 16:45:13"MODULE==>Home;CTRL==>Index;ACTION==>manual"
2017-09-23 16:45:14"MODULE==>Home;CTRL==>Index;ACTION==>get_manual"
2017-09-23 16:45:15"MODULE==>Home;CTRL==>Index;ACTION==>get_manualList"
2017-09-23 16:46:51"MODULE==>Home;CTRL==>Index;ACTION==>index"
2017-09-23 16:46:52"MODULE==>Home;CTRL==>Index;ACTION==>url"
2017-09-23 16:47:38"MODULE==>Home;CTRL==>Index;ACTION==>url"
2017-09-23 16:48:22"MODULE==>Home;CTRL==>Index;ACTION==>url"
2017-09-23 16:48:23"MODULE==>Home;CTRL==>Index;ACTION==>get_manual"
2017-09-23 16:48:39"MODULE==>Home;CTRL==>Index;ACTION==>url"
2017-09-23 16:48:40"MODULE==>Home;CTRL==>Index;ACTION==>get_manual"
2017-09-23 16:48:48"MODULE==>Home;CTRL==>Index;ACTION==>url"
2017-09-23 16:48:49"MODULE==>Home;CTRL==>Index;ACTION==>get_manual"
2017-09-23 16:49:05"MODULE==>Home;CTRL==>Index;ACTION==>url"
2017-09-23 16:49:05"MODULE==>Home;CTRL==>Index;ACTION==>get_manual"
2017-09-23 16:49:16"MODULE==>Home;CTRL==>Index;ACTION==>url"
2017-09-23 16:49:17"MODULE==>Home;CTRL==>Index;ACTION==>get_manual"
2017-09-23 16:49:25"MODULE==>Home;CTRL==>Index;ACTION==>url"
2017-09-23 16:49:26"MODULE==>Home;CTRL==>Index;ACTION==>get_manual"
2017-09-23 16:50:00"MODULE==>Home;CTRL==>Index;ACTION==>url"
2017-09-23 16:50:00"MODULE==>Home;CTRL==>Index;ACTION==>get_manual"
2017-09-23 16:50:02"MODULE==>Home;CTRL==>Index;ACTION==>url"
2017-09-23 16:50:02"MODULE==>Home;CTRL==>Index;ACTION==>get_manual"
2017-09-23 16:50:18"MODULE==>Home;CTRL==>Index;ACTION==>url"
2017-09-23 16:50:18"MODULE==>Home;CTRL==>Index;ACTION==>get_manual"
2017-09-23 16:50:30"MODULE==>Home;CTRL==>Index;ACTION==>url"
2017-09-23 16:50:31"MODULE==>Home;CTRL==>Index;ACTION==>get_manual"
2017-09-23 16:50:39"MODULE==>Home;CTRL==>Index;ACTION==>url"
2017-09-23 16:50:40"MODULE==>Home;CTRL==>Index;ACTION==>get_manual"
2017-09-23 16:50:46"MODULE==>Home;CTRL==>Index;ACTION==>url"
2017-09-23 16:50:46"MODULE==>Home;CTRL==>Index;ACTION==>get_manual"
2017-09-23 16:51:00"MODULE==>Home;CTRL==>Index;ACTION==>url"
2017-09-23 16:51:00"MODULE==>Home;CTRL==>Index;ACTION==>get_manual"
2017-09-23 16:51:06"MODULE==>Home;CTRL==>Index;ACTION==>url"
2017-09-23 16:51:06"MODULE==>Home;CTRL==>Index;ACTION==>get_manual"
2017-09-23 16:51:37"MODULE==>Home;CTRL==>Index;ACTION==>url"
2017-09-23 16:51:37"MODULE==>Home;CTRL==>Index;ACTION==>get_manual"
2017-09-23 17:16:45"MODULE==>Home;CTRL==>Index;ACTION==>url"
2017-09-23 17:16:45"MODULE==>Home;CTRL==>Index;ACTION==>get_manual"
2017-09-23 17:16:49"MODULE==>Home;CTRL==>Index;ACTION==>index"
2017-09-23 17:16:50"MODULE==>Home;CTRL==>Index;ACTION==>manual"
2017-09-23 17:16:50"MODULE==>Home;CTRL==>Index;ACTION==>get_manual"
2017-09-23 17:16:51"MODULE==>Home;CTRL==>Index;ACTION==>get_manualList"
2017-09-23 17:17:00"MODULE==>Home;CTRL==>Index;ACTION==>manual"
2017-09-23 17:17:00"MODULE==>Home;CTRL==>Index;ACTION==>get_manual"
2017-09-23 17:17:01"MODULE==>Home;CTRL==>Index;ACTION==>get_manualList"
2017-09-23 17:17:09"MODULE==>Home;CTRL==>Index;ACTION==>get_manual"
2017-09-23 17:17:14"MODULE==>Home;CTRL==>Index;ACTION==>get_manual"
2017-09-23 17:17:41"MODULE==>Home;CTRL==>Index;ACTION==>manual"
2017-09-23 17:17:42"MODULE==>Home;CTRL==>Index;ACTION==>get_manual"
2017-09-23 17:17:43"MODULE==>Home;CTRL==>Index;ACTION==>get_manualList"
2017-09-23 23:48:20"MODULE==>Home;CTRL==>Index;ACTION==>index"
2017-09-23 23:48:22"MODULE==>Home;CTRL==>Index;ACTION==>manual"
2017-09-23 23:48:22"MODULE==>Home;CTRL==>Index;ACTION==>get_manual"
2017-09-23 23:48:23"MODULE==>Home;CTRL==>Index;ACTION==>get_manualList"
2017-09-23 23:48:25"MODULE==>Home;CTRL==>Index;ACTION==>get_manual"
2017-09-23 23:48:26"MODULE==>Home;CTRL==>Index;ACTION==>get_manual"
2017-09-23 23:48:31"MODULE==>Home;CTRL==>Index;ACTION==>get_manual"
2017-09-23 23:48:32"MODULE==>Home;CTRL==>Index;ACTION==>get_manual"
2017-09-23 23:48:40"MODULE==>Admin;CTRL==>Index;ACTION==>index"
2017-09-23 23:48:40"MODULE==>Admin;CTRL==>Index;ACTION==>main"
2017-09-23 23:48:42"MODULE==>Admin;CTRL==>Manual;ACTION==>index"
2017-09-23 23:48:43"MODULE==>Admin;CTRL==>Manual;ACTION==>datas"
2017-09-23 23:48:44"MODULE==>Admin;CTRL==>Manual;ACTION==>edit_form"
2017-09-23 23:48:49"MODULE==>Admin;CTRL==>Manual;ACTION==>edit_form"
2017-09-23 23:49:32"MODULE==>Admin;CTRL==>Manual;ACTION==>edit_form"
2017-09-23 23:49:35"MODULE==>Admin;CTRL==>Manual;ACTION==>edit"
2017-09-23 23:49:35"MODULE==>Admin;CTRL==>Manual;ACTION==>index"
2017-09-23 23:49:35"MODULE==>Admin;CTRL==>Manual;ACTION==>datas"
2017-09-23 23:49:38"MODULE==>Home;CTRL==>Index;ACTION==>manual"
2017-09-23 23:49:38"MODULE==>Home;CTRL==>Index;ACTION==>get_manual"
2017-09-23 23:49:39"MODULE==>Home;CTRL==>Index;ACTION==>get_manualList"
2017-09-23 23:49:39"MODULE==>Home;CTRL==>Index;ACTION==>get_manual"
2017-09-23 23:49:42"MODULE==>Home;CTRL==>Index;ACTION==>get_manual"
2017-09-23 23:49:43"MODULE==>Home;CTRL==>Index;ACTION==>get_manual"
2017-09-23 23:53:26"MODULE==>Home;CTRL==>Index;ACTION==>manual"
2017-09-23 23:53:26"MODULE==>Home;CTRL==>Index;ACTION==>get_manual"
2017-09-23 23:53:27"MODULE==>Home;CTRL==>Index;ACTION==>get_manualList"
2017-09-23 23:53:28"MODULE==>Home;CTRL==>Index;ACTION==>get_manual"
2017-09-23 23:53:28"MODULE==>Home;CTRL==>Index;ACTION==>get_manual"
2017-09-23 23:53:29"MODULE==>Home;CTRL==>Index;ACTION==>get_manual"
2017-09-23 23:53:30"MODULE==>Home;CTRL==>Index;ACTION==>get_manual"
2017-09-23 23:53:45"MODULE==>Home;CTRL==>Index;ACTION==>manual"
2017-09-23 23:53:45"MODULE==>Home;CTRL==>Index;ACTION==>get_manual"
2017-09-23 23:53:46"MODULE==>Home;CTRL==>Index;ACTION==>get_manualList"
2017-09-23 23:53:47"MODULE==>Home;CTRL==>Index;ACTION==>get_manual"
2017-09-23 23:53:48"MODULE==>Home;CTRL==>Index;ACTION==>get_manual"
2017-09-23 23:57:41"MODULE==>Home;CTRL==>Index;ACTION==>manual"
2017-09-23 23:57:41"MODULE==>Home;CTRL==>Index;ACTION==>get_manual"
2017-09-23 23:57:42"MODULE==>Home;CTRL==>Index;ACTION==>get_manualList"
2017-09-23 23:57:45"MODULE==>Home;CTRL==>Index;ACTION==>manual"
2017-09-23 23:57:45"MODULE==>Home;CTRL==>Index;ACTION==>get_manual"
2017-09-23 23:57:46"MODULE==>Home;CTRL==>Index;ACTION==>manual"
2017-09-23 23:57:46"MODULE==>Home;CTRL==>Index;ACTION==>get_manual"
2017-09-23 23:57:46"MODULE==>Home;CTRL==>Index;ACTION==>get_manualList"
2017-09-23 23:57:47"MODULE==>Home;CTRL==>Index;ACTION==>get_manualList"
