2017-09-27 13:30:17"MODULE==>Home;CTRL==>Index;ACTION==>index"
2017-09-27 13:30:18"MODULE==>Home;CTRL==>Index;ACTION==>manual"
2017-09-27 13:30:18"MODULE==>Home;CTRL==>Index;ACTION==>get_manual"
2017-09-27 13:30:18"MODULE==>Home;CTRL==>Index;ACTION==>get_manualList"
2017-09-27 13:30:29"MODULE==>Home;CTRL==>Index;ACTION==>manual"
2017-09-27 13:30:30"MODULE==>Home;CTRL==>Index;ACTION==>get_manual"
2017-09-27 13:30:30"MODULE==>Home;CTRL==>Index;ACTION==>get_manualList"
2017-09-27 13:31:17"MODULE==>Home;CTRL==>Index;ACTION==>manual"
2017-09-27 13:31:17"MODULE==>Home;CTRL==>Index;ACTION==>get_manual"
2017-09-27 13:31:17"MODULE==>Home;CTRL==>Index;ACTION==>get_manualList"
2017-09-27 13:31:20"MODULE==>Home;CTRL==>Index;ACTION==>get_manual"
2017-09-27 13:31:22"MODULE==>Home;CTRL==>Index;ACTION==>get_manual"
2017-09-27 13:31:24"MODULE==>Home;CTRL==>Index;ACTION==>get_manual"
2017-09-27 13:31:26"MODULE==>Home;CTRL==>Index;ACTION==>get_manual"
2017-09-27 13:31:41"MODULE==>Admin;CTRL==>Index;ACTION==>index"
2017-09-27 13:31:41"MODULE==>Admin;CTRL==>Index;ACTION==>main"
2017-09-27 13:31:45"MODULE==>Admin;CTRL==>Manual;ACTION==>index"
2017-09-27 13:31:45"MODULE==>Admin;CTRL==>Manual;ACTION==>datas"
2017-09-27 13:31:47"MODULE==>Admin;CTRL==>Manual;ACTION==>datas"
2017-09-27 13:31:49"MODULE==>Admin;CTRL==>Manual;ACTION==>datas"
2017-09-27 13:31:50"MODULE==>Admin;CTRL==>Manual;ACTION==>datas"
2017-09-27 13:31:52"MODULE==>Admin;CTRL==>Manual;ACTION==>datas"
2017-09-27 13:32:18"MODULE==>Admin;CTRL==>Manual;ACTION==>index"
2017-09-27 13:32:18"MODULE==>Admin;CTRL==>Manual;ACTION==>datas"
2017-09-27 13:32:21"MODULE==>Home;CTRL==>Index;ACTION==>manual"
2017-09-27 13:32:21"MODULE==>Home;CTRL==>Index;ACTION==>get_manual"
2017-09-27 13:32:21"MODULE==>Home;CTRL==>Index;ACTION==>get_manualList"
2017-09-27 13:33:58"MODULE==>Home;CTRL==>Index;ACTION==>manual"
2017-09-27 13:33:58"MODULE==>Home;CTRL==>Index;ACTION==>get_manual"
2017-09-27 13:33:58"MODULE==>Home;CTRL==>Index;ACTION==>get_manualList"
2017-09-27 13:34:17"MODULE==>Home;CTRL==>Index;ACTION==>manual"
2017-09-27 13:34:17"MODULE==>Home;CTRL==>Index;ACTION==>get_manual"
2017-09-27 13:34:17"MODULE==>Home;CTRL==>Index;ACTION==>get_manualList"
2017-09-27 13:34:36"MODULE==>Home;CTRL==>Index;ACTION==>manual"
2017-09-27 13:34:37"MODULE==>Home;CTRL==>Index;ACTION==>get_manual"
2017-09-27 13:34:37"MODULE==>Home;CTRL==>Index;ACTION==>get_manualList"
2017-09-27 13:34:47"MODULE==>Home;CTRL==>Index;ACTION==>manual"
2017-09-27 13:34:48"MODULE==>Home;CTRL==>Index;ACTION==>get_manual"
2017-09-27 13:34:48"MODULE==>Home;CTRL==>Index;ACTION==>get_manualList"
2017-09-27 14:00:20"MODULE==>Home;CTRL==>Index;ACTION==>manual"
2017-09-27 14:00:20"MODULE==>Home;CTRL==>Index;ACTION==>get_manual"
2017-09-27 14:00:59"MODULE==>Home;CTRL==>Index;ACTION==>manual"
2017-09-27 14:01:00"MODULE==>Home;CTRL==>Index;ACTION==>get_manual"
2017-09-27 14:01:00"MODULE==>Home;CTRL==>Index;ACTION==>get_manualList"
2017-09-27 14:01:39"MODULE==>Home;CTRL==>Index;ACTION==>manual"
2017-09-27 14:01:39"MODULE==>Home;CTRL==>Index;ACTION==>get_manual"
2017-09-27 14:01:39"MODULE==>Home;CTRL==>Index;ACTION==>get_manualList"
2017-09-27 14:01:47"MODULE==>Admin;CTRL==>Manual;ACTION==>index"
2017-09-27 14:01:47"MODULE==>Admin;CTRL==>Manual;ACTION==>datas"
2017-09-27 14:01:49"MODULE==>Admin;CTRL==>Manual;ACTION==>datas"
2017-09-27 14:01:51"MODULE==>Admin;CTRL==>Manual;ACTION==>datas"
2017-09-27 14:01:51"MODULE==>Admin;CTRL==>Manual;ACTION==>datas"
2017-09-27 14:03:50"MODULE==>Admin;CTRL==>Manual;ACTION==>index"
2017-09-27 14:03:50"MODULE==>Admin;CTRL==>Manual;ACTION==>datas"
2017-09-27 14:03:51"MODULE==>Admin;CTRL==>Manual;ACTION==>datas"
2017-09-27 14:03:52"MODULE==>Admin;CTRL==>Manual;ACTION==>datas"
2017-09-27 14:03:53"MODULE==>Admin;CTRL==>Manual;ACTION==>datas"
2017-09-27 14:04:16"MODULE==>Admin;CTRL==>Manual;ACTION==>datas"
2017-09-27 14:05:15"MODULE==>Admin;CTRL==>Manual;ACTION==>edit_form"
2017-09-27 14:05:19"MODULE==>Admin;CTRL==>Manual;ACTION==>edit"
2017-09-27 14:05:19"MODULE==>Admin;CTRL==>Manual;ACTION==>index"
2017-09-27 14:05:27"MODULE==>Admin;CTRL==>Manual;ACTION==>index"
2017-09-27 14:05:31"MODULE==>Admin;CTRL==>Manual;ACTION==>index"
2017-09-27 14:05:31"MODULE==>Admin;CTRL==>Manual;ACTION==>datas"
2017-09-27 14:05:33"MODULE==>Admin;CTRL==>Manual;ACTION==>index"
2017-09-27 14:05:33"MODULE==>Admin;CTRL==>Manual;ACTION==>datas"
2017-09-27 14:05:35"MODULE==>Admin;CTRL==>Manual;ACTION==>datas"
2017-09-27 14:05:36"MODULE==>Admin;CTRL==>Manual;ACTION==>datas"
2017-09-27 14:05:37"MODULE==>Admin;CTRL==>Manual;ACTION==>edit_form"
2017-09-27 14:05:42"MODULE==>Admin;CTRL==>Manual;ACTION==>edit"
2017-09-27 14:05:42"MODULE==>Admin;CTRL==>Manual;ACTION==>index"
2017-09-27 14:05:42"MODULE==>Admin;CTRL==>Manual;ACTION==>datas"
2017-09-27 14:05:46"MODULE==>Admin;CTRL==>Manual;ACTION==>edit_form"
2017-09-27 14:05:49"MODULE==>Admin;CTRL==>Manual;ACTION==>edit"
2017-09-27 14:05:49"MODULE==>Admin;CTRL==>Manual;ACTION==>index"
2017-09-27 14:05:49"MODULE==>Admin;CTRL==>Manual;ACTION==>datas"
2017-09-27 14:05:53"MODULE==>Admin;CTRL==>Manual;ACTION==>edit_form"
2017-09-27 14:06:23"MODULE==>Admin;CTRL==>Manual;ACTION==>index"
2017-09-27 14:06:23"MODULE==>Admin;CTRL==>Manual;ACTION==>datas"
2017-09-27 14:06:24"MODULE==>Admin;CTRL==>Manual;ACTION==>datas"
2017-09-27 14:06:26"MODULE==>Admin;CTRL==>Manual;ACTION==>datas"
2017-09-27 14:06:27"MODULE==>Admin;CTRL==>Manual;ACTION==>datas"
2017-09-27 14:06:30"MODULE==>Admin;CTRL==>Manual;ACTION==>edit_form"
2017-09-27 14:06:32"MODULE==>Admin;CTRL==>Manual;ACTION==>edit"
2017-09-27 14:06:32"MODULE==>Admin;CTRL==>Manual;ACTION==>index"
2017-09-27 14:06:33"MODULE==>Admin;CTRL==>Manual;ACTION==>datas"
2017-09-27 14:06:39"MODULE==>Admin;CTRL==>Manual;ACTION==>edit_form"
2017-09-27 14:06:42"MODULE==>Admin;CTRL==>Manual;ACTION==>edit"
2017-09-27 14:06:42"MODULE==>Admin;CTRL==>Manual;ACTION==>index"
2017-09-27 14:06:42"MODULE==>Admin;CTRL==>Manual;ACTION==>datas"
2017-09-27 14:07:03"MODULE==>Admin;CTRL==>Manual;ACTION==>index"
2017-09-27 14:07:03"MODULE==>Admin;CTRL==>Manual;ACTION==>datas"
2017-09-27 14:07:09"MODULE==>Admin;CTRL==>Manual;ACTION==>index"
2017-09-27 14:07:09"MODULE==>Admin;CTRL==>Manual;ACTION==>datas"
2017-09-27 14:08:08"MODULE==>Admin;CTRL==>Manual;ACTION==>index"
2017-09-27 14:08:08"MODULE==>Admin;CTRL==>Manual;ACTION==>datas"
2017-09-27 14:08:24"MODULE==>Admin;CTRL==>Manual;ACTION==>index"
2017-09-27 14:08:24"MODULE==>Admin;CTRL==>Manual;ACTION==>datas"
2017-09-27 14:08:30"MODULE==>Admin;CTRL==>Manual;ACTION==>index"
2017-09-27 14:08:30"MODULE==>Admin;CTRL==>Manual;ACTION==>datas"
2017-09-27 14:08:35"MODULE==>Admin;CTRL==>Manual;ACTION==>index"
2017-09-27 14:08:35"MODULE==>Admin;CTRL==>Manual;ACTION==>datas"
2017-09-27 14:08:40"MODULE==>Admin;CTRL==>Manual;ACTION==>index"
2017-09-27 14:08:40"MODULE==>Admin;CTRL==>Manual;ACTION==>datas"
2017-09-27 14:09:09"MODULE==>Admin;CTRL==>Manual;ACTION==>index"
2017-09-27 14:09:09"MODULE==>Admin;CTRL==>Manual;ACTION==>datas"
2017-09-27 14:09:11"MODULE==>Admin;CTRL==>Manual;ACTION==>datas"
2017-09-27 14:09:12"MODULE==>Admin;CTRL==>Manual;ACTION==>datas"
2017-09-27 14:09:17"MODULE==>Home;CTRL==>Index;ACTION==>manual"
2017-09-27 14:09:17"MODULE==>Home;CTRL==>Index;ACTION==>get_manual"
2017-09-27 14:09:17"MODULE==>Home;CTRL==>Index;ACTION==>get_manualList"
2017-09-27 14:09:19"MODULE==>Home;CTRL==>Index;ACTION==>manual"
2017-09-27 14:09:19"MODULE==>Home;CTRL==>Index;ACTION==>get_manual"
2017-09-27 14:09:20"MODULE==>Home;CTRL==>Index;ACTION==>get_manualList"
2017-09-27 14:10:00"MODULE==>Home;CTRL==>Index;ACTION==>manual"
2017-09-27 14:10:01"MODULE==>Home;CTRL==>Index;ACTION==>get_manual"
2017-09-27 14:10:01"MODULE==>Home;CTRL==>Index;ACTION==>get_manualList"
2017-09-27 14:10:06"MODULE==>Home;CTRL==>Index;ACTION==>manual"
2017-09-27 14:10:06"MODULE==>Home;CTRL==>Index;ACTION==>get_manual"
2017-09-27 14:10:06"MODULE==>Home;CTRL==>Index;ACTION==>get_manualList"
2017-09-27 14:11:19"MODULE==>Home;CTRL==>Index;ACTION==>manual"
2017-09-27 14:11:20"MODULE==>Home;CTRL==>Index;ACTION==>get_manual"
2017-09-27 14:11:20"MODULE==>Home;CTRL==>Index;ACTION==>get_manualList"
2017-09-27 14:11:23"MODULE==>Home;CTRL==>Index;ACTION==>manual"
2017-09-27 14:11:23"MODULE==>Home;CTRL==>Index;ACTION==>get_manual"
2017-09-27 14:11:23"MODULE==>Home;CTRL==>Index;ACTION==>get_manualList"
2017-09-27 14:11:27"MODULE==>Home;CTRL==>Index;ACTION==>get_manual"
2017-09-27 14:12:30"MODULE==>Home;CTRL==>Index;ACTION==>manual"
2017-09-27 14:12:45"MODULE==>Home;CTRL==>Index;ACTION==>manual"
2017-09-27 14:12:45"MODULE==>Home;CTRL==>Index;ACTION==>get_manual"
2017-09-27 14:12:45"MODULE==>Home;CTRL==>Index;ACTION==>get_manualList"
2017-09-27 14:13:28"MODULE==>Home;CTRL==>Index;ACTION==>get_manual"
2017-09-27 14:13:29"MODULE==>Home;CTRL==>Index;ACTION==>get_manual"
2017-09-27 14:13:33"MODULE==>Home;CTRL==>Index;ACTION==>get_manual"
2017-09-27 14:13:41"MODULE==>Admin;CTRL==>Manual;ACTION==>index"
2017-09-27 14:13:41"MODULE==>Admin;CTRL==>Manual;ACTION==>datas"
2017-09-27 14:13:43"MODULE==>Admin;CTRL==>Manual;ACTION==>datas"
2017-09-27 14:13:45"MODULE==>Admin;CTRL==>Manual;ACTION==>datas"
2017-09-27 14:54:00"MODULE==>Home;CTRL==>Index;ACTION==>index"
2017-09-27 14:54:05"MODULE==>Home;CTRL==>Index;ACTION==>test"
2017-09-27 14:54:31"MODULE==>Home;CTRL==>Index;ACTION==>test"
2017-09-27 14:54:42"MODULE==>Home;CTRL==>Index;ACTION==>test"
2017-09-27 14:55:37"MODULE==>Home;CTRL==>Index;ACTION==>manual"
2017-09-27 14:55:38"MODULE==>Home;CTRL==>Index;ACTION==>get_manual"
2017-09-27 14:55:38"MODULE==>Home;CTRL==>Index;ACTION==>get_manualList"
2017-09-27 14:56:09"MODULE==>Home;CTRL==>Index;ACTION==>manual"
2017-09-27 14:56:13"MODULE==>Home;CTRL==>Index;ACTION==>manual"
2017-09-27 14:56:14"MODULE==>Home;CTRL==>Index;ACTION==>get_manual"
2017-09-27 14:56:14"MODULE==>Home;CTRL==>Index;ACTION==>get_manualList"
2017-09-27 14:56:18"MODULE==>Home;CTRL==>Index;ACTION==>get_manual"
2017-09-27 14:56:19"MODULE==>Home;CTRL==>Index;ACTION==>get_manual"
2017-09-27 14:56:28"MODULE==>Home;CTRL==>Index;ACTION==>manual"
2017-09-27 14:56:28"MODULE==>Home;CTRL==>Index;ACTION==>get_manual"
2017-09-27 14:56:28"MODULE==>Home;CTRL==>Index;ACTION==>get_manualList"
2017-09-27 14:56:30"MODULE==>Home;CTRL==>Index;ACTION==>get_manual"
2017-09-27 14:56:36"MODULE==>Home;CTRL==>Index;ACTION==>manual"
2017-09-27 14:56:36"MODULE==>Home;CTRL==>Index;ACTION==>get_manual"
2017-09-27 14:56:36"MODULE==>Home;CTRL==>Index;ACTION==>get_manualList"
2017-09-27 14:56:37"MODULE==>Home;CTRL==>Index;ACTION==>manual"
2017-09-27 14:56:37"MODULE==>Home;CTRL==>Index;ACTION==>get_manual"
2017-09-27 14:56:37"MODULE==>Home;CTRL==>Index;ACTION==>get_manualList"
2017-09-27 14:56:41"MODULE==>Home;CTRL==>Index;ACTION==>manual"
2017-09-27 14:56:47"MODULE==>Home;CTRL==>Index;ACTION==>manual"
2017-09-27 14:56:48"MODULE==>Home;CTRL==>Index;ACTION==>get_manual"
2017-09-27 14:56:48"MODULE==>Home;CTRL==>Index;ACTION==>get_manualList"
2017-09-27 14:57:00"MODULE==>Home;CTRL==>Index;ACTION==>manual"
2017-09-27 14:57:00"MODULE==>Home;CTRL==>Index;ACTION==>get_manual"
2017-09-27 14:57:00"MODULE==>Home;CTRL==>Index;ACTION==>get_manualList"
2017-09-27 14:57:11"MODULE==>Home;CTRL==>Index;ACTION==>manual"
2017-09-27 14:57:11"MODULE==>Home;CTRL==>Index;ACTION==>get_manual"
2017-09-27 14:57:11"MODULE==>Home;CTRL==>Index;ACTION==>get_manualList"
2017-09-27 14:57:12"MODULE==>Home;CTRL==>Index;ACTION==>get_manual"
2017-09-27 14:57:13"MODULE==>Home;CTRL==>Index;ACTION==>get_manual"
2017-09-27 14:57:14"MODULE==>Home;CTRL==>Index;ACTION==>get_manual"
2017-09-27 14:57:15"MODULE==>Home;CTRL==>Index;ACTION==>get_manual"
2017-09-27 14:57:15"MODULE==>Home;CTRL==>Index;ACTION==>get_manual"
2017-09-27 14:57:16"MODULE==>Home;CTRL==>Index;ACTION==>get_manual"
2017-09-27 14:57:16"MODULE==>Home;CTRL==>Index;ACTION==>get_manual"
2017-09-27 15:00:02"MODULE==>Home;CTRL==>Index;ACTION==>test"
2017-09-27 15:00:35"MODULE==>Home;CTRL==>Index;ACTION==>test"
2017-09-27 15:00:45"MODULE==>Home;CTRL==>Index;ACTION==>test"
2017-09-27 15:00:45"MODULE==>Home;CTRL==>Index;ACTION==>test"
2017-09-27 15:01:15"MODULE==>Home;CTRL==>Index;ACTION==>test"
2017-09-27 15:03:11"MODULE==>Home;CTRL==>Index;ACTION==>test"
2017-09-27 15:04:51"MODULE==>Home;CTRL==>Index;ACTION==>test"
2017-09-27 15:05:10"MODULE==>Home;CTRL==>Index;ACTION==>test"
2017-09-27 15:05:10"MODULE==>Home;CTRL==>Index;ACTION==>test"
2017-09-27 15:05:16"MODULE==>Home;CTRL==>Index;ACTION==>test"
2017-09-27 15:06:38"MODULE==>Home;CTRL==>Index;ACTION==>test"
2017-09-27 15:07:59"MODULE==>Home;CTRL==>Index;ACTION==>test"
2017-09-27 15:08:00"MODULE==>Home;CTRL==>Index;ACTION==>test"
2017-09-27 15:08:13"MODULE==>Home;CTRL==>Index;ACTION==>test"
2017-09-27 15:09:08"MODULE==>Home;CTRL==>Index;ACTION==>test"
2017-09-27 15:09:14"MODULE==>Home;CTRL==>Index;ACTION==>test"
2017-09-27 15:09:19"MODULE==>Home;CTRL==>Index;ACTION==>test"
2017-09-27 15:09:27"MODULE==>Home;CTRL==>Index;ACTION==>test"
2017-09-27 15:10:29"MODULE==>Home;CTRL==>Index;ACTION==>test"
2017-09-27 15:10:40"MODULE==>Home;CTRL==>Index;ACTION==>test"
2017-09-27 15:10:41"MODULE==>Home;CTRL==>Index;ACTION==>test"
2017-09-27 15:10:43"MODULE==>Home;CTRL==>Index;ACTION==>test"
2017-09-27 15:11:01"MODULE==>Home;CTRL==>Index;ACTION==>test"
2017-09-27 15:11:27"MODULE==>Home;CTRL==>Index;ACTION==>test"
2017-09-27 15:11:27"MODULE==>Home;CTRL==>Index;ACTION==>test"
2017-09-27 15:11:40"MODULE==>Home;CTRL==>Index;ACTION==>test"
2017-09-27 15:11:48"MODULE==>Home;CTRL==>Index;ACTION==>test"
2017-09-27 15:12:12"MODULE==>Home;CTRL==>Index;ACTION==>test"
2017-09-27 15:12:36"MODULE==>Home;CTRL==>Index;ACTION==>test"
2017-09-27 15:12:37"MODULE==>Home;CTRL==>Index;ACTION==>test"
2017-09-27 15:12:44"MODULE==>Home;CTRL==>Index;ACTION==>test"
2017-09-27 15:12:56"MODULE==>Home;CTRL==>Index;ACTION==>test"
2017-09-27 15:13:17"MODULE==>Home;CTRL==>Index;ACTION==>test"
2017-09-27 15:13:24"MODULE==>Home;CTRL==>Index;ACTION==>test"
2017-09-27 15:13:25"MODULE==>Home;CTRL==>Index;ACTION==>test"
2017-09-27 15:13:25"MODULE==>Home;CTRL==>Index;ACTION==>test"
2017-09-27 15:13:25"MODULE==>Home;CTRL==>Index;ACTION==>test"
2017-09-27 15:13:26"MODULE==>Home;CTRL==>Index;ACTION==>test"
2017-09-27 15:13:34"MODULE==>Home;CTRL==>Index;ACTION==>test"
2017-09-27 15:15:25"MODULE==>Home;CTRL==>Index;ACTION==>test"
2017-09-27 15:15:26"MODULE==>Home;CTRL==>Index;ACTION==>test"
2017-09-27 15:15:26"MODULE==>Home;CTRL==>Index;ACTION==>test"
2017-09-27 15:15:26"MODULE==>Home;CTRL==>Index;ACTION==>test"
2017-09-27 15:15:26"MODULE==>Home;CTRL==>Index;ACTION==>test"
2017-09-27 15:15:27"MODULE==>Home;CTRL==>Index;ACTION==>test"
2017-09-27 15:15:28"MODULE==>Home;CTRL==>Index;ACTION==>test"
2017-09-27 15:15:38"MODULE==>Home;CTRL==>Index;ACTION==>test"
2017-09-27 15:15:53"MODULE==>Home;CTRL==>Index;ACTION==>test"
2017-09-27 15:15:54"MODULE==>Home;CTRL==>Index;ACTION==>test"
2017-09-27 15:16:08"MODULE==>Home;CTRL==>Index;ACTION==>test"
2017-09-27 15:16:45"MODULE==>Home;CTRL==>Index;ACTION==>test"
2017-09-27 15:16:46"MODULE==>Home;CTRL==>Index;ACTION==>test"
2017-09-27 15:16:46"MODULE==>Home;CTRL==>Index;ACTION==>test"
2017-09-27 15:16:47"MODULE==>Home;CTRL==>Index;ACTION==>test"
2017-09-27 15:16:54"MODULE==>Home;CTRL==>Index;ACTION==>test"
2017-09-27 15:16:55"MODULE==>Home;CTRL==>Index;ACTION==>test"
2017-09-27 15:16:55"MODULE==>Home;CTRL==>Index;ACTION==>test"
2017-09-27 15:16:55"MODULE==>Home;CTRL==>Index;ACTION==>test"
2017-09-27 15:16:56"MODULE==>Home;CTRL==>Index;ACTION==>test"
2017-09-27 15:18:43"MODULE==>Home;CTRL==>Index;ACTION==>test"
2017-09-27 15:18:44"MODULE==>Home;CTRL==>Index;ACTION==>test"
2017-09-27 15:18:44"MODULE==>Home;CTRL==>Index;ACTION==>test"
2017-09-27 15:18:44"MODULE==>Home;CTRL==>Index;ACTION==>test"
2017-09-27 15:18:45"MODULE==>Home;CTRL==>Index;ACTION==>test"
2017-09-27 15:18:45"MODULE==>Home;CTRL==>Index;ACTION==>test"
2017-09-27 15:18:45"MODULE==>Home;CTRL==>Index;ACTION==>test"
2017-09-27 15:19:05"MODULE==>Home;CTRL==>Index;ACTION==>test"
2017-09-27 15:19:15"MODULE==>Home;CTRL==>Index;ACTION==>test"
2017-09-27 15:19:16"MODULE==>Home;CTRL==>Index;ACTION==>test"
2017-09-27 15:19:16"MODULE==>Home;CTRL==>Index;ACTION==>test"
2017-09-27 15:19:16"MODULE==>Home;CTRL==>Index;ACTION==>test"
2017-09-27 15:19:17"MODULE==>Home;CTRL==>Index;ACTION==>test"
2017-09-27 15:19:18"MODULE==>Home;CTRL==>Index;ACTION==>test"
2017-09-27 15:19:29"MODULE==>Home;CTRL==>Index;ACTION==>test"
2017-09-27 15:19:30"MODULE==>Home;CTRL==>Index;ACTION==>test"
2017-09-27 15:19:30"MODULE==>Home;CTRL==>Index;ACTION==>test"
2017-09-27 15:19:30"MODULE==>Home;CTRL==>Index;ACTION==>test"
2017-09-27 15:19:31"MODULE==>Home;CTRL==>Index;ACTION==>test"
2017-09-27 15:19:32"MODULE==>Home;CTRL==>Index;ACTION==>test"
2017-09-27 15:19:32"MODULE==>Home;CTRL==>Index;ACTION==>test"
2017-09-27 15:19:32"MODULE==>Home;CTRL==>Index;ACTION==>test"
2017-09-27 15:19:37"MODULE==>Home;CTRL==>Index;ACTION==>test"
2017-09-27 15:19:44"MODULE==>Home;CTRL==>Index;ACTION==>test"
2017-09-27 15:19:45"MODULE==>Home;CTRL==>Index;ACTION==>test"
2017-09-27 15:19:45"MODULE==>Home;CTRL==>Index;ACTION==>test"
2017-09-27 15:19:45"MODULE==>Home;CTRL==>Index;ACTION==>test"
2017-09-27 15:19:46"MODULE==>Home;CTRL==>Index;ACTION==>test"
2017-09-27 15:19:46"MODULE==>Home;CTRL==>Index;ACTION==>test"
2017-09-27 15:19:56"MODULE==>Home;CTRL==>Index;ACTION==>test"
2017-09-27 15:19:56"MODULE==>Home;CTRL==>Index;ACTION==>test"
2017-09-27 15:19:57"MODULE==>Home;CTRL==>Index;ACTION==>test"
2017-09-27 15:19:57"MODULE==>Home;CTRL==>Index;ACTION==>test"
2017-09-27 15:19:57"MODULE==>Home;CTRL==>Index;ACTION==>test"
2017-09-27 15:20:25"MODULE==>Home;CTRL==>Index;ACTION==>test"
2017-09-27 15:20:26"MODULE==>Home;CTRL==>Index;ACTION==>test"
2017-09-27 15:20:26"MODULE==>Home;CTRL==>Index;ACTION==>test"
2017-09-27 15:20:27"MODULE==>Home;CTRL==>Index;ACTION==>test"
2017-09-27 15:20:31"MODULE==>Home;CTRL==>Index;ACTION==>test"
2017-09-27 15:21:12"MODULE==>Home;CTRL==>Index;ACTION==>test"
2017-09-27 15:21:18"MODULE==>Home;CTRL==>Index;ACTION==>test"
2017-09-27 15:21:30"MODULE==>Home;CTRL==>Index;ACTION==>test"
2017-09-27 15:21:31"MODULE==>Home;CTRL==>Index;ACTION==>test"
2017-09-27 15:21:31"MODULE==>Home;CTRL==>Index;ACTION==>test"
2017-09-27 15:21:31"MODULE==>Home;CTRL==>Index;ACTION==>test"
2017-09-27 15:21:41"MODULE==>Home;CTRL==>Index;ACTION==>test"
2017-09-27 15:21:41"MODULE==>Home;CTRL==>Index;ACTION==>test"
2017-09-27 15:21:41"MODULE==>Home;CTRL==>Index;ACTION==>test"
2017-09-27 15:21:42"MODULE==>Home;CTRL==>Index;ACTION==>test"
2017-09-27 15:21:42"MODULE==>Home;CTRL==>Index;ACTION==>test"
2017-09-27 15:21:57"MODULE==>Home;CTRL==>Index;ACTION==>test"
2017-09-27 15:21:58"MODULE==>Home;CTRL==>Index;ACTION==>test"
2017-09-27 15:21:58"MODULE==>Home;CTRL==>Index;ACTION==>test"
2017-09-27 15:21:58"MODULE==>Home;CTRL==>Index;ACTION==>test"
2017-09-27 15:22:15"MODULE==>Home;CTRL==>Index;ACTION==>test"
2017-09-27 15:22:16"MODULE==>Home;CTRL==>Index;ACTION==>test"
2017-09-27 15:22:16"MODULE==>Home;CTRL==>Index;ACTION==>test"
2017-09-27 15:22:20"MODULE==>Home;CTRL==>Index;ACTION==>test"
2017-09-27 15:22:20"MODULE==>Home;CTRL==>Index;ACTION==>test"
2017-09-27 15:22:21"MODULE==>Home;CTRL==>Index;ACTION==>test"
2017-09-27 15:22:21"MODULE==>Home;CTRL==>Index;ACTION==>test"
2017-09-27 15:22:21"MODULE==>Home;CTRL==>Index;ACTION==>test"
2017-09-27 15:22:21"MODULE==>Home;CTRL==>Index;ACTION==>test"
2017-09-27 15:22:21"MODULE==>Home;CTRL==>Index;ACTION==>test"
2017-09-27 15:22:22"MODULE==>Home;CTRL==>Index;ACTION==>test"
2017-09-27 15:22:51"MODULE==>Home;CTRL==>Index;ACTION==>test"
2017-09-27 15:22:51"MODULE==>Home;CTRL==>Index;ACTION==>test"
2017-09-27 15:23:05"MODULE==>Home;CTRL==>Index;ACTION==>test"
2017-09-27 15:23:05"MODULE==>Home;CTRL==>Index;ACTION==>test"
2017-09-27 15:23:06"MODULE==>Home;CTRL==>Index;ACTION==>test"
2017-09-27 15:23:06"MODULE==>Home;CTRL==>Index;ACTION==>test"
2017-09-27 15:23:06"MODULE==>Home;CTRL==>Index;ACTION==>test"
2017-09-27 15:23:06"MODULE==>Home;CTRL==>Index;ACTION==>test"
2017-09-27 15:23:10"MODULE==>Home;CTRL==>Index;ACTION==>test"
2017-09-27 15:23:31"MODULE==>Home;CTRL==>Index;ACTION==>test"
2017-09-27 15:23:37"MODULE==>Home;CTRL==>Index;ACTION==>test"
2017-09-27 15:23:38"MODULE==>Home;CTRL==>Index;ACTION==>test"
2017-09-27 15:23:38"MODULE==>Home;CTRL==>Index;ACTION==>test"
2017-09-27 15:23:38"MODULE==>Home;CTRL==>Index;ACTION==>test"
2017-09-27 15:23:38"MODULE==>Home;CTRL==>Index;ACTION==>test"
2017-09-27 15:23:38"MODULE==>Home;CTRL==>Index;ACTION==>test"
2017-09-27 15:23:41"MODULE==>Home;CTRL==>Index;ACTION==>test"
2017-09-27 15:23:46"MODULE==>Home;CTRL==>Index;ACTION==>test"
2017-09-27 15:23:47"MODULE==>Home;CTRL==>Index;ACTION==>test"
2017-09-27 15:23:47"MODULE==>Home;CTRL==>Index;ACTION==>test"
2017-09-27 15:23:48"MODULE==>Home;CTRL==>Index;ACTION==>test"
2017-09-27 15:24:41"MODULE==>Home;CTRL==>Index;ACTION==>test"
2017-09-27 15:24:51"MODULE==>Home;CTRL==>Index;ACTION==>test"
2017-09-27 15:29:04"MODULE==>Home;CTRL==>Index;ACTION==>test"
2017-09-27 15:29:16"MODULE==>Home;CTRL==>Index;ACTION==>test"
2017-09-27 15:29:24"MODULE==>Home;CTRL==>Index;ACTION==>test"
2017-09-27 15:30:19"MODULE==>Home;CTRL==>Index;ACTION==>test"
2017-09-27 15:30:37"MODULE==>Home;CTRL==>Index;ACTION==>test"
2017-09-27 15:31:06"MODULE==>Home;CTRL==>Index;ACTION==>test"
2017-09-27 15:31:20"MODULE==>Home;CTRL==>Index;ACTION==>test"
2017-09-27 15:31:36"MODULE==>Home;CTRL==>Index;ACTION==>url5"
2017-09-27 15:31:38"MODULE==>Home;CTRL==>Index;ACTION==>test"
2017-09-27 15:36:07"MODULE==>Home;CTRL==>Index;ACTION==>get_manual"
2017-09-27 15:36:17"MODULE==>Home;CTRL==>Index;ACTION==>get_manual"
2017-09-27 15:36:20"MODULE==>Home;CTRL==>Index;ACTION==>get_manual"
2017-09-27 15:36:21"MODULE==>Home;CTRL==>Index;ACTION==>get_manual"
2017-09-27 15:36:23"MODULE==>Home;CTRL==>Index;ACTION==>get_manual"
2017-09-27 15:36:28"MODULE==>Home;CTRL==>Index;ACTION==>get_manual"
2017-09-27 15:36:36"MODULE==>Home;CTRL==>Index;ACTION==>get_manual"
2017-09-27 15:36:37"MODULE==>Home;CTRL==>Index;ACTION==>get_manual"
2017-09-27 15:36:38"MODULE==>Home;CTRL==>Index;ACTION==>get_manual"
2017-09-27 15:36:41"MODULE==>Home;CTRL==>Index;ACTION==>get_manual"
2017-09-27 15:36:47"MODULE==>Home;CTRL==>Index;ACTION==>get_manual"
2017-09-27 15:36:49"MODULE==>Home;CTRL==>Index;ACTION==>get_manual"
2017-09-27 15:36:51"MODULE==>Home;CTRL==>Index;ACTION==>get_manual"
2017-09-27 15:42:24"MODULE==>Home;CTRL==>Index;ACTION==>manual"
2017-09-27 15:42:24"MODULE==>Home;CTRL==>Index;ACTION==>get_manual"
2017-09-27 15:42:24"MODULE==>Home;CTRL==>Index;ACTION==>get_manualList"
2017-09-27 15:42:26"MODULE==>Home;CTRL==>Index;ACTION==>get_manual"
2017-09-27 15:42:30"MODULE==>Home;CTRL==>Index;ACTION==>get_manual"
2017-09-27 15:42:31"MODULE==>Home;CTRL==>Index;ACTION==>get_manual"
2017-09-27 15:42:35"MODULE==>Home;CTRL==>Index;ACTION==>get_manual"
2017-09-27 15:42:36"MODULE==>Home;CTRL==>Index;ACTION==>get_manual"
2017-09-27 15:42:38"MODULE==>Home;CTRL==>Index;ACTION==>get_manual"
2017-09-27 15:42:40"MODULE==>Home;CTRL==>Index;ACTION==>get_manual"
2017-09-27 15:42:42"MODULE==>Home;CTRL==>Index;ACTION==>get_manual"
2017-09-27 15:42:43"MODULE==>Home;CTRL==>Index;ACTION==>get_manual"
2017-09-27 15:42:45"MODULE==>Home;CTRL==>Index;ACTION==>get_manual"
2017-09-27 15:42:47"MODULE==>Home;CTRL==>Index;ACTION==>get_manual"
2017-09-27 15:42:48"MODULE==>Home;CTRL==>Index;ACTION==>get_manual"
2017-09-27 15:42:51"MODULE==>Home;CTRL==>Index;ACTION==>get_manual"
2017-09-27 15:42:56"MODULE==>Home;CTRL==>Index;ACTION==>test"
2017-09-27 15:42:58"MODULE==>Home;CTRL==>Index;ACTION==>manual"
2017-09-27 15:42:58"MODULE==>Home;CTRL==>Index;ACTION==>get_manual"
2017-09-27 15:42:58"MODULE==>Home;CTRL==>Index;ACTION==>get_manualList"
2017-09-27 15:43:00"MODULE==>Home;CTRL==>Index;ACTION==>get_manual"
2017-09-27 15:43:02"MODULE==>Home;CTRL==>Index;ACTION==>get_manual"
2017-09-27 15:43:09"MODULE==>Home;CTRL==>Index;ACTION==>manual"
2017-09-27 15:43:09"MODULE==>Home;CTRL==>Index;ACTION==>get_manual"
2017-09-27 15:43:09"MODULE==>Home;CTRL==>Index;ACTION==>get_manualList"
2017-09-27 15:43:10"MODULE==>Home;CTRL==>Index;ACTION==>get_manual"
2017-09-27 15:43:12"MODULE==>Home;CTRL==>Index;ACTION==>get_manual"
2017-09-27 15:43:15"MODULE==>Home;CTRL==>Index;ACTION==>get_manual"
2017-09-27 15:43:22"MODULE==>Home;CTRL==>Index;ACTION==>get_manual"
2017-09-27 15:43:26"MODULE==>Home;CTRL==>Index;ACTION==>get_manual"
2017-09-27 15:44:42"MODULE==>Home;CTRL==>Index;ACTION==>get_manual"
2017-09-27 15:44:42"MODULE==>Home;CTRL==>Index;ACTION==>get_manual"
2017-09-27 15:44:43"MODULE==>Home;CTRL==>Index;ACTION==>get_manual"
2017-09-27 15:44:44"MODULE==>Home;CTRL==>Index;ACTION==>get_manual"
2017-09-27 15:44:44"MODULE==>Home;CTRL==>Index;ACTION==>get_manual"
2017-09-27 15:44:45"MODULE==>Home;CTRL==>Index;ACTION==>get_manual"
2017-09-27 15:44:45"MODULE==>Home;CTRL==>Index;ACTION==>get_manual"
2017-09-27 15:44:46"MODULE==>Home;CTRL==>Index;ACTION==>get_manual"
2017-09-27 15:44:47"MODULE==>Home;CTRL==>Index;ACTION==>get_manual"
2017-09-27 15:44:47"MODULE==>Home;CTRL==>Index;ACTION==>get_manual"
2017-09-27 15:44:50"MODULE==>Home;CTRL==>Index;ACTION==>get_manual"
2017-09-27 15:44:53"MODULE==>Home;CTRL==>Index;ACTION==>get_manual"
2017-09-27 15:45:10"MODULE==>Home;CTRL==>Index;ACTION==>get_manual"
2017-09-27 15:55:41"MODULE==>Admin;CTRL==>Manual;ACTION==>index"
2017-09-27 15:55:41"MODULE==>Admin;CTRL==>Manual;ACTION==>datas"
2017-09-27 15:55:43"MODULE==>Admin;CTRL==>Manual;ACTION==>datas"
2017-09-27 15:55:45"MODULE==>Admin;CTRL==>Manual;ACTION==>datas"
2017-09-27 15:55:52"MODULE==>Admin;CTRL==>Manual;ACTION==>edit_form"
2017-09-27 15:56:02"MODULE==>Admin;CTRL==>Manual;ACTION==>datas"
2017-09-27 15:56:02"MODULE==>Admin;CTRL==>Manual;ACTION==>datas"
2017-09-27 15:56:09"MODULE==>Admin;CTRL==>Manual;ACTION==>edit_form"
2017-09-27 15:56:15"MODULE==>Admin;CTRL==>Manual;ACTION==>edit_form"
2017-09-27 15:56:19"MODULE==>Admin;CTRL==>Manual;ACTION==>edit_form"
2017-09-27 15:56:27"MODULE==>Admin;CTRL==>Manual;ACTION==>index"
2017-09-27 15:56:27"MODULE==>Admin;CTRL==>Manual;ACTION==>datas"
2017-09-27 15:56:28"MODULE==>Admin;CTRL==>Manual;ACTION==>datas"
2017-09-27 15:56:30"MODULE==>Admin;CTRL==>Manual;ACTION==>edit_form"
2017-09-27 15:56:46"MODULE==>Admin;CTRL==>Index;ACTION==>index"
2017-09-27 15:56:47"MODULE==>Admin;CTRL==>Index;ACTION==>main"
2017-09-27 15:56:49"MODULE==>Admin;CTRL==>Manual;ACTION==>index"
2017-09-27 15:56:49"MODULE==>Admin;CTRL==>Manual;ACTION==>datas"
2017-09-27 15:56:51"MODULE==>Admin;CTRL==>Manual;ACTION==>edit_form"
2017-09-27 15:57:26"MODULE==>Admin;CTRL==>Manual;ACTION==>edit_form"
2017-09-27 15:57:35"MODULE==>Admin;CTRL==>Manual;ACTION==>edit_form"
2017-09-27 15:57:57"MODULE==>Admin;CTRL==>Manual;ACTION==>datas"
2017-09-27 15:57:59"MODULE==>Admin;CTRL==>Manual;ACTION==>datas"
2017-09-27 15:58:00"MODULE==>Admin;CTRL==>Manual;ACTION==>edit_form"
2017-09-27 15:58:02"MODULE==>Admin;CTRL==>Manual;ACTION==>edit_form"
2017-09-27 15:58:07"MODULE==>Admin;CTRL==>Index;ACTION==>index"
2017-09-27 15:58:07"MODULE==>Admin;CTRL==>Index;ACTION==>main"
2017-09-27 15:58:09"MODULE==>Admin;CTRL==>Manual;ACTION==>index"
2017-09-27 15:58:09"MODULE==>Admin;CTRL==>Manual;ACTION==>datas"
2017-09-27 15:58:10"MODULE==>Admin;CTRL==>Manual;ACTION==>edit_form"
2017-09-27 15:58:12"MODULE==>Admin;CTRL==>Manual;ACTION==>edit_form"
2017-09-27 15:58:16"MODULE==>Admin;CTRL==>Manual;ACTION==>edit_form"
2017-09-27 16:01:30"MODULE==>Admin;CTRL==>Manual;ACTION==>datas"
2017-09-27 16:01:31"MODULE==>Admin;CTRL==>Manual;ACTION==>datas"
2017-09-27 16:02:56"MODULE==>Admin;CTRL==>Manual;ACTION==>edit_form"
2017-09-27 16:02:58"MODULE==>Admin;CTRL==>Manual;ACTION==>edit"
2017-09-27 16:02:58"MODULE==>Admin;CTRL==>Manual;ACTION==>index"
2017-09-27 16:02:58"MODULE==>Admin;CTRL==>Manual;ACTION==>datas"
2017-09-27 16:02:59"MODULE==>Admin;CTRL==>Manual;ACTION==>datas"
2017-09-27 16:03:36"MODULE==>Admin;CTRL==>Manual;ACTION==>datas"
2017-09-27 16:08:42"MODULE==>Home;CTRL==>Index;ACTION==>test"
2017-09-27 16:09:06"MODULE==>Home;CTRL==>Index;ACTION==>test"
2017-09-27 16:09:20"MODULE==>Home;CTRL==>Index;ACTION==>test"
2017-09-27 16:09:21"MODULE==>Home;CTRL==>Index;ACTION==>test"
2017-09-27 16:09:21"MODULE==>Home;CTRL==>Index;ACTION==>test"
2017-09-27 17:13:22"MODULE==>Home;CTRL==>Index;ACTION==>test"
2017-09-27 17:13:37"MODULE==>Home;CTRL==>Index;ACTION==>test"
2017-09-27 17:13:44"MODULE==>Home;CTRL==>Index;ACTION==>test"
2017-09-27 17:14:03"MODULE==>Home;CTRL==>Index;ACTION==>test"
2017-09-27 17:17:17"MODULE==>Home;CTRL==>Index;ACTION==>test"
2017-09-27 17:17:25"MODULE==>Home;CTRL==>Index;ACTION==>test"
2017-09-27 17:17:43"MODULE==>Home;CTRL==>Index;ACTION==>test"
2017-09-27 17:17:56"MODULE==>Home;CTRL==>Index;ACTION==>test"
2017-09-27 17:18:39"MODULE==>Home;CTRL==>Index;ACTION==>test"
2017-09-27 17:18:40"MODULE==>Home;CTRL==>Index;ACTION==>test"
2017-09-27 17:18:47"MODULE==>Home;CTRL==>Index;ACTION==>test"
2017-09-27 17:18:51"MODULE==>Home;CTRL==>Index;ACTION==>test"
2017-09-27 17:19:04"MODULE==>Home;CTRL==>Index;ACTION==>test"
2017-09-27 17:20:17"MODULE==>Home;CTRL==>Index;ACTION==>test"
2017-09-27 17:20:23"MODULE==>Home;CTRL==>Index;ACTION==>test"
2017-09-27 17:21:17"MODULE==>Home;CTRL==>Index;ACTION==>test"
2017-09-27 17:21:29"MODULE==>Home;CTRL==>Index;ACTION==>test"
2017-09-27 17:21:39"MODULE==>Home;CTRL==>Index;ACTION==>test"
2017-09-27 17:21:54"MODULE==>Home;CTRL==>Index;ACTION==>test"
2017-09-27 17:22:08"MODULE==>Home;CTRL==>Index;ACTION==>test"
2017-09-27 17:22:17"MODULE==>Home;CTRL==>Index;ACTION==>test"
2017-09-27 17:22:24"MODULE==>Home;CTRL==>Index;ACTION==>test"
2017-09-27 17:22:25"MODULE==>Home;CTRL==>Index;ACTION==>test"
2017-09-27 17:23:38"MODULE==>Home;CTRL==>Index;ACTION==>test"
2017-09-27 17:23:46"MODULE==>Home;CTRL==>Index;ACTION==>test"
2017-09-27 17:23:46"MODULE==>Home;CTRL==>Index;ACTION==>test"
2017-09-27 17:23:51"MODULE==>Home;CTRL==>Index;ACTION==>test"
2017-09-27 17:26:22"MODULE==>Home;CTRL==>Index;ACTION==>test"
2017-09-27 17:26:30"MODULE==>Home;CTRL==>Index;ACTION==>test"
2017-09-27 17:26:38"MODULE==>Home;CTRL==>Index;ACTION==>test"
2017-09-27 17:26:43"MODULE==>Home;CTRL==>Index;ACTION==>test"
2017-09-27 17:27:36"MODULE==>Home;CTRL==>Index;ACTION==>test"
2017-09-27 17:27:48"MODULE==>Home;CTRL==>Index;ACTION==>test"
2017-09-27 17:28:00"MODULE==>Home;CTRL==>Index;ACTION==>test"
2017-09-27 17:28:32"MODULE==>Home;CTRL==>Index;ACTION==>test"
2017-09-27 17:28:36"MODULE==>Home;CTRL==>Index;ACTION==>test"
2017-09-27 17:28:51"MODULE==>Home;CTRL==>Index;ACTION==>test"
2017-09-27 17:29:34"MODULE==>Home;CTRL==>Index;ACTION==>test"
2017-09-27 17:29:40"MODULE==>Home;CTRL==>Index;ACTION==>test"
2017-09-27 17:29:41"MODULE==>Home;CTRL==>Index;ACTION==>test"
2017-09-27 17:29:52"MODULE==>Home;CTRL==>Index;ACTION==>test"
2017-09-27 17:29:53"MODULE==>Home;CTRL==>Index;ACTION==>test"
2017-09-27 17:29:53"MODULE==>Home;CTRL==>Index;ACTION==>test"
2017-09-27 17:29:58"MODULE==>Home;CTRL==>Index;ACTION==>test"
2017-09-27 17:30:53"MODULE==>Home;CTRL==>Index;ACTION==>test"
2017-09-27 17:30:55"MODULE==>Home;CTRL==>Index;ACTION==>test"
2017-09-27 17:31:04"MODULE==>Home;CTRL==>Index;ACTION==>test"
2017-09-27 17:31:32"MODULE==>Home;CTRL==>Index;ACTION==>test"
2017-09-27 17:31:33"MODULE==>Home;CTRL==>Index;ACTION==>test"
2017-09-27 17:33:23"MODULE==>Home;CTRL==>Index;ACTION==>test"
2017-09-27 17:36:30"MODULE==>Home;CTRL==>Index;ACTION==>test"
2017-09-27 17:36:30"MODULE==>Home;CTRL==>Index;ACTION==>test"
2017-09-27 17:36:35"MODULE==>Home;CTRL==>Index;ACTION==>test"
2017-09-27 18:24:43"MODULE==>Admin;CTRL==>Manual;ACTION==>datas"
2017-09-27 18:24:46"MODULE==>Admin;CTRL==>Manual;ACTION==>edit_form"
2017-09-27 18:24:49"MODULE==>Admin;CTRL==>Manual;ACTION==>edit"
2017-09-27 18:24:49"MODULE==>Admin;CTRL==>Manual;ACTION==>index"
2017-09-27 18:24:49"MODULE==>Admin;CTRL==>Manual;ACTION==>datas"
2017-09-27 18:24:51"MODULE==>Home;CTRL==>Index;ACTION==>manual"
2017-09-27 18:24:51"MODULE==>Home;CTRL==>Index;ACTION==>get_manual"
2017-09-27 18:24:51"MODULE==>Home;CTRL==>Index;ACTION==>get_manualList"
2017-09-27 18:24:53"MODULE==>Home;CTRL==>Index;ACTION==>get_manual"
2017-09-27 18:25:00"MODULE==>Home;CTRL==>Index;ACTION==>get_manual"
2017-09-27 18:25:01"MODULE==>Home;CTRL==>Index;ACTION==>get_manual"
2017-09-27 18:25:02"MODULE==>Home;CTRL==>Index;ACTION==>get_manual"
2017-09-27 18:25:03"MODULE==>Home;CTRL==>Index;ACTION==>get_manual"
2017-09-27 18:25:06"MODULE==>Home;CTRL==>Index;ACTION==>get_manual"
2017-09-27 18:25:07"MODULE==>Home;CTRL==>Index;ACTION==>get_manual"
2017-09-27 18:25:09"MODULE==>Home;CTRL==>Index;ACTION==>get_manual"
2017-09-27 18:25:11"MODULE==>Home;CTRL==>Index;ACTION==>get_manual"
2017-09-27 18:25:14"MODULE==>Home;CTRL==>Index;ACTION==>get_manual"
2017-09-27 18:25:38"MODULE==>Admin;CTRL==>Manual;ACTION==>datas"
2017-09-27 18:25:39"MODULE==>Admin;CTRL==>Manual;ACTION==>edit_form"
2017-09-27 18:25:45"MODULE==>Admin;CTRL==>Manual;ACTION==>edit"
2017-09-27 18:25:45"MODULE==>Admin;CTRL==>Manual;ACTION==>index"
2017-09-27 18:25:45"MODULE==>Admin;CTRL==>Manual;ACTION==>datas"
2017-09-27 18:25:47"MODULE==>Home;CTRL==>Index;ACTION==>get_manual"
2017-09-27 18:25:54"MODULE==>Home;CTRL==>Index;ACTION==>get_manual"
2017-09-27 18:25:56"MODULE==>Home;CTRL==>Index;ACTION==>get_manual"
2017-09-27 18:26:52"MODULE==>Home;CTRL==>Index;ACTION==>get_manual"
2017-09-27 18:27:46"MODULE==>Home;CTRL==>Index;ACTION==>get_manual"
2017-09-27 18:27:48"MODULE==>Home;CTRL==>Index;ACTION==>get_manual"
2017-09-27 18:28:16"MODULE==>Home;CTRL==>Index;ACTION==>get_manual"
2017-09-27 18:28:17"MODULE==>Home;CTRL==>Index;ACTION==>get_manual"
2017-09-27 18:28:18"MODULE==>Home;CTRL==>Index;ACTION==>get_manual"
2017-09-27 18:28:24"MODULE==>Home;CTRL==>Index;ACTION==>get_manual"
2017-09-27 18:28:24"MODULE==>Home;CTRL==>Index;ACTION==>get_manual"
2017-09-27 18:28:40"MODULE==>Home;CTRL==>Index;ACTION==>get_manual"
2017-09-27 18:29:10"MODULE==>Home;CTRL==>Index;ACTION==>get_manual"
2017-09-27 18:29:10"MODULE==>Home;CTRL==>Index;ACTION==>get_manual"
2017-09-27 18:29:11"MODULE==>Home;CTRL==>Index;ACTION==>get_manual"
2017-09-27 18:29:26"MODULE==>Home;CTRL==>Index;ACTION==>manual"
2017-09-27 18:29:26"MODULE==>Home;CTRL==>Index;ACTION==>get_manual"
2017-09-27 18:29:26"MODULE==>Home;CTRL==>Index;ACTION==>get_manualList"
2017-09-27 18:29:29"MODULE==>Home;CTRL==>Index;ACTION==>get_manual"
2017-09-27 18:29:44"MODULE==>Home;CTRL==>Index;ACTION==>manual"
2017-09-27 18:29:44"MODULE==>Home;CTRL==>Index;ACTION==>get_manual"
2017-09-27 18:29:44"MODULE==>Home;CTRL==>Index;ACTION==>get_manualList"
2017-09-27 18:29:46"MODULE==>Home;CTRL==>Index;ACTION==>get_manual"
2017-09-27 18:29:56"MODULE==>Home;CTRL==>Index;ACTION==>manual"
2017-09-27 18:29:57"MODULE==>Home;CTRL==>Index;ACTION==>get_manual"
2017-09-27 18:29:57"MODULE==>Home;CTRL==>Index;ACTION==>get_manualList"
2017-09-27 18:30:00"MODULE==>Home;CTRL==>Index;ACTION==>get_manual"
2017-09-27 18:31:12"MODULE==>Home;CTRL==>Index;ACTION==>manual"
2017-09-27 18:31:12"MODULE==>Home;CTRL==>Index;ACTION==>get_manual"
2017-09-27 18:31:12"MODULE==>Home;CTRL==>Index;ACTION==>get_manualList"
2017-09-27 18:31:15"MODULE==>Home;CTRL==>Index;ACTION==>get_manual"
2017-09-27 18:31:18"MODULE==>Home;CTRL==>Index;ACTION==>get_manual"
2017-09-27 18:31:27"MODULE==>Home;CTRL==>Index;ACTION==>get_manual"
2017-09-27 18:31:40"MODULE==>Home;CTRL==>Index;ACTION==>manual"
2017-09-27 18:31:40"MODULE==>Home;CTRL==>Index;ACTION==>get_manual"
2017-09-27 18:31:40"MODULE==>Home;CTRL==>Index;ACTION==>get_manualList"
2017-09-27 18:31:42"MODULE==>Home;CTRL==>Index;ACTION==>get_manual"
2017-09-27 18:33:24"MODULE==>Home;CTRL==>Index;ACTION==>get_manual"
2017-09-27 18:33:25"MODULE==>Home;CTRL==>Index;ACTION==>get_manual"
2017-09-27 18:33:26"MODULE==>Home;CTRL==>Index;ACTION==>get_manual"
2017-09-27 18:33:27"MODULE==>Home;CTRL==>Index;ACTION==>get_manual"
2017-09-27 18:33:30"MODULE==>Home;CTRL==>Index;ACTION==>get_manual"
2017-09-27 18:34:19"MODULE==>Home;CTRL==>Index;ACTION==>get_manual"
2017-09-27 18:34:19"MODULE==>Home;CTRL==>Index;ACTION==>get_manual"
2017-09-27 18:34:23"MODULE==>Home;CTRL==>Index;ACTION==>get_manual"
2017-09-27 18:34:24"MODULE==>Home;CTRL==>Index;ACTION==>get_manual"
2017-09-27 18:34:27"MODULE==>Home;CTRL==>Index;ACTION==>get_manual"
2017-09-27 18:34:28"MODULE==>Home;CTRL==>Index;ACTION==>get_manual"
2017-09-27 18:34:30"MODULE==>Home;CTRL==>Index;ACTION==>get_manual"
2017-09-27 18:34:31"MODULE==>Home;CTRL==>Index;ACTION==>get_manual"
2017-09-27 18:34:34"MODULE==>Home;CTRL==>Index;ACTION==>get_manual"
2017-09-27 18:35:07"MODULE==>Home;CTRL==>Index;ACTION==>get_manual"
2017-09-27 18:35:10"MODULE==>Home;CTRL==>Index;ACTION==>get_manual"
2017-09-27 18:35:11"MODULE==>Home;CTRL==>Index;ACTION==>get_manual"
2017-09-27 18:35:12"MODULE==>Home;CTRL==>Index;ACTION==>get_manual"
2017-09-27 18:35:13"MODULE==>Home;CTRL==>Index;ACTION==>get_manual"
2017-09-27 18:35:14"MODULE==>Home;CTRL==>Index;ACTION==>get_manual"
2017-09-27 18:35:16"MODULE==>Home;CTRL==>Index;ACTION==>get_manual"
2017-09-27 18:35:17"MODULE==>Home;CTRL==>Index;ACTION==>get_manual"
2017-09-27 18:35:40"MODULE==>Home;CTRL==>Index;ACTION==>get_manual"
2017-09-27 18:35:41"MODULE==>Home;CTRL==>Index;ACTION==>get_manual"
2017-09-27 18:35:44"MODULE==>Home;CTRL==>Index;ACTION==>get_manual"
2017-09-27 18:36:26"MODULE==>Admin;CTRL==>Manual;ACTION==>datas"
2017-09-27 18:36:27"MODULE==>Admin;CTRL==>Manual;ACTION==>edit_form"
2017-09-27 18:36:32"MODULE==>Admin;CTRL==>Manual;ACTION==>edit"
2017-09-27 18:36:33"MODULE==>Admin;CTRL==>Manual;ACTION==>index"
2017-09-27 18:36:33"MODULE==>Admin;CTRL==>Manual;ACTION==>datas"
2017-09-27 18:36:35"MODULE==>Home;CTRL==>Index;ACTION==>manual"
2017-09-27 18:36:35"MODULE==>Home;CTRL==>Index;ACTION==>get_manual"
2017-09-27 18:36:35"MODULE==>Home;CTRL==>Index;ACTION==>get_manualList"
2017-09-27 18:36:36"MODULE==>Home;CTRL==>Index;ACTION==>get_manual"
2017-09-27 18:37:04"MODULE==>Admin;CTRL==>Index;ACTION==>index"
2017-09-27 18:37:04"MODULE==>Admin;CTRL==>Index;ACTION==>main"
2017-09-27 18:37:05"MODULE==>Admin;CTRL==>Manual;ACTION==>index"
2017-09-27 18:37:05"MODULE==>Admin;CTRL==>Manual;ACTION==>datas"
2017-09-27 18:37:08"MODULE==>Admin;CTRL==>Manual;ACTION==>datas"
2017-09-27 18:37:09"MODULE==>Admin;CTRL==>Manual;ACTION==>datas"
2017-09-27 18:37:13"MODULE==>Admin;CTRL==>Manual;ACTION==>edit_form"
2017-09-27 18:37:56"MODULE==>Admin;CTRL==>Manual;ACTION==>edit"
2017-09-27 18:37:56"MODULE==>Admin;CTRL==>Manual;ACTION==>index"
2017-09-27 18:37:57"MODULE==>Admin;CTRL==>Manual;ACTION==>datas"
2017-09-27 18:37:59"MODULE==>Home;CTRL==>Index;ACTION==>get_manual"
2017-09-27 18:37:59"MODULE==>Home;CTRL==>Index;ACTION==>get_manual"
2017-09-27 18:38:11"MODULE==>Admin;CTRL==>Manual;ACTION==>edit_form"
2017-09-27 18:38:45"MODULE==>Admin;CTRL==>Manual;ACTION==>edit"
2017-09-27 18:38:45"MODULE==>Admin;CTRL==>Manual;ACTION==>index"
2017-09-27 18:38:46"MODULE==>Admin;CTRL==>Manual;ACTION==>datas"
2017-09-27 18:38:48"MODULE==>Home;CTRL==>Index;ACTION==>get_manual"
2017-09-27 18:38:48"MODULE==>Home;CTRL==>Index;ACTION==>get_manual"
2017-09-27 18:40:55"MODULE==>Home;CTRL==>Index;ACTION==>test"
2017-09-27 18:41:05"MODULE==>Home;CTRL==>Index;ACTION==>test"
2017-09-27 18:41:09"MODULE==>Home;CTRL==>Index;ACTION==>test"
2017-09-27 18:41:21"MODULE==>Home;CTRL==>Index;ACTION==>test"
2017-09-27 18:51:35"MODULE==>Home;CTRL==>Index;ACTION==>test"
2017-09-27 18:52:06"MODULE==>Home;CTRL==>Index;ACTION==>test"
2017-09-27 18:52:06"MODULE==>Home;CTRL==>Index;ACTION==>test"
2017-09-27 18:53:18"MODULE==>Home;CTRL==>Index;ACTION==>test"
2017-09-27 18:53:26"MODULE==>Home;CTRL==>Index;ACTION==>test"
2017-09-27 19:07:57"MODULE==>Home;CTRL==>Index;ACTION==>test"
2017-09-27 19:08:05"MODULE==>Home;CTRL==>Index;ACTION==>test"
2017-09-27 19:08:05"MODULE==>Home;CTRL==>Index;ACTION==>test"
2017-09-27 19:08:32"MODULE==>Home;CTRL==>Index;ACTION==>test"
2017-09-27 19:08:33"MODULE==>Home;CTRL==>Index;ACTION==>test"
2017-09-27 19:08:33"MODULE==>Home;CTRL==>Index;ACTION==>test"
2017-09-27 19:08:34"MODULE==>Home;CTRL==>Index;ACTION==>test"
2017-09-27 19:08:34"MODULE==>Home;CTRL==>Index;ACTION==>test"
2017-09-27 19:08:39"MODULE==>Home;CTRL==>Index;ACTION==>test"
2017-09-27 19:08:39"MODULE==>Home;CTRL==>Index;ACTION==>test"
2017-09-27 19:08:39"MODULE==>Home;CTRL==>Index;ACTION==>test"
2017-09-27 19:08:45"MODULE==>Home;CTRL==>Index;ACTION==>test"
2017-09-27 19:08:58"MODULE==>Home;CTRL==>Index;ACTION==>test"
2017-09-27 19:09:05"MODULE==>Home;CTRL==>Index;ACTION==>test"
2017-09-27 19:09:10"MODULE==>Home;CTRL==>Index;ACTION==>test"
2017-09-27 19:09:31"MODULE==>Home;CTRL==>Index;ACTION==>test"
2017-09-27 19:09:32"MODULE==>Home;CTRL==>Index;ACTION==>test"
2017-09-27 19:09:32"MODULE==>Home;CTRL==>Index;ACTION==>test"
2017-09-27 19:09:32"MODULE==>Home;CTRL==>Index;ACTION==>test"
2017-09-27 19:09:34"MODULE==>Home;CTRL==>Index;ACTION==>test"
2017-09-27 19:09:41"MODULE==>Home;CTRL==>Index;ACTION==>test"
2017-09-27 19:09:52"MODULE==>Home;CTRL==>Index;ACTION==>test"
2017-09-27 19:13:38"MODULE==>Home;CTRL==>Index;ACTION==>test"
2017-09-27 19:13:44"MODULE==>Home;CTRL==>Index;ACTION==>test"
2017-09-27 19:13:50"MODULE==>Home;CTRL==>Index;ACTION==>test"
2017-09-27 19:14:24"MODULE==>Home;CTRL==>Index;ACTION==>test"
2017-09-27 19:14:46"MODULE==>Home;CTRL==>Index;ACTION==>test"
2017-09-27 19:22:11"MODULE==>Home;CTRL==>Index;ACTION==>test"
2017-09-27 19:22:47"MODULE==>Home;CTRL==>Index;ACTION==>test"
2017-09-27 19:22:54"MODULE==>Home;CTRL==>Index;ACTION==>test"
2017-09-27 19:26:11"MODULE==>Admin;CTRL==>Manual;ACTION==>edit_form"
2017-09-27 19:26:15"MODULE==>Admin;CTRL==>Manual;ACTION==>edit"
2017-09-27 19:26:15"MODULE==>Admin;CTRL==>Manual;ACTION==>index"
2017-09-27 19:26:16"MODULE==>Admin;CTRL==>Manual;ACTION==>datas"
2017-09-27 19:26:19"MODULE==>Home;CTRL==>Index;ACTION==>get_manual"
2017-09-27 19:26:19"MODULE==>Home;CTRL==>Index;ACTION==>get_manual"
2017-09-27 19:32:10"MODULE==>Admin;CTRL==>Manual;ACTION==>edit_form"
2017-09-27 19:32:15"MODULE==>Admin;CTRL==>Manual;ACTION==>edit"
2017-09-27 19:32:15"MODULE==>Admin;CTRL==>Manual;ACTION==>index"
2017-09-27 19:32:15"MODULE==>Admin;CTRL==>Manual;ACTION==>datas"
2017-09-27 19:32:17"MODULE==>Home;CTRL==>Index;ACTION==>manual"
2017-09-27 19:32:17"MODULE==>Home;CTRL==>Index;ACTION==>get_manual"
2017-09-27 19:32:17"MODULE==>Home;CTRL==>Index;ACTION==>get_manualList"
2017-09-27 19:32:18"MODULE==>Home;CTRL==>Index;ACTION==>get_manual"
2017-09-27 19:33:39"MODULE==>Admin;CTRL==>Manual;ACTION==>edit_form"
2017-09-27 19:33:48"MODULE==>Admin;CTRL==>Manual;ACTION==>edit"
2017-09-27 19:33:48"MODULE==>Admin;CTRL==>Manual;ACTION==>index"
2017-09-27 19:33:48"MODULE==>Admin;CTRL==>Manual;ACTION==>datas"
2017-09-27 19:33:49"MODULE==>Admin;CTRL==>Manual;ACTION==>edit_form"
2017-09-27 19:34:19"MODULE==>Admin;CTRL==>Manual;ACTION==>edit"
2017-09-27 19:34:19"MODULE==>Admin;CTRL==>Manual;ACTION==>index"
2017-09-27 19:34:19"MODULE==>Admin;CTRL==>Manual;ACTION==>datas"
2017-09-27 19:34:20"MODULE==>Admin;CTRL==>Manual;ACTION==>edit_form"
2017-09-27 19:34:26"MODULE==>Home;CTRL==>Index;ACTION==>get_manual"
2017-09-27 19:34:26"MODULE==>Home;CTRL==>Index;ACTION==>get_manual"
2017-09-27 19:34:43"MODULE==>Admin;CTRL==>Manual;ACTION==>edit"
2017-09-27 19:34:43"MODULE==>Admin;CTRL==>Manual;ACTION==>index"
2017-09-27 19:34:43"MODULE==>Admin;CTRL==>Manual;ACTION==>datas"
2017-09-27 19:34:46"MODULE==>Home;CTRL==>Index;ACTION==>get_manual"
2017-09-27 19:34:47"MODULE==>Home;CTRL==>Index;ACTION==>get_manual"
2017-09-27 19:35:22"MODULE==>Admin;CTRL==>Manual;ACTION==>edit_form"
2017-09-27 19:35:27"MODULE==>Admin;CTRL==>Manual;ACTION==>edit"
2017-09-27 19:35:27"MODULE==>Admin;CTRL==>Manual;ACTION==>index"
2017-09-27 19:35:27"MODULE==>Admin;CTRL==>Manual;ACTION==>datas"
2017-09-27 19:35:29"MODULE==>Home;CTRL==>Index;ACTION==>get_manual"
2017-09-27 19:35:29"MODULE==>Home;CTRL==>Index;ACTION==>get_manual"
2017-09-27 19:35:37"MODULE==>Admin;CTRL==>Manual;ACTION==>edit_form"
2017-09-27 19:35:45"MODULE==>Admin;CTRL==>Manual;ACTION==>edit"
2017-09-27 19:35:45"MODULE==>Admin;CTRL==>Manual;ACTION==>index"
2017-09-27 19:35:45"MODULE==>Admin;CTRL==>Manual;ACTION==>datas"
2017-09-27 19:35:48"MODULE==>Home;CTRL==>Index;ACTION==>get_manual"
2017-09-27 19:35:49"MODULE==>Home;CTRL==>Index;ACTION==>get_manual"
2017-09-27 19:37:08"MODULE==>Admin;CTRL==>Manual;ACTION==>edit_form"
2017-09-27 19:37:13"MODULE==>Admin;CTRL==>Manual;ACTION==>edit"
2017-09-27 19:37:13"MODULE==>Admin;CTRL==>Manual;ACTION==>index"
2017-09-27 19:37:13"MODULE==>Admin;CTRL==>Manual;ACTION==>datas"
2017-09-27 19:37:15"MODULE==>Home;CTRL==>Index;ACTION==>get_manual"
2017-09-27 19:37:15"MODULE==>Home;CTRL==>Index;ACTION==>get_manual"
2017-09-27 19:38:52"MODULE==>Home;CTRL==>Index;ACTION==>get_manual"
2017-09-27 19:38:53"MODULE==>Home;CTRL==>Index;ACTION==>get_manual"
2017-09-27 19:42:30"MODULE==>Admin;CTRL==>Manual;ACTION==>edit_form"
2017-09-27 19:42:34"MODULE==>Admin;CTRL==>Manual;ACTION==>edit"
2017-09-27 19:42:34"MODULE==>Admin;CTRL==>Manual;ACTION==>index"
2017-09-27 19:42:34"MODULE==>Admin;CTRL==>Manual;ACTION==>datas"
2017-09-27 19:42:36"MODULE==>Home;CTRL==>Index;ACTION==>get_manual"
2017-09-27 19:42:37"MODULE==>Home;CTRL==>Index;ACTION==>get_manual"
2017-09-27 19:45:29"MODULE==>Home;CTRL==>Index;ACTION==>get_manual"
2017-09-27 19:45:30"MODULE==>Home;CTRL==>Index;ACTION==>get_manual"
2017-09-27 19:45:32"MODULE==>Home;CTRL==>Index;ACTION==>get_manual"
2017-09-27 19:45:34"MODULE==>Home;CTRL==>Index;ACTION==>get_manual"
2017-09-27 19:45:35"MODULE==>Home;CTRL==>Index;ACTION==>get_manual"
2017-09-27 19:45:36"MODULE==>Home;CTRL==>Index;ACTION==>get_manual"
2017-09-27 19:45:37"MODULE==>Home;CTRL==>Index;ACTION==>get_manual"
2017-09-27 19:45:50"MODULE==>Home;CTRL==>Index;ACTION==>get_manual"
2017-09-27 19:46:09"MODULE==>Home;CTRL==>Index;ACTION==>get_manual"
2017-09-27 19:46:16"MODULE==>Home;CTRL==>Index;ACTION==>manual"
2017-09-27 19:46:16"MODULE==>Home;CTRL==>Index;ACTION==>get_manual"
2017-09-27 19:46:17"MODULE==>Home;CTRL==>Index;ACTION==>get_manualList"
2017-09-27 19:46:18"MODULE==>Home;CTRL==>Index;ACTION==>get_manual"
2017-09-27 19:46:19"MODULE==>Home;CTRL==>Index;ACTION==>get_manual"
2017-09-27 19:49:07"MODULE==>Home;CTRL==>Index;ACTION==>get_manual"
2017-09-27 19:49:08"MODULE==>Home;CTRL==>Index;ACTION==>get_manual"
2017-09-27 19:49:08"MODULE==>Home;CTRL==>Index;ACTION==>get_manual"
2017-09-27 19:49:09"MODULE==>Home;CTRL==>Index;ACTION==>get_manual"
2017-09-27 19:49:12"MODULE==>Home;CTRL==>Index;ACTION==>get_manual"
2017-09-27 19:49:13"MODULE==>Home;CTRL==>Index;ACTION==>get_manual"
2017-09-27 19:49:19"MODULE==>Home;CTRL==>Index;ACTION==>get_manual"
2017-09-27 19:49:20"MODULE==>Home;CTRL==>Index;ACTION==>get_manual"
2017-09-27 19:49:22"MODULE==>Home;CTRL==>Index;ACTION==>get_manual"
2017-09-27 19:49:33"MODULE==>Home;CTRL==>Index;ACTION==>get_manual"
2017-09-27 19:50:34"MODULE==>Home;CTRL==>Index;ACTION==>manual"
2017-09-27 19:50:34"MODULE==>Home;CTRL==>Index;ACTION==>get_manual"
2017-09-27 19:50:34"MODULE==>Home;CTRL==>Index;ACTION==>get_manualList"
2017-09-27 19:50:36"MODULE==>Home;CTRL==>Index;ACTION==>get_manual"
2017-09-27 19:50:36"MODULE==>Home;CTRL==>Index;ACTION==>get_manual"
2017-09-27 19:50:36"MODULE==>Home;CTRL==>Index;ACTION==>get_manual"
2017-09-27 19:50:38"MODULE==>Home;CTRL==>Index;ACTION==>get_manual"
2017-09-27 19:50:42"MODULE==>Home;CTRL==>Index;ACTION==>get_manual"
2017-09-27 20:01:00"MODULE==>Home;CTRL==>Index;ACTION==>get_manual"
2017-09-27 20:01:01"MODULE==>Home;CTRL==>Index;ACTION==>get_manual"
2017-09-27 20:01:02"MODULE==>Home;CTRL==>Index;ACTION==>get_manual"
2017-09-27 20:01:04"MODULE==>Home;CTRL==>Index;ACTION==>get_manual"
2017-09-27 20:01:04"MODULE==>Home;CTRL==>Index;ACTION==>get_manual"
2017-09-27 22:51:41"MODULE==>Home;CTRL==>Index;ACTION==>test"
2017-09-27 22:54:56"MODULE==>Home;CTRL==>Index;ACTION==>test"
2017-09-27 22:55:26"MODULE==>Home;CTRL==>Index;ACTION==>test"
2017-09-27 22:55:31"MODULE==>Home;CTRL==>Index;ACTION==>test"
2017-09-27 22:55:34"MODULE==>Home;CTRL==>Index;ACTION==>test"
2017-09-27 22:56:39"MODULE==>Home;CTRL==>Index;ACTION==>test"
2017-09-27 22:56:39"MODULE==>Home;CTRL==>Index;ACTION==>test"
2017-09-27 22:56:52"MODULE==>Home;CTRL==>Index;ACTION==>test"
2017-09-27 22:56:53"MODULE==>Home;CTRL==>Index;ACTION==>test"
2017-09-27 22:57:46"MODULE==>Home;CTRL==>Index;ACTION==>test"
2017-09-27 22:58:10"MODULE==>Home;CTRL==>Index;ACTION==>manual"
2017-09-27 22:58:10"MODULE==>Home;CTRL==>Index;ACTION==>get_manual"
2017-09-27 22:58:10"MODULE==>Home;CTRL==>Index;ACTION==>get_manualList"
2017-09-27 22:58:12"MODULE==>Home;CTRL==>Index;ACTION==>test"
2017-09-27 22:58:24"MODULE==>Home;CTRL==>Index;ACTION==>test"
2017-09-27 22:58:41"MODULE==>Home;CTRL==>Index;ACTION==>test"
2017-09-27 22:58:57"MODULE==>Home;CTRL==>Index;ACTION==>test"
2017-09-27 22:58:58"MODULE==>Home;CTRL==>Index;ACTION==>test"
2017-09-27 22:59:02"MODULE==>Home;CTRL==>Index;ACTION==>test"
2017-09-27 22:59:03"MODULE==>Home;CTRL==>Index;ACTION==>test"
2017-09-27 22:59:04"MODULE==>Home;CTRL==>Index;ACTION==>test"
2017-09-27 22:59:06"MODULE==>Home;CTRL==>Index;ACTION==>test"
2017-09-27 22:59:39"MODULE==>Home;CTRL==>Index;ACTION==>test"
2017-09-27 23:00:08"MODULE==>Home;CTRL==>Index;ACTION==>test"
2017-09-27 23:00:18"MODULE==>Home;CTRL==>Index;ACTION==>test"
2017-09-27 23:00:34"MODULE==>Home;CTRL==>Index;ACTION==>test"
2017-09-27 23:00:53"MODULE==>Home;CTRL==>Index;ACTION==>test"
2017-09-27 23:02:45"MODULE==>Home;CTRL==>Index;ACTION==>test"
2017-09-27 23:02:49"MODULE==>Home;CTRL==>Index;ACTION==>test"
2017-09-27 23:02:56"MODULE==>Home;CTRL==>Index;ACTION==>test"
2017-09-27 23:03:02"MODULE==>Home;CTRL==>Index;ACTION==>test"
2017-09-27 23:03:07"MODULE==>Home;CTRL==>Index;ACTION==>test"
2017-09-27 23:03:11"MODULE==>Home;CTRL==>Index;ACTION==>test"
2017-09-27 23:03:16"MODULE==>Home;CTRL==>Index;ACTION==>test"
2017-09-27 23:03:22"MODULE==>Home;CTRL==>Index;ACTION==>test"
2017-09-27 23:03:26"MODULE==>Home;CTRL==>Index;ACTION==>test"
2017-09-27 23:03:32"MODULE==>Home;CTRL==>Index;ACTION==>test"
2017-09-27 23:04:23"MODULE==>Home;CTRL==>Index;ACTION==>test"
2017-09-27 23:04:24"MODULE==>Home;CTRL==>Index;ACTION==>test"
2017-09-27 23:04:27"MODULE==>Home;CTRL==>Index;ACTION==>test"
2017-09-27 23:11:00"MODULE==>Admin;CTRL==>Manual;ACTION==>edit_form"
2017-09-27 23:11:04"MODULE==>Admin;CTRL==>Manual;ACTION==>edit"
2017-09-27 23:11:04"MODULE==>Admin;CTRL==>Manual;ACTION==>index"
2017-09-27 23:11:05"MODULE==>Admin;CTRL==>Manual;ACTION==>datas"
2017-09-27 23:11:06"MODULE==>Home;CTRL==>Index;ACTION==>get_manual"
2017-09-27 23:11:59"MODULE==>Admin;CTRL==>Manual;ACTION==>edit_form"
2017-09-27 23:12:19"MODULE==>Admin;CTRL==>Manual;ACTION==>edit"
2017-09-27 23:12:19"MODULE==>Admin;CTRL==>Manual;ACTION==>index"
2017-09-27 23:12:19"MODULE==>Admin;CTRL==>Manual;ACTION==>datas"
2017-09-27 23:12:22"MODULE==>Home;CTRL==>Index;ACTION==>manual"
2017-09-27 23:12:22"MODULE==>Home;CTRL==>Index;ACTION==>get_manual"
2017-09-27 23:12:22"MODULE==>Home;CTRL==>Index;ACTION==>get_manualList"
2017-09-27 23:12:23"MODULE==>Home;CTRL==>Index;ACTION==>get_manual"
2017-09-27 23:12:35"MODULE==>Home;CTRL==>Index;ACTION==>get_manual"
2017-09-27 23:12:35"MODULE==>Home;CTRL==>Index;ACTION==>get_manual"
2017-09-27 23:12:38"MODULE==>Home;CTRL==>Index;ACTION==>get_manual"
2017-09-27 23:12:39"MODULE==>Home;CTRL==>Index;ACTION==>get_manual"
2017-09-27 23:12:39"MODULE==>Home;CTRL==>Index;ACTION==>get_manual"
2017-09-27 23:12:41"MODULE==>Home;CTRL==>Index;ACTION==>get_manual"
2017-09-27 23:15:12"MODULE==>Home;CTRL==>Index;ACTION==>test"
2017-09-27 23:15:28"MODULE==>Home;CTRL==>Index;ACTION==>test"
2017-09-27 23:15:54"MODULE==>Home;CTRL==>Index;ACTION==>test"
2017-09-27 23:16:28"MODULE==>Admin;CTRL==>Manual;ACTION==>edit_form"
2017-09-27 23:16:46"MODULE==>Admin;CTRL==>Manual;ACTION==>edit"
2017-09-27 23:16:46"MODULE==>Admin;CTRL==>Manual;ACTION==>index"
2017-09-27 23:16:46"MODULE==>Admin;CTRL==>Manual;ACTION==>datas"
2017-09-27 23:16:48"MODULE==>Home;CTRL==>Index;ACTION==>get_manual"
2017-09-27 23:16:48"MODULE==>Home;CTRL==>Index;ACTION==>get_manual"
2017-09-27 23:17:13"MODULE==>Home;CTRL==>Index;ACTION==>test"
2017-09-27 23:18:22"MODULE==>Admin;CTRL==>Manual;ACTION==>edit_form"
2017-09-27 23:18:40"MODULE==>Admin;CTRL==>Manual;ACTION==>edit"
2017-09-27 23:18:40"MODULE==>Admin;CTRL==>Manual;ACTION==>index"
2017-09-27 23:18:40"MODULE==>Admin;CTRL==>Manual;ACTION==>datas"
2017-09-27 23:18:41"MODULE==>Admin;CTRL==>Manual;ACTION==>edit_form"
2017-09-27 23:18:55"MODULE==>Home;CTRL==>Index;ACTION==>get_manual"
2017-09-27 23:18:56"MODULE==>Home;CTRL==>Index;ACTION==>get_manual"
2017-09-27 23:19:14"MODULE==>Admin;CTRL==>Manual;ACTION==>edit"
2017-09-27 23:19:14"MODULE==>Admin;CTRL==>Manual;ACTION==>index"
2017-09-27 23:19:14"MODULE==>Admin;CTRL==>Manual;ACTION==>datas"
2017-09-27 23:19:15"MODULE==>Admin;CTRL==>Manual;ACTION==>edit_form"
2017-09-27 23:19:28"MODULE==>Admin;CTRL==>Manual;ACTION==>edit"
2017-09-27 23:19:28"MODULE==>Admin;CTRL==>Manual;ACTION==>index"
2017-09-27 23:19:28"MODULE==>Admin;CTRL==>Manual;ACTION==>datas"
2017-09-27 23:19:30"MODULE==>Home;CTRL==>Index;ACTION==>get_manual"
2017-09-27 23:19:31"MODULE==>Home;CTRL==>Index;ACTION==>get_manual"
