2017-10-14 00:03:04"MODULE==>Admin;CTRL==>Index;ACTION==>index"
2017-10-14 00:03:11"MODULE==>Admin;CTRL==>Index;ACTION==>login"
2017-10-14 00:03:11"MODULE==>Admin;CTRL==>Index;ACTION==>index"
2017-10-14 00:03:11"MODULE==>Admin;CTRL==>Index;ACTION==>main"
2017-10-14 00:03:13"MODULE==>Admin;CTRL==>Index;ACTION==>logout"
2017-10-14 00:03:23"MODULE==>Admin;CTRL==>Index;ACTION==>index"
2017-10-14 00:03:29"MODULE==>Admin;CTRL==>Index;ACTION==>login"
2017-10-14 00:03:29"MODULE==>Admin;CTRL==>Index;ACTION==>index"
2017-10-14 00:03:29"MODULE==>Admin;CTRL==>Index;ACTION==>main"
2017-10-14 00:03:32"MODULE==>Admin;CTRL==>Index;ACTION==>logout"
2017-10-14 00:03:38"MODULE==>Admin;CTRL==>Index;ACTION==>index"
2017-10-14 00:03:43"MODULE==>Admin;CTRL==>Index;ACTION==>login"
2017-10-14 00:03:43"MODULE==>Admin;CTRL==>Index;ACTION==>index"
2017-10-14 00:03:43"MODULE==>Admin;CTRL==>Index;ACTION==>main"
2017-10-14 00:03:46"MODULE==>Admin;CTRL==>Index;ACTION==>logout"
2017-10-14 00:03:53"MODULE==>Admin;CTRL==>Index;ACTION==>index"
2017-10-14 00:03:54"MODULE==>Admin;CTRL==>Index;ACTION==>index"
2017-10-14 00:04:08"MODULE==>Admin;CTRL==>Index;ACTION==>login"
2017-10-14 00:04:08"MODULE==>Admin;CTRL==>Index;ACTION==>index"
2017-10-14 00:04:08"MODULE==>Admin;CTRL==>Index;ACTION==>main"
2017-10-14 00:04:10"MODULE==>Admin;CTRL==>Index;ACTION==>logout"
2017-10-14 00:04:10"MODULE==>Admin;CTRL==>Index;ACTION==>login"
2017-10-14 00:05:40"MODULE==>Admin;CTRL==>Index;ACTION==>index"
2017-10-14 00:05:41"MODULE==>Admin;CTRL==>Index;ACTION==>index"
2017-10-14 00:05:46"MODULE==>Admin;CTRL==>Index;ACTION==>login"
2017-10-14 00:05:46"MODULE==>Admin;CTRL==>Index;ACTION==>index"
2017-10-14 00:05:46"MODULE==>Admin;CTRL==>Index;ACTION==>main"
2017-10-14 00:05:49"MODULE==>Admin;CTRL==>Index;ACTION==>logout"
2017-10-14 00:05:49"MODULE==>Admin;CTRL==>Index;ACTION==>index"
2017-10-14 00:07:36"MODULE==>Admin;CTRL==>Index;ACTION==>index"
2017-10-14 00:07:40"MODULE==>Admin;CTRL==>Index;ACTION==>index"
2017-10-14 00:07:41"MODULE==>Admin;CTRL==>Index;ACTION==>login"
2017-10-14 00:07:47"MODULE==>Admin;CTRL==>Index;ACTION==>login"
2017-10-14 00:07:47"MODULE==>Admin;CTRL==>Index;ACTION==>index"
2017-10-14 00:07:47"MODULE==>Admin;CTRL==>Index;ACTION==>main"
2017-10-14 00:07:50"MODULE==>Admin;CTRL==>Index;ACTION==>logout"
2017-10-14 00:07:50"MODULE==>Admin;CTRL==>Index;ACTION==>index"
2017-10-14 00:17:39"MODULE==>Admin;CTRL==>Index;ACTION==>login"
2017-10-14 00:17:39"MODULE==>Admin;CTRL==>Index;ACTION==>index"
2017-10-14 00:17:40"MODULE==>Admin;CTRL==>Index;ACTION==>main"
2017-10-14 14:53:04"MODULE==>Home;CTRL==>Index;ACTION==>index"
2017-10-14 14:58:29"MODULE==>Home;CTRL==>Index;ACTION==>index"
2017-10-14 14:58:41"MODULE==>Home;CTRL==>Index;ACTION==>index"
2017-10-14 14:58:51"MODULE==>Home;CTRL==>Index;ACTION==>test"
2017-10-14 14:59:44"MODULE==>Home;CTRL==>Class;ACTION==>index"
2017-10-14 15:00:49"MODULE==>Home;CTRL==>Class;ACTION==>index"
2017-10-14 15:01:05"MODULE==>Home;CTRL==>Class;ACTION==>index"
2017-10-14 15:01:20"MODULE==>Home;CTRL==>Class;ACTION==>index"
2017-10-14 15:01:58"MODULE==>Home;CTRL==>Class;ACTION==>index"
2017-10-14 15:02:57"MODULE==>Home;CTRL==>Class;ACTION==>index"
2017-10-14 15:03:03"MODULE==>Home;CTRL==>Class;ACTION==>index"
2017-10-14 15:03:39"MODULE==>Home;CTRL==>Class;ACTION==>index"
2017-10-14 15:05:17"MODULE==>Home;CTRL==>Class;ACTION==>index"
2017-10-14 15:05:20"MODULE==>Home;CTRL==>Class;ACTION==>index"
2017-10-14 15:05:45"MODULE==>Home;CTRL==>Class;ACTION==>index"
2017-10-14 15:05:50"MODULE==>Home;CTRL==>Class;ACTION==>index"
2017-10-14 15:06:17"MODULE==>Home;CTRL==>Class;ACTION==>index"
2017-10-14 15:06:21"MODULE==>Home;CTRL==>Class;ACTION==>index"
2017-10-14 15:06:31"MODULE==>Home;CTRL==>Class;ACTION==>index"
2017-10-14 15:06:34"MODULE==>Home;CTRL==>Class;ACTION==>index"
2017-10-14 15:06:45"MODULE==>Home;CTRL==>Class;ACTION==>index"
2017-10-14 15:07:02"MODULE==>Home;CTRL==>Class;ACTION==>index"
2017-10-14 15:07:29"MODULE==>Home;CTRL==>Class;ACTION==>index"
2017-10-14 15:07:30"MODULE==>Home;CTRL==>Class;ACTION==>index"
2017-10-14 15:08:14"MODULE==>Home;CTRL==>Class;ACTION==>index"
2017-10-14 15:08:42"MODULE==>Home;CTRL==>Class;ACTION==>index"
2017-10-14 15:09:13"MODULE==>Home;CTRL==>Class;ACTION==>index"
2017-10-14 15:09:18"MODULE==>Home;CTRL==>Class;ACTION==>index"
2017-10-14 15:09:32"MODULE==>Home;CTRL==>Class;ACTION==>index"
2017-10-14 15:09:40"MODULE==>Home;CTRL==>Class;ACTION==>index"
2017-10-14 15:10:12"MODULE==>Home;CTRL==>Class;ACTION==>index"
2017-10-14 15:10:32"MODULE==>Home;CTRL==>Class;ACTION==>index"
2017-10-14 15:10:38"MODULE==>Home;CTRL==>Class;ACTION==>index"
2017-10-14 15:10:42"MODULE==>Home;CTRL==>Class;ACTION==>index"
2017-10-14 15:11:26"MODULE==>Home;CTRL==>Class;ACTION==>index"
2017-10-14 15:12:59"MODULE==>Home;CTRL==>Class;ACTION==>index"
2017-10-14 15:13:57"MODULE==>Home;CTRL==>Class;ACTION==>index"
2017-10-14 15:17:18"MODULE==>Home;CTRL==>Class;ACTION==>index"
2017-10-14 15:17:42"MODULE==>Home;CTRL==>Class;ACTION==>index"
2017-10-14 15:18:04"MODULE==>Home;CTRL==>Class;ACTION==>index"
2017-10-14 15:18:04"MODULE==>Home;CTRL==>Class;ACTION==>getClass"
2017-10-14 15:18:15"MODULE==>Home;CTRL==>Class;ACTION==>index"
2017-10-14 15:18:15"MODULE==>Home;CTRL==>Class;ACTION==>getClass"
2017-10-14 15:23:26"MODULE==>Home;CTRL==>Class;ACTION==>index"
2017-10-14 15:23:26"MODULE==>Home;CTRL==>Class;ACTION==>getClass"
2017-10-14 15:23:37"MODULE==>Home;CTRL==>Class;ACTION==>index"
2017-10-14 15:23:37"MODULE==>Home;CTRL==>Class;ACTION==>getClass"
2017-10-14 15:24:44"MODULE==>Home;CTRL==>Class;ACTION==>index"
2017-10-14 15:24:44"MODULE==>Home;CTRL==>Class;ACTION==>getClass"
2017-10-14 15:25:49"MODULE==>Home;CTRL==>Class;ACTION==>index"
2017-10-14 15:25:50"MODULE==>Home;CTRL==>Class;ACTION==>getClass"
2017-10-14 15:26:59"MODULE==>Home;CTRL==>Class;ACTION==>index"
2017-10-14 15:26:59"MODULE==>Home;CTRL==>Class;ACTION==>getClass"
2017-10-14 15:28:07"MODULE==>Home;CTRL==>Class;ACTION==>index"
2017-10-14 15:28:07"MODULE==>Home;CTRL==>Class;ACTION==>getClass"
2017-10-14 15:29:46"MODULE==>Home;CTRL==>Class;ACTION==>index"
2017-10-14 15:29:46"MODULE==>Home;CTRL==>Class;ACTION==>getClass"
2017-10-14 15:30:09"MODULE==>Home;CTRL==>Class;ACTION==>index"
2017-10-14 15:30:09"MODULE==>Home;CTRL==>Class;ACTION==>getClass"
2017-10-14 15:30:54"MODULE==>Home;CTRL==>Class;ACTION==>index"
2017-10-14 15:30:54"MODULE==>Home;CTRL==>Class;ACTION==>getClass"
2017-10-14 15:33:53"MODULE==>Home;CTRL==>Class;ACTION==>index"
2017-10-14 15:33:53"MODULE==>Home;CTRL==>Class;ACTION==>getClass"
2017-10-14 15:34:07"MODULE==>Home;CTRL==>Class;ACTION==>index"
2017-10-14 15:34:07"MODULE==>Home;CTRL==>Class;ACTION==>getClass"
2017-10-14 15:34:32"MODULE==>Home;CTRL==>Class;ACTION==>index"
2017-10-14 15:34:32"MODULE==>Home;CTRL==>Class;ACTION==>getClass"
2017-10-14 15:35:07"MODULE==>Home;CTRL==>Class;ACTION==>index"
2017-10-14 15:35:07"MODULE==>Home;CTRL==>Class;ACTION==>getClass"
2017-10-14 15:36:18"MODULE==>Home;CTRL==>Class;ACTION==>index"
2017-10-14 15:36:18"MODULE==>Home;CTRL==>Class;ACTION==>getClass"
2017-10-14 15:36:46"MODULE==>Home;CTRL==>Class;ACTION==>index"
2017-10-14 15:36:46"MODULE==>Home;CTRL==>Class;ACTION==>getClass"
2017-10-14 15:36:56"MODULE==>Home;CTRL==>Class;ACTION==>index"
2017-10-14 15:36:56"MODULE==>Home;CTRL==>Class;ACTION==>getClass"
2017-10-14 15:36:58"MODULE==>Home;CTRL==>Class;ACTION==>index"
2017-10-14 15:36:58"MODULE==>Home;CTRL==>Class;ACTION==>getClass"
2017-10-14 15:36:58"MODULE==>Home;CTRL==>Class;ACTION==>index"
2017-10-14 15:36:58"MODULE==>Home;CTRL==>Class;ACTION==>getClass"
2017-10-14 15:37:14"MODULE==>Home;CTRL==>Class;ACTION==>index"
2017-10-14 15:37:14"MODULE==>Home;CTRL==>Class;ACTION==>getClass"
2017-10-14 15:37:21"MODULE==>Home;CTRL==>Class;ACTION==>index"
2017-10-14 15:37:21"MODULE==>Home;CTRL==>Class;ACTION==>getClass"
2017-10-14 15:38:49"MODULE==>Home;CTRL==>Class;ACTION==>index"
2017-10-14 15:38:49"MODULE==>Home;CTRL==>Class;ACTION==>getClass"
2017-10-14 15:38:52"MODULE==>Home;CTRL==>Class;ACTION==>index"
2017-10-14 15:38:52"MODULE==>Home;CTRL==>Class;ACTION==>getClass"
2017-10-14 15:39:12"MODULE==>Home;CTRL==>Class;ACTION==>index"
2017-10-14 15:39:12"MODULE==>Home;CTRL==>Class;ACTION==>getClass"
2017-10-14 15:39:33"MODULE==>Home;CTRL==>Class;ACTION==>index"
2017-10-14 15:39:33"MODULE==>Home;CTRL==>Class;ACTION==>getClass"
2017-10-14 15:41:22"MODULE==>Home;CTRL==>Class;ACTION==>index"
2017-10-14 15:41:22"MODULE==>Home;CTRL==>Class;ACTION==>getClass"
2017-10-14 15:43:40"MODULE==>Home;CTRL==>Class;ACTION==>index"
2017-10-14 15:43:41"MODULE==>Home;CTRL==>Class;ACTION==>getClass"
2017-10-14 15:43:51"MODULE==>Home;CTRL==>Class;ACTION==>index"
2017-10-14 15:43:52"MODULE==>Home;CTRL==>Class;ACTION==>getClass"
2017-10-14 15:44:16"MODULE==>Home;CTRL==>Class;ACTION==>index"
2017-10-14 15:44:17"MODULE==>Home;CTRL==>Class;ACTION==>getClass"
2017-10-14 15:44:29"MODULE==>Home;CTRL==>Class;ACTION==>index"
2017-10-14 15:44:30"MODULE==>Home;CTRL==>Class;ACTION==>getClass"
2017-10-14 15:44:51"MODULE==>Home;CTRL==>Class;ACTION==>index"
2017-10-14 15:44:52"MODULE==>Home;CTRL==>Class;ACTION==>getClass"
2017-10-14 15:45:07"MODULE==>Home;CTRL==>Class;ACTION==>index"
2017-10-14 15:45:08"MODULE==>Home;CTRL==>Class;ACTION==>getClass"
2017-10-14 15:45:29"MODULE==>Home;CTRL==>Class;ACTION==>index"
2017-10-14 15:45:29"MODULE==>Home;CTRL==>Class;ACTION==>getClass"
2017-10-14 15:45:36"MODULE==>Home;CTRL==>Class;ACTION==>index"
2017-10-14 15:45:37"MODULE==>Home;CTRL==>Class;ACTION==>getClass"
2017-10-14 15:45:45"MODULE==>Home;CTRL==>Class;ACTION==>index"
2017-10-14 15:45:45"MODULE==>Home;CTRL==>Index;ACTION==>get_manual"
2017-10-14 15:45:46"MODULE==>Home;CTRL==>Class;ACTION==>getClass"
2017-10-14 15:46:29"MODULE==>Home;CTRL==>Class;ACTION==>index"
2017-10-14 15:46:29"MODULE==>Home;CTRL==>Class;ACTION==>getClass"
2017-10-14 15:49:32"MODULE==>Home;CTRL==>Class;ACTION==>index"
2017-10-14 15:49:32"MODULE==>Home;CTRL==>Class;ACTION==>getClass"
2017-10-14 15:49:39"MODULE==>Home;CTRL==>Class;ACTION==>index"
2017-10-14 15:49:39"MODULE==>Home;CTRL==>Class;ACTION==>getClass"
2017-10-14 15:53:31"MODULE==>Home;CTRL==>Class;ACTION==>index"
2017-10-14 15:53:31"MODULE==>Home;CTRL==>Class;ACTION==>getClass"
2017-10-14 15:54:20"MODULE==>Home;CTRL==>Class;ACTION==>index"
2017-10-14 15:54:20"MODULE==>Home;CTRL==>Class;ACTION==>getClass"
2017-10-14 15:54:31"MODULE==>Home;CTRL==>Class;ACTION==>index"
2017-10-14 15:54:31"MODULE==>Home;CTRL==>Class;ACTION==>getClass"
2017-10-14 15:54:38"MODULE==>Home;CTRL==>Class;ACTION==>index"
2017-10-14 15:54:38"MODULE==>Home;CTRL==>Class;ACTION==>getClass"
2017-10-14 15:55:01"MODULE==>Home;CTRL==>Class;ACTION==>index"
2017-10-14 15:55:01"MODULE==>Home;CTRL==>Class;ACTION==>getClass"
2017-10-14 15:55:09"MODULE==>Home;CTRL==>Class;ACTION==>index"
2017-10-14 15:55:09"MODULE==>Home;CTRL==>Class;ACTION==>getClass"
2017-10-14 15:55:15"MODULE==>Home;CTRL==>Class;ACTION==>index"
2017-10-14 15:55:15"MODULE==>Home;CTRL==>Class;ACTION==>getClass"
2017-10-14 15:55:54"MODULE==>Home;CTRL==>Class;ACTION==>index"
2017-10-14 15:55:54"MODULE==>Home;CTRL==>Class;ACTION==>getClass"
2017-10-14 15:56:14"MODULE==>Home;CTRL==>Class;ACTION==>index"
2017-10-14 15:56:14"MODULE==>Home;CTRL==>Class;ACTION==>getClass"
2017-10-14 15:56:47"MODULE==>Home;CTRL==>Class;ACTION==>index"
2017-10-14 15:56:47"MODULE==>Home;CTRL==>Class;ACTION==>getClass"
2017-10-14 15:56:57"MODULE==>Home;CTRL==>Class;ACTION==>index"
2017-10-14 15:56:57"MODULE==>Home;CTRL==>Class;ACTION==>getClass"
2017-10-14 15:57:09"MODULE==>Home;CTRL==>Class;ACTION==>index"
2017-10-14 15:57:09"MODULE==>Home;CTRL==>Class;ACTION==>getClass"
2017-10-14 15:57:22"MODULE==>Home;CTRL==>Class;ACTION==>index"
2017-10-14 15:57:22"MODULE==>Home;CTRL==>Class;ACTION==>getClass"
2017-10-14 15:57:33"MODULE==>Home;CTRL==>Class;ACTION==>index"
2017-10-14 15:57:33"MODULE==>Home;CTRL==>Class;ACTION==>getClass"
2017-10-14 15:57:51"MODULE==>Home;CTRL==>Class;ACTION==>index"
2017-10-14 15:57:51"MODULE==>Home;CTRL==>Class;ACTION==>getClass"
2017-10-14 15:57:54"MODULE==>Home;CTRL==>Class;ACTION==>index"
2017-10-14 15:57:54"MODULE==>Home;CTRL==>Class;ACTION==>getClass"
2017-10-14 15:59:10"MODULE==>Home;CTRL==>Class;ACTION==>index"
2017-10-14 15:59:10"MODULE==>Home;CTRL==>Class;ACTION==>getClass"
2017-10-14 15:59:22"MODULE==>Home;CTRL==>Class;ACTION==>index"
2017-10-14 15:59:22"MODULE==>Home;CTRL==>Class;ACTION==>getClass"
2017-10-14 15:59:27"MODULE==>Home;CTRL==>Class;ACTION==>index"
2017-10-14 15:59:27"MODULE==>Home;CTRL==>Class;ACTION==>getClass"
2017-10-14 15:59:34"MODULE==>Home;CTRL==>Class;ACTION==>index"
2017-10-14 15:59:34"MODULE==>Home;CTRL==>Class;ACTION==>getClass"
2017-10-14 15:59:53"MODULE==>Home;CTRL==>Class;ACTION==>index"
2017-10-14 15:59:53"MODULE==>Home;CTRL==>Class;ACTION==>getClass"
2017-10-14 16:00:31"MODULE==>Home;CTRL==>Class;ACTION==>index"
2017-10-14 16:00:31"MODULE==>Home;CTRL==>Class;ACTION==>getClass"
2017-10-14 16:01:41"MODULE==>Home;CTRL==>Class;ACTION==>index"
2017-10-14 16:01:41"MODULE==>Home;CTRL==>Class;ACTION==>getClass"
2017-10-14 16:01:56"MODULE==>Home;CTRL==>Class;ACTION==>index"
2017-10-14 16:01:56"MODULE==>Home;CTRL==>Class;ACTION==>getClass"
2017-10-14 16:03:01"MODULE==>Home;CTRL==>Class;ACTION==>index"
2017-10-14 16:03:01"MODULE==>Home;CTRL==>Class;ACTION==>getClass"
2017-10-14 16:03:17"MODULE==>Home;CTRL==>Class;ACTION==>index"
2017-10-14 16:03:17"MODULE==>Home;CTRL==>Class;ACTION==>getClass"
2017-10-14 16:03:38"MODULE==>Home;CTRL==>Class;ACTION==>index"
2017-10-14 16:03:39"MODULE==>Home;CTRL==>Class;ACTION==>getClass"
2017-10-14 16:04:11"MODULE==>Home;CTRL==>Class;ACTION==>index"
2017-10-14 16:04:11"MODULE==>Home;CTRL==>Class;ACTION==>getClass"
2017-10-14 16:04:49"MODULE==>Home;CTRL==>Class;ACTION==>index"
2017-10-14 16:04:49"MODULE==>Home;CTRL==>Class;ACTION==>getClass"
2017-10-14 16:04:56"MODULE==>Home;CTRL==>Class;ACTION==>index"
2017-10-14 16:04:56"MODULE==>Home;CTRL==>Class;ACTION==>getClass"
2017-10-14 16:05:05"MODULE==>Home;CTRL==>Class;ACTION==>index"
2017-10-14 16:05:05"MODULE==>Home;CTRL==>Class;ACTION==>getClass"
2017-10-14 16:05:14"MODULE==>Home;CTRL==>Class;ACTION==>index"
2017-10-14 16:05:14"MODULE==>Home;CTRL==>Class;ACTION==>getClass"
2017-10-14 16:05:28"MODULE==>Home;CTRL==>Class;ACTION==>index"
2017-10-14 16:05:28"MODULE==>Home;CTRL==>Class;ACTION==>getClass"
2017-10-14 16:05:54"MODULE==>Home;CTRL==>Class;ACTION==>index"
2017-10-14 16:05:54"MODULE==>Home;CTRL==>Class;ACTION==>getClass"
2017-10-14 16:05:55"MODULE==>Home;CTRL==>Class;ACTION==>index"
2017-10-14 16:05:55"MODULE==>Home;CTRL==>Class;ACTION==>getClass"
2017-10-14 16:06:33"MODULE==>Home;CTRL==>Class;ACTION==>index"
2017-10-14 16:06:33"MODULE==>Home;CTRL==>Class;ACTION==>getClass"
2017-10-14 16:07:30"MODULE==>Home;CTRL==>Class;ACTION==>index"
2017-10-14 16:07:30"MODULE==>Home;CTRL==>Class;ACTION==>getClass"
2017-10-14 16:08:02"MODULE==>Home;CTRL==>Class;ACTION==>index"
2017-10-14 16:08:02"MODULE==>Home;CTRL==>Class;ACTION==>getClass"
2017-10-14 16:08:13"MODULE==>Home;CTRL==>Class;ACTION==>index"
2017-10-14 16:08:14"MODULE==>Home;CTRL==>Class;ACTION==>getClass"
2017-10-14 16:08:16"MODULE==>Home;CTRL==>Class;ACTION==>index"
2017-10-14 16:08:16"MODULE==>Home;CTRL==>Class;ACTION==>getClass"
2017-10-14 16:08:30"MODULE==>Home;CTRL==>Class;ACTION==>index"
2017-10-14 16:08:30"MODULE==>Home;CTRL==>Class;ACTION==>getClass"
2017-10-14 16:08:37"MODULE==>Home;CTRL==>Class;ACTION==>index"
2017-10-14 16:08:37"MODULE==>Home;CTRL==>Class;ACTION==>getClass"
2017-10-14 16:09:01"MODULE==>Home;CTRL==>Class;ACTION==>index"
2017-10-14 16:09:01"MODULE==>Home;CTRL==>Class;ACTION==>getClass"
2017-10-14 16:09:29"MODULE==>Home;CTRL==>Class;ACTION==>index"
2017-10-14 16:09:30"MODULE==>Home;CTRL==>Class;ACTION==>getClass"
2017-10-14 16:09:49"MODULE==>Home;CTRL==>Class;ACTION==>index"
2017-10-14 16:09:49"MODULE==>Home;CTRL==>Class;ACTION==>getClass"
2017-10-14 16:09:58"MODULE==>Home;CTRL==>Class;ACTION==>index"
2017-10-14 16:09:59"MODULE==>Home;CTRL==>Class;ACTION==>getClass"
2017-10-14 16:12:08"MODULE==>Home;CTRL==>Class;ACTION==>index"
2017-10-14 16:12:08"MODULE==>Home;CTRL==>Class;ACTION==>getClass"
2017-10-14 16:12:19"MODULE==>Home;CTRL==>Class;ACTION==>index"
2017-10-14 16:12:19"MODULE==>Home;CTRL==>Class;ACTION==>getClass"
2017-10-14 16:12:37"MODULE==>Home;CTRL==>Class;ACTION==>index"
2017-10-14 16:12:37"MODULE==>Home;CTRL==>Class;ACTION==>getClass"
2017-10-14 16:13:02"MODULE==>Home;CTRL==>Class;ACTION==>index"
2017-10-14 16:13:03"MODULE==>Home;CTRL==>Class;ACTION==>getClass"
2017-10-14 16:15:26"MODULE==>Home;CTRL==>Class;ACTION==>index"
2017-10-14 16:15:26"MODULE==>Home;CTRL==>Class;ACTION==>getClass"
2017-10-14 16:19:24"MODULE==>Home;CTRL==>Class;ACTION==>index"
2017-10-14 16:19:24"MODULE==>Home;CTRL==>Class;ACTION==>getClass"
2017-10-14 16:19:41"MODULE==>Home;CTRL==>Class;ACTION==>index"
2017-10-14 16:19:41"MODULE==>Home;CTRL==>Class;ACTION==>getClass"
2017-10-14 16:19:56"MODULE==>Home;CTRL==>Class;ACTION==>index"
2017-10-14 16:19:56"MODULE==>Home;CTRL==>Class;ACTION==>getClass"
2017-10-14 16:20:04"MODULE==>Home;CTRL==>Class;ACTION==>index"
2017-10-14 16:20:05"MODULE==>Home;CTRL==>Class;ACTION==>index"
2017-10-14 16:20:05"MODULE==>Home;CTRL==>Class;ACTION==>getClass"
2017-10-14 16:20:12"MODULE==>Home;CTRL==>Class;ACTION==>index"
2017-10-14 16:20:12"MODULE==>Home;CTRL==>Class;ACTION==>getClass"
2017-10-14 16:21:24"MODULE==>Home;CTRL==>Class;ACTION==>index"
2017-10-14 16:21:24"MODULE==>Home;CTRL==>Class;ACTION==>getClass"
2017-10-14 16:26:42"MODULE==>Home;CTRL==>Class;ACTION==>index"
2017-10-14 16:26:42"MODULE==>Home;CTRL==>Class;ACTION==>getClass"
2017-10-14 16:27:09"MODULE==>Home;CTRL==>Class;ACTION==>index"
2017-10-14 16:27:10"MODULE==>Home;CTRL==>Class;ACTION==>getClass"
2017-10-14 16:27:31"MODULE==>Home;CTRL==>Class;ACTION==>index"
2017-10-14 16:27:31"MODULE==>Home;CTRL==>Class;ACTION==>getClass"
2017-10-14 16:27:34"MODULE==>Home;CTRL==>Class;ACTION==>index"
2017-10-14 16:27:36"MODULE==>Home;CTRL==>Class;ACTION==>index"
2017-10-14 16:27:37"MODULE==>Home;CTRL==>Class;ACTION==>getClass"
2017-10-14 16:27:37"MODULE==>Home;CTRL==>Class;ACTION==>index"
2017-10-14 16:27:38"MODULE==>Home;CTRL==>Class;ACTION==>getClass"
2017-10-14 16:28:17"MODULE==>Home;CTRL==>Class;ACTION==>index"
2017-10-14 16:28:17"MODULE==>Home;CTRL==>Class;ACTION==>getClass"
2017-10-14 16:28:19"MODULE==>Home;CTRL==>Class;ACTION==>index"
2017-10-14 16:28:19"MODULE==>Home;CTRL==>Class;ACTION==>getClass"
2017-10-14 16:28:22"MODULE==>Home;CTRL==>Class;ACTION==>index"
2017-10-14 16:28:22"MODULE==>Home;CTRL==>Class;ACTION==>getClass"
2017-10-14 16:28:34"MODULE==>Home;CTRL==>Class;ACTION==>index"
2017-10-14 16:28:35"MODULE==>Home;CTRL==>Class;ACTION==>getClass"
2017-10-14 16:28:38"MODULE==>Home;CTRL==>Class;ACTION==>index"
2017-10-14 16:28:38"MODULE==>Home;CTRL==>Class;ACTION==>getClass"
2017-10-14 16:28:41"MODULE==>Home;CTRL==>Class;ACTION==>index"
2017-10-14 16:28:41"MODULE==>Home;CTRL==>Class;ACTION==>getClass"
2017-10-14 16:28:52"MODULE==>Home;CTRL==>Class;ACTION==>index"
2017-10-14 16:28:52"MODULE==>Home;CTRL==>Class;ACTION==>getClass"
2017-10-14 16:28:54"MODULE==>Home;CTRL==>Class;ACTION==>add"
2017-10-14 16:28:55"MODULE==>Home;CTRL==>Class;ACTION==>index"
2017-10-14 16:28:55"MODULE==>Home;CTRL==>Class;ACTION==>getClass"
2017-10-14 16:29:02"MODULE==>Home;CTRL==>Class;ACTION==>add"
2017-10-14 16:29:03"MODULE==>Home;CTRL==>Class;ACTION==>index"
2017-10-14 16:29:03"MODULE==>Home;CTRL==>Class;ACTION==>getClass"
2017-10-14 16:31:01"MODULE==>Home;CTRL==>Class;ACTION==>index"
2017-10-14 16:31:01"MODULE==>Home;CTRL==>Class;ACTION==>getClass"
2017-10-14 16:31:02"MODULE==>Home;CTRL==>Class;ACTION==>add"
2017-10-14 16:31:03"MODULE==>Home;CTRL==>Class;ACTION==>index"
2017-10-14 16:31:03"MODULE==>Home;CTRL==>Class;ACTION==>getClass"
2017-10-14 16:31:28"MODULE==>Home;CTRL==>Class;ACTION==>index"
2017-10-14 16:31:28"MODULE==>Home;CTRL==>Class;ACTION==>getClass"
2017-10-14 16:35:34"MODULE==>Home;CTRL==>Class;ACTION==>index"
2017-10-14 16:36:18"MODULE==>Home;CTRL==>Class;ACTION==>index"
2017-10-14 16:36:18"MODULE==>Home;CTRL==>Class;ACTION==>getClass"
2017-10-14 16:36:30"MODULE==>Home;CTRL==>Class;ACTION==>index"
2017-10-14 16:36:30"MODULE==>Home;CTRL==>Class;ACTION==>getClass"
2017-10-14 16:36:33"MODULE==>Home;CTRL==>Class;ACTION==>index"
2017-10-14 16:36:33"MODULE==>Home;CTRL==>Class;ACTION==>getClass"
2017-10-14 16:36:56"MODULE==>Home;CTRL==>Class;ACTION==>index"
2017-10-14 16:36:56"MODULE==>Home;CTRL==>Class;ACTION==>getClass"
2017-10-14 16:36:58"MODULE==>Home;CTRL==>Class;ACTION==>index"
2017-10-14 16:36:58"MODULE==>Home;CTRL==>Class;ACTION==>getClass"
2017-10-14 16:37:45"MODULE==>Home;CTRL==>Class;ACTION==>index"
2017-10-14 16:37:45"MODULE==>Home;CTRL==>Class;ACTION==>getClass"
2017-10-14 16:37:46"MODULE==>Home;CTRL==>Class;ACTION==>add"
2017-10-14 16:39:20"MODULE==>Home;CTRL==>Class;ACTION==>index"
2017-10-14 16:39:20"MODULE==>Home;CTRL==>Class;ACTION==>getClass"
2017-10-14 16:39:22"MODULE==>Home;CTRL==>Class;ACTION==>add"
2017-10-14 16:39:25"MODULE==>Home;CTRL==>Class;ACTION==>index"
2017-10-14 16:39:25"MODULE==>Home;CTRL==>Class;ACTION==>getClass"
2017-10-14 16:40:00"MODULE==>Home;CTRL==>Class;ACTION==>index"
2017-10-14 16:40:00"MODULE==>Home;CTRL==>Class;ACTION==>getClass"
2017-10-14 16:40:03"MODULE==>Home;CTRL==>Class;ACTION==>add"
2017-10-14 16:40:03"MODULE==>Home;CTRL==>Class;ACTION==>getClass"
2017-10-14 16:43:50"MODULE==>Home;CTRL==>Class;ACTION==>index"
2017-10-14 16:43:51"MODULE==>Home;CTRL==>Class;ACTION==>getClass"
2017-10-14 16:43:51"MODULE==>Home;CTRL==>Class;ACTION==>add"
2017-10-14 16:43:52"MODULE==>Home;CTRL==>Class;ACTION==>getClass"
2017-10-14 16:43:55"MODULE==>Home;CTRL==>Class;ACTION==>add"
2017-10-14 16:43:55"MODULE==>Home;CTRL==>Class;ACTION==>getClass"
2017-10-14 16:43:58"MODULE==>Home;CTRL==>Class;ACTION==>add"
2017-10-14 16:43:58"MODULE==>Home;CTRL==>Class;ACTION==>getClass"
2017-10-14 16:44:05"MODULE==>Home;CTRL==>Class;ACTION==>add"
2017-10-14 16:44:05"MODULE==>Home;CTRL==>Class;ACTION==>getClass"
2017-10-14 16:46:06"MODULE==>Home;CTRL==>Class;ACTION==>index"
2017-10-14 16:46:06"MODULE==>Home;CTRL==>Class;ACTION==>getClass"
2017-10-14 16:46:09"MODULE==>Home;CTRL==>Class;ACTION==>index"
2017-10-14 16:46:09"MODULE==>Home;CTRL==>Class;ACTION==>getClass"
2017-10-14 16:46:34"MODULE==>Home;CTRL==>Class;ACTION==>index"
2017-10-14 16:46:34"MODULE==>Home;CTRL==>Class;ACTION==>getClass"
2017-10-14 16:46:35"MODULE==>Home;CTRL==>Class;ACTION==>index"
2017-10-14 16:46:35"MODULE==>Home;CTRL==>Class;ACTION==>getClass"
2017-10-14 16:46:36"MODULE==>Home;CTRL==>Class;ACTION==>index"
2017-10-14 16:46:36"MODULE==>Home;CTRL==>Class;ACTION==>getClass"
2017-10-14 16:48:31"MODULE==>Home;CTRL==>Class;ACTION==>index"
2017-10-14 16:48:31"MODULE==>Home;CTRL==>Class;ACTION==>getClass"
2017-10-14 16:48:39"MODULE==>Home;CTRL==>Class;ACTION==>add"
2017-10-14 16:48:39"MODULE==>Home;CTRL==>Class;ACTION==>getClass"
2017-10-14 16:49:42"MODULE==>Home;CTRL==>Class;ACTION==>index"
2017-10-14 16:49:42"MODULE==>Home;CTRL==>Class;ACTION==>getClass"
2017-10-14 16:49:48"MODULE==>Home;CTRL==>Class;ACTION==>add"
2017-10-14 16:49:48"MODULE==>Home;CTRL==>Class;ACTION==>getClass"
2017-10-14 16:52:09"MODULE==>Home;CTRL==>Class;ACTION==>index"
2017-10-14 16:52:09"MODULE==>Home;CTRL==>Class;ACTION==>getClass"
2017-10-14 16:52:10"MODULE==>Home;CTRL==>Class;ACTION==>index"
2017-10-14 16:52:10"MODULE==>Home;CTRL==>Class;ACTION==>getClass"
2017-10-14 16:52:35"MODULE==>Home;CTRL==>Class;ACTION==>index"
2017-10-14 16:52:35"MODULE==>Home;CTRL==>Class;ACTION==>getClass"
2017-10-14 16:52:55"MODULE==>Home;CTRL==>Class;ACTION==>index"
2017-10-14 16:52:55"MODULE==>Home;CTRL==>Class;ACTION==>getClass"
2017-10-14 16:53:29"MODULE==>Home;CTRL==>Class;ACTION==>index"
2017-10-14 16:53:29"MODULE==>Home;CTRL==>Class;ACTION==>getClass"
2017-10-14 16:53:56"MODULE==>Home;CTRL==>Class;ACTION==>index"
2017-10-14 16:53:56"MODULE==>Home;CTRL==>Class;ACTION==>getClass"
2017-10-14 16:54:04"MODULE==>Home;CTRL==>Class;ACTION==>index"
2017-10-14 16:54:04"MODULE==>Home;CTRL==>Class;ACTION==>getClass"
2017-10-14 16:54:16"MODULE==>Home;CTRL==>Class;ACTION==>index"
2017-10-14 16:54:16"MODULE==>Home;CTRL==>Class;ACTION==>getClass"
2017-10-14 16:54:50"MODULE==>Home;CTRL==>Class;ACTION==>index"
2017-10-14 16:54:50"MODULE==>Home;CTRL==>Class;ACTION==>getClass"
2017-10-14 16:55:37"MODULE==>Home;CTRL==>Class;ACTION==>index"
2017-10-14 16:55:37"MODULE==>Home;CTRL==>Class;ACTION==>getClass"
2017-10-14 16:55:38"MODULE==>Home;CTRL==>Class;ACTION==>index"
2017-10-14 16:55:38"MODULE==>Home;CTRL==>Class;ACTION==>getClass"
2017-10-14 16:56:39"MODULE==>Home;CTRL==>Class;ACTION==>index"
2017-10-14 16:56:39"MODULE==>Home;CTRL==>Class;ACTION==>getClass"
2017-10-14 16:56:43"MODULE==>Home;CTRL==>Class;ACTION==>index"
2017-10-14 16:56:43"MODULE==>Home;CTRL==>Class;ACTION==>getClass"
2017-10-14 16:59:12"MODULE==>Home;CTRL==>Class;ACTION==>index"
2017-10-14 16:59:12"MODULE==>Home;CTRL==>Class;ACTION==>getClass"
2017-10-14 17:15:04"MODULE==>Home;CTRL==>Class;ACTION==>index"
2017-10-14 17:15:04"MODULE==>Home;CTRL==>Class;ACTION==>getClass"
2017-10-14 17:15:38"MODULE==>Home;CTRL==>Class;ACTION==>index"
2017-10-14 17:15:38"MODULE==>Home;CTRL==>Class;ACTION==>getClass"
2017-10-14 17:15:49"MODULE==>Home;CTRL==>Class;ACTION==>index"
2017-10-14 17:15:49"MODULE==>Home;CTRL==>Class;ACTION==>getClass"
2017-10-14 17:16:03"MODULE==>Home;CTRL==>Class;ACTION==>index"
2017-10-14 17:16:04"MODULE==>Home;CTRL==>Class;ACTION==>getClass"
2017-10-14 17:16:58"MODULE==>Home;CTRL==>Class;ACTION==>index"
2017-10-14 17:16:58"MODULE==>Home;CTRL==>Class;ACTION==>getClass"
2017-10-14 17:20:47"MODULE==>Home;CTRL==>Class;ACTION==>index"
2017-10-14 17:20:47"MODULE==>Home;CTRL==>Class;ACTION==>getClass"
2017-10-14 17:20:55"MODULE==>Home;CTRL==>Class;ACTION==>index"
2017-10-14 17:20:55"MODULE==>Home;CTRL==>Class;ACTION==>getClass"
2017-10-14 17:21:08"MODULE==>Home;CTRL==>Class;ACTION==>index"
2017-10-14 17:21:08"MODULE==>Home;CTRL==>Class;ACTION==>getClass"
2017-10-14 17:23:23"MODULE==>Home;CTRL==>Class;ACTION==>index"
2017-10-14 17:23:23"MODULE==>Home;CTRL==>Class;ACTION==>getClass"
2017-10-14 17:23:35"MODULE==>Home;CTRL==>Class;ACTION==>index"
2017-10-14 17:23:35"MODULE==>Home;CTRL==>Class;ACTION==>getClass"
2017-10-14 17:23:42"MODULE==>Home;CTRL==>Class;ACTION==>index"
2017-10-14 17:23:42"MODULE==>Home;CTRL==>Class;ACTION==>getClass"
2017-10-14 21:58:10"MODULE==>Home;CTRL==>Class;ACTION==>index"
2017-10-14 21:58:10"MODULE==>Home;CTRL==>Class;ACTION==>getClass"
2017-10-14 21:58:13"MODULE==>Home;CTRL==>Class;ACTION==>index"
2017-10-14 21:58:13"MODULE==>Home;CTRL==>Class;ACTION==>getClass"
