2017-09-26 00:22:28"MODULE==>Admin;CTRL==>Manual;ACTION==>edit_form"
2017-09-26 00:23:38"MODULE==>Home;CTRL==>Index;ACTION==>get_manual"
2017-09-26 00:24:02"MODULE==>Home;CTRL==>Index;ACTION==>get_manual"
2017-09-26 00:24:05"MODULE==>Home;CTRL==>Index;ACTION==>get_manual"
2017-09-26 00:25:14"MODULE==>Home;CTRL==>Index;ACTION==>get_manual"
2017-09-26 00:25:17"MODULE==>Home;CTRL==>Index;ACTION==>get_manual"
2017-09-26 00:25:17"MODULE==>Home;CTRL==>Index;ACTION==>get_manual"
2017-09-26 00:25:51"MODULE==>Admin;CTRL==>Manual;ACTION==>edit_form"
2017-09-26 00:25:55"MODULE==>Admin;CTRL==>Manual;ACTION==>edit_form"
2017-09-26 00:26:00"MODULE==>Home;CTRL==>Index;ACTION==>get_manual"
2017-09-26 00:26:01"MODULE==>Home;CTRL==>Index;ACTION==>get_manual"
2017-09-26 00:40:47"MODULE==>Home;CTRL==>Index;ACTION==>manual"
2017-09-26 00:40:47"MODULE==>Home;CTRL==>Index;ACTION==>get_manual"
2017-09-26 00:40:47"MODULE==>Home;CTRL==>Index;ACTION==>get_manualList"
2017-09-26 00:40:50"MODULE==>Home;CTRL==>Index;ACTION==>manual"
2017-09-26 00:40:50"MODULE==>Home;CTRL==>Index;ACTION==>get_manual"
2017-09-26 00:40:50"MODULE==>Home;CTRL==>Index;ACTION==>get_manualList"
2017-09-26 00:41:17"MODULE==>Home;CTRL==>Index;ACTION==>manual"
2017-09-26 00:41:17"MODULE==>Home;CTRL==>Index;ACTION==>get_manual"
2017-09-26 00:41:18"MODULE==>Home;CTRL==>Index;ACTION==>get_manualList"
2017-09-26 00:41:30"MODULE==>Home;CTRL==>Index;ACTION==>manual"
2017-09-26 00:41:30"MODULE==>Home;CTRL==>Index;ACTION==>get_manual"
2017-09-26 00:41:30"MODULE==>Home;CTRL==>Index;ACTION==>get_manualList"
2017-09-26 00:42:00"MODULE==>Home;CTRL==>Index;ACTION==>manual"
2017-09-26 00:42:00"MODULE==>Home;CTRL==>Index;ACTION==>get_manual"
2017-09-26 00:42:00"MODULE==>Home;CTRL==>Index;ACTION==>get_manualList"
2017-09-26 00:42:10"MODULE==>Home;CTRL==>Index;ACTION==>manual"
2017-09-26 00:42:11"MODULE==>Home;CTRL==>Index;ACTION==>get_manual"
2017-09-26 00:42:11"MODULE==>Home;CTRL==>Index;ACTION==>get_manualList"
2017-09-26 00:42:27"MODULE==>Home;CTRL==>Index;ACTION==>manual"
2017-09-26 00:42:28"MODULE==>Home;CTRL==>Index;ACTION==>get_manual"
2017-09-26 00:42:28"MODULE==>Home;CTRL==>Index;ACTION==>get_manualList"
2017-09-26 00:42:34"MODULE==>Home;CTRL==>Index;ACTION==>manual"
2017-09-26 00:42:35"MODULE==>Home;CTRL==>Index;ACTION==>get_manual"
2017-09-26 00:42:35"MODULE==>Home;CTRL==>Index;ACTION==>get_manualList"
2017-09-26 00:42:36"MODULE==>Home;CTRL==>Index;ACTION==>manual"
2017-09-26 00:42:36"MODULE==>Home;CTRL==>Index;ACTION==>get_manual"
2017-09-26 00:42:36"MODULE==>Home;CTRL==>Index;ACTION==>get_manualList"
2017-09-26 00:42:39"MODULE==>Home;CTRL==>Index;ACTION==>manual"
2017-09-26 00:42:39"MODULE==>Home;CTRL==>Index;ACTION==>get_manual"
2017-09-26 00:42:39"MODULE==>Home;CTRL==>Index;ACTION==>get_manualList"
2017-09-26 00:42:45"MODULE==>Home;CTRL==>Index;ACTION==>manual"
2017-09-26 00:42:45"MODULE==>Home;CTRL==>Index;ACTION==>get_manual"
2017-09-26 00:42:45"MODULE==>Home;CTRL==>Index;ACTION==>get_manualList"
2017-09-26 00:42:50"MODULE==>Home;CTRL==>Index;ACTION==>manual"
2017-09-26 00:42:51"MODULE==>Home;CTRL==>Index;ACTION==>get_manual"
2017-09-26 00:42:51"MODULE==>Home;CTRL==>Index;ACTION==>get_manualList"
2017-09-26 00:42:51"MODULE==>Home;CTRL==>Index;ACTION==>manual"
2017-09-26 00:42:52"MODULE==>Home;CTRL==>Index;ACTION==>get_manual"
2017-09-26 00:42:52"MODULE==>Home;CTRL==>Index;ACTION==>get_manualList"
2017-09-26 00:42:54"MODULE==>Home;CTRL==>Index;ACTION==>manual"
2017-09-26 00:42:54"MODULE==>Home;CTRL==>Index;ACTION==>get_manual"
2017-09-26 00:42:54"MODULE==>Home;CTRL==>Index;ACTION==>get_manualList"
2017-09-26 00:42:58"MODULE==>Home;CTRL==>Index;ACTION==>get_manual"
2017-09-26 00:42:59"MODULE==>Home;CTRL==>Index;ACTION==>get_manual"
2017-09-26 00:43:00"MODULE==>Home;CTRL==>Index;ACTION==>get_manual"
2017-09-26 00:43:01"MODULE==>Home;CTRL==>Index;ACTION==>get_manual"
2017-09-26 00:43:03"MODULE==>Home;CTRL==>Index;ACTION==>get_manual"
2017-09-26 00:43:04"MODULE==>Home;CTRL==>Index;ACTION==>get_manual"
2017-09-26 00:43:05"MODULE==>Home;CTRL==>Index;ACTION==>get_manual"
2017-09-26 00:43:08"MODULE==>Home;CTRL==>Index;ACTION==>get_manual"
2017-09-26 00:43:15"MODULE==>Home;CTRL==>Index;ACTION==>get_manual"
2017-09-26 00:43:16"MODULE==>Home;CTRL==>Index;ACTION==>get_manual"
2017-09-26 00:43:21"MODULE==>Home;CTRL==>Index;ACTION==>get_manual"
2017-09-26 00:43:22"MODULE==>Home;CTRL==>Index;ACTION==>get_manual"
2017-09-26 00:43:22"MODULE==>Home;CTRL==>Index;ACTION==>get_manual"
2017-09-26 00:43:24"MODULE==>Home;CTRL==>Index;ACTION==>get_manual"
2017-09-26 00:43:26"MODULE==>Home;CTRL==>Index;ACTION==>get_manual"
2017-09-26 00:43:39"MODULE==>Home;CTRL==>Index;ACTION==>get_manual"
2017-09-26 00:43:50"MODULE==>Home;CTRL==>Index;ACTION==>manual"
2017-09-26 00:43:50"MODULE==>Home;CTRL==>Index;ACTION==>get_manual"
2017-09-26 00:43:50"MODULE==>Home;CTRL==>Index;ACTION==>get_manualList"
2017-09-26 00:43:52"MODULE==>Home;CTRL==>Index;ACTION==>get_manual"
2017-09-26 00:43:53"MODULE==>Home;CTRL==>Index;ACTION==>get_manual"
2017-09-26 00:43:54"MODULE==>Home;CTRL==>Index;ACTION==>manual"
2017-09-26 00:43:54"MODULE==>Home;CTRL==>Index;ACTION==>get_manual"
2017-09-26 00:43:54"MODULE==>Home;CTRL==>Index;ACTION==>get_manualList"
2017-09-26 00:43:55"MODULE==>Home;CTRL==>Index;ACTION==>manual"
2017-09-26 00:43:55"MODULE==>Home;CTRL==>Index;ACTION==>get_manual"
2017-09-26 00:43:55"MODULE==>Home;CTRL==>Index;ACTION==>get_manualList"
2017-09-26 00:43:58"MODULE==>Home;CTRL==>Index;ACTION==>manual"
2017-09-26 00:43:58"MODULE==>Home;CTRL==>Index;ACTION==>get_manual"
2017-09-26 00:43:58"MODULE==>Home;CTRL==>Index;ACTION==>get_manualList"
2017-09-26 00:44:01"MODULE==>Home;CTRL==>Index;ACTION==>manual"
2017-09-26 00:44:02"MODULE==>Home;CTRL==>Index;ACTION==>get_manual"
2017-09-26 00:44:02"MODULE==>Home;CTRL==>Index;ACTION==>get_manualList"
2017-09-26 00:44:07"MODULE==>Home;CTRL==>Index;ACTION==>manual"
2017-09-26 00:44:07"MODULE==>Home;CTRL==>Index;ACTION==>get_manual"
2017-09-26 00:44:08"MODULE==>Home;CTRL==>Index;ACTION==>get_manualList"
2017-09-26 00:44:10"MODULE==>Home;CTRL==>Index;ACTION==>get_manual"
2017-09-26 00:44:20"MODULE==>Home;CTRL==>Index;ACTION==>manual"
2017-09-26 00:44:20"MODULE==>Home;CTRL==>Index;ACTION==>get_manual"
2017-09-26 00:44:20"MODULE==>Home;CTRL==>Index;ACTION==>get_manualList"
2017-09-26 00:44:22"MODULE==>Home;CTRL==>Index;ACTION==>get_manual"
2017-09-26 00:44:24"MODULE==>Home;CTRL==>Index;ACTION==>get_manual"
2017-09-26 00:44:25"MODULE==>Home;CTRL==>Index;ACTION==>manual"
2017-09-26 00:44:25"MODULE==>Home;CTRL==>Index;ACTION==>get_manual"
2017-09-26 00:44:26"MODULE==>Home;CTRL==>Index;ACTION==>get_manualList"
2017-09-26 00:44:33"MODULE==>Home;CTRL==>Index;ACTION==>get_manual"
2017-09-26 00:56:57"MODULE==>Home;CTRL==>Index;ACTION==>manual"
2017-09-26 00:56:58"MODULE==>Home;CTRL==>Index;ACTION==>get_manual"
2017-09-26 00:56:58"MODULE==>Home;CTRL==>Index;ACTION==>get_manualList"
2017-09-26 00:57:02"MODULE==>Home;CTRL==>Index;ACTION==>get_manual"
2017-09-26 00:57:03"MODULE==>Home;CTRL==>Index;ACTION==>get_manual"
2017-09-26 00:57:04"MODULE==>Home;CTRL==>Index;ACTION==>get_manual"
2017-09-26 00:57:06"MODULE==>Home;CTRL==>Index;ACTION==>get_manual"
2017-09-26 00:57:10"MODULE==>Home;CTRL==>Index;ACTION==>get_manual"
2017-09-26 00:57:13"MODULE==>Home;CTRL==>Index;ACTION==>get_manual"
2017-09-26 00:57:15"MODULE==>Home;CTRL==>Index;ACTION==>get_manual"
2017-09-26 00:57:17"MODULE==>Home;CTRL==>Index;ACTION==>get_manual"
2017-09-26 00:57:19"MODULE==>Home;CTRL==>Index;ACTION==>get_manual"
2017-09-26 00:57:44"MODULE==>Home;CTRL==>Index;ACTION==>get_manual"
2017-09-26 00:57:46"MODULE==>Home;CTRL==>Index;ACTION==>get_manual"
2017-09-26 00:57:48"MODULE==>Home;CTRL==>Index;ACTION==>get_manual"
2017-09-26 00:58:02"MODULE==>Home;CTRL==>Index;ACTION==>manual"
2017-09-26 00:58:03"MODULE==>Home;CTRL==>Index;ACTION==>get_manual"
2017-09-26 00:58:03"MODULE==>Home;CTRL==>Index;ACTION==>get_manualList"
2017-09-26 00:58:05"MODULE==>Home;CTRL==>Index;ACTION==>get_manual"
2017-09-26 00:58:07"MODULE==>Home;CTRL==>Index;ACTION==>get_manual"
2017-09-26 00:58:08"MODULE==>Home;CTRL==>Index;ACTION==>get_manual"
2017-09-26 00:58:10"MODULE==>Home;CTRL==>Index;ACTION==>get_manual"
2017-09-26 00:58:13"MODULE==>Home;CTRL==>Index;ACTION==>get_manual"
2017-09-26 00:58:14"MODULE==>Home;CTRL==>Index;ACTION==>get_manual"
2017-09-26 00:58:17"MODULE==>Home;CTRL==>Index;ACTION==>get_manual"
2017-09-26 00:58:22"MODULE==>Home;CTRL==>Index;ACTION==>get_manual"
2017-09-26 00:58:44"MODULE==>Home;CTRL==>Index;ACTION==>get_manual"
2017-09-26 00:58:48"MODULE==>Home;CTRL==>Index;ACTION==>get_manual"
2017-09-26 00:58:53"MODULE==>Home;CTRL==>Index;ACTION==>get_manual"
2017-09-26 01:00:02"MODULE==>Home;CTRL==>Index;ACTION==>manual"
2017-09-26 01:00:02"MODULE==>Home;CTRL==>Index;ACTION==>get_manual"
2017-09-26 01:00:04"MODULE==>Home;CTRL==>Index;ACTION==>get_manualList"
2017-09-26 01:00:08"MODULE==>Home;CTRL==>Index;ACTION==>get_manual"
2017-09-26 01:00:12"MODULE==>Home;CTRL==>Index;ACTION==>get_manual"
2017-09-26 01:00:16"MODULE==>Home;CTRL==>Index;ACTION==>get_manual"
2017-09-26 01:00:42"MODULE==>Admin;CTRL==>Manual;ACTION==>edit_form"
2017-09-26 01:02:08"MODULE==>Home;CTRL==>Index;ACTION==>manual"
2017-09-26 01:02:08"MODULE==>Home;CTRL==>Index;ACTION==>get_manual"
2017-09-26 01:02:10"MODULE==>Home;CTRL==>Index;ACTION==>get_manualList"
2017-09-26 01:02:13"MODULE==>Home;CTRL==>Index;ACTION==>get_manual"
2017-09-26 01:02:17"MODULE==>Home;CTRL==>Index;ACTION==>get_manual"
2017-09-26 01:02:30"MODULE==>Home;CTRL==>Index;ACTION==>manual"
2017-09-26 01:02:31"MODULE==>Home;CTRL==>Index;ACTION==>get_manual"
2017-09-26 01:02:33"MODULE==>Home;CTRL==>Index;ACTION==>get_manualList"
2017-09-26 01:02:36"MODULE==>Home;CTRL==>Index;ACTION==>get_manual"
2017-09-26 01:03:07"MODULE==>Home;CTRL==>Index;ACTION==>manual"
2017-09-26 01:03:07"MODULE==>Home;CTRL==>Index;ACTION==>get_manual"
2017-09-26 01:03:09"MODULE==>Home;CTRL==>Index;ACTION==>get_manualList"
2017-09-26 01:03:13"MODULE==>Home;CTRL==>Index;ACTION==>get_manual"
2017-09-26 01:03:40"MODULE==>Home;CTRL==>Index;ACTION==>manual"
2017-09-26 01:03:40"MODULE==>Home;CTRL==>Index;ACTION==>get_manual"
2017-09-26 01:03:42"MODULE==>Home;CTRL==>Index;ACTION==>get_manualList"
2017-09-26 01:03:46"MODULE==>Home;CTRL==>Index;ACTION==>get_manual"
2017-09-26 01:03:49"MODULE==>Home;CTRL==>Index;ACTION==>get_manual"
2017-09-26 01:07:38"MODULE==>Home;CTRL==>Index;ACTION==>manual"
2017-09-26 01:07:38"MODULE==>Home;CTRL==>Index;ACTION==>get_manual"
2017-09-26 01:07:39"MODULE==>Home;CTRL==>Index;ACTION==>get_manualList"
2017-09-26 01:07:40"MODULE==>Home;CTRL==>Index;ACTION==>get_manual"
2017-09-26 01:07:42"MODULE==>Home;CTRL==>Index;ACTION==>get_manual"
2017-09-26 01:07:44"MODULE==>Home;CTRL==>Index;ACTION==>get_manual"
2017-09-26 01:07:47"MODULE==>Home;CTRL==>Index;ACTION==>get_manual"
2017-09-26 01:07:49"MODULE==>Home;CTRL==>Index;ACTION==>get_manual"
2017-09-26 01:08:07"MODULE==>Home;CTRL==>Index;ACTION==>manual"
2017-09-26 01:08:08"MODULE==>Home;CTRL==>Index;ACTION==>get_manual"
2017-09-26 01:08:08"MODULE==>Home;CTRL==>Index;ACTION==>get_manualList"
2017-09-26 01:08:10"MODULE==>Home;CTRL==>Index;ACTION==>get_manual"
2017-09-26 01:08:12"MODULE==>Home;CTRL==>Index;ACTION==>get_manual"
2017-09-26 01:08:14"MODULE==>Home;CTRL==>Index;ACTION==>get_manual"
2017-09-26 01:08:16"MODULE==>Home;CTRL==>Index;ACTION==>get_manual"
2017-09-26 01:08:18"MODULE==>Home;CTRL==>Index;ACTION==>get_manual"
2017-09-26 01:08:26"MODULE==>Home;CTRL==>Index;ACTION==>manual"
2017-09-26 01:08:26"MODULE==>Home;CTRL==>Index;ACTION==>get_manual"
2017-09-26 01:08:27"MODULE==>Home;CTRL==>Index;ACTION==>get_manualList"
2017-09-26 01:08:28"MODULE==>Home;CTRL==>Index;ACTION==>get_manual"
2017-09-26 01:08:43"MODULE==>Home;CTRL==>Index;ACTION==>manual"
2017-09-26 01:08:43"MODULE==>Home;CTRL==>Index;ACTION==>get_manual"
2017-09-26 01:08:44"MODULE==>Home;CTRL==>Index;ACTION==>get_manualList"
2017-09-26 01:08:45"MODULE==>Home;CTRL==>Index;ACTION==>get_manual"
2017-09-26 01:08:47"MODULE==>Home;CTRL==>Index;ACTION==>get_manual"
2017-09-26 01:08:53"MODULE==>Home;CTRL==>Index;ACTION==>get_manual"
2017-09-26 01:08:58"MODULE==>Home;CTRL==>Index;ACTION==>get_manual"
2017-09-26 01:09:02"MODULE==>Home;CTRL==>Index;ACTION==>get_manual"
2017-09-26 01:09:15"MODULE==>Home;CTRL==>Index;ACTION==>manual"
2017-09-26 01:09:15"MODULE==>Home;CTRL==>Index;ACTION==>get_manual"
2017-09-26 01:09:18"MODULE==>Home;CTRL==>Index;ACTION==>get_manualList"
2017-09-26 01:09:21"MODULE==>Home;CTRL==>Index;ACTION==>get_manual"
2017-09-26 01:09:27"MODULE==>Home;CTRL==>Index;ACTION==>get_manual"
2017-09-26 01:09:30"MODULE==>Home;CTRL==>Index;ACTION==>get_manual"
2017-09-26 01:09:39"MODULE==>Home;CTRL==>Index;ACTION==>manual"
2017-09-26 01:09:39"MODULE==>Home;CTRL==>Index;ACTION==>get_manual"
2017-09-26 01:09:41"MODULE==>Home;CTRL==>Index;ACTION==>get_manualList"
2017-09-26 01:09:45"MODULE==>Home;CTRL==>Index;ACTION==>get_manual"
2017-09-26 01:09:48"MODULE==>Home;CTRL==>Index;ACTION==>get_manual"
2017-09-26 01:09:51"MODULE==>Home;CTRL==>Index;ACTION==>get_manual"
2017-09-26 01:09:54"MODULE==>Home;CTRL==>Index;ACTION==>get_manual"
2017-09-26 01:09:58"MODULE==>Home;CTRL==>Index;ACTION==>get_manual"
2017-09-26 01:10:01"MODULE==>Home;CTRL==>Index;ACTION==>get_manual"
2017-09-26 01:10:04"MODULE==>Home;CTRL==>Index;ACTION==>get_manual"
2017-09-26 01:10:08"MODULE==>Home;CTRL==>Index;ACTION==>get_manual"
2017-09-26 01:10:16"MODULE==>Home;CTRL==>Index;ACTION==>manual"
2017-09-26 01:10:16"MODULE==>Home;CTRL==>Index;ACTION==>get_manual"
2017-09-26 01:10:18"MODULE==>Home;CTRL==>Index;ACTION==>get_manualList"
2017-09-26 01:10:22"MODULE==>Home;CTRL==>Index;ACTION==>get_manual"
2017-09-26 01:11:21"MODULE==>Home;CTRL==>Index;ACTION==>get_manual"
2017-09-26 01:11:24"MODULE==>Home;CTRL==>Index;ACTION==>get_manual"
2017-09-26 01:11:29"MODULE==>Home;CTRL==>Index;ACTION==>get_manual"
2017-09-26 01:11:33"MODULE==>Home;CTRL==>Index;ACTION==>manual"
2017-09-26 01:11:33"MODULE==>Home;CTRL==>Index;ACTION==>get_manual"
2017-09-26 01:11:33"MODULE==>Home;CTRL==>Index;ACTION==>get_manualList"
2017-09-26 01:11:35"MODULE==>Home;CTRL==>Index;ACTION==>get_manual"
2017-09-26 01:11:44"MODULE==>Home;CTRL==>Index;ACTION==>manual"
2017-09-26 01:11:44"MODULE==>Home;CTRL==>Index;ACTION==>get_manual"
2017-09-26 01:11:46"MODULE==>Home;CTRL==>Index;ACTION==>get_manualList"
2017-09-26 01:11:49"MODULE==>Home;CTRL==>Index;ACTION==>get_manual"
2017-09-26 01:11:58"MODULE==>Home;CTRL==>Index;ACTION==>manual"
2017-09-26 01:11:58"MODULE==>Home;CTRL==>Index;ACTION==>get_manual"
2017-09-26 01:12:00"MODULE==>Home;CTRL==>Index;ACTION==>get_manualList"
2017-09-26 01:12:03"MODULE==>Home;CTRL==>Index;ACTION==>get_manual"
2017-09-26 01:12:07"MODULE==>Home;CTRL==>Index;ACTION==>get_manual"
2017-09-26 01:12:10"MODULE==>Home;CTRL==>Index;ACTION==>get_manual"
2017-09-26 01:12:13"MODULE==>Home;CTRL==>Index;ACTION==>get_manual"
2017-09-26 01:12:27"MODULE==>Home;CTRL==>Index;ACTION==>manual"
2017-09-26 01:12:27"MODULE==>Home;CTRL==>Index;ACTION==>get_manual"
2017-09-26 01:12:29"MODULE==>Home;CTRL==>Index;ACTION==>get_manualList"
2017-09-26 01:12:33"MODULE==>Home;CTRL==>Index;ACTION==>get_manual"
2017-09-26 01:12:36"MODULE==>Home;CTRL==>Index;ACTION==>get_manual"
2017-09-26 01:12:48"MODULE==>Home;CTRL==>Index;ACTION==>get_manual"
2017-09-26 01:12:49"MODULE==>Home;CTRL==>Index;ACTION==>get_manual"
2017-09-26 01:12:50"MODULE==>Home;CTRL==>Index;ACTION==>get_manual"
2017-09-26 01:12:52"MODULE==>Home;CTRL==>Index;ACTION==>get_manual"
2017-09-26 01:12:52"MODULE==>Home;CTRL==>Index;ACTION==>get_manual"
2017-09-26 01:12:53"MODULE==>Home;CTRL==>Index;ACTION==>get_manual"
2017-09-26 01:12:55"MODULE==>Home;CTRL==>Index;ACTION==>get_manual"
2017-09-26 01:12:59"MODULE==>Home;CTRL==>Index;ACTION==>manual"
2017-09-26 01:12:59"MODULE==>Home;CTRL==>Index;ACTION==>get_manual"
2017-09-26 01:12:59"MODULE==>Home;CTRL==>Index;ACTION==>get_manualList"
2017-09-26 01:13:01"MODULE==>Home;CTRL==>Index;ACTION==>get_manual"
2017-09-26 01:13:02"MODULE==>Home;CTRL==>Index;ACTION==>get_manual"
2017-09-26 01:13:03"MODULE==>Home;CTRL==>Index;ACTION==>get_manual"
2017-09-26 01:13:03"MODULE==>Home;CTRL==>Index;ACTION==>get_manual"
2017-09-26 01:13:05"MODULE==>Home;CTRL==>Index;ACTION==>get_manual"
2017-09-26 01:13:09"MODULE==>Home;CTRL==>Index;ACTION==>manual"
2017-09-26 01:13:09"MODULE==>Home;CTRL==>Index;ACTION==>get_manual"
2017-09-26 01:13:09"MODULE==>Home;CTRL==>Index;ACTION==>get_manualList"
2017-09-26 01:13:12"MODULE==>Home;CTRL==>Index;ACTION==>get_manual"
2017-09-26 01:13:12"MODULE==>Home;CTRL==>Index;ACTION==>get_manual"
2017-09-26 01:13:13"MODULE==>Home;CTRL==>Index;ACTION==>manual"
2017-09-26 01:13:14"MODULE==>Home;CTRL==>Index;ACTION==>get_manual"
2017-09-26 01:13:14"MODULE==>Home;CTRL==>Index;ACTION==>get_manualList"
2017-09-26 01:13:15"MODULE==>Home;CTRL==>Index;ACTION==>get_manual"
2017-09-26 01:13:16"MODULE==>Home;CTRL==>Index;ACTION==>get_manual"
2017-09-26 01:13:49"MODULE==>Home;CTRL==>Index;ACTION==>get_manual"
2017-09-26 01:13:50"MODULE==>Home;CTRL==>Index;ACTION==>get_manual"
2017-09-26 01:13:51"MODULE==>Home;CTRL==>Index;ACTION==>get_manual"
2017-09-26 01:13:52"MODULE==>Home;CTRL==>Index;ACTION==>get_manual"
2017-09-26 01:13:53"MODULE==>Home;CTRL==>Index;ACTION==>get_manual"
2017-09-26 01:13:54"MODULE==>Home;CTRL==>Index;ACTION==>get_manual"
2017-09-26 01:13:56"MODULE==>Home;CTRL==>Index;ACTION==>get_manual"
2017-09-26 01:13:58"MODULE==>Home;CTRL==>Index;ACTION==>get_manual"
2017-09-26 01:14:02"MODULE==>Home;CTRL==>Index;ACTION==>get_manual"
2017-09-26 01:14:03"MODULE==>Home;CTRL==>Index;ACTION==>get_manual"
2017-09-26 01:14:04"MODULE==>Home;CTRL==>Index;ACTION==>get_manual"
2017-09-26 01:14:04"MODULE==>Home;CTRL==>Index;ACTION==>get_manual"
2017-09-26 01:14:19"MODULE==>Home;CTRL==>Index;ACTION==>manual"
2017-09-26 01:14:19"MODULE==>Home;CTRL==>Index;ACTION==>get_manual"
2017-09-26 01:14:19"MODULE==>Home;CTRL==>Index;ACTION==>get_manualList"
2017-09-26 01:14:21"MODULE==>Home;CTRL==>Index;ACTION==>get_manual"
2017-09-26 01:14:22"MODULE==>Home;CTRL==>Index;ACTION==>get_manual"
2017-09-26 01:14:23"MODULE==>Home;CTRL==>Index;ACTION==>manual"
2017-09-26 01:14:23"MODULE==>Home;CTRL==>Index;ACTION==>get_manual"
2017-09-26 01:14:23"MODULE==>Home;CTRL==>Index;ACTION==>get_manualList"
2017-09-26 01:14:27"MODULE==>Home;CTRL==>Index;ACTION==>manual"
2017-09-26 01:14:27"MODULE==>Home;CTRL==>Index;ACTION==>get_manual"
2017-09-26 01:14:27"MODULE==>Home;CTRL==>Index;ACTION==>get_manualList"
2017-09-26 01:14:28"MODULE==>Home;CTRL==>Index;ACTION==>get_manual"
2017-09-26 01:14:29"MODULE==>Home;CTRL==>Index;ACTION==>get_manual"
2017-09-26 01:14:30"MODULE==>Home;CTRL==>Index;ACTION==>get_manual"
2017-09-26 01:14:31"MODULE==>Home;CTRL==>Index;ACTION==>get_manual"
2017-09-26 01:14:37"MODULE==>Home;CTRL==>Index;ACTION==>manual"
2017-09-26 01:14:37"MODULE==>Home;CTRL==>Index;ACTION==>get_manual"
2017-09-26 01:14:37"MODULE==>Home;CTRL==>Index;ACTION==>get_manualList"
2017-09-26 01:14:39"MODULE==>Home;CTRL==>Index;ACTION==>get_manual"
2017-09-26 01:14:46"MODULE==>Home;CTRL==>Index;ACTION==>get_manual"
2017-09-26 01:14:49"MODULE==>Home;CTRL==>Index;ACTION==>get_manual"
2017-09-26 01:14:52"MODULE==>Home;CTRL==>Index;ACTION==>get_manual"
2017-09-26 01:14:56"MODULE==>Home;CTRL==>Index;ACTION==>get_manual"
2017-09-26 01:15:02"MODULE==>Home;CTRL==>Index;ACTION==>get_manual"
2017-09-26 01:15:08"MODULE==>Home;CTRL==>Index;ACTION==>get_manual"
2017-09-26 01:15:19"MODULE==>Home;CTRL==>Index;ACTION==>get_manual"
2017-09-26 01:15:28"MODULE==>Home;CTRL==>Index;ACTION==>get_manual"
2017-09-26 01:15:33"MODULE==>Home;CTRL==>Index;ACTION==>get_manual"
2017-09-26 01:15:40"MODULE==>Home;CTRL==>Index;ACTION==>get_manual"
2017-09-26 01:15:47"MODULE==>Home;CTRL==>Index;ACTION==>get_manual"
2017-09-26 01:15:53"MODULE==>Home;CTRL==>Index;ACTION==>get_manual"
2017-09-26 01:16:00"MODULE==>Home;CTRL==>Index;ACTION==>get_manual"
2017-09-26 01:16:05"MODULE==>Home;CTRL==>Index;ACTION==>get_manual"
2017-09-26 01:16:09"MODULE==>Home;CTRL==>Index;ACTION==>get_manual"
2017-09-26 01:16:17"MODULE==>Home;CTRL==>Index;ACTION==>get_manual"
2017-09-26 01:16:20"MODULE==>Home;CTRL==>Index;ACTION==>get_manual"
2017-09-26 01:16:21"MODULE==>Home;CTRL==>Index;ACTION==>get_manual"
2017-09-26 01:16:24"MODULE==>Home;CTRL==>Index;ACTION==>get_manual"
2017-09-26 01:17:42"MODULE==>Home;CTRL==>Index;ACTION==>get_manual"
2017-09-26 01:17:43"MODULE==>Home;CTRL==>Index;ACTION==>get_manual"
2017-09-26 01:17:46"MODULE==>Home;CTRL==>Index;ACTION==>get_manual"
2017-09-26 01:17:47"MODULE==>Home;CTRL==>Index;ACTION==>get_manual"
2017-09-26 01:17:52"MODULE==>Home;CTRL==>Index;ACTION==>get_manual"
2017-09-26 01:17:56"MODULE==>Home;CTRL==>Index;ACTION==>get_manual"
2017-09-26 01:17:58"MODULE==>Home;CTRL==>Index;ACTION==>get_manual"
2017-09-26 01:17:59"MODULE==>Home;CTRL==>Index;ACTION==>get_manual"
2017-09-26 01:18:02"MODULE==>Home;CTRL==>Index;ACTION==>get_manual"
2017-09-26 01:18:05"MODULE==>Home;CTRL==>Index;ACTION==>get_manual"
2017-09-26 01:19:19"MODULE==>Home;CTRL==>Index;ACTION==>get_manual"
2017-09-26 01:19:40"MODULE==>Home;CTRL==>Index;ACTION==>manual"
2017-09-26 01:19:41"MODULE==>Home;CTRL==>Index;ACTION==>get_manual"
2017-09-26 01:19:41"MODULE==>Home;CTRL==>Index;ACTION==>get_manualList"
2017-09-26 01:19:43"MODULE==>Home;CTRL==>Index;ACTION==>get_manual"
2017-09-26 01:19:45"MODULE==>Home;CTRL==>Index;ACTION==>get_manual"
2017-09-26 01:19:47"MODULE==>Home;CTRL==>Index;ACTION==>get_manual"
2017-09-26 01:19:50"MODULE==>Home;CTRL==>Index;ACTION==>get_manual"
2017-09-26 01:20:20"MODULE==>Home;CTRL==>Index;ACTION==>manual"
2017-09-26 01:20:21"MODULE==>Home;CTRL==>Index;ACTION==>get_manual"
2017-09-26 01:20:21"MODULE==>Home;CTRL==>Index;ACTION==>get_manualList"
2017-09-26 01:20:23"MODULE==>Home;CTRL==>Index;ACTION==>get_manual"
2017-09-26 01:20:32"MODULE==>Home;CTRL==>Index;ACTION==>manual"
2017-09-26 01:20:32"MODULE==>Home;CTRL==>Index;ACTION==>get_manual"
2017-09-26 01:20:33"MODULE==>Home;CTRL==>Index;ACTION==>get_manualList"
2017-09-26 01:20:35"MODULE==>Home;CTRL==>Index;ACTION==>get_manual"
2017-09-26 01:20:40"MODULE==>Home;CTRL==>Index;ACTION==>get_manual"
2017-09-26 01:20:43"MODULE==>Home;CTRL==>Index;ACTION==>get_manual"
2017-09-26 12:03:29"MODULE==>Home;CTRL==>Index;ACTION==>index"
2017-09-26 12:03:33"MODULE==>Home;CTRL==>Index;ACTION==>manual"
2017-09-26 12:03:33"MODULE==>Home;CTRL==>Index;ACTION==>get_manual"
2017-09-26 12:03:33"MODULE==>Home;CTRL==>Index;ACTION==>get_manualList"
2017-09-26 12:03:35"MODULE==>Home;CTRL==>Index;ACTION==>get_manual"
2017-09-26 12:03:36"MODULE==>Home;CTRL==>Index;ACTION==>get_manual"
2017-09-26 12:05:13"MODULE==>Home;CTRL==>Index;ACTION==>manual"
2017-09-26 12:06:00"MODULE==>Home;CTRL==>Index;ACTION==>manual"
2017-09-26 12:07:07"MODULE==>Home;CTRL==>Index;ACTION==>manual"
2017-09-26 12:07:57"MODULE==>Home;CTRL==>Index;ACTION==>manual"
2017-09-26 12:07:58"MODULE==>Home;CTRL==>Index;ACTION==>get_manual"
2017-09-26 12:07:58"MODULE==>Home;CTRL==>Index;ACTION==>get_manualList"
2017-09-26 12:07:59"MODULE==>Home;CTRL==>Index;ACTION==>get_manual"
2017-09-26 12:08:00"MODULE==>Home;CTRL==>Index;ACTION==>get_manual"
2017-09-26 12:09:10"MODULE==>Home;CTRL==>Index;ACTION==>manual"
2017-09-26 12:09:10"MODULE==>Home;CTRL==>Index;ACTION==>get_manual"
2017-09-26 12:09:10"MODULE==>Home;CTRL==>Index;ACTION==>get_manualList"
2017-09-26 12:09:13"MODULE==>Home;CTRL==>Index;ACTION==>get_manual"
2017-09-26 12:09:13"MODULE==>Home;CTRL==>Index;ACTION==>get_manual"
2017-09-26 12:09:24"MODULE==>Home;CTRL==>Index;ACTION==>get_manual"
2017-09-26 12:09:25"MODULE==>Home;CTRL==>Index;ACTION==>get_manual"
2017-09-26 12:09:32"MODULE==>Home;CTRL==>Index;ACTION==>manual"
2017-09-26 12:09:32"MODULE==>Home;CTRL==>Index;ACTION==>get_manual"
2017-09-26 12:09:32"MODULE==>Home;CTRL==>Index;ACTION==>get_manualList"
2017-09-26 12:09:33"MODULE==>Home;CTRL==>Index;ACTION==>get_manual"
2017-09-26 12:09:34"MODULE==>Home;CTRL==>Index;ACTION==>get_manual"
2017-09-26 12:10:03"MODULE==>Home;CTRL==>Index;ACTION==>manual"
2017-09-26 12:10:03"MODULE==>Home;CTRL==>Index;ACTION==>get_manual"
2017-09-26 12:10:03"MODULE==>Home;CTRL==>Index;ACTION==>get_manualList"
2017-09-26 12:10:05"MODULE==>Home;CTRL==>Index;ACTION==>get_manual"
2017-09-26 12:10:05"MODULE==>Home;CTRL==>Index;ACTION==>get_manual"
2017-09-26 12:10:11"MODULE==>Home;CTRL==>Index;ACTION==>manual"
2017-09-26 12:10:25"MODULE==>Home;CTRL==>Index;ACTION==>manual"
2017-09-26 12:10:25"MODULE==>Home;CTRL==>Index;ACTION==>get_manual"
2017-09-26 12:10:25"MODULE==>Home;CTRL==>Index;ACTION==>get_manualList"
2017-09-26 12:10:28"MODULE==>Home;CTRL==>Index;ACTION==>get_manual"
2017-09-26 12:10:31"MODULE==>Home;CTRL==>Index;ACTION==>get_manual"
2017-09-26 12:14:30"MODULE==>Home;CTRL==>Index;ACTION==>manual"
2017-09-26 12:14:31"MODULE==>Home;CTRL==>Index;ACTION==>get_manual"
2017-09-26 12:14:31"MODULE==>Home;CTRL==>Index;ACTION==>get_manualList"
2017-09-26 12:14:32"MODULE==>Home;CTRL==>Index;ACTION==>get_manual"
2017-09-26 12:14:33"MODULE==>Home;CTRL==>Index;ACTION==>get_manual"
2017-09-26 12:14:34"MODULE==>Home;CTRL==>Index;ACTION==>get_manual"
2017-09-26 12:14:35"MODULE==>Home;CTRL==>Index;ACTION==>get_manual"
2017-09-26 12:14:41"MODULE==>Home;CTRL==>Index;ACTION==>manual"
2017-09-26 12:14:42"MODULE==>Home;CTRL==>Index;ACTION==>get_manual"
2017-09-26 12:14:42"MODULE==>Home;CTRL==>Index;ACTION==>get_manualList"
2017-09-26 12:14:43"MODULE==>Home;CTRL==>Index;ACTION==>get_manual"
2017-09-26 12:14:54"MODULE==>Home;CTRL==>Index;ACTION==>manual"
2017-09-26 12:15:11"MODULE==>Home;CTRL==>Index;ACTION==>manual"
2017-09-26 12:15:40"MODULE==>Home;CTRL==>Index;ACTION==>manual"
2017-09-26 12:15:49"MODULE==>Home;CTRL==>Index;ACTION==>manual"
2017-09-26 12:15:59"MODULE==>Home;CTRL==>Index;ACTION==>manual"
2017-09-26 12:15:59"MODULE==>Home;CTRL==>Index;ACTION==>get_manual"
2017-09-26 12:15:59"MODULE==>Home;CTRL==>Index;ACTION==>get_manualList"
2017-09-26 12:17:18"MODULE==>Home;CTRL==>Index;ACTION==>manual"
2017-09-26 12:18:55"MODULE==>Home;CTRL==>Index;ACTION==>manual"
2017-09-26 12:18:56"MODULE==>Home;CTRL==>Index;ACTION==>get_manual"
2017-09-26 12:18:56"MODULE==>Home;CTRL==>Index;ACTION==>get_manualList"
2017-09-26 12:19:23"MODULE==>Home;CTRL==>Index;ACTION==>manual"
2017-09-26 12:19:23"MODULE==>Home;CTRL==>Index;ACTION==>get_manual"
2017-09-26 12:19:23"MODULE==>Home;CTRL==>Index;ACTION==>get_manualList"
2017-09-26 12:19:31"MODULE==>Home;CTRL==>Index;ACTION==>manual"
2017-09-26 12:19:31"MODULE==>Home;CTRL==>Index;ACTION==>get_manual"
2017-09-26 12:19:32"MODULE==>Home;CTRL==>Index;ACTION==>get_manualList"
2017-09-26 12:19:45"MODULE==>Home;CTRL==>Index;ACTION==>manual"
2017-09-26 12:19:45"MODULE==>Home;CTRL==>Index;ACTION==>get_manual"
2017-09-26 12:19:45"MODULE==>Home;CTRL==>Index;ACTION==>get_manualList"
2017-09-26 12:20:02"MODULE==>Home;CTRL==>Index;ACTION==>manual"
2017-09-26 12:20:03"MODULE==>Home;CTRL==>Index;ACTION==>get_manual"
2017-09-26 12:20:03"MODULE==>Home;CTRL==>Index;ACTION==>get_manualList"
2017-09-26 12:20:24"MODULE==>Home;CTRL==>Index;ACTION==>manual"
2017-09-26 12:20:24"MODULE==>Home;CTRL==>Index;ACTION==>get_manual"
2017-09-26 12:20:25"MODULE==>Home;CTRL==>Index;ACTION==>get_manualList"
2017-09-26 12:20:34"MODULE==>Home;CTRL==>Index;ACTION==>manual"
2017-09-26 12:20:34"MODULE==>Home;CTRL==>Index;ACTION==>get_manual"
2017-09-26 12:20:34"MODULE==>Home;CTRL==>Index;ACTION==>get_manualList"
2017-09-26 12:21:37"MODULE==>Home;CTRL==>Index;ACTION==>manual"
2017-09-26 12:21:37"MODULE==>Home;CTRL==>Index;ACTION==>get_manual"
2017-09-26 12:21:37"MODULE==>Home;CTRL==>Index;ACTION==>get_manualList"
2017-09-26 12:21:40"MODULE==>Home;CTRL==>Index;ACTION==>get_manual"
2017-09-26 12:21:48"MODULE==>Home;CTRL==>Index;ACTION==>manual"
2017-09-26 12:21:48"MODULE==>Home;CTRL==>Index;ACTION==>get_manual"
2017-09-26 12:21:48"MODULE==>Home;CTRL==>Index;ACTION==>get_manualList"
2017-09-26 12:21:50"MODULE==>Home;CTRL==>Index;ACTION==>get_manual"
2017-09-26 12:21:56"MODULE==>Home;CTRL==>Index;ACTION==>manual"
2017-09-26 12:21:57"MODULE==>Home;CTRL==>Index;ACTION==>get_manual"
2017-09-26 12:21:57"MODULE==>Home;CTRL==>Index;ACTION==>get_manualList"
2017-09-26 12:21:59"MODULE==>Home;CTRL==>Index;ACTION==>get_manual"
2017-09-26 12:22:02"MODULE==>Home;CTRL==>Index;ACTION==>manual"
2017-09-26 12:22:03"MODULE==>Home;CTRL==>Index;ACTION==>get_manual"
2017-09-26 12:22:03"MODULE==>Home;CTRL==>Index;ACTION==>get_manualList"
2017-09-26 12:22:04"MODULE==>Home;CTRL==>Index;ACTION==>get_manual"
2017-09-26 12:22:06"MODULE==>Home;CTRL==>Index;ACTION==>manual"
2017-09-26 12:22:07"MODULE==>Home;CTRL==>Index;ACTION==>get_manual"
2017-09-26 12:22:07"MODULE==>Home;CTRL==>Index;ACTION==>get_manualList"
2017-09-26 12:28:29"MODULE==>Home;CTRL==>Index;ACTION==>manual"
2017-09-26 12:28:29"MODULE==>Home;CTRL==>Index;ACTION==>get_manual"
2017-09-26 12:28:29"MODULE==>Home;CTRL==>Index;ACTION==>get_manualList"
2017-09-26 12:28:30"MODULE==>Home;CTRL==>Index;ACTION==>get_manual"
2017-09-26 12:28:31"MODULE==>Home;CTRL==>Index;ACTION==>get_manual"
2017-09-26 12:28:32"MODULE==>Home;CTRL==>Index;ACTION==>get_manual"
2017-09-26 12:28:35"MODULE==>Home;CTRL==>Index;ACTION==>get_manual"
2017-09-26 12:28:59"MODULE==>Home;CTRL==>Index;ACTION==>manual"
2017-09-26 12:28:59"MODULE==>Home;CTRL==>Index;ACTION==>get_manual"
2017-09-26 12:28:59"MODULE==>Home;CTRL==>Index;ACTION==>get_manualList"
2017-09-26 12:29:01"MODULE==>Home;CTRL==>Index;ACTION==>get_manual"
2017-09-26 12:29:06"MODULE==>Home;CTRL==>Index;ACTION==>get_manual"
2017-09-26 12:29:11"MODULE==>Home;CTRL==>Index;ACTION==>get_manual"
2017-09-26 12:30:15"MODULE==>Home;CTRL==>Index;ACTION==>manual"
2017-09-26 12:30:15"MODULE==>Home;CTRL==>Index;ACTION==>get_manual"
2017-09-26 12:30:15"MODULE==>Home;CTRL==>Index;ACTION==>get_manualList"
2017-09-26 12:30:17"MODULE==>Home;CTRL==>Index;ACTION==>get_manual"
2017-09-26 12:30:49"MODULE==>Home;CTRL==>Index;ACTION==>get_manual"
2017-09-26 12:30:50"MODULE==>Home;CTRL==>Index;ACTION==>get_manual"
2017-09-26 12:40:09"MODULE==>Home;CTRL==>Index;ACTION==>get_manual"
2017-09-26 12:40:10"MODULE==>Home;CTRL==>Index;ACTION==>get_manual"
2017-09-26 12:40:15"MODULE==>Home;CTRL==>Index;ACTION==>get_manual"
2017-09-26 12:40:17"MODULE==>Home;CTRL==>Index;ACTION==>manual"
2017-09-26 12:40:17"MODULE==>Home;CTRL==>Index;ACTION==>get_manual"
2017-09-26 12:40:17"MODULE==>Home;CTRL==>Index;ACTION==>get_manualList"
2017-09-26 12:40:19"MODULE==>Home;CTRL==>Index;ACTION==>get_manual"
2017-09-26 12:40:20"MODULE==>Home;CTRL==>Index;ACTION==>get_manual"
2017-09-26 12:40:56"MODULE==>Home;CTRL==>Index;ACTION==>get_manual"
2017-09-26 12:41:02"MODULE==>Home;CTRL==>Index;ACTION==>get_manual"
2017-09-26 12:41:09"MODULE==>Home;CTRL==>Index;ACTION==>get_manual"
2017-09-26 12:41:46"MODULE==>Home;CTRL==>Index;ACTION==>manual"
2017-09-26 12:41:46"MODULE==>Home;CTRL==>Index;ACTION==>get_manual"
2017-09-26 12:41:46"MODULE==>Home;CTRL==>Index;ACTION==>get_manualList"
2017-09-26 12:41:47"MODULE==>Home;CTRL==>Index;ACTION==>get_manual"
2017-09-26 12:42:29"MODULE==>Home;CTRL==>Index;ACTION==>manual"
2017-09-26 12:42:29"MODULE==>Home;CTRL==>Index;ACTION==>get_manual"
2017-09-26 12:42:29"MODULE==>Home;CTRL==>Index;ACTION==>get_manualList"
2017-09-26 12:42:34"MODULE==>Home;CTRL==>Index;ACTION==>manual"
2017-09-26 12:42:34"MODULE==>Home;CTRL==>Index;ACTION==>get_manual"
2017-09-26 12:42:34"MODULE==>Home;CTRL==>Index;ACTION==>get_manualList"
2017-09-26 12:42:57"MODULE==>Home;CTRL==>Index;ACTION==>get_manual"
2017-09-26 12:43:03"MODULE==>Home;CTRL==>Index;ACTION==>get_manual"
2017-09-26 12:44:13"MODULE==>Home;CTRL==>Index;ACTION==>manual"
2017-09-26 12:44:13"MODULE==>Home;CTRL==>Index;ACTION==>get_manual"
2017-09-26 12:44:13"MODULE==>Home;CTRL==>Index;ACTION==>get_manualList"
2017-09-26 12:44:15"MODULE==>Home;CTRL==>Index;ACTION==>get_manual"
2017-09-26 12:49:33"MODULE==>Home;CTRL==>Index;ACTION==>get_manual"
2017-09-26 12:49:34"MODULE==>Home;CTRL==>Index;ACTION==>get_manual"
2017-09-26 12:49:35"MODULE==>Home;CTRL==>Index;ACTION==>get_manual"
2017-09-26 12:49:47"MODULE==>Home;CTRL==>Index;ACTION==>manual"
2017-09-26 12:49:47"MODULE==>Home;CTRL==>Index;ACTION==>get_manual"
2017-09-26 12:49:47"MODULE==>Home;CTRL==>Index;ACTION==>get_manualList"
2017-09-26 12:49:49"MODULE==>Home;CTRL==>Index;ACTION==>get_manual"
2017-09-26 12:49:51"MODULE==>Home;CTRL==>Index;ACTION==>get_manual"
2017-09-26 12:49:55"MODULE==>Home;CTRL==>Index;ACTION==>get_manual"
2017-09-26 12:49:59"MODULE==>Home;CTRL==>Index;ACTION==>manual"
2017-09-26 12:49:59"MODULE==>Home;CTRL==>Index;ACTION==>get_manual"
2017-09-26 12:49:59"MODULE==>Home;CTRL==>Index;ACTION==>get_manualList"
2017-09-26 12:50:01"MODULE==>Home;CTRL==>Index;ACTION==>get_manual"
2017-09-26 12:52:33"MODULE==>Home;CTRL==>Index;ACTION==>manual"
2017-09-26 12:52:33"MODULE==>Home;CTRL==>Index;ACTION==>get_manual"
2017-09-26 12:52:33"MODULE==>Home;CTRL==>Index;ACTION==>get_manualList"
2017-09-26 12:52:34"MODULE==>Home;CTRL==>Index;ACTION==>get_manual"
2017-09-26 12:52:36"MODULE==>Home;CTRL==>Index;ACTION==>manual"
2017-09-26 12:52:36"MODULE==>Home;CTRL==>Index;ACTION==>get_manual"
2017-09-26 12:52:36"MODULE==>Home;CTRL==>Index;ACTION==>get_manualList"
2017-09-26 12:52:38"MODULE==>Home;CTRL==>Index;ACTION==>get_manual"
2017-09-26 12:52:41"MODULE==>Home;CTRL==>Index;ACTION==>manual"
2017-09-26 12:52:41"MODULE==>Home;CTRL==>Index;ACTION==>get_manual"
2017-09-26 12:52:41"MODULE==>Home;CTRL==>Index;ACTION==>get_manualList"
2017-09-26 12:52:48"MODULE==>Home;CTRL==>Index;ACTION==>manual"
2017-09-26 12:52:48"MODULE==>Home;CTRL==>Index;ACTION==>get_manual"
2017-09-26 12:52:48"MODULE==>Home;CTRL==>Index;ACTION==>get_manualList"
2017-09-26 12:52:49"MODULE==>Home;CTRL==>Index;ACTION==>get_manual"
2017-09-26 12:52:50"MODULE==>Home;CTRL==>Index;ACTION==>get_manual"
2017-09-26 12:53:18"MODULE==>Home;CTRL==>Index;ACTION==>manual"
2017-09-26 12:53:19"MODULE==>Home;CTRL==>Index;ACTION==>get_manual"
2017-09-26 12:53:19"MODULE==>Home;CTRL==>Index;ACTION==>get_manualList"
2017-09-26 12:53:20"MODULE==>Home;CTRL==>Index;ACTION==>get_manual"
2017-09-26 12:53:21"MODULE==>Home;CTRL==>Index;ACTION==>get_manual"
2017-09-26 12:54:31"MODULE==>Home;CTRL==>Index;ACTION==>manual"
2017-09-26 12:54:31"MODULE==>Home;CTRL==>Index;ACTION==>get_manual"
2017-09-26 12:54:31"MODULE==>Home;CTRL==>Index;ACTION==>get_manualList"
2017-09-26 12:54:32"MODULE==>Home;CTRL==>Index;ACTION==>get_manual"
2017-09-26 12:54:33"MODULE==>Home;CTRL==>Index;ACTION==>get_manual"
2017-09-26 12:54:34"MODULE==>Home;CTRL==>Index;ACTION==>get_manual"
2017-09-26 12:54:43"MODULE==>Home;CTRL==>Index;ACTION==>get_manual"
2017-09-26 12:56:31"MODULE==>Home;CTRL==>Index;ACTION==>manual"
2017-09-26 12:56:32"MODULE==>Home;CTRL==>Index;ACTION==>get_manual"
2017-09-26 12:56:32"MODULE==>Home;CTRL==>Index;ACTION==>get_manualList"
2017-09-26 12:56:35"MODULE==>Home;CTRL==>Index;ACTION==>get_manual"
2017-09-26 12:56:36"MODULE==>Home;CTRL==>Index;ACTION==>get_manual"
2017-09-26 12:57:49"MODULE==>Home;CTRL==>Index;ACTION==>manual"
2017-09-26 12:57:49"MODULE==>Home;CTRL==>Index;ACTION==>get_manual"
2017-09-26 12:57:49"MODULE==>Home;CTRL==>Index;ACTION==>get_manualList"
2017-09-26 12:57:51"MODULE==>Home;CTRL==>Index;ACTION==>get_manual"
2017-09-26 12:58:16"MODULE==>Home;CTRL==>Index;ACTION==>manual"
2017-09-26 12:58:16"MODULE==>Home;CTRL==>Index;ACTION==>get_manual"
2017-09-26 12:58:16"MODULE==>Home;CTRL==>Index;ACTION==>get_manualList"
2017-09-26 12:58:18"MODULE==>Home;CTRL==>Index;ACTION==>get_manual"
2017-09-26 12:58:19"MODULE==>Home;CTRL==>Index;ACTION==>get_manual"
2017-09-26 12:58:40"MODULE==>Home;CTRL==>Index;ACTION==>manual"
2017-09-26 12:58:40"MODULE==>Home;CTRL==>Index;ACTION==>get_manual"
2017-09-26 12:58:40"MODULE==>Home;CTRL==>Index;ACTION==>get_manualList"
2017-09-26 12:58:43"MODULE==>Home;CTRL==>Index;ACTION==>get_manual"
2017-09-26 12:58:44"MODULE==>Home;CTRL==>Index;ACTION==>get_manual"
2017-09-26 12:58:45"MODULE==>Home;CTRL==>Index;ACTION==>get_manual"
2017-09-26 12:58:46"MODULE==>Home;CTRL==>Index;ACTION==>get_manual"
2017-09-26 12:58:47"MODULE==>Home;CTRL==>Index;ACTION==>get_manual"
2017-09-26 12:58:55"MODULE==>Home;CTRL==>Index;ACTION==>get_manual"
2017-09-26 12:58:59"MODULE==>Home;CTRL==>Index;ACTION==>get_manual"
2017-09-26 12:59:05"MODULE==>Home;CTRL==>Index;ACTION==>get_manual"
2017-09-26 12:59:06"MODULE==>Home;CTRL==>Index;ACTION==>get_manual"
2017-09-26 12:59:07"MODULE==>Home;CTRL==>Index;ACTION==>get_manual"
2017-09-26 12:59:22"MODULE==>Home;CTRL==>Index;ACTION==>manual"
2017-09-26 12:59:22"MODULE==>Home;CTRL==>Index;ACTION==>get_manual"
2017-09-26 12:59:23"MODULE==>Home;CTRL==>Index;ACTION==>get_manualList"
2017-09-26 12:59:24"MODULE==>Home;CTRL==>Index;ACTION==>get_manual"
2017-09-26 12:59:25"MODULE==>Home;CTRL==>Index;ACTION==>get_manual"
2017-09-26 12:59:26"MODULE==>Home;CTRL==>Index;ACTION==>get_manual"
2017-09-26 12:59:26"MODULE==>Home;CTRL==>Index;ACTION==>get_manual"
2017-09-26 12:59:36"MODULE==>Home;CTRL==>Index;ACTION==>get_manual"
2017-09-26 12:59:39"MODULE==>Home;CTRL==>Index;ACTION==>get_manual"
2017-09-26 12:59:42"MODULE==>Home;CTRL==>Index;ACTION==>get_manual"
2017-09-26 12:59:47"MODULE==>Home;CTRL==>Index;ACTION==>get_manual"
2017-09-26 12:59:50"MODULE==>Home;CTRL==>Index;ACTION==>get_manual"
2017-09-26 13:00:09"MODULE==>Home;CTRL==>Index;ACTION==>get_manual"
2017-09-26 13:00:14"MODULE==>Home;CTRL==>Index;ACTION==>get_manual"
2017-09-26 13:00:21"MODULE==>Home;CTRL==>Index;ACTION==>manual"
2017-09-26 13:00:22"MODULE==>Home;CTRL==>Index;ACTION==>get_manual"
2017-09-26 13:00:24"MODULE==>Home;CTRL==>Index;ACTION==>get_manualList"
2017-09-26 13:00:27"MODULE==>Home;CTRL==>Index;ACTION==>get_manual"
2017-09-26 13:00:31"MODULE==>Home;CTRL==>Index;ACTION==>get_manual"
2017-09-26 13:00:43"MODULE==>Home;CTRL==>Index;ACTION==>manual"
2017-09-26 13:00:43"MODULE==>Home;CTRL==>Index;ACTION==>get_manual"
2017-09-26 13:00:45"MODULE==>Home;CTRL==>Index;ACTION==>get_manualList"
2017-09-26 13:00:55"MODULE==>Home;CTRL==>Index;ACTION==>get_manual"
2017-09-26 13:00:58"MODULE==>Home;CTRL==>Index;ACTION==>get_manual"
2017-09-26 13:01:33"MODULE==>Home;CTRL==>Index;ACTION==>manual"
2017-09-26 13:01:34"MODULE==>Home;CTRL==>Index;ACTION==>get_manual"
2017-09-26 13:01:36"MODULE==>Home;CTRL==>Index;ACTION==>get_manualList"
2017-09-26 13:01:38"MODULE==>Home;CTRL==>Index;ACTION==>get_manual"
2017-09-26 13:01:41"MODULE==>Home;CTRL==>Index;ACTION==>get_manual"
2017-09-26 13:01:47"MODULE==>Home;CTRL==>Index;ACTION==>manual"
2017-09-26 13:01:48"MODULE==>Home;CTRL==>Index;ACTION==>get_manual"
2017-09-26 13:01:49"MODULE==>Home;CTRL==>Index;ACTION==>get_manualList"
2017-09-26 13:01:52"MODULE==>Home;CTRL==>Index;ACTION==>get_manual"
2017-09-26 13:01:53"MODULE==>Home;CTRL==>Index;ACTION==>manual"
2017-09-26 13:01:54"MODULE==>Home;CTRL==>Index;ACTION==>get_manual"
2017-09-26 13:01:56"MODULE==>Home;CTRL==>Index;ACTION==>get_manualList"
2017-09-26 13:01:59"MODULE==>Home;CTRL==>Index;ACTION==>get_manual"
2017-09-26 13:02:06"MODULE==>Home;CTRL==>Index;ACTION==>manual"
2017-09-26 13:02:06"MODULE==>Home;CTRL==>Index;ACTION==>get_manual"
2017-09-26 13:02:07"MODULE==>Home;CTRL==>Index;ACTION==>get_manualList"
2017-09-26 13:02:08"MODULE==>Home;CTRL==>Index;ACTION==>manual"
2017-09-26 13:02:08"MODULE==>Home;CTRL==>Index;ACTION==>get_manual"
2017-09-26 13:02:08"MODULE==>Home;CTRL==>Index;ACTION==>get_manualList"
2017-09-26 13:02:09"MODULE==>Home;CTRL==>Index;ACTION==>get_manual"
2017-09-26 13:02:13"MODULE==>Home;CTRL==>Index;ACTION==>get_manual"
2017-09-26 13:02:16"MODULE==>Home;CTRL==>Index;ACTION==>get_manual"
2017-09-26 13:02:20"MODULE==>Home;CTRL==>Index;ACTION==>get_manual"
2017-09-26 13:05:53"MODULE==>Home;CTRL==>Index;ACTION==>get_manual"
2017-09-26 13:06:13"MODULE==>Home;CTRL==>Index;ACTION==>manual"
2017-09-26 13:06:13"MODULE==>Home;CTRL==>Index;ACTION==>get_manual"
2017-09-26 13:06:13"MODULE==>Home;CTRL==>Index;ACTION==>get_manualList"
2017-09-26 13:06:15"MODULE==>Home;CTRL==>Index;ACTION==>get_manual"
2017-09-26 13:06:20"MODULE==>Home;CTRL==>Index;ACTION==>get_manual"
2017-09-26 13:06:36"MODULE==>Home;CTRL==>Index;ACTION==>get_manual"
2017-09-26 13:06:37"MODULE==>Home;CTRL==>Index;ACTION==>get_manual"
2017-09-26 13:06:37"MODULE==>Home;CTRL==>Index;ACTION==>get_manual"
2017-09-26 13:06:38"MODULE==>Home;CTRL==>Index;ACTION==>get_manual"
2017-09-26 13:06:39"MODULE==>Home;CTRL==>Index;ACTION==>get_manual"
2017-09-26 13:06:40"MODULE==>Home;CTRL==>Index;ACTION==>get_manual"
2017-09-26 13:09:40"MODULE==>Home;CTRL==>Index;ACTION==>get_manual"
2017-09-26 13:09:44"MODULE==>Home;CTRL==>Index;ACTION==>get_manual"
2017-09-26 13:09:47"MODULE==>Home;CTRL==>Index;ACTION==>get_manual"
2017-09-26 13:09:49"MODULE==>Home;CTRL==>Index;ACTION==>get_manual"
2017-09-26 13:09:50"MODULE==>Home;CTRL==>Index;ACTION==>get_manual"
2017-09-26 13:09:53"MODULE==>Home;CTRL==>Index;ACTION==>get_manual"
2017-09-26 13:09:55"MODULE==>Home;CTRL==>Index;ACTION==>get_manual"
2017-09-26 13:09:57"MODULE==>Home;CTRL==>Index;ACTION==>get_manual"
2017-09-26 13:09:58"MODULE==>Home;CTRL==>Index;ACTION==>get_manual"
2017-09-26 13:09:59"MODULE==>Home;CTRL==>Index;ACTION==>get_manual"
2017-09-26 13:10:00"MODULE==>Home;CTRL==>Index;ACTION==>get_manual"
2017-09-26 13:10:01"MODULE==>Home;CTRL==>Index;ACTION==>get_manual"
2017-09-26 13:10:02"MODULE==>Home;CTRL==>Index;ACTION==>get_manual"
2017-09-26 13:10:05"MODULE==>Home;CTRL==>Index;ACTION==>get_manual"
2017-09-26 13:10:13"MODULE==>Home;CTRL==>Index;ACTION==>get_manual"
2017-09-26 13:11:55"MODULE==>Home;CTRL==>Index;ACTION==>index"
2017-09-26 13:11:58"MODULE==>Admin;CTRL==>Index;ACTION==>index"
2017-09-26 13:11:58"MODULE==>Admin;CTRL==>Index;ACTION==>main"
2017-09-26 13:12:01"MODULE==>Admin;CTRL==>Manual;ACTION==>index"
2017-09-26 13:12:01"MODULE==>Admin;CTRL==>Manual;ACTION==>datas"
2017-09-26 13:12:04"MODULE==>Admin;CTRL==>Manual;ACTION==>edit_form"
2017-09-26 13:27:45"MODULE==>Admin;CTRL==>Manual;ACTION==>edit"
2017-09-26 13:27:45"MODULE==>Admin;CTRL==>Manual;ACTION==>index"
2017-09-26 13:27:45"MODULE==>Admin;CTRL==>Manual;ACTION==>datas"
2017-09-26 13:27:48"MODULE==>Admin;CTRL==>Manual;ACTION==>edit_form"
2017-09-26 13:27:50"MODULE==>Home;CTRL==>Index;ACTION==>manual"
2017-09-26 13:27:51"MODULE==>Home;CTRL==>Index;ACTION==>get_manual"
2017-09-26 13:27:51"MODULE==>Home;CTRL==>Index;ACTION==>get_manualList"
2017-09-26 13:27:52"MODULE==>Home;CTRL==>Index;ACTION==>get_manual"
2017-09-26 13:29:14"MODULE==>Admin;CTRL==>Manual;ACTION==>edit_form"
2017-09-26 13:31:27"MODULE==>Admin;CTRL==>Manual;ACTION==>edit"
2017-09-26 13:31:27"MODULE==>Admin;CTRL==>Manual;ACTION==>index"
2017-09-26 13:31:27"MODULE==>Admin;CTRL==>Manual;ACTION==>datas"
2017-09-26 13:31:31"MODULE==>Home;CTRL==>Index;ACTION==>get_manual"
2017-09-26 13:31:32"MODULE==>Home;CTRL==>Index;ACTION==>get_manual"
2017-09-26 13:31:49"MODULE==>Admin;CTRL==>Manual;ACTION==>edit_form"
2017-09-26 13:36:37"MODULE==>Home;CTRL==>Index;ACTION==>mvc"
2017-09-26 13:41:10"MODULE==>Admin;CTRL==>Manual;ACTION==>edit"
2017-09-26 13:41:10"MODULE==>Admin;CTRL==>Manual;ACTION==>index"
2017-09-26 13:41:10"MODULE==>Admin;CTRL==>Manual;ACTION==>datas"
2017-09-26 13:41:12"MODULE==>Home;CTRL==>Index;ACTION==>get_manual"
2017-09-26 13:41:13"MODULE==>Home;CTRL==>Index;ACTION==>get_manual"
2017-09-26 13:42:30"MODULE==>Home;CTRL==>Index;ACTION==>mvc"
2017-09-26 13:43:11"MODULE==>Admin;CTRL==>Manual;ACTION==>edit_form"
2017-09-26 13:43:15"MODULE==>Admin;CTRL==>Manual;ACTION==>edit"
2017-09-26 13:43:15"MODULE==>Admin;CTRL==>Manual;ACTION==>index"
2017-09-26 13:43:16"MODULE==>Admin;CTRL==>Manual;ACTION==>datas"
2017-09-26 13:43:18"MODULE==>Home;CTRL==>Index;ACTION==>get_manual"
2017-09-26 13:43:18"MODULE==>Home;CTRL==>Index;ACTION==>get_manual"
2017-09-26 13:43:38"MODULE==>Home;CTRL==>Index;ACTION==>mvc"
2017-09-26 13:46:27"MODULE==>Home;CTRL==>Index;ACTION==>mvc"
2017-09-26 13:46:33"MODULE==>Home;CTRL==>Index;ACTION==>mvc"
2017-09-26 13:46:36"MODULE==>Home;CTRL==>Index;ACTION==>mvc"
2017-09-26 13:46:51"MODULE==>Home;CTRL==>Index;ACTION==>mvc"
2017-09-26 13:46:57"MODULE==>Home;CTRL==>Index;ACTION==>mvc"
2017-09-26 13:47:01"MODULE==>Home;CTRL==>Index;ACTION==>mvc"
2017-09-26 13:47:05"MODULE==>Home;CTRL==>Index;ACTION==>mvc"
2017-09-26 13:48:27"MODULE==>Home;CTRL==>Index;ACTION==>mvc"
2017-09-26 13:49:09"MODULE==>Admin;CTRL==>Manual;ACTION==>edit_form"
2017-09-26 13:49:24"MODULE==>Admin;CTRL==>Manual;ACTION==>edit"
2017-09-26 13:49:24"MODULE==>Admin;CTRL==>Manual;ACTION==>index"
2017-09-26 13:49:24"MODULE==>Admin;CTRL==>Manual;ACTION==>datas"
2017-09-26 13:49:27"MODULE==>Home;CTRL==>Index;ACTION==>get_manual"
2017-09-26 13:49:27"MODULE==>Home;CTRL==>Index;ACTION==>get_manual"
2017-09-26 13:49:41"MODULE==>Admin;CTRL==>Manual;ACTION==>edit_form"
2017-09-26 13:49:51"MODULE==>Admin;CTRL==>Manual;ACTION==>edit"
2017-09-26 13:49:51"MODULE==>Admin;CTRL==>Manual;ACTION==>index"
2017-09-26 13:49:51"MODULE==>Admin;CTRL==>Manual;ACTION==>datas"
2017-09-26 13:49:53"MODULE==>Home;CTRL==>Index;ACTION==>get_manual"
2017-09-26 13:49:54"MODULE==>Home;CTRL==>Index;ACTION==>get_manual"
2017-09-26 13:50:41"MODULE==>Home;CTRL==>Index;ACTION==>get_manual"
2017-09-26 13:50:43"MODULE==>Home;CTRL==>Index;ACTION==>get_manual"
2017-09-26 13:50:53"MODULE==>Admin;CTRL==>Manual;ACTION==>edit_form"
2017-09-26 13:51:26"MODULE==>Admin;CTRL==>Manual;ACTION==>edit"
2017-09-26 13:51:27"MODULE==>Admin;CTRL==>Manual;ACTION==>index"
2017-09-26 13:51:27"MODULE==>Admin;CTRL==>Manual;ACTION==>datas"
2017-09-26 13:51:30"MODULE==>Home;CTRL==>Index;ACTION==>get_manual"
2017-09-26 13:51:30"MODULE==>Home;CTRL==>Index;ACTION==>get_manual"
2017-09-26 13:51:36"MODULE==>Home;CTRL==>Index;ACTION==>get_manual"
2017-09-26 13:51:37"MODULE==>Home;CTRL==>Index;ACTION==>get_manual"
2017-09-26 13:51:38"MODULE==>Home;CTRL==>Index;ACTION==>get_manual"
2017-09-26 13:56:39"MODULE==>Home;CTRL==>Index;ACTION==>get_manual"
2017-09-26 13:56:40"MODULE==>Home;CTRL==>Index;ACTION==>get_manual"
2017-09-26 13:56:41"MODULE==>Home;CTRL==>Index;ACTION==>get_manual"
2017-09-26 13:56:45"MODULE==>Home;CTRL==>Index;ACTION==>get_manual"
2017-09-26 13:56:46"MODULE==>Home;CTRL==>Index;ACTION==>get_manual"
2017-09-26 13:56:49"MODULE==>Home;CTRL==>Index;ACTION==>get_manual"
2017-09-26 13:56:53"MODULE==>Home;CTRL==>Index;ACTION==>get_manual"
2017-09-26 13:56:54"MODULE==>Home;CTRL==>Index;ACTION==>get_manual"
2017-09-26 13:56:55"MODULE==>Home;CTRL==>Index;ACTION==>get_manual"
2017-09-26 13:56:56"MODULE==>Home;CTRL==>Index;ACTION==>get_manual"
2017-09-26 13:56:59"MODULE==>Home;CTRL==>Index;ACTION==>get_manual"
2017-09-26 13:57:07"MODULE==>Home;CTRL==>Index;ACTION==>get_manual"
2017-09-26 13:58:41"MODULE==>Admin;CTRL==>Manual;ACTION==>add_form"
2017-09-26 13:58:51"MODULE==>Admin;CTRL==>Manual;ACTION==>add"
2017-09-26 13:58:51"MODULE==>Admin;CTRL==>Manual;ACTION==>index"
2017-09-26 13:58:51"MODULE==>Admin;CTRL==>Manual;ACTION==>datas"
2017-09-26 13:58:52"MODULE==>Admin;CTRL==>Manual;ACTION==>datas"
2017-09-26 13:58:54"MODULE==>Admin;CTRL==>Manual;ACTION==>datas"
2017-09-26 13:58:55"MODULE==>Admin;CTRL==>Manual;ACTION==>datas"
2017-09-26 13:58:57"MODULE==>Admin;CTRL==>Manual;ACTION==>datas"
2017-09-26 13:58:58"MODULE==>Admin;CTRL==>Manual;ACTION==>datas"
2017-09-26 13:59:13"MODULE==>Admin;CTRL==>Manual;ACTION==>edit_form"
2017-09-26 13:59:14"MODULE==>Admin;CTRL==>Manual;ACTION==>edit"
2017-09-26 13:59:14"MODULE==>Admin;CTRL==>Manual;ACTION==>index"
2017-09-26 13:59:14"MODULE==>Admin;CTRL==>Manual;ACTION==>datas"
2017-09-26 13:59:16"MODULE==>Admin;CTRL==>Manual;ACTION==>datas"
2017-09-26 13:59:28"MODULE==>Admin;CTRL==>Manual;ACTION==>datas"
2017-09-26 13:59:31"MODULE==>Admin;CTRL==>Manual;ACTION==>datas"
2017-09-26 13:59:34"MODULE==>Admin;CTRL==>Manual;ACTION==>edit_form"
2017-09-26 13:59:37"MODULE==>Admin;CTRL==>Manual;ACTION==>datas"
2017-09-26 13:59:39"MODULE==>Admin;CTRL==>Manual;ACTION==>datas"
2017-09-26 13:59:51"MODULE==>Admin;CTRL==>Manual;ACTION==>edit_form"
2017-09-26 14:19:05"MODULE==>Home;CTRL==>Index;ACTION==>test"
2017-09-26 14:19:25"MODULE==>Home;CTRL==>Index;ACTION==>test"
2017-09-26 14:19:34"MODULE==>Home;CTRL==>Index;ACTION==>test"
2017-09-26 14:19:45"MODULE==>Home;CTRL==>Index;ACTION==>test"
2017-09-26 14:22:34"MODULE==>Home;CTRL==>Index;ACTION==>test"
2017-09-26 14:22:57"MODULE==>Home;CTRL==>Index;ACTION==>test"
2017-09-26 14:24:10"MODULE==>Home;CTRL==>Index;ACTION==>test"
2017-09-26 14:24:36"MODULE==>Home;CTRL==>Index;ACTION==>test"
2017-09-26 14:24:49"MODULE==>Home;CTRL==>Index;ACTION==>test"
2017-09-26 14:24:54"MODULE==>Home;CTRL==>Index;ACTION==>test"
2017-09-26 14:26:08"MODULE==>Home;CTRL==>Index;ACTION==>test"
2017-09-26 14:26:18"MODULE==>Home;CTRL==>Index;ACTION==>test"
2017-09-26 14:26:29"MODULE==>Home;CTRL==>Index;ACTION==>test"
2017-09-26 14:27:25"MODULE==>Home;CTRL==>Index;ACTION==>test"
2017-09-26 15:24:16"MODULE==>Home;CTRL==>Index;ACTION==>manual"
2017-09-26 15:24:16"MODULE==>Home;CTRL==>Index;ACTION==>get_manual"
2017-09-26 15:24:16"MODULE==>Home;CTRL==>Index;ACTION==>get_manualList"
2017-09-26 15:24:18"MODULE==>Home;CTRL==>Index;ACTION==>get_manual"
2017-09-26 15:24:19"MODULE==>Home;CTRL==>Index;ACTION==>get_manual"
2017-09-26 15:24:20"MODULE==>Home;CTRL==>Index;ACTION==>get_manual"
2017-09-26 15:24:21"MODULE==>Home;CTRL==>Index;ACTION==>get_manual"
2017-09-26 15:24:22"MODULE==>Home;CTRL==>Index;ACTION==>get_manual"
2017-09-26 15:24:22"MODULE==>Home;CTRL==>Index;ACTION==>get_manual"
2017-09-26 15:24:23"MODULE==>Home;CTRL==>Index;ACTION==>get_manual"
2017-09-26 15:24:23"MODULE==>Home;CTRL==>Index;ACTION==>get_manual"
2017-09-26 15:24:24"MODULE==>Home;CTRL==>Index;ACTION==>get_manual"
2017-09-26 22:16:45"MODULE==>Home;CTRL==>Index;ACTION==>get_manual"
2017-09-26 22:16:45"MODULE==>Home;CTRL==>Index;ACTION==>get_manual"
2017-09-26 22:22:23"MODULE==>Admin;CTRL==>Manual;ACTION==>datas"
2017-09-26 22:22:23"MODULE==>Admin;CTRL==>Manual;ACTION==>datas"
2017-09-26 22:22:45"MODULE==>Admin;CTRL==>Manual;ACTION==>edit_form"
2017-09-26 22:48:06"MODULE==>Home;CTRL==>Index;ACTION==>test"
2017-09-26 22:48:09"MODULE==>Home;CTRL==>Index;ACTION==>test"
2017-09-26 22:48:21"MODULE==>Home;CTRL==>Index;ACTION==>test"
2017-09-26 22:48:55"MODULE==>Home;CTRL==>Index;ACTION==>test"
2017-09-26 22:49:16"MODULE==>Home;CTRL==>Index;ACTION==>test"
2017-09-26 22:49:35"MODULE==>Home;CTRL==>Index;ACTION==>mvc"
2017-09-26 22:50:14"MODULE==>Home;CTRL==>Index;ACTION==>index"
2017-09-26 22:50:26"MODULE==>Home;CTRL==>Index;ACTION==>mvc"
2017-09-26 22:50:34"MODULE==>Home;CTRL==>Index;ACTION==>mvc"
2017-09-26 22:50:42"MODULE==>Home;CTRL==>Index;ACTION==>mvc"
2017-09-26 22:51:01"MODULE==>Home;CTRL==>Index;ACTION==>mvc"
2017-09-26 22:51:58"MODULE==>Home;CTRL==>Index;ACTION==>mvc"
2017-09-26 22:52:37"MODULE==>Home;CTRL==>Index;ACTION==>mvc"
2017-09-26 22:52:38"MODULE==>Home;CTRL==>Index;ACTION==>mvc"
2017-09-26 22:52:39"MODULE==>Home;CTRL==>Index;ACTION==>mvc"
2017-09-26 22:52:43"MODULE==>Home;CTRL==>Index;ACTION==>index"
2017-09-26 22:52:45"MODULE==>Home;CTRL==>Index;ACTION==>manual"
2017-09-26 22:52:45"MODULE==>Home;CTRL==>Index;ACTION==>get_manual"
2017-09-26 22:52:45"MODULE==>Home;CTRL==>Index;ACTION==>get_manualList"
2017-09-26 22:52:57"MODULE==>Home;CTRL==>Index;ACTION==>test"
2017-09-26 22:53:13"MODULE==>Home;CTRL==>Index;ACTION==>manual"
2017-09-26 22:53:13"MODULE==>Home;CTRL==>Index;ACTION==>get_manual"
2017-09-26 22:53:13"MODULE==>Home;CTRL==>Index;ACTION==>get_manualList"
2017-09-26 22:53:18"MODULE==>Home;CTRL==>Index;ACTION==>manual"
2017-09-26 22:53:18"MODULE==>Home;CTRL==>Index;ACTION==>get_manual"
2017-09-26 22:53:18"MODULE==>Home;CTRL==>Index;ACTION==>get_manualList"
2017-09-26 22:53:30"MODULE==>Home;CTRL==>Index;ACTION==>test"
2017-09-26 22:53:36"MODULE==>Home;CTRL==>Index;ACTION==>mvc"
2017-09-26 22:54:25"MODULE==>Home;CTRL==>Index;ACTION==>test"
2017-09-26 22:54:29"MODULE==>Home;CTRL==>Index;ACTION==>test"
2017-09-26 22:55:47"MODULE==>Home;CTRL==>Index;ACTION==>test"
2017-09-26 22:56:33"MODULE==>Home;CTRL==>Index;ACTION==>test"
2017-09-26 22:56:57"MODULE==>Home;CTRL==>Index;ACTION==>test"
2017-09-26 22:57:02"MODULE==>Home;CTRL==>Index;ACTION==>test"
2017-09-26 22:57:05"MODULE==>Home;CTRL==>Index;ACTION==>test"
2017-09-26 22:57:17"MODULE==>Home;CTRL==>Index;ACTION==>index"
2017-09-26 22:57:41"MODULE==>Home;CTRL==>Index;ACTION==>index"
2017-09-26 22:59:19"MODULE==>Home;CTRL==>Index;ACTION==>index"
2017-09-26 22:59:29"MODULE==>Home;CTRL==>Index;ACTION==>index"
2017-09-26 22:59:48"MODULE==>Home;CTRL==>Index;ACTION==>index"
2017-09-26 22:59:56"MODULE==>Home;CTRL==>Index;ACTION==>index"
2017-09-26 23:00:34"MODULE==>Home;CTRL==>Index;ACTION==>index"
2017-09-26 23:01:15"MODULE==>Home;CTRL==>Index;ACTION==>index"
2017-09-26 23:02:16"MODULE==>Home;CTRL==>Index;ACTION==>test"
2017-09-26 23:02:58"MODULE==>Home;CTRL==>Index;ACTION==>test"
2017-09-26 23:04:02"MODULE==>Home;CTRL==>Index;ACTION==>test"
2017-09-26 23:04:21"MODULE==>Home;CTRL==>Index;ACTION==>test"
2017-09-26 23:04:27"MODULE==>Home;CTRL==>Index;ACTION==>test"
2017-09-26 23:04:46"MODULE==>Home;CTRL==>Index;ACTION==>test"
2017-09-26 23:04:46"MODULE==>Home;CTRL==>Index;ACTION==>test"
2017-09-26 23:04:47"MODULE==>Home;CTRL==>Index;ACTION==>test"
2017-09-26 23:06:36"MODULE==>Home;CTRL==>Index;ACTION==>test"
2017-09-26 23:06:57"MODULE==>Home;CTRL==>Index;ACTION==>test"
2017-09-26 23:07:31"MODULE==>Home;CTRL==>Index;ACTION==>test"
2017-09-26 23:07:41"MODULE==>Home;CTRL==>Index;ACTION==>test"
2017-09-26 23:07:50"MODULE==>Home;CTRL==>Index;ACTION==>test"
2017-09-26 23:10:10"MODULE==>Home;CTRL==>Index;ACTION==>test"
2017-09-26 23:10:18"MODULE==>Home;CTRL==>Index;ACTION==>test"
2017-09-26 23:14:26"MODULE==>Home;CTRL==>Index;ACTION==>url"
2017-09-26 23:14:27"MODULE==>Home;CTRL==>Index;ACTION==>get_manual"
2017-09-26 23:15:07"MODULE==>Home;CTRL==>Index;ACTION==>test"
2017-09-26 23:15:29"MODULE==>Home;CTRL==>Index;ACTION==>test"
2017-09-26 23:15:33"MODULE==>Home;CTRL==>Index;ACTION==>test"
2017-09-26 23:15:34"MODULE==>Home;CTRL==>Index;ACTION==>test"
2017-09-26 23:15:37"MODULE==>Home;CTRL==>Index;ACTION==>test"
2017-09-26 23:15:41"MODULE==>Home;CTRL==>Index;ACTION==>test"
2017-09-26 23:15:44"MODULE==>Home;CTRL==>Index;ACTION==>test"
2017-09-26 23:15:49"MODULE==>Home;CTRL==>Index;ACTION==>test"
2017-09-26 23:17:42"MODULE==>Home;CTRL==>Index;ACTION==>test"
2017-09-26 23:25:19"MODULE==>Home;CTRL==>Index;ACTION==>test"
2017-09-26 23:25:47"MODULE==>Home;CTRL==>Index;ACTION==>test"
2017-09-26 23:26:08"MODULE==>Home;CTRL==>Index;ACTION==>test"
2017-09-26 23:26:16"MODULE==>Home;CTRL==>Index;ACTION==>test"
2017-09-26 23:26:41"MODULE==>Home;CTRL==>Index;ACTION==>test"
2017-09-26 23:26:52"MODULE==>Home;CTRL==>Index;ACTION==>test"
2017-09-26 23:28:00"MODULE==>Home;CTRL==>Index;ACTION==>test"
2017-09-26 23:28:16"MODULE==>Home;CTRL==>Index;ACTION==>test"
2017-09-26 23:28:28"MODULE==>Home;CTRL==>Index;ACTION==>test"
2017-09-26 23:28:35"MODULE==>Home;CTRL==>Index;ACTION==>test"
2017-09-26 23:29:31"MODULE==>Home;CTRL==>Index;ACTION==>test"
2017-09-26 23:29:32"MODULE==>Home;CTRL==>Index;ACTION==>test"
2017-09-26 23:29:33"MODULE==>Home;CTRL==>Index;ACTION==>test"
2017-09-26 23:29:34"MODULE==>Home;CTRL==>Index;ACTION==>test"
2017-09-26 23:29:57"MODULE==>Home;CTRL==>Index;ACTION==>test"
2017-09-26 23:30:14"MODULE==>Home;CTRL==>Index;ACTION==>test"
2017-09-26 23:31:23"MODULE==>Home;CTRL==>Index;ACTION==>test"
2017-09-26 23:31:30"MODULE==>Admin;CTRL==>Index;ACTION==>index"
2017-09-26 23:31:31"MODULE==>Admin;CTRL==>Index;ACTION==>main"
2017-09-26 23:31:32"MODULE==>Admin;CTRL==>Manual;ACTION==>index"
2017-09-26 23:31:32"MODULE==>Admin;CTRL==>Manual;ACTION==>datas"
2017-09-26 23:31:39"MODULE==>Admin;CTRL==>Manual;ACTION==>index"
2017-09-26 23:31:40"MODULE==>Admin;CTRL==>Manual;ACTION==>datas"
2017-09-26 23:31:42"MODULE==>Admin;CTRL==>Manual;ACTION==>index"
2017-09-26 23:31:42"MODULE==>Admin;CTRL==>Manual;ACTION==>datas"
2017-09-26 23:31:46"MODULE==>Home;CTRL==>Index;ACTION==>test"
2017-09-26 23:32:01"MODULE==>Admin;CTRL==>Manual;ACTION==>index"
2017-09-26 23:32:01"MODULE==>Admin;CTRL==>Manual;ACTION==>datas"
2017-09-26 23:35:45"MODULE==>Admin;CTRL==>Manual;ACTION==>datas"
2017-09-26 23:35:46"MODULE==>Admin;CTRL==>Manual;ACTION==>datas"
2017-09-26 23:35:52"MODULE==>Home;CTRL==>Index;ACTION==>test"
2017-09-26 23:37:00"MODULE==>Home;CTRL==>Index;ACTION==>test"
2017-09-26 23:37:01"MODULE==>Home;CTRL==>Index;ACTION==>test"
2017-09-26 23:37:11"MODULE==>Home;CTRL==>Index;ACTION==>test"
2017-09-26 23:37:25"MODULE==>Admin;CTRL==>Manual;ACTION==>index"
2017-09-26 23:37:25"MODULE==>Admin;CTRL==>Manual;ACTION==>datas"
2017-09-26 23:37:27"MODULE==>Admin;CTRL==>Manual;ACTION==>datas"
2017-09-26 23:37:28"MODULE==>Admin;CTRL==>Manual;ACTION==>datas"
2017-09-26 23:37:35"MODULE==>Admin;CTRL==>Manual;ACTION==>index"
2017-09-26 23:37:35"MODULE==>Admin;CTRL==>Manual;ACTION==>datas"
2017-09-26 23:37:37"MODULE==>Admin;CTRL==>Manual;ACTION==>datas"
2017-09-26 23:37:38"MODULE==>Admin;CTRL==>Manual;ACTION==>datas"
2017-09-26 23:37:46"MODULE==>Admin;CTRL==>Manual;ACTION==>edit_form"
2017-09-26 23:37:50"MODULE==>Admin;CTRL==>Manual;ACTION==>edit"
2017-09-26 23:37:51"MODULE==>Admin;CTRL==>Manual;ACTION==>index"
2017-09-26 23:37:51"MODULE==>Admin;CTRL==>Manual;ACTION==>datas"
2017-09-26 23:37:53"MODULE==>Admin;CTRL==>Manual;ACTION==>datas"
2017-09-26 23:37:54"MODULE==>Admin;CTRL==>Manual;ACTION==>datas"
2017-09-26 23:37:57"MODULE==>Admin;CTRL==>Manual;ACTION==>datas"
2017-09-26 23:37:59"MODULE==>Admin;CTRL==>Manual;ACTION==>edit_form"
2017-09-26 23:38:02"MODULE==>Admin;CTRL==>Manual;ACTION==>edit"
2017-09-26 23:38:02"MODULE==>Admin;CTRL==>Manual;ACTION==>index"
2017-09-26 23:38:02"MODULE==>Admin;CTRL==>Manual;ACTION==>datas"
2017-09-26 23:38:06"MODULE==>Admin;CTRL==>Manual;ACTION==>datas"
2017-09-26 23:38:08"MODULE==>Admin;CTRL==>Manual;ACTION==>datas"
2017-09-26 23:38:09"MODULE==>Admin;CTRL==>Manual;ACTION==>datas"
