<<<<<<< HEAD
2017-09-22 00:26:12"MODULE==>Home;CTRL==>Index;ACTION==>index"
=======
2017-09-22 08:52:49"MODULE==>Home;CTRL==>Index;ACTION==>url2"
2017-09-22 08:53:08"MODULE==>Home;CTRL==>Index;ACTION==>url2"
2017-09-22 09:29:29"MODULE==>Home;CTRL==>Index;ACTION==>url2"
2017-09-22 09:32:50"MODULE==>Home;CTRL==>Index;ACTION==>url2"
2017-09-22 09:34:21"MODULE==>Home;CTRL==>Index;ACTION==>url2"
2017-09-22 09:35:11"MODULE==>Home;CTRL==>Index;ACTION==>url2"
2017-09-22 09:38:44"MODULE==>Home;CTRL==>Index;ACTION==>url2"
2017-09-22 09:38:45"MODULE==>Home;CTRL==>Index;ACTION==>url2"
2017-09-22 09:39:04"MODULE==>Home;CTRL==>Index;ACTION==>url2"
2017-09-22 09:39:09"MODULE==>Home;CTRL==>Index;ACTION==>url2"
2017-09-22 09:39:15"MODULE==>Home;CTRL==>Index;ACTION==>url2"
2017-09-22 09:39:46"MODULE==>Home;CTRL==>Index;ACTION==>url2"
2017-09-22 09:40:32"MODULE==>Home;CTRL==>Index;ACTION==>url2"
2017-09-22 09:41:35"MODULE==>Home;CTRL==>Index;ACTION==>url2"
2017-09-22 09:41:41"MODULE==>Home;CTRL==>Index;ACTION==>url2"
2017-09-22 09:42:12"MODULE==>Home;CTRL==>Index;ACTION==>url2"
2017-09-22 09:42:56"MODULE==>Home;CTRL==>Index;ACTION==>url2"
2017-09-22 09:42:58"MODULE==>Home;CTRL==>Index;ACTION==>url2"
2017-09-22 09:42:59"MODULE==>Home;CTRL==>Index;ACTION==>url2"
2017-09-22 09:43:01"MODULE==>Home;CTRL==>Index;ACTION==>url2"
2017-09-22 09:43:06"MODULE==>Home;CTRL==>Index;ACTION==>url2"
2017-09-22 15:25:50"MODULE==>Home;CTRL==>Index;ACTION==>url2"
2017-09-22 15:26:44"MODULE==>Home;CTRL==>Index;ACTION==>url2"
2017-09-22 16:06:23"MODULE==>Home;CTRL==>Index;ACTION==>url2"
2017-09-22 16:06:30"MODULE==>Home;CTRL==>Index;ACTION==>url2"
2017-09-22 16:06:45"MODULE==>Home;CTRL==>Index;ACTION==>url2"
2017-09-22 16:08:45"MODULE==>Home;CTRL==>Index;ACTION==>url3"
2017-09-22 16:08:59"MODULE==>Home;CTRL==>Index;ACTION==>url3"
2017-09-22 16:09:46"MODULE==>Home;CTRL==>Index;ACTION==>url3"
2017-09-22 16:10:40"MODULE==>Home;CTRL==>Index;ACTION==>url3"
2017-09-22 16:11:34"MODULE==>Home;CTRL==>Index;ACTION==>url3"
2017-09-22 16:11:48"MODULE==>Home;CTRL==>Index;ACTION==>url3"
2017-09-22 16:12:45"MODULE==>Home;CTRL==>Index;ACTION==>url3"
2017-09-22 16:17:18"MODULE==>Home;CTRL==>Index;ACTION==>url3"
2017-09-22 16:17:37"MODULE==>Home;CTRL==>Index;ACTION==>url3"
2017-09-22 16:17:44"MODULE==>Home;CTRL==>Index;ACTION==>url3"
2017-09-22 16:22:19"MODULE==>Home;CTRL==>Index;ACTION==>url3"
2017-09-22 16:22:58"MODULE==>Home;CTRL==>Index;ACTION==>url2"
>>>>>>> ec05ebf18a30805e57e9fddc5bbc0536998b05db
